Config file: configs/erzya_pos_full-train_xlmr-lapt_mono_emb16k_budgeted-400k.yml
Pytorch version: 1.13.1
Pytorch CUDA version: 11.7
GPUs available: True
########
Beginning POS evaluation for myv
majority label baseline: 24.14
per word majority baseline: 55.97
random seed: 1
num epochs: 64
accuracy: 72.28
----
random seed: 2
num epochs: 64
accuracy: 68.22
----
random seed: 3
num epochs: 64
accuracy: 75.25
----
random seed: 4
num epochs: 62
accuracy: 72.54
----
all trials finished
mean epochs: 63.5
mean accuracy: 72.07
standard deviation: 2.51
