Config file: configs/erzya_pos_few-shot_xlmr-lapt_mono_emb16k_budgeted-400k.yml
Pytorch version: 1.13.1
Pytorch CUDA version: 11.7
GPUs available: True
########
Beginning POS evaluation for myv
majority label baseline: 24.14
per word majority baseline: 55.97
random seed: 1
num epochs: 64
accuracy: 61.97
----
random seed: 2
num epochs: 62
accuracy: 60.17
----
random seed: 3
num epochs: 64
accuracy: 62.35
----
random seed: 4
num epochs: 64
accuracy: 63.72
----
all trials finished
mean epochs: 63.5
mean accuracy: 62.05
standard deviation: 1.27
