Config file: configs/et_pos_few-shot_xlmr-lapt_mono_emb16k_budgeted-400k.yml
Pytorch version: 1.13.1
Pytorch CUDA version: 11.7
GPUs available: True
########
Beginning POS evaluation for et
majority label baseline: 19.97
per word majority baseline: 69.37
random seed: 1
num epochs: 64
accuracy: 84.84
----
random seed: 2
num epochs: 64
accuracy: 83.26
----
random seed: 3
num epochs: 60
accuracy: 83.69
----
random seed: 4
num epochs: 64
accuracy: 84.34
----
all trials finished
mean epochs: 63.0
mean accuracy: 84.03
standard deviation: 0.6
