Config file: configs/et_pos_full-train_xlmr-lapt_mono_emb16k_budgeted-400k.yml
Pytorch version: 1.13.1
Pytorch CUDA version: 11.7
GPUs available: True
########
Beginning POS evaluation for et
majority label baseline: 19.97
per word majority baseline: 69.37
random seed: 1
num epochs: 64
accuracy: 95.26
----
random seed: 2
num epochs: 64
accuracy: 95.38
----
random seed: 3
num epochs: 62
accuracy: 95.56
----
random seed: 4
num epochs: 56
accuracy: 95.58
----
all trials finished
mean epochs: 61.5
mean accuracy: 95.44
standard deviation: 0.13
