Config file: configs/fi_pos_full-train_xlmr-lapt_mono_emb16k_budgeted-400k.yml
Pytorch version: 1.13.1
Pytorch CUDA version: 11.7
GPUs available: True
########
Beginning POS evaluation for fi
majority label baseline: 23.24
per word majority baseline: 70.78
random seed: 1
num epochs: 54
accuracy: 97.19
----
random seed: 2
num epochs: 64
accuracy: 97.19
----
random seed: 3
num epochs: 62
accuracy: 97.45
----
random seed: 4
num epochs: 58
accuracy: 97.3
----
all trials finished
mean epochs: 59.5
mean accuracy: 97.28
standard deviation: 0.11
