Config file: configs/ru_pos_few-shot_xlmr-lapt_mono_emb16k_budgeted-400k.yml
Pytorch version: 1.13.1
Pytorch CUDA version: 11.7
GPUs available: True
########
Beginning POS evaluation for ru
majority label baseline: 23.84
per word majority baseline: 88.62
random seed: 1
num epochs: 64
accuracy: 89.24
----
random seed: 2
num epochs: 64
accuracy: 84.08
----
random seed: 3
num epochs: 64
accuracy: 86.06
----
random seed: 4
num epochs: 64
accuracy: 86.75
----
all trials finished
mean epochs: 64.0
mean accuracy: 86.53
standard deviation: 1.85
