Config file: configs/sami_pos_few-shot_xlmr-lapt_mono_emb16k_budgeted-400k.yml
Pytorch version: 1.13.1
Pytorch CUDA version: 11.7
GPUs available: True
########
Beginning POS evaluation for sme
majority label baseline: 22.99
per word majority baseline: 61.65
random seed: 1
num epochs: 64
accuracy: 59.48
----
random seed: 2
num epochs: 64
accuracy: 58.37
----
random seed: 3
num epochs: 64
accuracy: 62.23
----
random seed: 4
num epochs: 62
accuracy: 63.15
----
all trials finished
mean epochs: 63.5
mean accuracy: 60.81
standard deviation: 1.95
