Config file: configs/sami_pos_full-train_xlmr-lapt_mono_emb16k_budgeted-400k.yml
Pytorch version: 1.13.1
Pytorch CUDA version: 11.7
GPUs available: True
########
Beginning POS evaluation for sme
majority label baseline: 22.99
per word majority baseline: 61.65
random seed: 1
num epochs: 64
accuracy: 83.43
----
random seed: 2
num epochs: 64
accuracy: 83.73
----
random seed: 3
num epochs: 62
accuracy: 86.02
----
random seed: 4
num epochs: 64
accuracy: 85.07
----
all trials finished
mean epochs: 63.5
mean accuracy: 84.56
standard deviation: 1.05
