Config file: configs/sami_pos_zero-shot_xlmr-lapt_mono_emb16k_budgeted-400k.yml
Pytorch version: 1.13.1
Pytorch CUDA version: 11.7
GPUs available: True
Doing zero-shot transfer from source sme to languages sms
random seed: 1
num epochs: 64
sms accuracy: 52.38
----
random seed: 2
num epochs: 64
sms accuracy: 52.56
----
random seed: 3
num epochs: 62
sms accuracy: 52.11
----
random seed: 4
num epochs: 64
sms accuracy: 53.52
----
all trials finished
mean epochs: 63.5
sms mean accuracy: 52.64
sms standard deviation: 0.53
