Config file: configs/sami_uas_zero-shot_xlmr-lapt_mono_emb16k_budgeted-400k.yml
Pytorch version: 1.13.1
Pytorch CUDA version: 11.7
GPUs available: True
Doing zero-shot transfer from source sme to languages sms
random seed: 1
num epochs: 60
sms accuracy: 25.38
----
random seed: 2
num epochs: 62
sms accuracy: 30.25
----
random seed: 3
num epochs: 62
sms accuracy: 29.49
----
random seed: 4
num epochs: 62
sms accuracy: 30.52
----
all trials finished
mean epochs: 61.5
sms mean accuracy: 28.91
sms standard deviation: 2.07
