Config file: configs/uralic_uas_full-train_xlmr-lapt_alpha01_full-voc.yml
Pytorch version: 1.13.1
Pytorch CUDA version: 11.7
GPUs available: True
########
Beginning UAS evaluation for myv
majority label baseline: 13.28
per word majority baseline: 7.28
random seed: 1
num epochs: 64
accuracy: 54.87
----
random seed: 2
num epochs: 62
accuracy: 55.89
----
random seed: 3
num epochs: 62
accuracy: 55.39
----
random seed: 4
num epochs: 64
accuracy: 55.85
----
all trials finished
mean epochs: 63.0
mean accuracy: 55.5
standard deviation: 0.42
########
Beginning UAS evaluation for sme
majority label baseline: 20.07
per word majority baseline: 11.82
random seed: 1
num epochs: 64
accuracy: 61.25
----
random seed: 2
num epochs: 58
accuracy: 57.39
----
random seed: 3
num epochs: 42
accuracy: 53.09
----
random seed: 4
num epochs: 60
accuracy: 58.67
----
all trials finished
mean epochs: 56.0
mean accuracy: 57.6
standard deviation: 2.95
########
Beginning UAS evaluation for et
For file: data/ud-uralic/et_ewt-ud-train.conllu  words without a head: 75
For file: data/ud-uralic/et_ewt-ud-dev.conllu  words without a head: 10
For file: data/ud-uralic/et_ewt-ud-test.conllu  words without a head: 23
majority label baseline: 8.07
per word majority baseline: 8.32
random seed: 1
num epochs: 60
accuracy: 85.52
----
random seed: 2
num epochs: 60
accuracy: 84.3
----
random seed: 3
num epochs: 58
accuracy: 85.3
----
random seed: 4
num epochs: 64
accuracy: 84.43
----
all trials finished
mean epochs: 60.5
mean accuracy: 84.89
standard deviation: 0.53
########
Beginning UAS evaluation for fi
majority label baseline: 11.78
per word majority baseline: 14.91
random seed: 1
num epochs: 62
accuracy: 93.78
----
random seed: 2
num epochs: 54
accuracy: 93.72
----
random seed: 3
num epochs: 64
accuracy: 94.17
----
random seed: 4
num epochs: 64
accuracy: 93.98
----
all trials finished
mean epochs: 61.0
mean accuracy: 93.91
standard deviation: 0.17
########
Beginning UAS evaluation for hu
majority label baseline: 4.67
per word majority baseline: 4.92
random seed: 1
num epochs: 64
accuracy: 82.41
----
random seed: 2
num epochs: 64
accuracy: 77.14
----
random seed: 3
num epochs: 64
accuracy: 79.45
----
random seed: 4
num epochs: 64
accuracy: 80.36
----
all trials finished
mean epochs: 64.0
mean accuracy: 79.84
standard deviation: 1.89
########
Beginning UAS evaluation for ru
For file: data/ud-uralic/ru_syntagrus-ud-train.conllu  words without a head: 1662
For file: data/ud-uralic/ru_syntagrus-ud-dev.conllu  words without a head: 265
For file: data/ud-uralic/ru_syntagrus-ud-test.conllu  words without a head: 271
majority label baseline: 6.34
per word majority baseline: 10.15
random seed: 1
num epochs: 60
accuracy: 94.76
----
random seed: 2
num epochs: 52
accuracy: 94.82
----
random seed: 3
num epochs: 58
accuracy: 94.75
----
random seed: 4
num epochs: 64
accuracy: 94.93
----
all trials finished
mean epochs: 58.5
mean accuracy: 94.82
standard deviation: 0.07
