Config file: configs/uralic_uas_few-shot_xlmr-lapt_alpha03_emb64k.yml
Pytorch version: 1.13.1
Pytorch CUDA version: 11.7
GPUs available: True
########
Beginning UAS evaluation for myv
majority label baseline: 13.28
per word majority baseline: 7.28
random seed: 1
num epochs: 64
accuracy: 47.42
----
random seed: 2
num epochs: 64
accuracy: 48.22
----
random seed: 3
num epochs: 62
accuracy: 44.01
----
random seed: 4
num epochs: 64
accuracy: 45.44
----
all trials finished
mean epochs: 63.5
mean accuracy: 46.27
standard deviation: 1.65
########
Beginning UAS evaluation for sme
majority label baseline: 20.07
per word majority baseline: 11.82
random seed: 1
num epochs: 56
accuracy: 32.56
----
random seed: 2
num epochs: 64
accuracy: 35.87
----
random seed: 3
num epochs: 64
accuracy: 38.33
----
random seed: 4
num epochs: 58
accuracy: 33.45
----
all trials finished
mean epochs: 60.5
mean accuracy: 35.05
standard deviation: 2.25
########
Beginning UAS evaluation for et
For file: data/ud-uralic/et_ewt-ud-train.conllu  words without a head: 75
For file: data/ud-uralic/et_ewt-ud-dev.conllu  words without a head: 10
For file: data/ud-uralic/et_ewt-ud-test.conllu  words without a head: 23
majority label baseline: 8.07
per word majority baseline: 8.32
random seed: 1
num epochs: 64
accuracy: 52.6
----
random seed: 2
num epochs: 64
accuracy: 54.86
----
random seed: 3
num epochs: 64
accuracy: 51.55
----
random seed: 4
num epochs: 64
accuracy: 54.11
----
all trials finished
mean epochs: 64.0
mean accuracy: 53.28
standard deviation: 1.29
########
Beginning UAS evaluation for fi
majority label baseline: 11.78
per word majority baseline: 14.91
random seed: 1
num epochs: 64
accuracy: 70.74
----
random seed: 2
num epochs: 64
accuracy: 71.87
----
random seed: 3
num epochs: 64
accuracy: 70.1
----
random seed: 4
num epochs: 64
accuracy: 70.0
----
all trials finished
mean epochs: 64.0
mean accuracy: 70.68
standard deviation: 0.75
########
Beginning UAS evaluation for hu
majority label baseline: 4.67
per word majority baseline: 4.92
random seed: 1
num epochs: 64
accuracy: 68.67
----
random seed: 2
num epochs: 64
accuracy: 71.83
----
random seed: 3
num epochs: 64
accuracy: 72.43
----
random seed: 4
num epochs: 64
accuracy: 69.98
----
all trials finished
mean epochs: 64.0
mean accuracy: 70.73
standard deviation: 1.49
########
Beginning UAS evaluation for ru
For file: data/ud-uralic/ru_syntagrus-ud-train.conllu  words without a head: 1662
For file: data/ud-uralic/ru_syntagrus-ud-dev.conllu  words without a head: 265
For file: data/ud-uralic/ru_syntagrus-ud-test.conllu  words without a head: 271
majority label baseline: 6.34
per word majority baseline: 10.15
random seed: 1
num epochs: 64
accuracy: 74.22
----
random seed: 2
num epochs: 64
accuracy: 76.5
----
random seed: 3
num epochs: 64
accuracy: 76.18
----
random seed: 4
num epochs: 64
accuracy: 67.17
----
all trials finished
mean epochs: 64.0
mean accuracy: 73.52
standard deviation: 3.77
