Config file: configs/uralic_pos_few-shot_xlmr-lapt_alpha01_emb32k_400k.yml
Pytorch version: 1.13.1
Pytorch CUDA version: 11.7
GPUs available: True
########
Beginning POS evaluation for myv
majority label baseline: 24.14
per word majority baseline: 55.97
random seed: 1
num epochs: 64
accuracy: 77.89
----
random seed: 2
num epochs: 64
accuracy: 68.27
----
random seed: 3
num epochs: 62
accuracy: 74.96
----
random seed: 4
num epochs: 60
accuracy: 68.19
----
all trials finished
mean epochs: 62.5
mean accuracy: 72.33
standard deviation: 4.23
########
Beginning POS evaluation for sme
majority label baseline: 22.99
per word majority baseline: 61.65
random seed: 1
num epochs: 64
accuracy: 72.71
----
random seed: 2
num epochs: 62
accuracy: 69.69
----
random seed: 3
num epochs: 64
accuracy: 71.15
----
random seed: 4
num epochs: 64
accuracy: 72.17
----
all trials finished
mean epochs: 63.5
mean accuracy: 71.43
standard deviation: 1.15
########
Beginning POS evaluation for et
majority label baseline: 19.97
per word majority baseline: 69.37
random seed: 1
num epochs: 64
accuracy: 83.28
----
random seed: 2
num epochs: 64
accuracy: 85.11
----
random seed: 3
num epochs: 64
accuracy: 78.73
----
random seed: 4
num epochs: 64
accuracy: 83.71
----
all trials finished
mean epochs: 64.0
mean accuracy: 82.71
standard deviation: 2.4
########
Beginning POS evaluation for fi
majority label baseline: 23.24
per word majority baseline: 70.78
random seed: 1
num epochs: 64
accuracy: 85.2
----
random seed: 2
num epochs: 64
accuracy: 77.23
----
random seed: 3
num epochs: 64
accuracy: 79.98
----
random seed: 4
num epochs: 64
accuracy: 86.71
----
all trials finished
mean epochs: 64.0
mean accuracy: 82.28
standard deviation: 3.84
########
Beginning POS evaluation for hu
majority label baseline: 22.42
per word majority baseline: 60.37
random seed: 1
num epochs: 64
accuracy: 88.41
----
random seed: 2
num epochs: 64
accuracy: 91.03
----
random seed: 3
num epochs: 64
accuracy: 84.32
----
random seed: 4
num epochs: 64
accuracy: 87.06
----
all trials finished
mean epochs: 64.0
mean accuracy: 87.71
standard deviation: 2.42
########
Beginning POS evaluation for ru
majority label baseline: 23.84
per word majority baseline: 88.62
random seed: 1
num epochs: 64
accuracy: 87.8
----
random seed: 2
num epochs: 64
accuracy: 86.22
----
random seed: 3
num epochs: 64
accuracy: 91.65
----
random seed: 4
num epochs: 64
accuracy: 86.12
----
all trials finished
mean epochs: 64.0
mean accuracy: 87.95
standard deviation: 2.24
