Config file: configs/uralic_pos_few-shot_xlmr-lapt_alpha04_emb32k.yml
Pytorch version: 1.13.1
Pytorch CUDA version: 11.7
GPUs available: True
########
Beginning POS evaluation for myv
majority label baseline: 24.14
per word majority baseline: 55.97
random seed: 1
num epochs: 62
accuracy: 60.16
----
random seed: 2
num epochs: 64
accuracy: 57.05
----
random seed: 3
num epochs: 64
accuracy: 63.44
----
random seed: 4
num epochs: 64
accuracy: 53.42
----
all trials finished
mean epochs: 63.5
mean accuracy: 58.52
standard deviation: 3.71
########
Beginning POS evaluation for sme
majority label baseline: 22.99
per word majority baseline: 61.65
random seed: 1
num epochs: 62
accuracy: 56.96
----
random seed: 2
num epochs: 64
accuracy: 56.6
----
random seed: 3
num epochs: 64
accuracy: 57.96
----
random seed: 4
num epochs: 60
accuracy: 58.18
----
all trials finished
mean epochs: 62.5
mean accuracy: 57.43
standard deviation: 0.66
########
Beginning POS evaluation for et
majority label baseline: 19.97
per word majority baseline: 69.37
random seed: 1
num epochs: 64
accuracy: 78.21
----
random seed: 2
num epochs: 64
accuracy: 75.83
----
random seed: 3
num epochs: 62
accuracy: 78.44
----
random seed: 4
num epochs: 64
accuracy: 82.51
----
all trials finished
mean epochs: 63.5
mean accuracy: 78.75
standard deviation: 2.4
########
Beginning POS evaluation for fi
majority label baseline: 23.24
per word majority baseline: 70.78
random seed: 1
num epochs: 64
accuracy: 81.2
----
random seed: 2
num epochs: 64
accuracy: 75.28
----
random seed: 3
num epochs: 64
accuracy: 82.67
----
random seed: 4
num epochs: 64
accuracy: 76.15
----
all trials finished
mean epochs: 64.0
mean accuracy: 78.83
standard deviation: 3.17
########
Beginning POS evaluation for hu
majority label baseline: 22.42
per word majority baseline: 60.37
random seed: 1
num epochs: 64
accuracy: 70.29
----
random seed: 2
num epochs: 62
accuracy: 79.89
----
random seed: 3
num epochs: 62
accuracy: 80.05
----
random seed: 4
num epochs: 64
accuracy: 88.28
----
all trials finished
mean epochs: 63.0
mean accuracy: 79.63
standard deviation: 6.37
########
Beginning POS evaluation for ru
majority label baseline: 23.84
per word majority baseline: 88.62
random seed: 1
num epochs: 64
accuracy: 87.47
----
random seed: 2
num epochs: 64
accuracy: 86.18
----
random seed: 3
num epochs: 64
accuracy: 88.36
----
random seed: 4
num epochs: 64
accuracy: 85.43
----
all trials finished
mean epochs: 64.0
mean accuracy: 86.86
standard deviation: 1.13
