Config file: configs/uralic_pos_few-shot_xlmr-lapt_alpha005_emb32k.yml
Pytorch version: 1.13.1
Pytorch CUDA version: 11.7
GPUs available: True
########
Beginning POS evaluation for myv
majority label baseline: 24.14
per word majority baseline: 55.97
random seed: 1
num epochs: 62
accuracy: 69.16
----
random seed: 2
num epochs: 64
accuracy: 66.61
----
random seed: 3
num epochs: 64
accuracy: 70.91
----
random seed: 4
num epochs: 64
accuracy: 54.06
----
all trials finished
mean epochs: 63.5
mean accuracy: 65.18
standard deviation: 6.6
########
Beginning POS evaluation for sme
majority label baseline: 22.99
per word majority baseline: 61.65
random seed: 1
num epochs: 64
accuracy: 59.95
----
random seed: 2
num epochs: 64
accuracy: 58.99
----
random seed: 3
num epochs: 64
accuracy: 63.93
----
random seed: 4
num epochs: 58
accuracy: 63.38
----
all trials finished
mean epochs: 62.5
mean accuracy: 61.56
standard deviation: 2.13
########
Beginning POS evaluation for et
majority label baseline: 19.97
per word majority baseline: 69.37
random seed: 1
num epochs: 64
accuracy: 74.73
----
random seed: 2
num epochs: 64
accuracy: 75.31
----
random seed: 3
num epochs: 64
accuracy: 78.04
----
random seed: 4
num epochs: 64
accuracy: 78.04
----
all trials finished
mean epochs: 64.0
mean accuracy: 76.53
standard deviation: 1.52
########
Beginning POS evaluation for fi
majority label baseline: 23.24
per word majority baseline: 70.78
random seed: 1
num epochs: 62
accuracy: 80.83
----
random seed: 2
num epochs: 64
accuracy: 72.1
----
random seed: 3
num epochs: 64
accuracy: 79.63
----
random seed: 4
num epochs: 64
accuracy: 75.0
----
all trials finished
mean epochs: 63.5
mean accuracy: 76.89
standard deviation: 3.52
########
Beginning POS evaluation for hu
majority label baseline: 22.42
per word majority baseline: 60.37
random seed: 1
num epochs: 64
accuracy: 69.8
----
random seed: 2
num epochs: 62
accuracy: 79.79
----
random seed: 3
num epochs: 64
accuracy: 79.64
----
random seed: 4
num epochs: 64
accuracy: 86.28
----
all trials finished
mean epochs: 63.5
mean accuracy: 78.88
standard deviation: 5.89
########
Beginning POS evaluation for ru
majority label baseline: 23.84
per word majority baseline: 88.62
random seed: 1
num epochs: 64
accuracy: 85.97
----
random seed: 2
num epochs: 64
accuracy: 83.87
----
random seed: 3
num epochs: 64
accuracy: 88.68
----
random seed: 4
num epochs: 64
accuracy: 83.06
----
all trials finished
mean epochs: 64.0
mean accuracy: 85.4
standard deviation: 2.18
