Config file: configs/uralic_uas_few-shot_xlmr-lapt_voc01_alpha02_emb32k_200k.yml
Pytorch version: 1.13.1
Pytorch CUDA version: 11.7
GPUs available: True
########
Beginning UAS evaluation for myv
majority label baseline: 13.28
per word majority baseline: 7.28
random seed: 1
num epochs: 64
accuracy: 55.5
----
random seed: 2
num epochs: 60
accuracy: 50.53
----
random seed: 3
num epochs: 64
accuracy: 53.61
----
random seed: 4
num epochs: 58
accuracy: 52.78
----
all trials finished
mean epochs: 61.5
mean accuracy: 53.1
standard deviation: 1.78
########
Beginning UAS evaluation for sme
majority label baseline: 20.07
per word majority baseline: 11.82
random seed: 1
num epochs: 58
accuracy: 44.14
----
random seed: 2
num epochs: 62
accuracy: 43.96
----
random seed: 3
num epochs: 64
accuracy: 46.05
----
random seed: 4
num epochs: 62
accuracy: 45.87
----
all trials finished
mean epochs: 61.5
mean accuracy: 45.0
standard deviation: 0.96
########
Beginning UAS evaluation for et
For file: data/ud-uralic/et_ewt-ud-train.conllu  words without a head: 75
For file: data/ud-uralic/et_ewt-ud-dev.conllu  words without a head: 10
For file: data/ud-uralic/et_ewt-ud-test.conllu  words without a head: 23
majority label baseline: 8.07
per word majority baseline: 8.32
random seed: 1
num epochs: 64
accuracy: 51.91
----
random seed: 2
num epochs: 64
accuracy: 56.69
----
random seed: 3
num epochs: 64
accuracy: 54.73
----
random seed: 4
num epochs: 64
accuracy: 54.76
----
all trials finished
mean epochs: 64.0
mean accuracy: 54.52
standard deviation: 1.7
########
Beginning UAS evaluation for fi
majority label baseline: 11.78
per word majority baseline: 14.91
random seed: 1
num epochs: 64
accuracy: 70.48
----
random seed: 2
num epochs: 64
accuracy: 72.22
----
random seed: 3
num epochs: 64
accuracy: 73.11
----
random seed: 4
num epochs: 64
accuracy: 70.11
----
all trials finished
mean epochs: 64.0
mean accuracy: 71.48
standard deviation: 1.23
########
Beginning UAS evaluation for hu
majority label baseline: 4.67
per word majority baseline: 4.92
random seed: 1
num epochs: 64
accuracy: 66.88
----
random seed: 2
num epochs: 64
accuracy: 69.69
----
random seed: 3
num epochs: 64
accuracy: 64.88
----
random seed: 4
num epochs: 64
accuracy: 71.66
----
all trials finished
mean epochs: 64.0
mean accuracy: 68.28
standard deviation: 2.59
########
Beginning UAS evaluation for ru
For file: data/ud-uralic/ru_syntagrus-ud-train.conllu  words without a head: 1662
For file: data/ud-uralic/ru_syntagrus-ud-dev.conllu  words without a head: 265
For file: data/ud-uralic/ru_syntagrus-ud-test.conllu  words without a head: 271
majority label baseline: 6.34
per word majority baseline: 10.15
random seed: 1
num epochs: 64
accuracy: 73.28
----
random seed: 2
num epochs: 64
accuracy: 69.3
----
random seed: 3
num epochs: 64
accuracy: 73.66
----
random seed: 4
num epochs: 64
accuracy: 72.48
----
all trials finished
mean epochs: 64.0
mean accuracy: 72.18
standard deviation: 1.72
