Config file: configs/uralic_uas_zero-shot_xlmr-ots.yml
Pytorch version: 1.13.1
Pytorch CUDA version: 11.7
GPUs available: True
Doing zero-shot transfer from source uralic to languages kpv, krl, mdf, olo, sms
For file: data/ud-uralic/uralic_ud-train.conllu  words without a head: 413
For file: data/ud-uralic/uralic_ud-dev.conllu  words without a head: 67
random seed: 1
num epochs: 60
kpv accuracy: 39.75
krl accuracy: 58.27
mdf accuracy: 52.68
olo accuracy: 56.65
sms accuracy: 42.75
----
random seed: 2
num epochs: 64
kpv accuracy: 43.39
krl accuracy: 59.28
mdf accuracy: 52.73
olo accuracy: 54.97
sms accuracy: 44.1
----
random seed: 3
num epochs: 64
kpv accuracy: 41.16
krl accuracy: 59.41
mdf accuracy: 52.68
olo accuracy: 55.11
sms accuracy: 46.62
----
random seed: 4
num epochs: 64
kpv accuracy: 40.28
krl accuracy: 58.89
mdf accuracy: 52.63
olo accuracy: 57.12
sms accuracy: 44.3
----
all trials finished
mean epochs: 63.0
kpv mean accuracy: 41.14
kpv standard deviation: 1.39
krl mean accuracy: 58.96
krl standard deviation: 0.44
mdf mean accuracy: 52.68
mdf standard deviation: 0.03
olo mean accuracy: 55.96
olo standard deviation: 0.94
sms mean accuracy: 44.44
sms standard deviation: 1.39
