Config file: configs/uralic_pos_full-train_xlmr-lapt_voc01_alpha01_emb32k.yml
Pytorch version: 1.13.1
Pytorch CUDA version: 11.7
GPUs available: True
########
Beginning POS evaluation for myv
majority label baseline: 24.14
per word majority baseline: 55.97
random seed: 1
num epochs: 62
accuracy: 77.26
----
random seed: 2
num epochs: 64
accuracy: 75.57
----
random seed: 3
num epochs: 64
accuracy: 77.44
----
random seed: 4
num epochs: 62
accuracy: 75.58
----
all trials finished
mean epochs: 63.0
mean accuracy: 76.46
standard deviation: 0.89
########
Beginning POS evaluation for sme
majority label baseline: 22.99
per word majority baseline: 61.65
random seed: 1
num epochs: 62
accuracy: 79.29
----
random seed: 2
num epochs: 64
accuracy: 81.28
----
random seed: 3
num epochs: 64
accuracy: 81.6
----
random seed: 4
num epochs: 64
accuracy: 82.31
----
all trials finished
mean epochs: 63.5
mean accuracy: 81.12
standard deviation: 1.12
########
Beginning POS evaluation for et
majority label baseline: 19.97
per word majority baseline: 69.37
random seed: 1
num epochs: 64
accuracy: 95.15
----
random seed: 2
num epochs: 64
accuracy: 95.56
----
random seed: 3
num epochs: 54
accuracy: 94.81
----
random seed: 4
num epochs: 62
accuracy: 95.64
----
all trials finished
mean epochs: 61.0
mean accuracy: 95.29
standard deviation: 0.34
########
Beginning POS evaluation for fi
majority label baseline: 23.24
per word majority baseline: 70.78
random seed: 1
num epochs: 62
accuracy: 97.08
----
random seed: 2
num epochs: 60
accuracy: 97.11
----
random seed: 3
num epochs: 50
accuracy: 96.92
----
random seed: 4
num epochs: 64
accuracy: 97.08
----
all trials finished
mean epochs: 59.0
mean accuracy: 97.05
standard deviation: 0.07
########
Beginning POS evaluation for hu
majority label baseline: 22.42
per word majority baseline: 60.37
random seed: 1
num epochs: 64
accuracy: 90.97
----
random seed: 2
num epochs: 64
accuracy: 94.81
----
random seed: 3
num epochs: 64
accuracy: 93.41
----
random seed: 4
num epochs: 64
accuracy: 95.26
----
all trials finished
mean epochs: 64.0
mean accuracy: 93.61
standard deviation: 1.67
########
Beginning POS evaluation for ru
majority label baseline: 23.84
per word majority baseline: 88.62
random seed: 1
num epochs: 40
accuracy: 98.34
----
random seed: 2
num epochs: 62
accuracy: 98.41
----
random seed: 3
num epochs: 64
accuracy: 98.49
----
random seed: 4
num epochs: 64
accuracy: 98.47
----
all trials finished
mean epochs: 57.5
mean accuracy: 98.43
standard deviation: 0.06
