Config file: configs/uralic_uas_few-shot_xlmr-lapt_alpha01_full-voc_200k.yml
Pytorch version: 1.13.1
Pytorch CUDA version: 11.7
GPUs available: True
########
Beginning UAS evaluation for myv
majority label baseline: 13.28
per word majority baseline: 7.28
random seed: 1
num epochs: 64
accuracy: 51.1
----
random seed: 2
num epochs: 60
accuracy: 50.89
----
random seed: 3
num epochs: 62
accuracy: 52.14
----
random seed: 4
num epochs: 62
accuracy: 51.51
----
all trials finished
mean epochs: 62.0
mean accuracy: 51.41
standard deviation: 0.48
########
Beginning UAS evaluation for sme
majority label baseline: 20.07
per word majority baseline: 11.82
random seed: 1
num epochs: 62
accuracy: 39.68
----
random seed: 2
num epochs: 62
accuracy: 45.4
----
random seed: 3
num epochs: 58
accuracy: 45.67
----
random seed: 4
num epochs: 62
accuracy: 44.98
----
all trials finished
mean epochs: 61.0
mean accuracy: 43.93
standard deviation: 2.47
########
Beginning UAS evaluation for et
For file: data/ud-uralic/et_ewt-ud-train.conllu  words without a head: 75
For file: data/ud-uralic/et_ewt-ud-dev.conllu  words without a head: 10
For file: data/ud-uralic/et_ewt-ud-test.conllu  words without a head: 23
majority label baseline: 8.07
per word majority baseline: 8.32
random seed: 1
num epochs: 64
accuracy: 48.61
----
random seed: 2
num epochs: 64
accuracy: 52.67
----
random seed: 3
num epochs: 64
accuracy: 51.55
----
random seed: 4
num epochs: 62
accuracy: 49.44
----
all trials finished
mean epochs: 63.5
mean accuracy: 50.57
standard deviation: 1.62
########
Beginning UAS evaluation for fi
majority label baseline: 11.78
per word majority baseline: 14.91
random seed: 1
num epochs: 64
accuracy: 65.34
----
random seed: 2
num epochs: 64
accuracy: 68.39
----
random seed: 3
num epochs: 64
accuracy: 68.38
----
random seed: 4
num epochs: 64
accuracy: 66.1
----
all trials finished
mean epochs: 64.0
mean accuracy: 67.05
standard deviation: 1.36
########
Beginning UAS evaluation for hu
majority label baseline: 4.67
per word majority baseline: 4.92
random seed: 1
num epochs: 64
accuracy: 69.98
----
random seed: 2
num epochs: 64
accuracy: 68.86
----
random seed: 3
num epochs: 64
accuracy: 63.86
----
random seed: 4
num epochs: 64
accuracy: 66.63
----
all trials finished
mean epochs: 64.0
mean accuracy: 67.34
standard deviation: 2.34
########
Beginning UAS evaluation for ru
For file: data/ud-uralic/ru_syntagrus-ud-train.conllu  words without a head: 1662
For file: data/ud-uralic/ru_syntagrus-ud-dev.conllu  words without a head: 265
For file: data/ud-uralic/ru_syntagrus-ud-test.conllu  words without a head: 271
majority label baseline: 6.34
per word majority baseline: 10.15
random seed: 1
num epochs: 64
accuracy: 58.46
----
random seed: 2
num epochs: 64
accuracy: 66.52
----
random seed: 3
num epochs: 64
accuracy: 71.03
----
random seed: 4
num epochs: 64
accuracy: 67.54
----
all trials finished
mean epochs: 64.0
mean accuracy: 65.89
standard deviation: 4.6
