Config file: configs/uralic_pos_full-train_xlmr-lapt_alpha01_full-voc.yml
Pytorch version: 1.13.1
Pytorch CUDA version: 11.7
GPUs available: True
########
Beginning POS evaluation for myv
majority label baseline: 24.14
per word majority baseline: 55.97
random seed: 1
num epochs: 64
accuracy: 73.08
----
random seed: 2
num epochs: 64
accuracy: 70.51
----
random seed: 3
num epochs: 64
accuracy: 78.05
----
random seed: 4
num epochs: 50
accuracy: 67.4
----
all trials finished
mean epochs: 60.5
mean accuracy: 72.26
standard deviation: 3.9
########
Beginning POS evaluation for sme
majority label baseline: 22.99
per word majority baseline: 61.65
random seed: 1
num epochs: 64
accuracy: 85.68
----
random seed: 2
num epochs: 64
accuracy: 83.32
----
random seed: 3
num epochs: 64
accuracy: 79.51
----
random seed: 4
num epochs: 64
accuracy: 83.18
----
all trials finished
mean epochs: 64.0
mean accuracy: 82.92
standard deviation: 2.21
########
Beginning POS evaluation for et
majority label baseline: 19.97
per word majority baseline: 69.37
random seed: 1
num epochs: 64
accuracy: 95.13
----
random seed: 2
num epochs: 62
accuracy: 95.63
----
random seed: 3
num epochs: 60
accuracy: 95.6
----
random seed: 4
num epochs: 60
accuracy: 95.89
----
all trials finished
mean epochs: 61.5
mean accuracy: 95.56
standard deviation: 0.28
########
Beginning POS evaluation for fi
majority label baseline: 23.24
per word majority baseline: 70.78
random seed: 1
num epochs: 64
accuracy: 97.69
----
random seed: 2
num epochs: 60
accuracy: 97.65
----
random seed: 3
num epochs: 62
accuracy: 97.69
----
random seed: 4
num epochs: 46
accuracy: 97.56
----
all trials finished
mean epochs: 58.0
mean accuracy: 97.65
standard deviation: 0.05
########
Beginning POS evaluation for hu
majority label baseline: 22.42
per word majority baseline: 60.37
random seed: 1
num epochs: 64
accuracy: 95.76
----
random seed: 2
num epochs: 64
accuracy: 93.65
----
random seed: 3
num epochs: 64
accuracy: 95.81
----
random seed: 4
num epochs: 64
accuracy: 95.13
----
all trials finished
mean epochs: 64.0
mean accuracy: 95.09
standard deviation: 0.87
########
Beginning POS evaluation for ru
majority label baseline: 23.84
per word majority baseline: 88.62
random seed: 1
num epochs: 64
accuracy: 98.56
----
random seed: 2
num epochs: 36
accuracy: 98.61
----
random seed: 3
num epochs: 40
accuracy: 98.57
----
random seed: 4
num epochs: 56
accuracy: 98.6
----
all trials finished
mean epochs: 49.0
mean accuracy: 98.59
standard deviation: 0.02
