Config file: configs/uralic_uas_few-shot_xlmr-lapt_alpha01_emb32k.yml
Pytorch version: 1.13.1
Pytorch CUDA version: 11.7
GPUs available: True
########
Beginning UAS evaluation for myv
majority label baseline: 13.28
per word majority baseline: 7.28
random seed: 1
num epochs: 62
accuracy: 50.77
----
random seed: 2
num epochs: 64
accuracy: 48.33
----
random seed: 3
num epochs: 64
accuracy: 50.1
----
random seed: 4
num epochs: 64
accuracy: 49.68
----
all trials finished
mean epochs: 63.5
mean accuracy: 49.72
standard deviation: 0.89
########
Beginning UAS evaluation for sme
majority label baseline: 20.07
per word majority baseline: 11.82
random seed: 1
num epochs: 62
accuracy: 36.56
----
random seed: 2
num epochs: 64
accuracy: 43.96
----
random seed: 3
num epochs: 34
accuracy: 33.75
----
random seed: 4
num epochs: 62
accuracy: 36.73
----
all trials finished
mean epochs: 55.5
mean accuracy: 37.75
standard deviation: 3.77
########
Beginning UAS evaluation for et
For file: data/ud-uralic/et_ewt-ud-train.conllu  words without a head: 75
For file: data/ud-uralic/et_ewt-ud-dev.conllu  words without a head: 10
For file: data/ud-uralic/et_ewt-ud-test.conllu  words without a head: 23
majority label baseline: 8.07
per word majority baseline: 8.32
random seed: 1
num epochs: 64
accuracy: 51.14
----
random seed: 2
num epochs: 64
accuracy: 49.96
----
random seed: 3
num epochs: 64
accuracy: 53.12
----
random seed: 4
num epochs: 64
accuracy: 52.06
----
all trials finished
mean epochs: 64.0
mean accuracy: 51.57
standard deviation: 1.16
########
Beginning UAS evaluation for fi
majority label baseline: 11.78
per word majority baseline: 14.91
random seed: 1
num epochs: 64
accuracy: 67.59
----
random seed: 2
num epochs: 64
accuracy: 67.86
----
random seed: 3
num epochs: 64
accuracy: 71.71
----
random seed: 4
num epochs: 64
accuracy: 68.24
----
all trials finished
mean epochs: 64.0
mean accuracy: 68.85
standard deviation: 1.67
########
Beginning UAS evaluation for hu
majority label baseline: 4.67
per word majority baseline: 4.92
random seed: 1
num epochs: 64
accuracy: 62.07
----
random seed: 2
num epochs: 64
accuracy: 62.36
----
random seed: 3
num epochs: 64
accuracy: 65.97
----
random seed: 4
num epochs: 64
accuracy: 67.13
----
all trials finished
mean epochs: 64.0
mean accuracy: 64.38
standard deviation: 2.21
########
Beginning UAS evaluation for ru
For file: data/ud-uralic/ru_syntagrus-ud-train.conllu  words without a head: 1662
For file: data/ud-uralic/ru_syntagrus-ud-dev.conllu  words without a head: 265
For file: data/ud-uralic/ru_syntagrus-ud-test.conllu  words without a head: 271
majority label baseline: 6.34
per word majority baseline: 10.15
random seed: 1
num epochs: 64
accuracy: 68.34
----
random seed: 2
num epochs: 64
accuracy: 68.4
----
random seed: 3
num epochs: 64
accuracy: 68.85
----
random seed: 4
num epochs: 64
accuracy: 71.23
----
all trials finished
mean epochs: 64.0
mean accuracy: 69.2
standard deviation: 1.18
