Config file: configs/uralic_pos_few-shot_xlmr-lapt_voc01_alpha02_emb32k.yml
Pytorch version: 1.13.1
Pytorch CUDA version: 11.7
GPUs available: True
########
Beginning POS evaluation for myv
majority label baseline: 24.14
per word majority baseline: 55.97
random seed: 1
num epochs: 64
accuracy: 65.26
----
random seed: 2
num epochs: 64
accuracy: 69.01
----
random seed: 3
num epochs: 62
accuracy: 69.18
----
random seed: 4
num epochs: 60
accuracy: 52.53
----
all trials finished
mean epochs: 62.5
mean accuracy: 63.99
standard deviation: 6.8
########
Beginning POS evaluation for sme
majority label baseline: 22.99
per word majority baseline: 61.65
random seed: 1
num epochs: 62
accuracy: 57.59
----
random seed: 2
num epochs: 64
accuracy: 58.55
----
random seed: 3
num epochs: 64
accuracy: 63.23
----
random seed: 4
num epochs: 62
accuracy: 61.43
----
all trials finished
mean epochs: 63.0
mean accuracy: 60.2
standard deviation: 2.25
########
Beginning POS evaluation for et
majority label baseline: 19.97
per word majority baseline: 69.37
random seed: 1
num epochs: 64
accuracy: 78.06
----
random seed: 2
num epochs: 64
accuracy: 78.19
----
random seed: 3
num epochs: 64
accuracy: 78.4
----
random seed: 4
num epochs: 64
accuracy: 80.57
----
all trials finished
mean epochs: 64.0
mean accuracy: 78.8
standard deviation: 1.03
########
Beginning POS evaluation for fi
majority label baseline: 23.24
per word majority baseline: 70.78
random seed: 1
num epochs: 64
accuracy: 80.68
----
random seed: 2
num epochs: 64
accuracy: 76.89
----
random seed: 3
num epochs: 60
accuracy: 73.7
----
random seed: 4
num epochs: 64
accuracy: 76.55
----
all trials finished
mean epochs: 63.0
mean accuracy: 76.95
standard deviation: 2.48
########
Beginning POS evaluation for hu
majority label baseline: 22.42
per word majority baseline: 60.37
random seed: 1
num epochs: 64
accuracy: 75.9
----
random seed: 2
num epochs: 64
accuracy: 80.02
----
random seed: 3
num epochs: 64
accuracy: 79.64
----
random seed: 4
num epochs: 64
accuracy: 86.12
----
all trials finished
mean epochs: 64.0
mean accuracy: 80.42
standard deviation: 3.66
########
Beginning POS evaluation for ru
majority label baseline: 23.84
per word majority baseline: 88.62
random seed: 1
num epochs: 64
accuracy: 85.9
----
random seed: 2
num epochs: 64
accuracy: 84.81
----
random seed: 3
num epochs: 64
accuracy: 88.46
----
random seed: 4
num epochs: 64
accuracy: 85.25
----
all trials finished
mean epochs: 64.0
mean accuracy: 86.11
standard deviation: 1.41
