Config file: configs/uralic_pos_full-train_xlmr-lapt_alpha02_emb64k_200k.yml
Pytorch version: 1.13.1
Pytorch CUDA version: 11.7
GPUs available: True
########
Beginning POS evaluation for myv
majority label baseline: 24.14
per word majority baseline: 55.97
random seed: 1
num epochs: 58
accuracy: 78.7
----
random seed: 2
num epochs: 60
accuracy: 74.15
----
random seed: 3
num epochs: 64
accuracy: 79.36
----
random seed: 4
num epochs: 64
accuracy: 79.43
----
all trials finished
mean epochs: 61.5
mean accuracy: 77.91
standard deviation: 2.19
########
Beginning POS evaluation for sme
majority label baseline: 22.99
per word majority baseline: 61.65
random seed: 1
num epochs: 60
accuracy: 85.14
----
random seed: 2
num epochs: 64
accuracy: 80.99
----
random seed: 3
num epochs: 64
accuracy: 85.95
----
random seed: 4
num epochs: 64
accuracy: 85.75
----
all trials finished
mean epochs: 63.0
mean accuracy: 84.46
standard deviation: 2.03
########
Beginning POS evaluation for et
majority label baseline: 19.97
per word majority baseline: 69.37
random seed: 1
num epochs: 64
accuracy: 95.78
----
random seed: 2
num epochs: 64
accuracy: 95.61
----
random seed: 3
num epochs: 62
accuracy: 95.99
----
random seed: 4
num epochs: 62
accuracy: 95.8
----
all trials finished
mean epochs: 63.0
mean accuracy: 95.79
standard deviation: 0.14
########
Beginning POS evaluation for fi
majority label baseline: 23.24
per word majority baseline: 70.78
random seed: 1
num epochs: 40
accuracy: 97.1
----
random seed: 2
num epochs: 56
accuracy: 97.4
----
random seed: 3
num epochs: 62
accuracy: 97.51
----
random seed: 4
num epochs: 48
accuracy: 97.34
----
all trials finished
mean epochs: 51.5
mean accuracy: 97.34
standard deviation: 0.15
########
Beginning POS evaluation for hu
majority label baseline: 22.42
per word majority baseline: 60.37
random seed: 1
num epochs: 64
accuracy: 95.98
----
random seed: 2
num epochs: 64
accuracy: 95.8
----
random seed: 3
num epochs: 64
accuracy: 95.69
----
random seed: 4
num epochs: 64
accuracy: 95.76
----
all trials finished
mean epochs: 64.0
mean accuracy: 95.81
standard deviation: 0.11
########
Beginning POS evaluation for ru
majority label baseline: 23.84
per word majority baseline: 88.62
random seed: 1
num epochs: 56
accuracy: 98.48
----
random seed: 2
num epochs: 60
accuracy: 98.53
----
random seed: 3
num epochs: 52
accuracy: 98.53
----
random seed: 4
num epochs: 64
accuracy: 98.5
----
all trials finished
mean epochs: 58.0
mean accuracy: 98.51
standard deviation: 0.02
