Config file: configs/uralic_pos_full-train_xlmr-ots.yml
Pytorch version: 1.13.1
Pytorch CUDA version: 11.7
GPUs available: True
########
Beginning POS evaluation for myv
majority label baseline: 24.14
per word majority baseline: 55.97
random seed: 1
num epochs: 64
accuracy: 48.78
----
random seed: 2
num epochs: 64
accuracy: 63.83
----
random seed: 3
num epochs: 64
accuracy: 64.13
----
random seed: 4
num epochs: 64
accuracy: 63.32
----
all trials finished
mean epochs: 64.0
mean accuracy: 60.01
standard deviation: 6.49
########
Beginning POS evaluation for sme
majority label baseline: 22.99
per word majority baseline: 61.65
random seed: 1
num epochs: 64
accuracy: 70.56
----
random seed: 2
num epochs: 64
accuracy: 69.53
----
random seed: 3
num epochs: 64
accuracy: 73.72
----
random seed: 4
num epochs: 62
accuracy: 73.82
----
all trials finished
mean epochs: 63.5
mean accuracy: 71.91
standard deviation: 1.9
########
Beginning POS evaluation for et
majority label baseline: 19.97
per word majority baseline: 69.37
random seed: 1
num epochs: 62
accuracy: 95.7
----
random seed: 2
num epochs: 62
accuracy: 95.56
----
random seed: 3
num epochs: 64
accuracy: 95.48
----
random seed: 4
num epochs: 64
accuracy: 95.5
----
all trials finished
mean epochs: 63.0
mean accuracy: 95.56
standard deviation: 0.09
########
Beginning POS evaluation for fi
majority label baseline: 23.24
per word majority baseline: 70.78
random seed: 1
num epochs: 62
accuracy: 97.6
----
random seed: 2
num epochs: 52
accuracy: 97.55
----
random seed: 3
num epochs: 58
accuracy: 97.61
----
random seed: 4
num epochs: 60
accuracy: 97.47
----
all trials finished
mean epochs: 58.0
mean accuracy: 97.56
standard deviation: 0.05
########
Beginning POS evaluation for hu
majority label baseline: 22.42
per word majority baseline: 60.37
random seed: 1
num epochs: 64
accuracy: 95.57
----
random seed: 2
num epochs: 64
accuracy: 93.74
----
random seed: 3
num epochs: 64
accuracy: 94.54
----
random seed: 4
num epochs: 64
accuracy: 95.43
----
all trials finished
mean epochs: 64.0
mean accuracy: 94.82
standard deviation: 0.74
########
Beginning POS evaluation for ru
majority label baseline: 23.84
per word majority baseline: 88.62
random seed: 1
num epochs: 64
accuracy: 98.57
----
random seed: 2
num epochs: 50
accuracy: 98.58
----
random seed: 3
num epochs: 56
accuracy: 98.59
----
random seed: 4
num epochs: 62
accuracy: 98.63
----
all trials finished
mean epochs: 58.0
mean accuracy: 98.59
standard deviation: 0.02
