Config file: configs/uralic_uas_zero-shot_xlmr-lapt_alpha01_emb64k_400k.yml
Pytorch version: 1.13.1
Pytorch CUDA version: 11.7
GPUs available: True
Doing zero-shot transfer from source uralic to languages kpv, krl, mdf, olo, sms
For file: data/ud-uralic/uralic_ud-train.conllu  words without a head: 413
For file: data/ud-uralic/uralic_ud-dev.conllu  words without a head: 67
random seed: 1
num epochs: 64
kpv accuracy: 75.13
krl accuracy: 65.77
mdf accuracy: 74.07
olo accuracy: 64.99
sms accuracy: 42.09
----
random seed: 2
num epochs: 64
kpv accuracy: 75.16
krl accuracy: 66.71
mdf accuracy: 73.32
olo accuracy: 66.2
sms accuracy: 39.36
----
random seed: 3
num epochs: 64
kpv accuracy: 74.86
krl accuracy: 65.9
mdf accuracy: 72.75
olo accuracy: 65.46
sms accuracy: 39.61
----
random seed: 4
num epochs: 56
kpv accuracy: 74.97
krl accuracy: 65.58
mdf accuracy: 73.09
olo accuracy: 65.93
sms accuracy: 42.06
----
all trials finished
mean epochs: 62.0
kpv mean accuracy: 75.03
kpv standard deviation: 0.12
krl mean accuracy: 65.99
krl standard deviation: 0.43
mdf mean accuracy: 73.31
mdf standard deviation: 0.49
olo mean accuracy: 65.64
olo standard deviation: 0.46
sms mean accuracy: 40.78
sms standard deviation: 1.3
