Config file: configs/uralic_pos_full-train_xlmr-lapt_alpha01_full-voc_200k.yml
Pytorch version: 1.13.1
Pytorch CUDA version: 11.7
GPUs available: True
########
Beginning POS evaluation for myv
majority label baseline: 24.14
per word majority baseline: 55.97
random seed: 1
num epochs: 64
accuracy: 76.88
----
random seed: 2
num epochs: 64
accuracy: 79.75
----
random seed: 3
num epochs: 62
accuracy: 80.14
----
random seed: 4
num epochs: 64
accuracy: 80.49
----
all trials finished
mean epochs: 63.5
mean accuracy: 79.32
standard deviation: 1.43
########
Beginning POS evaluation for sme
majority label baseline: 22.99
per word majority baseline: 61.65
random seed: 1
num epochs: 64
accuracy: 88.35
----
random seed: 2
num epochs: 64
accuracy: 89.83
----
random seed: 3
num epochs: 62
accuracy: 88.58
----
random seed: 4
num epochs: 60
accuracy: 88.49
----
all trials finished
mean epochs: 62.5
mean accuracy: 88.81
standard deviation: 0.59
########
Beginning POS evaluation for et
majority label baseline: 19.97
per word majority baseline: 69.37
random seed: 1
num epochs: 62
accuracy: 95.72
----
random seed: 2
num epochs: 64
accuracy: 95.82
----
random seed: 3
num epochs: 62
accuracy: 95.9
----
random seed: 4
num epochs: 64
accuracy: 95.7
----
all trials finished
mean epochs: 63.0
mean accuracy: 95.78
standard deviation: 0.08
########
Beginning POS evaluation for fi
majority label baseline: 23.24
per word majority baseline: 70.78
random seed: 1
num epochs: 60
accuracy: 97.76
----
random seed: 2
num epochs: 40
accuracy: 97.37
----
random seed: 3
num epochs: 64
accuracy: 97.66
----
random seed: 4
num epochs: 64
accuracy: 97.67
----
all trials finished
mean epochs: 57.0
mean accuracy: 97.61
standard deviation: 0.15
########
Beginning POS evaluation for hu
majority label baseline: 22.42
per word majority baseline: 60.37
random seed: 1
num epochs: 62
accuracy: 95.85
----
random seed: 2
num epochs: 64
accuracy: 93.94
----
random seed: 3
num epochs: 64
accuracy: 95.98
----
random seed: 4
num epochs: 62
accuracy: 95.92
----
all trials finished
mean epochs: 63.0
mean accuracy: 95.42
standard deviation: 0.86
########
Beginning POS evaluation for ru
majority label baseline: 23.84
per word majority baseline: 88.62
random seed: 1
num epochs: 52
accuracy: 98.55
----
random seed: 2
num epochs: 64
accuracy: 98.63
----
random seed: 3
num epochs: 50
accuracy: 98.6
----
random seed: 4
num epochs: 38
accuracy: 98.56
----
all trials finished
mean epochs: 51.0
mean accuracy: 98.58
standard deviation: 0.03
