Config file: configs/uralic_uas_few-shot_xlmr-lapt_alpha01_emb32k_200k.yml
Pytorch version: 1.13.1
Pytorch CUDA version: 11.7
GPUs available: True
########
Beginning UAS evaluation for myv
majority label baseline: 13.28
per word majority baseline: 7.28
random seed: 1
num epochs: 64
accuracy: 55.62
----
random seed: 2
num epochs: 64
accuracy: 52.06
----
random seed: 3
num epochs: 64
accuracy: 53.98
----
random seed: 4
num epochs: 58
accuracy: 53.62
----
all trials finished
mean epochs: 62.5
mean accuracy: 53.82
standard deviation: 1.27
########
Beginning UAS evaluation for sme
majority label baseline: 20.07
per word majority baseline: 11.82
random seed: 1
num epochs: 62
accuracy: 45.04
----
random seed: 2
num epochs: 62
accuracy: 46.41
----
random seed: 3
num epochs: 64
accuracy: 47.11
----
random seed: 4
num epochs: 64
accuracy: 45.32
----
all trials finished
mean epochs: 63.0
mean accuracy: 45.97
standard deviation: 0.83
########
Beginning UAS evaluation for et
For file: data/ud-uralic/et_ewt-ud-train.conllu  words without a head: 75
For file: data/ud-uralic/et_ewt-ud-dev.conllu  words without a head: 10
For file: data/ud-uralic/et_ewt-ud-test.conllu  words without a head: 23
majority label baseline: 8.07
per word majority baseline: 8.32
random seed: 1
num epochs: 64
accuracy: 53.27
----
random seed: 2
num epochs: 64
accuracy: 52.69
----
random seed: 3
num epochs: 64
accuracy: 55.79
----
random seed: 4
num epochs: 64
accuracy: 54.98
----
all trials finished
mean epochs: 64.0
mean accuracy: 54.18
standard deviation: 1.25
########
Beginning UAS evaluation for fi
majority label baseline: 11.78
per word majority baseline: 14.91
random seed: 1
num epochs: 64
accuracy: 70.1
----
random seed: 2
num epochs: 64
accuracy: 70.93
----
random seed: 3
num epochs: 64
accuracy: 69.93
----
random seed: 4
num epochs: 64
accuracy: 69.72
----
all trials finished
mean epochs: 64.0
mean accuracy: 70.17
standard deviation: 0.46
########
Beginning UAS evaluation for hu
majority label baseline: 4.67
per word majority baseline: 4.92
random seed: 1
num epochs: 64
accuracy: 69.23
----
random seed: 2
num epochs: 64
accuracy: 65.74
----
random seed: 3
num epochs: 64
accuracy: 65.59
----
random seed: 4
num epochs: 64
accuracy: 69.75
----
all trials finished
mean epochs: 64.0
mean accuracy: 67.58
standard deviation: 1.92
########
Beginning UAS evaluation for ru
For file: data/ud-uralic/ru_syntagrus-ud-train.conllu  words without a head: 1662
For file: data/ud-uralic/ru_syntagrus-ud-dev.conllu  words without a head: 265
For file: data/ud-uralic/ru_syntagrus-ud-test.conllu  words without a head: 271
majority label baseline: 6.34
per word majority baseline: 10.15
random seed: 1
num epochs: 64
accuracy: 73.74
----
random seed: 2
num epochs: 64
accuracy: 71.26
----
random seed: 3
num epochs: 64
accuracy: 72.56
----
random seed: 4
num epochs: 64
accuracy: 68.61
----
all trials finished
mean epochs: 64.0
mean accuracy: 71.54
standard deviation: 1.91
