Config file: configs/uralic_pos_full-train_xlmr-lapt_alpha02_emb32k.yml
Pytorch version: 1.13.1
Pytorch CUDA version: 11.7
GPUs available: True
########
Beginning POS evaluation for myv
majority label baseline: 24.14
per word majority baseline: 55.97
random seed: 1
num epochs: 62
accuracy: 75.98
----
random seed: 2
num epochs: 62
accuracy: 74.67
----
random seed: 3
num epochs: 64
accuracy: 75.26
----
random seed: 4
num epochs: 64
accuracy: 73.0
----
all trials finished
mean epochs: 63.0
mean accuracy: 74.73
standard deviation: 1.1
########
Beginning POS evaluation for sme
majority label baseline: 22.99
per word majority baseline: 61.65
random seed: 1
num epochs: 64
accuracy: 78.29
----
random seed: 2
num epochs: 64
accuracy: 80.22
----
random seed: 3
num epochs: 64
accuracy: 79.89
----
random seed: 4
num epochs: 64
accuracy: 80.83
----
all trials finished
mean epochs: 64.0
mean accuracy: 79.81
standard deviation: 0.94
########
Beginning POS evaluation for et
majority label baseline: 19.97
per word majority baseline: 69.37
random seed: 1
num epochs: 48
accuracy: 95.24
----
random seed: 2
num epochs: 62
accuracy: 95.58
----
random seed: 3
num epochs: 64
accuracy: 95.11
----
random seed: 4
num epochs: 40
accuracy: 94.87
----
all trials finished
mean epochs: 53.5
mean accuracy: 95.2
standard deviation: 0.25
########
Beginning POS evaluation for fi
majority label baseline: 23.24
per word majority baseline: 70.78
random seed: 1
num epochs: 62
accuracy: 97.19
----
random seed: 2
num epochs: 64
accuracy: 97.18
----
random seed: 3
num epochs: 64
accuracy: 97.0
----
random seed: 4
num epochs: 64
accuracy: 97.21
----
all trials finished
mean epochs: 63.5
mean accuracy: 97.15
standard deviation: 0.08
########
Beginning POS evaluation for hu
majority label baseline: 22.42
per word majority baseline: 60.37
random seed: 1
num epochs: 64
accuracy: 90.45
----
random seed: 2
num epochs: 64
accuracy: 95.25
----
random seed: 3
num epochs: 64
accuracy: 93.73
----
random seed: 4
num epochs: 62
accuracy: 95.19
----
all trials finished
mean epochs: 63.5
mean accuracy: 93.65
standard deviation: 1.95
########
Beginning POS evaluation for ru
majority label baseline: 23.84
per word majority baseline: 88.62
random seed: 1
num epochs: 62
accuracy: 98.48
----
random seed: 2
num epochs: 58
accuracy: 98.45
----
random seed: 3
num epochs: 56
accuracy: 98.46
----
random seed: 4
num epochs: 62
accuracy: 98.48
----
all trials finished
mean epochs: 59.5
mean accuracy: 98.47
standard deviation: 0.01
