Config file: configs/uralic_uas_few-shot_xlmr-lapt_alpha01_emb16k_400k.yml
Pytorch version: 1.13.1
Pytorch CUDA version: 11.7
GPUs available: True
########
Beginning UAS evaluation for myv
majority label baseline: 13.28
per word majority baseline: 7.28
random seed: 1
num epochs: 64
accuracy: 60.29
----
random seed: 2
num epochs: 64
accuracy: 57.52
----
random seed: 3
num epochs: 64
accuracy: 61.5
----
random seed: 4
num epochs: 62
accuracy: 55.69
----
all trials finished
mean epochs: 63.5
mean accuracy: 58.75
standard deviation: 2.28
########
Beginning UAS evaluation for sme
majority label baseline: 20.07
per word majority baseline: 11.82
random seed: 1
num epochs: 62
accuracy: 51.06
----
random seed: 2
num epochs: 62
accuracy: 51.66
----
random seed: 3
num epochs: 62
accuracy: 50.61
----
random seed: 4
num epochs: 64
accuracy: 51.97
----
all trials finished
mean epochs: 62.5
mean accuracy: 51.32
standard deviation: 0.53
########
Beginning UAS evaluation for et
For file: data/ud-uralic/et_ewt-ud-train.conllu  words without a head: 75
For file: data/ud-uralic/et_ewt-ud-dev.conllu  words without a head: 10
For file: data/ud-uralic/et_ewt-ud-test.conllu  words without a head: 23
majority label baseline: 8.07
per word majority baseline: 8.32
random seed: 1
num epochs: 64
accuracy: 60.85
----
random seed: 2
num epochs: 64
accuracy: 54.84
----
random seed: 3
num epochs: 64
accuracy: 57.1
----
random seed: 4
num epochs: 64
accuracy: 54.73
----
all trials finished
mean epochs: 64.0
mean accuracy: 56.88
standard deviation: 2.48
########
Beginning UAS evaluation for fi
majority label baseline: 11.78
per word majority baseline: 14.91
random seed: 1
num epochs: 64
accuracy: 69.55
----
random seed: 2
num epochs: 64
accuracy: 73.74
----
random seed: 3
num epochs: 64
accuracy: 72.7
----
random seed: 4
num epochs: 64
accuracy: 68.83
----
all trials finished
mean epochs: 64.0
mean accuracy: 71.21
standard deviation: 2.06
########
Beginning UAS evaluation for hu
majority label baseline: 4.67
per word majority baseline: 4.92
random seed: 1
num epochs: 64
accuracy: 68.43
----
random seed: 2
num epochs: 64
accuracy: 69.3
----
random seed: 3
num epochs: 64
accuracy: 70.28
----
random seed: 4
num epochs: 64
accuracy: 71.63
----
all trials finished
mean epochs: 64.0
mean accuracy: 69.91
standard deviation: 1.19
########
Beginning UAS evaluation for ru
For file: data/ud-uralic/ru_syntagrus-ud-train.conllu  words without a head: 1662
For file: data/ud-uralic/ru_syntagrus-ud-dev.conllu  words without a head: 265
For file: data/ud-uralic/ru_syntagrus-ud-test.conllu  words without a head: 271
majority label baseline: 6.34
per word majority baseline: 10.15
random seed: 1
num epochs: 64
accuracy: 73.65
----
random seed: 2
num epochs: 64
accuracy: 74.14
----
random seed: 3
num epochs: 64
accuracy: 71.4
----
random seed: 4
num epochs: 64
accuracy: 67.46
----
all trials finished
mean epochs: 64.0
mean accuracy: 71.66
standard deviation: 2.64
