Config file: configs/uralic_uas_zero-shot_xlmr-lapt_alpha01_emb64k.yml
Pytorch version: 1.13.1
Pytorch CUDA version: 11.7
GPUs available: True
Doing zero-shot transfer from source uralic to languages kpv, krl, mdf, olo, sms
For file: data/ud-uralic/uralic_ud-train.conllu  words without a head: 413
For file: data/ud-uralic/uralic_ud-dev.conllu  words without a head: 67
random seed: 1
num epochs: 64
kpv accuracy: 65.46
krl accuracy: 64.87
mdf accuracy: 63.2
olo accuracy: 64.05
sms accuracy: 40.19
----
random seed: 2
num epochs: 64
kpv accuracy: 65.16
krl accuracy: 65.16
mdf accuracy: 63.44
olo accuracy: 63.51
sms accuracy: 40.5
----
random seed: 3
num epochs: 62
kpv accuracy: 66.0
krl accuracy: 64.64
mdf accuracy: 63.15
olo accuracy: 64.11
sms accuracy: 37.09
----
random seed: 4
num epochs: 60
kpv accuracy: 65.69
krl accuracy: 64.84
mdf accuracy: 64.79
olo accuracy: 65.26
sms accuracy: 42.13
----
all trials finished
mean epochs: 62.5
kpv mean accuracy: 65.58
kpv standard deviation: 0.31
krl mean accuracy: 64.88
krl standard deviation: 0.18
mdf mean accuracy: 63.64
mdf standard deviation: 0.67
olo mean accuracy: 64.23
olo standard deviation: 0.64
sms mean accuracy: 39.98
sms standard deviation: 1.82
