Config file: configs/uralic_pos_few-shot_xlmr-lapt_voc01_alpha02_emb32k_40mil.yml
Pytorch version: 1.13.1
Pytorch CUDA version: 11.7
GPUs available: True
########
Beginning POS evaluation for myv
majority label baseline: 24.14
per word majority baseline: 55.97
random seed: 1
num epochs: 64
accuracy: 71.54
----
random seed: 2
num epochs: 64
accuracy: 70.83
----
random seed: 3
num epochs: 60
accuracy: 71.83
----
random seed: 4
num epochs: 62
accuracy: 66.87
----
all trials finished
mean epochs: 62.5
mean accuracy: 70.27
standard deviation: 1.99
########
Beginning POS evaluation for sme
majority label baseline: 22.99
per word majority baseline: 61.65
random seed: 1
num epochs: 64
accuracy: 65.57
----
random seed: 2
num epochs: 64
accuracy: 60.21
----
random seed: 3
num epochs: 64
accuracy: 65.47
----
random seed: 4
num epochs: 62
accuracy: 69.51
----
all trials finished
mean epochs: 63.5
mean accuracy: 65.19
standard deviation: 3.31
########
Beginning POS evaluation for et
majority label baseline: 19.97
per word majority baseline: 69.37
random seed: 1
num epochs: 64
accuracy: 78.6
----
random seed: 2
num epochs: 64
accuracy: 77.9
----
random seed: 3
num epochs: 64
accuracy: 79.11
----
random seed: 4
num epochs: 64
accuracy: 84.66
----
all trials finished
mean epochs: 64.0
mean accuracy: 80.07
standard deviation: 2.69
########
Beginning POS evaluation for fi
majority label baseline: 23.24
per word majority baseline: 70.78
random seed: 1
num epochs: 64
accuracy: 84.93
----
random seed: 2
num epochs: 64
accuracy: 77.66
----
random seed: 3
num epochs: 62
accuracy: 80.41
----
random seed: 4
num epochs: 62
accuracy: 82.19
----
all trials finished
mean epochs: 63.0
mean accuracy: 81.3
standard deviation: 2.64
########
Beginning POS evaluation for hu
majority label baseline: 22.42
per word majority baseline: 60.37
random seed: 1
num epochs: 64
accuracy: 70.82
----
random seed: 2
num epochs: 64
accuracy: 82.3
----
random seed: 3
num epochs: 64
accuracy: 84.36
----
random seed: 4
num epochs: 64
accuracy: 89.07
----
all trials finished
mean epochs: 64.0
mean accuracy: 81.64
standard deviation: 6.71
########
Beginning POS evaluation for ru
majority label baseline: 23.84
per word majority baseline: 88.62
random seed: 1
num epochs: 64
accuracy: 89.55
----
random seed: 2
num epochs: 64
accuracy: 86.35
----
random seed: 3
num epochs: 64
accuracy: 91.23
----
random seed: 4
num epochs: 64
accuracy: 86.37
----
all trials finished
mean epochs: 64.0
mean accuracy: 88.37
standard deviation: 2.1
