Config file: configs/uralic_pos_few-shot_xlmr-lapt_alpha02_emb16k_200k.yml
Pytorch version: 1.13.1
Pytorch CUDA version: 11.7
GPUs available: True
########
Beginning POS evaluation for myv
majority label baseline: 24.14
per word majority baseline: 55.97
random seed: 1
num epochs: 64
accuracy: 66.53
----
random seed: 2
num epochs: 62
accuracy: 69.64
----
random seed: 3
num epochs: 62
accuracy: 69.71
----
random seed: 4
num epochs: 64
accuracy: 71.87
----
all trials finished
mean epochs: 63.0
mean accuracy: 69.44
standard deviation: 1.9
########
Beginning POS evaluation for sme
majority label baseline: 22.99
per word majority baseline: 61.65
random seed: 1
num epochs: 64
accuracy: 69.85
----
random seed: 2
num epochs: 64
accuracy: 69.78
----
random seed: 3
num epochs: 62
accuracy: 69.63
----
random seed: 4
num epochs: 64
accuracy: 66.64
----
all trials finished
mean epochs: 63.5
mean accuracy: 68.98
standard deviation: 1.35
########
Beginning POS evaluation for et
majority label baseline: 19.97
per word majority baseline: 69.37
random seed: 1
num epochs: 64
accuracy: 79.99
----
random seed: 2
num epochs: 64
accuracy: 72.09
----
random seed: 3
num epochs: 64
accuracy: 78.59
----
random seed: 4
num epochs: 64
accuracy: 75.3
----
all trials finished
mean epochs: 64.0
mean accuracy: 76.49
standard deviation: 3.06
########
Beginning POS evaluation for fi
majority label baseline: 23.24
per word majority baseline: 70.78
random seed: 1
num epochs: 64
accuracy: 75.48
----
random seed: 2
num epochs: 64
accuracy: 70.32
----
random seed: 3
num epochs: 64
accuracy: 78.18
----
random seed: 4
num epochs: 64
accuracy: 84.07
----
all trials finished
mean epochs: 64.0
mean accuracy: 77.01
standard deviation: 4.95
########
Beginning POS evaluation for hu
majority label baseline: 22.42
per word majority baseline: 60.37
random seed: 1
num epochs: 64
accuracy: 86.87
----
random seed: 2
num epochs: 64
accuracy: 81.44
----
random seed: 3
num epochs: 64
accuracy: 80.49
----
random seed: 4
num epochs: 64
accuracy: 82.35
----
all trials finished
mean epochs: 64.0
mean accuracy: 82.79
standard deviation: 2.45
########
Beginning POS evaluation for ru
majority label baseline: 23.84
per word majority baseline: 88.62
random seed: 1
num epochs: 64
accuracy: 86.65
----
random seed: 2
num epochs: 64
accuracy: 86.5
----
random seed: 3
num epochs: 64
accuracy: 89.41
----
random seed: 4
num epochs: 64
accuracy: 81.74
----
all trials finished
mean epochs: 64.0
mean accuracy: 86.08
standard deviation: 2.76
