Config file: configs/uralic_uas_few-shot_xlmr-lapt_alpha01_emb128k_200k.yml
Pytorch version: 1.13.1
Pytorch CUDA version: 11.7
GPUs available: True
########
Beginning UAS evaluation for myv
majority label baseline: 13.28
per word majority baseline: 7.28
random seed: 1
num epochs: 62
accuracy: 56.98
----
random seed: 2
num epochs: 64
accuracy: 59.94
----
random seed: 3
num epochs: 64
accuracy: 60.47
----
random seed: 4
num epochs: 64
accuracy: 57.18
----
all trials finished
mean epochs: 63.5
mean accuracy: 58.64
standard deviation: 1.58
########
Beginning UAS evaluation for sme
majority label baseline: 20.07
per word majority baseline: 11.82
random seed: 1
num epochs: 64
accuracy: 44.54
----
random seed: 2
num epochs: 60
accuracy: 50.19
----
random seed: 3
num epochs: 62
accuracy: 49.31
----
random seed: 4
num epochs: 64
accuracy: 50.52
----
all trials finished
mean epochs: 62.5
mean accuracy: 48.64
standard deviation: 2.41
########
Beginning UAS evaluation for et
For file: data/ud-uralic/et_ewt-ud-train.conllu  words without a head: 75
For file: data/ud-uralic/et_ewt-ud-dev.conllu  words without a head: 10
For file: data/ud-uralic/et_ewt-ud-test.conllu  words without a head: 23
majority label baseline: 8.07
per word majority baseline: 8.32
random seed: 1
num epochs: 64
accuracy: 59.54
----
random seed: 2
num epochs: 64
accuracy: 60.77
----
random seed: 3
num epochs: 64
accuracy: 55.23
----
random seed: 4
num epochs: 64
accuracy: 63.12
----
all trials finished
mean epochs: 64.0
mean accuracy: 59.66
standard deviation: 2.87
########
Beginning UAS evaluation for fi
majority label baseline: 11.78
per word majority baseline: 14.91
random seed: 1
num epochs: 64
accuracy: 72.79
----
random seed: 2
num epochs: 64
accuracy: 72.82
----
random seed: 3
num epochs: 64
accuracy: 74.19
----
random seed: 4
num epochs: 64
accuracy: 73.91
----
all trials finished
mean epochs: 64.0
mean accuracy: 73.43
standard deviation: 0.63
########
Beginning UAS evaluation for hu
majority label baseline: 4.67
per word majority baseline: 4.92
random seed: 1
num epochs: 64
accuracy: 71.27
----
random seed: 2
num epochs: 64
accuracy: 72.93
----
random seed: 3
num epochs: 64
accuracy: 75.63
----
random seed: 4
num epochs: 64
accuracy: 75.31
----
all trials finished
mean epochs: 64.0
mean accuracy: 73.78
standard deviation: 1.79
########
Beginning UAS evaluation for ru
For file: data/ud-uralic/ru_syntagrus-ud-train.conllu  words without a head: 1662
For file: data/ud-uralic/ru_syntagrus-ud-dev.conllu  words without a head: 265
For file: data/ud-uralic/ru_syntagrus-ud-test.conllu  words without a head: 271
majority label baseline: 6.34
per word majority baseline: 10.15
random seed: 1
num epochs: 64
accuracy: 72.6
----
random seed: 2
num epochs: 64
accuracy: 70.76
----
random seed: 3
num epochs: 64
accuracy: 75.42
----
random seed: 4
num epochs: 64
accuracy: 75.85
----
all trials finished
mean epochs: 64.0
mean accuracy: 73.66
standard deviation: 2.09
