Config file: configs/uralic_uas_few-shot_xlmr-lapt_voc01_alpha01_emb32k_200k.yml
Pytorch version: 1.13.1
Pytorch CUDA version: 11.7
GPUs available: True
########
Beginning UAS evaluation for myv
majority label baseline: 13.28
per word majority baseline: 7.28
random seed: 1
num epochs: 62
accuracy: 54.65
----
random seed: 2
num epochs: 64
accuracy: 52.8
----
random seed: 3
num epochs: 64
accuracy: 53.82
----
random seed: 4
num epochs: 62
accuracy: 55.26
----
all trials finished
mean epochs: 63.0
mean accuracy: 54.13
standard deviation: 0.92
########
Beginning UAS evaluation for sme
majority label baseline: 20.07
per word majority baseline: 11.82
random seed: 1
num epochs: 64
accuracy: 47.59
----
random seed: 2
num epochs: 62
accuracy: 46.38
----
random seed: 3
num epochs: 64
accuracy: 46.49
----
random seed: 4
num epochs: 62
accuracy: 45.42
----
all trials finished
mean epochs: 63.0
mean accuracy: 46.47
standard deviation: 0.77
########
Beginning UAS evaluation for et
For file: data/ud-uralic/et_ewt-ud-train.conllu  words without a head: 75
For file: data/ud-uralic/et_ewt-ud-dev.conllu  words without a head: 10
For file: data/ud-uralic/et_ewt-ud-test.conllu  words without a head: 23
majority label baseline: 8.07
per word majority baseline: 8.32
random seed: 1
num epochs: 64
accuracy: 52.35
----
random seed: 2
num epochs: 64
accuracy: 54.93
----
random seed: 3
num epochs: 64
accuracy: 55.37
----
random seed: 4
num epochs: 64
accuracy: 54.16
----
all trials finished
mean epochs: 64.0
mean accuracy: 54.2
standard deviation: 1.16
########
Beginning UAS evaluation for fi
majority label baseline: 11.78
per word majority baseline: 14.91
random seed: 1
num epochs: 64
accuracy: 70.87
----
random seed: 2
num epochs: 64
accuracy: 71.4
----
random seed: 3
num epochs: 64
accuracy: 74.03
----
random seed: 4
num epochs: 64
accuracy: 69.58
----
all trials finished
mean epochs: 64.0
mean accuracy: 71.47
standard deviation: 1.62
########
Beginning UAS evaluation for hu
majority label baseline: 4.67
per word majority baseline: 4.92
random seed: 1
num epochs: 64
accuracy: 67.12
----
random seed: 2
num epochs: 64
accuracy: 68.42
----
random seed: 3
num epochs: 64
accuracy: 67.31
----
random seed: 4
num epochs: 64
accuracy: 70.73
----
all trials finished
mean epochs: 64.0
mean accuracy: 68.4
standard deviation: 1.44
########
Beginning UAS evaluation for ru
For file: data/ud-uralic/ru_syntagrus-ud-train.conllu  words without a head: 1662
For file: data/ud-uralic/ru_syntagrus-ud-dev.conllu  words without a head: 265
For file: data/ud-uralic/ru_syntagrus-ud-test.conllu  words without a head: 271
majority label baseline: 6.34
per word majority baseline: 10.15
random seed: 1
num epochs: 64
accuracy: 73.05
----
random seed: 2
num epochs: 64
accuracy: 71.85
----
random seed: 3
num epochs: 64
accuracy: 74.82
----
random seed: 4
num epochs: 64
accuracy: 73.08
----
all trials finished
mean epochs: 64.0
mean accuracy: 73.2
standard deviation: 1.06
