Config file: configs/uralic_pos_few-shot_xlmr-lapt_alpha02_emb64k_200k.yml
Pytorch version: 1.13.1
Pytorch CUDA version: 11.7
GPUs available: True
########
Beginning POS evaluation for myv
majority label baseline: 24.14
per word majority baseline: 55.97
random seed: 1
num epochs: 64
accuracy: 71.49
----
random seed: 2
num epochs: 64
accuracy: 67.2
----
random seed: 3
num epochs: 64
accuracy: 73.44
----
random seed: 4
num epochs: 64
accuracy: 76.37
----
all trials finished
mean epochs: 64.0
mean accuracy: 72.13
standard deviation: 3.33
########
Beginning POS evaluation for sme
majority label baseline: 22.99
per word majority baseline: 61.65
random seed: 1
num epochs: 62
accuracy: 70.41
----
random seed: 2
num epochs: 64
accuracy: 63.7
----
random seed: 3
num epochs: 64
accuracy: 70.81
----
random seed: 4
num epochs: 64
accuracy: 68.14
----
all trials finished
mean epochs: 63.5
mean accuracy: 68.26
standard deviation: 2.83
########
Beginning POS evaluation for et
majority label baseline: 19.97
per word majority baseline: 69.37
random seed: 1
num epochs: 64
accuracy: 79.23
----
random seed: 2
num epochs: 62
accuracy: 84.94
----
random seed: 3
num epochs: 64
accuracy: 78.42
----
random seed: 4
num epochs: 64
accuracy: 86.63
----
all trials finished
mean epochs: 63.5
mean accuracy: 82.31
standard deviation: 3.54
########
Beginning POS evaluation for fi
majority label baseline: 23.24
per word majority baseline: 70.78
random seed: 1
num epochs: 64
accuracy: 81.38
----
random seed: 2
num epochs: 64
accuracy: 87.17
----
random seed: 3
num epochs: 64
accuracy: 83.99
----
random seed: 4
num epochs: 64
accuracy: 87.41
----
all trials finished
mean epochs: 64.0
mean accuracy: 84.99
standard deviation: 2.48
########
Beginning POS evaluation for hu
majority label baseline: 22.42
per word majority baseline: 60.37
random seed: 1
num epochs: 64
accuracy: 93.07
----
random seed: 2
num epochs: 64
accuracy: 90.41
----
random seed: 3
num epochs: 64
accuracy: 90.13
----
random seed: 4
num epochs: 64
accuracy: 90.13
----
all trials finished
mean epochs: 64.0
mean accuracy: 90.94
standard deviation: 1.24
########
Beginning POS evaluation for ru
majority label baseline: 23.84
per word majority baseline: 88.62
random seed: 1
num epochs: 64
accuracy: 86.89
----
random seed: 2
num epochs: 62
accuracy: 86.54
----
random seed: 3
num epochs: 64
accuracy: 89.8
----
random seed: 4
num epochs: 62
accuracy: 88.21
----
all trials finished
mean epochs: 63.0
mean accuracy: 87.86
standard deviation: 1.28
