Config file: configs/uralic_pos_few-shot_xlmr-lapt_alpha02_full-voc_200k.yml
Pytorch version: 1.13.1
Pytorch CUDA version: 11.7
GPUs available: True
########
Beginning POS evaluation for myv
majority label baseline: 24.14
per word majority baseline: 55.97
random seed: 1
num epochs: 64
accuracy: 71.16
----
random seed: 2
num epochs: 64
accuracy: 66.73
----
random seed: 3
num epochs: 64
accuracy: 64.44
----
random seed: 4
num epochs: 64
accuracy: 68.92
----
all trials finished
mean epochs: 64.0
mean accuracy: 67.81
standard deviation: 2.5
########
Beginning POS evaluation for sme
majority label baseline: 22.99
per word majority baseline: 61.65
random seed: 1
num epochs: 64
accuracy: 66.36
----
random seed: 2
num epochs: 64
accuracy: 70.02
----
random seed: 3
num epochs: 64
accuracy: 67.03
----
random seed: 4
num epochs: 62
accuracy: 70.3
----
all trials finished
mean epochs: 63.5
mean accuracy: 68.43
standard deviation: 1.75
########
Beginning POS evaluation for et
majority label baseline: 19.97
per word majority baseline: 69.37
random seed: 1
num epochs: 64
accuracy: 84.95
----
random seed: 2
num epochs: 64
accuracy: 78.87
----
random seed: 3
num epochs: 62
accuracy: 83.68
----
random seed: 4
num epochs: 64
accuracy: 80.47
----
all trials finished
mean epochs: 63.5
mean accuracy: 81.99
standard deviation: 2.43
########
Beginning POS evaluation for fi
majority label baseline: 23.24
per word majority baseline: 70.78
random seed: 1
num epochs: 62
accuracy: 81.98
----
random seed: 2
num epochs: 64
accuracy: 80.27
----
random seed: 3
num epochs: 64
accuracy: 80.79
----
random seed: 4
num epochs: 64
accuracy: 87.95
----
all trials finished
mean epochs: 63.5
mean accuracy: 82.75
standard deviation: 3.07
########
Beginning POS evaluation for hu
majority label baseline: 22.42
per word majority baseline: 60.37
random seed: 1
num epochs: 64
accuracy: 89.68
----
random seed: 2
num epochs: 64
accuracy: 81.8
----
random seed: 3
num epochs: 64
accuracy: 86.22
----
random seed: 4
num epochs: 62
accuracy: 90.7
----
all trials finished
mean epochs: 63.5
mean accuracy: 87.1
standard deviation: 3.48
########
Beginning POS evaluation for ru
majority label baseline: 23.84
per word majority baseline: 88.62
random seed: 1
num epochs: 64
accuracy: 86.62
----
random seed: 2
num epochs: 64
accuracy: 91.48
----
random seed: 3
num epochs: 64
accuracy: 90.13
----
random seed: 4
num epochs: 64
accuracy: 90.46
----
all trials finished
mean epochs: 64.0
mean accuracy: 89.67
standard deviation: 1.83
