Config file: configs/uralic_pos_full-train_xlmr-lapt_alpha03_emb64k.yml
Pytorch version: 1.13.1
Pytorch CUDA version: 11.7
GPUs available: True
########
Beginning POS evaluation for myv
majority label baseline: 24.14
per word majority baseline: 55.97
random seed: 1
num epochs: 64
accuracy: 70.82
----
random seed: 2
num epochs: 62
accuracy: 62.11
----
random seed: 3
num epochs: 64
accuracy: 71.79
----
random seed: 4
num epochs: 64
accuracy: 60.87
----
all trials finished
mean epochs: 63.5
mean accuracy: 66.4
standard deviation: 4.94
########
Beginning POS evaluation for sme
majority label baseline: 22.99
per word majority baseline: 61.65
random seed: 1
num epochs: 64
accuracy: 75.27
----
random seed: 2
num epochs: 64
accuracy: 75.53
----
random seed: 3
num epochs: 64
accuracy: 77.81
----
random seed: 4
num epochs: 60
accuracy: 73.48
----
all trials finished
mean epochs: 63.0
mean accuracy: 75.52
standard deviation: 1.54
########
Beginning POS evaluation for et
majority label baseline: 19.97
per word majority baseline: 69.37
random seed: 1
num epochs: 62
accuracy: 94.93
----
random seed: 2
num epochs: 64
accuracy: 95.64
----
random seed: 3
num epochs: 64
accuracy: 95.45
----
random seed: 4
num epochs: 64
accuracy: 95.48
----
all trials finished
mean epochs: 63.5
mean accuracy: 95.38
standard deviation: 0.27
########
Beginning POS evaluation for fi
majority label baseline: 23.24
per word majority baseline: 70.78
random seed: 1
num epochs: 64
accuracy: 97.14
----
random seed: 2
num epochs: 60
accuracy: 97.11
----
random seed: 3
num epochs: 38
accuracy: 96.7
----
random seed: 4
num epochs: 64
accuracy: 97.05
----
all trials finished
mean epochs: 56.5
mean accuracy: 97.0
standard deviation: 0.18
########
Beginning POS evaluation for hu
majority label baseline: 22.42
per word majority baseline: 60.37
random seed: 1
num epochs: 60
accuracy: 95.77
----
random seed: 2
num epochs: 64
accuracy: 93.6
----
random seed: 3
num epochs: 62
accuracy: 95.67
----
random seed: 4
num epochs: 64
accuracy: 94.08
----
all trials finished
mean epochs: 62.5
mean accuracy: 94.78
standard deviation: 0.96
########
Beginning POS evaluation for ru
majority label baseline: 23.84
per word majority baseline: 88.62
random seed: 1
num epochs: 58
accuracy: 98.38
----
random seed: 2
num epochs: 64
accuracy: 98.5
----
random seed: 3
num epochs: 58
accuracy: 98.45
----
random seed: 4
num epochs: 56
accuracy: 98.47
----
all trials finished
mean epochs: 59.0
mean accuracy: 98.45
standard deviation: 0.04
