Config file: configs/uralic_uas_full-train_xlmr-lapt_alpha01_emb16k.yml
Pytorch version: 1.13.1
Pytorch CUDA version: 11.7
GPUs available: True
########
Beginning UAS evaluation for myv
majority label baseline: 13.28
per word majority baseline: 7.28
random seed: 1
num epochs: 64
accuracy: 60.97
----
random seed: 2
num epochs: 64
accuracy: 60.72
----
random seed: 3
num epochs: 62
accuracy: 63.36
----
random seed: 4
num epochs: 64
accuracy: 59.45
----
all trials finished
mean epochs: 63.5
mean accuracy: 61.13
standard deviation: 1.41
########
Beginning UAS evaluation for sme
majority label baseline: 20.07
per word majority baseline: 11.82
random seed: 1
num epochs: 62
accuracy: 61.17
----
random seed: 2
num epochs: 64
accuracy: 61.63
----
random seed: 3
num epochs: 58
accuracy: 58.2
----
random seed: 4
num epochs: 64
accuracy: 60.17
----
all trials finished
mean epochs: 62.0
mean accuracy: 60.29
standard deviation: 1.32
########
Beginning UAS evaluation for et
For file: data/ud-uralic/et_ewt-ud-train.conllu  words without a head: 75
For file: data/ud-uralic/et_ewt-ud-dev.conllu  words without a head: 10
For file: data/ud-uralic/et_ewt-ud-test.conllu  words without a head: 23
majority label baseline: 8.07
per word majority baseline: 8.32
random seed: 1
num epochs: 62
accuracy: 85.01
----
random seed: 2
num epochs: 64
accuracy: 83.63
----
random seed: 3
num epochs: 58
accuracy: 83.5
----
random seed: 4
num epochs: 64
accuracy: 84.75
----
all trials finished
mean epochs: 62.0
mean accuracy: 84.22
standard deviation: 0.66
########
Beginning UAS evaluation for fi
majority label baseline: 11.78
per word majority baseline: 14.91
random seed: 1
num epochs: 60
accuracy: 93.01
----
random seed: 2
num epochs: 62
accuracy: 93.24
----
random seed: 3
num epochs: 60
accuracy: 92.97
----
random seed: 4
num epochs: 60
accuracy: 93.22
----
all trials finished
mean epochs: 60.5
mean accuracy: 93.11
standard deviation: 0.12
########
Beginning UAS evaluation for hu
majority label baseline: 4.67
per word majority baseline: 4.92
random seed: 1
num epochs: 64
accuracy: 81.82
----
random seed: 2
num epochs: 64
accuracy: 81.6
----
random seed: 3
num epochs: 64
accuracy: 79.0
----
random seed: 4
num epochs: 64
accuracy: 80.67
----
all trials finished
mean epochs: 64.0
mean accuracy: 80.77
standard deviation: 1.11
########
Beginning UAS evaluation for ru
For file: data/ud-uralic/ru_syntagrus-ud-train.conllu  words without a head: 1662
For file: data/ud-uralic/ru_syntagrus-ud-dev.conllu  words without a head: 265
For file: data/ud-uralic/ru_syntagrus-ud-test.conllu  words without a head: 271
majority label baseline: 6.34
per word majority baseline: 10.15
random seed: 1
num epochs: 64
accuracy: 94.35
----
random seed: 2
num epochs: 62
accuracy: 94.51
----
random seed: 3
num epochs: 64
accuracy: 94.56
----
random seed: 4
num epochs: 64
accuracy: 94.49
----
all trials finished
mean epochs: 63.5
mean accuracy: 94.48
standard deviation: 0.08
