Config file: configs/uralic_pos_few-shot_xlmr-lapt_alpha02_emb32k_40mil.yml
Pytorch version: 1.13.1
Pytorch CUDA version: 11.7
GPUs available: True
########
Beginning POS evaluation for myv
majority label baseline: 24.14
per word majority baseline: 55.97
random seed: 1
num epochs: 64
accuracy: 73.46
----
random seed: 2
num epochs: 64
accuracy: 69.64
----
random seed: 3
num epochs: 64
accuracy: 71.92
----
random seed: 4
num epochs: 62
accuracy: 66.79
----
all trials finished
mean epochs: 63.5
mean accuracy: 70.45
standard deviation: 2.52
########
Beginning POS evaluation for sme
majority label baseline: 22.99
per word majority baseline: 61.65
random seed: 1
num epochs: 64
accuracy: 65.77
----
random seed: 2
num epochs: 62
accuracy: 60.59
----
random seed: 3
num epochs: 64
accuracy: 65.65
----
random seed: 4
num epochs: 64
accuracy: 70.14
----
all trials finished
mean epochs: 63.5
mean accuracy: 65.54
standard deviation: 3.38
########
Beginning POS evaluation for et
majority label baseline: 19.97
per word majority baseline: 69.37
random seed: 1
num epochs: 64
accuracy: 81.4
----
random seed: 2
num epochs: 64
accuracy: 78.01
----
random seed: 3
num epochs: 64
accuracy: 78.56
----
random seed: 4
num epochs: 64
accuracy: 83.95
----
all trials finished
mean epochs: 64.0
mean accuracy: 80.48
standard deviation: 2.38
########
Beginning POS evaluation for fi
majority label baseline: 23.24
per word majority baseline: 70.78
random seed: 1
num epochs: 64
accuracy: 84.66
----
random seed: 2
num epochs: 64
accuracy: 81.81
----
random seed: 3
num epochs: 64
accuracy: 82.74
----
random seed: 4
num epochs: 64
accuracy: 84.1
----
all trials finished
mean epochs: 64.0
mean accuracy: 83.33
standard deviation: 1.12
########
Beginning POS evaluation for hu
majority label baseline: 22.42
per word majority baseline: 60.37
random seed: 1
num epochs: 64
accuracy: 71.1
----
random seed: 2
num epochs: 64
accuracy: 87.72
----
random seed: 3
num epochs: 64
accuracy: 88.87
----
random seed: 4
num epochs: 64
accuracy: 89.12
----
all trials finished
mean epochs: 64.0
mean accuracy: 84.2
standard deviation: 7.58
########
Beginning POS evaluation for ru
majority label baseline: 23.84
per word majority baseline: 88.62
random seed: 1
num epochs: 64
accuracy: 88.69
----
random seed: 2
num epochs: 64
accuracy: 86.44
----
random seed: 3
num epochs: 64
accuracy: 91.46
----
random seed: 4
num epochs: 64
accuracy: 88.38
----
all trials finished
mean epochs: 64.0
mean accuracy: 88.74
standard deviation: 1.79
