Config file: configs/uralic_pos_full-train_xlmr-lapt_alpha02_emb16k_400k.yml
Pytorch version: 1.13.1
Pytorch CUDA version: 11.7
GPUs available: True
########
Beginning POS evaluation for myv
majority label baseline: 24.14
per word majority baseline: 55.97
random seed: 1
num epochs: 62
accuracy: 80.3
----
random seed: 2
num epochs: 64
accuracy: 81.72
----
random seed: 3
num epochs: 62
accuracy: 81.41
----
random seed: 4
num epochs: 62
accuracy: 82.5
----
all trials finished
mean epochs: 62.5
mean accuracy: 81.48
standard deviation: 0.79
########
Beginning POS evaluation for sme
majority label baseline: 22.99
per word majority baseline: 61.65
random seed: 1
num epochs: 64
accuracy: 89.23
----
random seed: 2
num epochs: 64
accuracy: 88.57
----
random seed: 3
num epochs: 50
accuracy: 84.71
----
random seed: 4
num epochs: 64
accuracy: 90.21
----
all trials finished
mean epochs: 60.5
mean accuracy: 88.18
standard deviation: 2.09
########
Beginning POS evaluation for et
majority label baseline: 19.97
per word majority baseline: 69.37
random seed: 1
num epochs: 60
accuracy: 95.0
----
random seed: 2
num epochs: 48
accuracy: 90.81
----
random seed: 3
num epochs: 50
accuracy: 95.12
----
random seed: 4
num epochs: 64
accuracy: 95.53
----
all trials finished
mean epochs: 55.5
mean accuracy: 94.11
standard deviation: 1.92
########
Beginning POS evaluation for fi
majority label baseline: 23.24
per word majority baseline: 70.78
random seed: 1
num epochs: 30
accuracy: 97.06
----
random seed: 2
num epochs: 64
accuracy: 97.69
----
random seed: 3
num epochs: 42
accuracy: 97.22
----
random seed: 4
num epochs: 64
accuracy: 97.57
----
all trials finished
mean epochs: 50.0
mean accuracy: 97.38
standard deviation: 0.25
########
Beginning POS evaluation for hu
majority label baseline: 22.42
per word majority baseline: 60.37
random seed: 1
num epochs: 64
accuracy: 94.03
----
random seed: 2
num epochs: 64
accuracy: 95.65
----
random seed: 3
num epochs: 64
accuracy: 95.87
----
random seed: 4
num epochs: 64
accuracy: 95.83
----
all trials finished
mean epochs: 64.0
mean accuracy: 95.34
standard deviation: 0.76
########
Beginning POS evaluation for ru
majority label baseline: 23.84
per word majority baseline: 88.62
random seed: 1
num epochs: 60
accuracy: 98.42
----
random seed: 2
num epochs: 56
accuracy: 98.49
----
random seed: 3
num epochs: 64
accuracy: 98.55
----
random seed: 4
num epochs: 60
accuracy: 98.55
----
all trials finished
mean epochs: 60.0
mean accuracy: 98.5
standard deviation: 0.05
