Config file: configs/uralic_uas_few-shot_xlmr-lapt_alpha005_emb32k.yml
Pytorch version: 1.13.1
Pytorch CUDA version: 11.7
GPUs available: True
########
Beginning UAS evaluation for myv
majority label baseline: 13.28
per word majority baseline: 7.28
random seed: 1
num epochs: 62
accuracy: 51.1
----
random seed: 2
num epochs: 64
accuracy: 48.26
----
random seed: 3
num epochs: 64
accuracy: 51.82
----
random seed: 4
num epochs: 60
accuracy: 49.6
----
all trials finished
mean epochs: 62.5
mean accuracy: 50.19
standard deviation: 1.38
########
Beginning UAS evaluation for sme
majority label baseline: 20.07
per word majority baseline: 11.82
random seed: 1
num epochs: 62
accuracy: 37.69
----
random seed: 2
num epochs: 62
accuracy: 44.89
----
random seed: 3
num epochs: 64
accuracy: 40.64
----
random seed: 4
num epochs: 64
accuracy: 38.46
----
all trials finished
mean epochs: 63.0
mean accuracy: 40.42
standard deviation: 2.8
########
Beginning UAS evaluation for et
For file: data/ud-uralic/et_ewt-ud-train.conllu  words without a head: 75
For file: data/ud-uralic/et_ewt-ud-dev.conllu  words without a head: 10
For file: data/ud-uralic/et_ewt-ud-test.conllu  words without a head: 23
majority label baseline: 8.07
per word majority baseline: 8.32
random seed: 1
num epochs: 64
accuracy: 50.74
----
random seed: 2
num epochs: 64
accuracy: 49.77
----
random seed: 3
num epochs: 64
accuracy: 52.0
----
random seed: 4
num epochs: 64
accuracy: 51.53
----
all trials finished
mean epochs: 64.0
mean accuracy: 51.01
standard deviation: 0.85
########
Beginning UAS evaluation for fi
majority label baseline: 11.78
per word majority baseline: 14.91
random seed: 1
num epochs: 64
accuracy: 67.55
----
random seed: 2
num epochs: 64
accuracy: 68.95
----
random seed: 3
num epochs: 64
accuracy: 71.9
----
random seed: 4
num epochs: 64
accuracy: 67.66
----
all trials finished
mean epochs: 64.0
mean accuracy: 69.01
standard deviation: 1.75
########
Beginning UAS evaluation for hu
majority label baseline: 4.67
per word majority baseline: 4.92
random seed: 1
num epochs: 64
accuracy: 64.35
----
random seed: 2
num epochs: 64
accuracy: 59.03
----
random seed: 3
num epochs: 64
accuracy: 67.13
----
random seed: 4
num epochs: 64
accuracy: 67.11
----
all trials finished
mean epochs: 64.0
mean accuracy: 64.4
standard deviation: 3.31
########
Beginning UAS evaluation for ru
For file: data/ud-uralic/ru_syntagrus-ud-train.conllu  words without a head: 1662
For file: data/ud-uralic/ru_syntagrus-ud-dev.conllu  words without a head: 265
For file: data/ud-uralic/ru_syntagrus-ud-test.conllu  words without a head: 271
majority label baseline: 6.34
per word majority baseline: 10.15
random seed: 1
num epochs: 64
accuracy: 64.3
----
random seed: 2
num epochs: 64
accuracy: 70.44
----
random seed: 3
num epochs: 64
accuracy: 72.13
----
random seed: 4
num epochs: 64
accuracy: 64.58
----
all trials finished
mean epochs: 64.0
mean accuracy: 67.86
standard deviation: 3.48
