Config file: configs/uralic_uas_few-shot_xlmr-lapt_alpha04_emb64k.yml
Pytorch version: 1.13.1
Pytorch CUDA version: 11.7
GPUs available: True
########
Beginning UAS evaluation for myv
majority label baseline: 13.28
per word majority baseline: 7.28
random seed: 1
num epochs: 64
accuracy: 41.96
----
random seed: 2
num epochs: 64
accuracy: 45.58
----
random seed: 3
num epochs: 60
accuracy: 43.44
----
random seed: 4
num epochs: 62
accuracy: 43.15
----
all trials finished
mean epochs: 62.5
mean accuracy: 43.53
standard deviation: 1.31
########
Beginning UAS evaluation for sme
majority label baseline: 20.07
per word majority baseline: 11.82
random seed: 1
num epochs: 56
accuracy: 32.27
----
random seed: 2
num epochs: 64
accuracy: 34.17
----
random seed: 3
num epochs: 64
accuracy: 34.77
----
random seed: 4
num epochs: 52
accuracy: 31.25
----
all trials finished
mean epochs: 59.0
mean accuracy: 33.11
standard deviation: 1.42
########
Beginning UAS evaluation for et
For file: data/ud-uralic/et_ewt-ud-train.conllu  words without a head: 75
For file: data/ud-uralic/et_ewt-ud-dev.conllu  words without a head: 10
For file: data/ud-uralic/et_ewt-ud-test.conllu  words without a head: 23
majority label baseline: 8.07
per word majority baseline: 8.32
random seed: 1
num epochs: 64
accuracy: 51.56
----
random seed: 2
num epochs: 64
accuracy: 57.28
----
random seed: 3
num epochs: 64
accuracy: 52.0
----
random seed: 4
num epochs: 64
accuracy: 54.11
----
all trials finished
mean epochs: 64.0
mean accuracy: 53.74
standard deviation: 2.26
########
Beginning UAS evaluation for fi
majority label baseline: 11.78
per word majority baseline: 14.91
random seed: 1
num epochs: 64
accuracy: 70.83
----
random seed: 2
num epochs: 64
accuracy: 70.58
----
random seed: 3
num epochs: 64
accuracy: 70.3
----
random seed: 4
num epochs: 64
accuracy: 70.78
----
all trials finished
mean epochs: 64.0
mean accuracy: 70.62
standard deviation: 0.21
########
Beginning UAS evaluation for hu
majority label baseline: 4.67
per word majority baseline: 4.92
random seed: 1
num epochs: 64
accuracy: 66.85
----
random seed: 2
num epochs: 64
accuracy: 71.41
----
random seed: 3
num epochs: 64
accuracy: 69.61
----
random seed: 4
num epochs: 64
accuracy: 69.46
----
all trials finished
mean epochs: 64.0
mean accuracy: 69.33
standard deviation: 1.62
########
Beginning UAS evaluation for ru
For file: data/ud-uralic/ru_syntagrus-ud-train.conllu  words without a head: 1662
For file: data/ud-uralic/ru_syntagrus-ud-dev.conllu  words without a head: 265
For file: data/ud-uralic/ru_syntagrus-ud-test.conllu  words without a head: 271
majority label baseline: 6.34
per word majority baseline: 10.15
random seed: 1
num epochs: 64
accuracy: 75.62
----
random seed: 2
num epochs: 64
accuracy: 72.44
----
random seed: 3
num epochs: 64
accuracy: 76.07
----
random seed: 4
num epochs: 64
accuracy: 70.93
----
all trials finished
mean epochs: 64.0
mean accuracy: 73.77
standard deviation: 2.15
