Config file: configs/uralic_pos_full-train_xlmr-lapt_voc01_alpha02_emb32k.yml
Pytorch version: 1.13.1
Pytorch CUDA version: 11.7
GPUs available: True
########
Beginning POS evaluation for myv
majority label baseline: 24.14
per word majority baseline: 55.97
random seed: 1
num epochs: 64
accuracy: 76.89
----
random seed: 2
num epochs: 64
accuracy: 76.37
----
random seed: 3
num epochs: 62
accuracy: 74.57
----
random seed: 4
num epochs: 64
accuracy: 60.77
----
all trials finished
mean epochs: 63.5
mean accuracy: 72.15
standard deviation: 6.63
########
Beginning POS evaluation for sme
majority label baseline: 22.99
per word majority baseline: 61.65
random seed: 1
num epochs: 64
accuracy: 76.73
----
random seed: 2
num epochs: 64
accuracy: 80.55
----
random seed: 3
num epochs: 64
accuracy: 80.41
----
random seed: 4
num epochs: 62
accuracy: 80.06
----
all trials finished
mean epochs: 63.5
mean accuracy: 79.44
standard deviation: 1.57
########
Beginning POS evaluation for et
majority label baseline: 19.97
per word majority baseline: 69.37
random seed: 1
num epochs: 64
accuracy: 95.11
----
random seed: 2
num epochs: 62
accuracy: 95.28
----
random seed: 3
num epochs: 60
accuracy: 95.09
----
random seed: 4
num epochs: 60
accuracy: 95.54
----
all trials finished
mean epochs: 61.5
mean accuracy: 95.26
standard deviation: 0.18
########
Beginning POS evaluation for fi
majority label baseline: 23.24
per word majority baseline: 70.78
random seed: 1
num epochs: 48
accuracy: 96.98
----
random seed: 2
num epochs: 64
accuracy: 97.16
----
random seed: 3
num epochs: 60
accuracy: 97.12
----
random seed: 4
num epochs: 46
accuracy: 96.75
----
all trials finished
mean epochs: 54.5
mean accuracy: 97.0
standard deviation: 0.16
########
Beginning POS evaluation for hu
majority label baseline: 22.42
per word majority baseline: 60.37
random seed: 1
num epochs: 62
accuracy: 90.76
----
random seed: 2
num epochs: 64
accuracy: 95.31
----
random seed: 3
num epochs: 64
accuracy: 91.8
----
random seed: 4
num epochs: 64
accuracy: 95.39
----
all trials finished
mean epochs: 63.5
mean accuracy: 93.31
standard deviation: 2.07
########
Beginning POS evaluation for ru
majority label baseline: 23.84
per word majority baseline: 88.62
random seed: 1
num epochs: 54
accuracy: 98.38
----
random seed: 2
num epochs: 64
accuracy: 98.51
----
random seed: 3
num epochs: 62
accuracy: 98.48
----
random seed: 4
num epochs: 56
accuracy: 98.48
----
all trials finished
mean epochs: 59.0
mean accuracy: 98.46
standard deviation: 0.05
