Config file: configs/uralic_pos_full-train_xlmr-lapt_alpha02_emb64k_400k.yml
Pytorch version: 1.13.1
Pytorch CUDA version: 11.7
GPUs available: True
########
Beginning POS evaluation for myv
majority label baseline: 24.14
per word majority baseline: 55.97
random seed: 1
num epochs: 56
accuracy: 81.55
----
random seed: 2
num epochs: 64
accuracy: 79.27
----
random seed: 3
num epochs: 64
accuracy: 82.06
----
random seed: 4
num epochs: 64
accuracy: 84.63
----
all trials finished
mean epochs: 62.0
mean accuracy: 81.88
standard deviation: 1.9
########
Beginning POS evaluation for sme
majority label baseline: 22.99
per word majority baseline: 61.65
random seed: 1
num epochs: 64
accuracy: 91.41
----
random seed: 2
num epochs: 64
accuracy: 89.72
----
random seed: 3
num epochs: 64
accuracy: 91.32
----
random seed: 4
num epochs: 64
accuracy: 91.66
----
all trials finished
mean epochs: 64.0
mean accuracy: 91.03
standard deviation: 0.76
########
Beginning POS evaluation for et
majority label baseline: 19.97
per word majority baseline: 69.37
random seed: 1
num epochs: 64
accuracy: 96.13
----
random seed: 2
num epochs: 60
accuracy: 96.02
----
random seed: 3
num epochs: 64
accuracy: 96.1
----
random seed: 4
num epochs: 60
accuracy: 95.95
----
all trials finished
mean epochs: 62.0
mean accuracy: 96.05
standard deviation: 0.07
########
Beginning POS evaluation for fi
majority label baseline: 23.24
per word majority baseline: 70.78
random seed: 1
num epochs: 60
accuracy: 97.55
----
random seed: 2
num epochs: 62
accuracy: 97.8
----
random seed: 3
num epochs: 60
accuracy: 97.57
----
random seed: 4
num epochs: 64
accuracy: 97.54
----
all trials finished
mean epochs: 61.5
mean accuracy: 97.62
standard deviation: 0.11
########
Beginning POS evaluation for hu
majority label baseline: 22.42
per word majority baseline: 60.37
random seed: 1
num epochs: 62
accuracy: 96.2
----
random seed: 2
num epochs: 64
accuracy: 96.17
----
random seed: 3
num epochs: 60
accuracy: 96.24
----
random seed: 4
num epochs: 64
accuracy: 95.97
----
all trials finished
mean epochs: 62.5
mean accuracy: 96.15
standard deviation: 0.1
########
Beginning POS evaluation for ru
majority label baseline: 23.84
per word majority baseline: 88.62
random seed: 1
num epochs: 64
accuracy: 98.54
----
random seed: 2
num epochs: 56
accuracy: 98.57
----
random seed: 3
num epochs: 40
accuracy: 98.43
----
random seed: 4
num epochs: 42
accuracy: 98.52
----
all trials finished
mean epochs: 50.5
mean accuracy: 98.52
standard deviation: 0.05
