Config file: configs/uralic_uas_zero-shot_xlmr-lapt_alpha02_emb128k.yml
Pytorch version: 1.13.1
Pytorch CUDA version: 11.7
GPUs available: True
Doing zero-shot transfer from source uralic to languages kpv, krl, mdf, olo, sms
For file: data/ud-uralic/uralic_ud-train.conllu  words without a head: 413
For file: data/ud-uralic/uralic_ud-dev.conllu  words without a head: 67
random seed: 1
num epochs: 62
kpv accuracy: 64.21
krl accuracy: 64.29
mdf accuracy: 60.72
olo accuracy: 64.11
sms accuracy: 44.75
----
random seed: 2
num epochs: 60
kpv accuracy: 65.04
krl accuracy: 63.93
mdf accuracy: 60.18
olo accuracy: 63.58
sms accuracy: 42.75
----
random seed: 3
num epochs: 64
kpv accuracy: 63.71
krl accuracy: 64.96
mdf accuracy: 60.6
olo accuracy: 62.7
sms accuracy: 43.89
----
random seed: 4
num epochs: 64
kpv accuracy: 65.17
krl accuracy: 63.96
mdf accuracy: 61.77
olo accuracy: 63.71
sms accuracy: 41.26
----
all trials finished
mean epochs: 62.5
kpv mean accuracy: 64.53
kpv standard deviation: 0.6
krl mean accuracy: 64.29
krl standard deviation: 0.42
mdf mean accuracy: 60.82
mdf standard deviation: 0.59
olo mean accuracy: 63.52
olo standard deviation: 0.51
sms mean accuracy: 43.16
sms standard deviation: 1.31
