Config file: configs/uralic_uas_zero-shot_xlmr-lapt_alpha02_full-voc.yml
Pytorch version: 1.13.1
Pytorch CUDA version: 11.7
GPUs available: True
Doing zero-shot transfer from source uralic to languages kpv, krl, mdf, olo, sms
For file: data/ud-uralic/uralic_ud-train.conllu  words without a head: 413
For file: data/ud-uralic/uralic_ud-dev.conllu  words without a head: 67
random seed: 1
num epochs: 64
kpv accuracy: 64.18
krl accuracy: 64.22
mdf accuracy: 61.92
olo accuracy: 62.63
sms accuracy: 45.72
----
random seed: 2
num epochs: 64
kpv accuracy: 65.03
krl accuracy: 64.54
mdf accuracy: 61.65
olo accuracy: 63.04
sms accuracy: 47.1
----
random seed: 3
num epochs: 64
kpv accuracy: 64.68
krl accuracy: 64.64
mdf accuracy: 62.39
olo accuracy: 61.83
sms accuracy: 47.38
----
random seed: 4
num epochs: 64
kpv accuracy: 63.73
krl accuracy: 63.74
mdf accuracy: 62.04
olo accuracy: 62.77
sms accuracy: 47.34
----
all trials finished
mean epochs: 64.0
kpv mean accuracy: 64.4
kpv standard deviation: 0.49
krl mean accuracy: 64.29
krl standard deviation: 0.35
mdf mean accuracy: 62.0
mdf standard deviation: 0.26
olo mean accuracy: 62.57
olo standard deviation: 0.45
sms mean accuracy: 46.88
sms standard deviation: 0.68
