Config file: configs/uralic_uas_few-shot_xlmr-lapt_alpha01_emb64k.yml
Pytorch version: 1.13.1
Pytorch CUDA version: 11.7
GPUs available: True
########
Beginning UAS evaluation for myv
majority label baseline: 13.28
per word majority baseline: 7.28
random seed: 1
num epochs: 60
accuracy: 50.08
----
random seed: 2
num epochs: 64
accuracy: 51.13
----
random seed: 3
num epochs: 64
accuracy: 52.07
----
random seed: 4
num epochs: 64
accuracy: 49.05
----
all trials finished
mean epochs: 63.0
mean accuracy: 50.58
standard deviation: 1.13
########
Beginning UAS evaluation for sme
majority label baseline: 20.07
per word majority baseline: 11.82
random seed: 1
num epochs: 64
accuracy: 38.62
----
random seed: 2
num epochs: 64
accuracy: 43.06
----
random seed: 3
num epochs: 62
accuracy: 42.53
----
random seed: 4
num epochs: 64
accuracy: 40.5
----
all trials finished
mean epochs: 63.5
mean accuracy: 41.18
standard deviation: 1.76
########
Beginning UAS evaluation for et
For file: data/ud-uralic/et_ewt-ud-train.conllu  words without a head: 75
For file: data/ud-uralic/et_ewt-ud-dev.conllu  words without a head: 10
For file: data/ud-uralic/et_ewt-ud-test.conllu  words without a head: 23
majority label baseline: 8.07
per word majority baseline: 8.32
random seed: 1
num epochs: 64
accuracy: 52.08
----
random seed: 2
num epochs: 64
accuracy: 55.0
----
random seed: 3
num epochs: 64
accuracy: 52.51
----
random seed: 4
num epochs: 64
accuracy: 55.17
----
all trials finished
mean epochs: 64.0
mean accuracy: 53.69
standard deviation: 1.41
########
Beginning UAS evaluation for fi
majority label baseline: 11.78
per word majority baseline: 14.91
random seed: 1
num epochs: 64
accuracy: 69.49
----
random seed: 2
num epochs: 64
accuracy: 69.81
----
random seed: 3
num epochs: 64
accuracy: 69.4
----
random seed: 4
num epochs: 64
accuracy: 69.18
----
all trials finished
mean epochs: 64.0
mean accuracy: 69.47
standard deviation: 0.23
########
Beginning UAS evaluation for hu
majority label baseline: 4.67
per word majority baseline: 4.92
random seed: 1
num epochs: 64
accuracy: 71.78
----
random seed: 2
num epochs: 64
accuracy: 70.6
----
random seed: 3
num epochs: 64
accuracy: 68.42
----
random seed: 4
num epochs: 64
accuracy: 69.66
----
all trials finished
mean epochs: 64.0
mean accuracy: 70.12
standard deviation: 1.23
########
Beginning UAS evaluation for ru
For file: data/ud-uralic/ru_syntagrus-ud-train.conllu  words without a head: 1662
For file: data/ud-uralic/ru_syntagrus-ud-dev.conllu  words without a head: 265
For file: data/ud-uralic/ru_syntagrus-ud-test.conllu  words without a head: 271
majority label baseline: 6.34
per word majority baseline: 10.15
random seed: 1
num epochs: 64
accuracy: 73.62
----
random seed: 2
num epochs: 64
accuracy: 75.04
----
random seed: 3
num epochs: 64
accuracy: 71.01
----
random seed: 4
num epochs: 64
accuracy: 64.19
----
all trials finished
mean epochs: 64.0
mean accuracy: 70.97
standard deviation: 4.17
