Config file: configs/uralic_uas_full-train_xlmr-lapt_alpha01_full-voc_400k.yml
Pytorch version: 1.13.1
Pytorch CUDA version: 11.7
GPUs available: True
########
Beginning UAS evaluation for myv
majority label baseline: 13.28
per word majority baseline: 7.28
random seed: 1
num epochs: 64
accuracy: 65.33
----
random seed: 2
num epochs: 64
accuracy: 62.99
----
random seed: 3
num epochs: 60
accuracy: 59.32
----
random seed: 4
num epochs: 64
accuracy: 62.57
----
all trials finished
mean epochs: 63.0
mean accuracy: 62.55
standard deviation: 2.14
########
Beginning UAS evaluation for sme
majority label baseline: 20.07
per word majority baseline: 11.82
random seed: 1
num epochs: 64
accuracy: 72.74
----
random seed: 2
num epochs: 64
accuracy: 71.75
----
random seed: 3
num epochs: 64
accuracy: 72.67
----
random seed: 4
num epochs: 62
accuracy: 71.1
----
all trials finished
mean epochs: 63.5
mean accuracy: 72.06
standard deviation: 0.68
########
Beginning UAS evaluation for et
For file: data/ud-uralic/et_ewt-ud-train.conllu  words without a head: 75
For file: data/ud-uralic/et_ewt-ud-dev.conllu  words without a head: 10
For file: data/ud-uralic/et_ewt-ud-test.conllu  words without a head: 23
majority label baseline: 8.07
per word majority baseline: 8.32
random seed: 1
num epochs: 64
accuracy: 85.45
----
random seed: 2
num epochs: 60
accuracy: 85.79
----
random seed: 3
num epochs: 64
accuracy: 85.75
----
random seed: 4
num epochs: 64
accuracy: 85.59
----
all trials finished
mean epochs: 63.0
mean accuracy: 85.65
standard deviation: 0.14
########
Beginning UAS evaluation for fi
majority label baseline: 11.78
per word majority baseline: 14.91
random seed: 1
num epochs: 62
accuracy: 94.13
----
random seed: 2
num epochs: 58
accuracy: 93.99
----
random seed: 3
num epochs: 62
accuracy: 94.03
----
random seed: 4
num epochs: 64
accuracy: 94.04
----
all trials finished
mean epochs: 61.5
mean accuracy: 94.05
standard deviation: 0.05
########
Beginning UAS evaluation for hu
majority label baseline: 4.67
per word majority baseline: 4.92
random seed: 1
num epochs: 64
accuracy: 84.53
----
random seed: 2
num epochs: 64
accuracy: 81.8
----
random seed: 3
num epochs: 64
accuracy: 81.95
----
random seed: 4
num epochs: 64
accuracy: 78.28
----
all trials finished
mean epochs: 64.0
mean accuracy: 81.64
standard deviation: 2.22
########
Beginning UAS evaluation for ru
For file: data/ud-uralic/ru_syntagrus-ud-train.conllu  words without a head: 1662
For file: data/ud-uralic/ru_syntagrus-ud-dev.conllu  words without a head: 265
For file: data/ud-uralic/ru_syntagrus-ud-test.conllu  words without a head: 271
majority label baseline: 6.34
per word majority baseline: 10.15
random seed: 1
num epochs: 64
accuracy: 94.81
----
random seed: 2
num epochs: 64
accuracy: 94.72
----
random seed: 3
num epochs: 60
accuracy: 94.96
----
random seed: 4
num epochs: 64
accuracy: 94.95
----
all trials finished
mean epochs: 63.0
mean accuracy: 94.86
standard deviation: 0.1
