Config file: configs/uralic_uas_full-train_xlmr-lapt_alpha02_emb128k_200k.yml
Pytorch version: 1.13.1
Pytorch CUDA version: 11.7
GPUs available: True
########
Beginning UAS evaluation for myv
majority label baseline: 13.28
per word majority baseline: 7.28
random seed: 1
num epochs: 64
accuracy: 65.55
----
random seed: 2
num epochs: 62
accuracy: 66.88
----
random seed: 3
num epochs: 64
accuracy: 68.02
----
random seed: 4
num epochs: 60
accuracy: 66.61
----
all trials finished
mean epochs: 62.5
mean accuracy: 66.77
standard deviation: 0.88
########
Beginning UAS evaluation for sme
majority label baseline: 20.07
per word majority baseline: 11.82
random seed: 1
num epochs: 64
accuracy: 67.35
----
random seed: 2
num epochs: 62
accuracy: 69.91
----
random seed: 3
num epochs: 64
accuracy: 69.5
----
random seed: 4
num epochs: 50
accuracy: 65.63
----
all trials finished
mean epochs: 60.0
mean accuracy: 68.1
standard deviation: 1.72
########
Beginning UAS evaluation for et
For file: data/ud-uralic/et_ewt-ud-train.conllu  words without a head: 75
For file: data/ud-uralic/et_ewt-ud-dev.conllu  words without a head: 10
For file: data/ud-uralic/et_ewt-ud-test.conllu  words without a head: 23
majority label baseline: 8.07
per word majority baseline: 8.32
random seed: 1
num epochs: 60
accuracy: 85.19
----
random seed: 2
num epochs: 64
accuracy: 86.57
----
random seed: 3
num epochs: 64
accuracy: 86.77
----
random seed: 4
num epochs: 62
accuracy: 85.58
----
all trials finished
mean epochs: 62.5
mean accuracy: 86.03
standard deviation: 0.66
########
Beginning UAS evaluation for fi
majority label baseline: 11.78
per word majority baseline: 14.91
random seed: 1
num epochs: 56
accuracy: 93.41
----
random seed: 2
num epochs: 60
accuracy: 93.61
----
random seed: 3
num epochs: 64
accuracy: 93.71
----
random seed: 4
num epochs: 64
accuracy: 93.83
----
all trials finished
mean epochs: 61.0
mean accuracy: 93.64
standard deviation: 0.15
########
Beginning UAS evaluation for hu
majority label baseline: 4.67
per word majority baseline: 4.92
random seed: 1
num epochs: 64
accuracy: 84.0
----
random seed: 2
num epochs: 64
accuracy: 85.53
----
random seed: 3
num epochs: 64
accuracy: 84.3
----
random seed: 4
num epochs: 62
accuracy: 81.23
----
all trials finished
mean epochs: 63.5
mean accuracy: 83.76
standard deviation: 1.57
########
Beginning UAS evaluation for ru
For file: data/ud-uralic/ru_syntagrus-ud-train.conllu  words without a head: 1662
For file: data/ud-uralic/ru_syntagrus-ud-dev.conllu  words without a head: 265
For file: data/ud-uralic/ru_syntagrus-ud-test.conllu  words without a head: 271
majority label baseline: 6.34
per word majority baseline: 10.15
random seed: 1
num epochs: 62
accuracy: 94.72
----
random seed: 2
num epochs: 60
accuracy: 94.91
----
random seed: 3
num epochs: 64
accuracy: 94.86
----
random seed: 4
num epochs: 62
accuracy: 94.91
----
all trials finished
mean epochs: 62.0
mean accuracy: 94.85
standard deviation: 0.08
