Config file: configs/uralic_pos_full-train_xlmr-lapt_alpha03_emb32k.yml
Pytorch version: 1.13.1
Pytorch CUDA version: 11.7
GPUs available: True
########
Beginning POS evaluation for myv
majority label baseline: 24.14
per word majority baseline: 55.97
random seed: 1
num epochs: 64
accuracy: 66.15
----
random seed: 2
num epochs: 64
accuracy: 72.87
----
random seed: 3
num epochs: 64
accuracy: 72.98
----
random seed: 4
num epochs: 64
accuracy: 70.93
----
all trials finished
mean epochs: 64.0
mean accuracy: 70.74
standard deviation: 2.77
########
Beginning POS evaluation for sme
majority label baseline: 22.99
per word majority baseline: 61.65
random seed: 1
num epochs: 64
accuracy: 77.64
----
random seed: 2
num epochs: 64
accuracy: 75.7
----
random seed: 3
num epochs: 64
accuracy: 73.82
----
random seed: 4
num epochs: 64
accuracy: 77.65
----
all trials finished
mean epochs: 64.0
mean accuracy: 76.2
standard deviation: 1.59
########
Beginning POS evaluation for et
majority label baseline: 19.97
per word majority baseline: 69.37
random seed: 1
num epochs: 60
accuracy: 95.32
----
random seed: 2
num epochs: 64
accuracy: 95.73
----
random seed: 3
num epochs: 64
accuracy: 95.42
----
random seed: 4
num epochs: 64
accuracy: 95.53
----
all trials finished
mean epochs: 63.0
mean accuracy: 95.5
standard deviation: 0.15
########
Beginning POS evaluation for fi
majority label baseline: 23.24
per word majority baseline: 70.78
random seed: 1
num epochs: 62
accuracy: 97.16
----
random seed: 2
num epochs: 60
accuracy: 97.22
----
random seed: 3
num epochs: 62
accuracy: 97.07
----
random seed: 4
num epochs: 50
accuracy: 97.11
----
all trials finished
mean epochs: 58.5
mean accuracy: 97.14
standard deviation: 0.06
########
Beginning POS evaluation for hu
majority label baseline: 22.42
per word majority baseline: 60.37
random seed: 1
num epochs: 64
accuracy: 90.94
----
random seed: 2
num epochs: 64
accuracy: 95.21
----
random seed: 3
num epochs: 64
accuracy: 93.78
----
random seed: 4
num epochs: 64
accuracy: 95.32
----
all trials finished
mean epochs: 64.0
mean accuracy: 93.81
standard deviation: 1.77
########
Beginning POS evaluation for ru
majority label baseline: 23.84
per word majority baseline: 88.62
random seed: 1
num epochs: 54
accuracy: 98.45
----
random seed: 2
num epochs: 64
accuracy: 98.5
----
random seed: 3
num epochs: 40
accuracy: 98.38
----
random seed: 4
num epochs: 40
accuracy: 98.39
----
all trials finished
mean epochs: 49.5
mean accuracy: 98.43
standard deviation: 0.05
