Config file: configs/uralic_pos_zero-shot_xlmr-lapt_alpha03_emb32k.yml
Pytorch version: 1.13.1
Pytorch CUDA version: 11.7
GPUs available: True
Doing zero-shot transfer from source uralic to languages kpv, krl, mdf, olo, sms
random seed: 1
num epochs: 64
kpv accuracy: 66.27
krl accuracy: 84.39
mdf accuracy: 68.98
olo accuracy: 79.77
sms accuracy: 50.38
----
random seed: 2
num epochs: 64
kpv accuracy: 66.16
krl accuracy: 84.62
mdf accuracy: 68.59
olo accuracy: 81.25
sms accuracy: 52.49
----
random seed: 3
num epochs: 64
kpv accuracy: 65.15
krl accuracy: 83.78
mdf accuracy: 68.1
olo accuracy: 80.98
sms accuracy: 50.73
----
random seed: 4
num epochs: 64
kpv accuracy: 66.79
krl accuracy: 84.39
mdf accuracy: 68.98
olo accuracy: 80.11
sms accuracy: 52.24
----
all trials finished
mean epochs: 64.0
kpv mean accuracy: 66.1
kpv standard deviation: 0.6
krl mean accuracy: 84.29
krl standard deviation: 0.31
mdf mean accuracy: 68.66
mdf standard deviation: 0.36
olo mean accuracy: 80.53
olo standard deviation: 0.61
sms mean accuracy: 51.46
sms standard deviation: 0.92
