Config file: configs/uralic_pos_full-train_xlmr-lapt_alpha02_emb64k.yml
Pytorch version: 1.13.1
Pytorch CUDA version: 11.7
GPUs available: True
########
Beginning POS evaluation for myv
majority label baseline: 24.14
per word majority baseline: 55.97
random seed: 1
num epochs: 64
accuracy: 71.42
----
random seed: 2
num epochs: 60
accuracy: 66.75
----
random seed: 3
num epochs: 64
accuracy: 73.8
----
random seed: 4
num epochs: 62
accuracy: 72.04
----
all trials finished
mean epochs: 62.5
mean accuracy: 71.0
standard deviation: 2.61
########
Beginning POS evaluation for sme
majority label baseline: 22.99
per word majority baseline: 61.65
random seed: 1
num epochs: 64
accuracy: 80.59
----
random seed: 2
num epochs: 64
accuracy: 77.86
----
random seed: 3
num epochs: 62
accuracy: 78.13
----
random seed: 4
num epochs: 58
accuracy: 80.44
----
all trials finished
mean epochs: 62.0
mean accuracy: 79.26
standard deviation: 1.26
########
Beginning POS evaluation for et
majority label baseline: 19.97
per word majority baseline: 69.37
random seed: 1
num epochs: 46
accuracy: 94.91
----
random seed: 2
num epochs: 64
accuracy: 95.36
----
random seed: 3
num epochs: 62
accuracy: 95.36
----
random seed: 4
num epochs: 60
accuracy: 95.16
----
all trials finished
mean epochs: 58.0
mean accuracy: 95.2
standard deviation: 0.18
########
Beginning POS evaluation for fi
majority label baseline: 23.24
per word majority baseline: 70.78
random seed: 1
num epochs: 62
accuracy: 97.08
----
random seed: 2
num epochs: 64
accuracy: 97.04
----
random seed: 3
num epochs: 58
accuracy: 97.12
----
random seed: 4
num epochs: 58
accuracy: 97.16
----
all trials finished
mean epochs: 60.5
mean accuracy: 97.1
standard deviation: 0.04
########
Beginning POS evaluation for hu
majority label baseline: 22.42
per word majority baseline: 60.37
random seed: 1
num epochs: 64
accuracy: 95.59
----
random seed: 2
num epochs: 64
accuracy: 95.2
----
random seed: 3
num epochs: 62
accuracy: 95.73
----
random seed: 4
num epochs: 62
accuracy: 92.61
----
all trials finished
mean epochs: 63.0
mean accuracy: 94.78
standard deviation: 1.27
########
Beginning POS evaluation for ru
majority label baseline: 23.84
per word majority baseline: 88.62
random seed: 1
num epochs: 48
accuracy: 98.37
----
random seed: 2
num epochs: 48
accuracy: 97.68
----
random seed: 3
num epochs: 62
accuracy: 98.48
----
random seed: 4
num epochs: 46
accuracy: 98.47
----
all trials finished
mean epochs: 51.0
mean accuracy: 98.25
standard deviation: 0.33
