Config file: configs/uralic_pos_full-train_xlmr-lapt_alpha04_emb16k.yml
Pytorch version: 1.13.1
Pytorch CUDA version: 11.7
GPUs available: True
########
Beginning POS evaluation for myv
majority label baseline: 24.14
per word majority baseline: 55.97
random seed: 1
num epochs: 62
accuracy: 57.42
----
random seed: 2
num epochs: 64
accuracy: 66.1
----
random seed: 3
num epochs: 62
accuracy: 70.08
----
random seed: 4
num epochs: 62
accuracy: 67.98
----
all trials finished
mean epochs: 62.5
mean accuracy: 65.39
standard deviation: 4.81
########
Beginning POS evaluation for sme
majority label baseline: 22.99
per word majority baseline: 61.65
random seed: 1
num epochs: 64
accuracy: 78.56
----
random seed: 2
num epochs: 62
accuracy: 74.55
----
random seed: 3
num epochs: 64
accuracy: 74.84
----
random seed: 4
num epochs: 62
accuracy: 76.47
----
all trials finished
mean epochs: 63.0
mean accuracy: 76.1
standard deviation: 1.6
########
Beginning POS evaluation for et
majority label baseline: 19.97
per word majority baseline: 69.37
random seed: 1
num epochs: 58
accuracy: 94.95
----
random seed: 2
num epochs: 62
accuracy: 94.86
----
random seed: 3
num epochs: 54
accuracy: 94.77
----
random seed: 4
num epochs: 40
accuracy: 94.73
----
all trials finished
mean epochs: 53.5
mean accuracy: 94.83
standard deviation: 0.08
########
Beginning POS evaluation for fi
majority label baseline: 23.24
per word majority baseline: 70.78
random seed: 1
num epochs: 54
accuracy: 97.13
----
random seed: 2
num epochs: 64
accuracy: 97.4
----
random seed: 3
num epochs: 60
accuracy: 97.26
----
random seed: 4
num epochs: 52
accuracy: 97.11
----
all trials finished
mean epochs: 57.5
mean accuracy: 97.23
standard deviation: 0.12
########
Beginning POS evaluation for hu
majority label baseline: 22.42
per word majority baseline: 60.37
random seed: 1
num epochs: 64
accuracy: 95.46
----
random seed: 2
num epochs: 64
accuracy: 93.57
----
random seed: 3
num epochs: 64
accuracy: 93.7
----
random seed: 4
num epochs: 64
accuracy: 95.24
----
all trials finished
mean epochs: 64.0
mean accuracy: 94.49
standard deviation: 0.86
########
Beginning POS evaluation for ru
majority label baseline: 23.84
per word majority baseline: 88.62
random seed: 1
num epochs: 56
accuracy: 98.41
----
random seed: 2
num epochs: 64
accuracy: 98.45
----
random seed: 3
num epochs: 62
accuracy: 98.42
----
random seed: 4
num epochs: 64
accuracy: 98.42
----
all trials finished
mean epochs: 61.5
mean accuracy: 98.42
standard deviation: 0.02
