Config file: configs/uralic_pos_full-train_xlmr-lapt_alpha02_full-voc_400k.yml
Pytorch version: 1.13.1
Pytorch CUDA version: 11.7
GPUs available: True
########
Beginning POS evaluation for myv
majority label baseline: 24.14
per word majority baseline: 55.97
random seed: 1
num epochs: 64
accuracy: 80.87
----
random seed: 2
num epochs: 64
accuracy: 80.89
----
random seed: 3
num epochs: 64
accuracy: 80.76
----
random seed: 4
num epochs: 64
accuracy: 80.71
----
all trials finished
mean epochs: 64.0
mean accuracy: 80.81
standard deviation: 0.07
########
Beginning POS evaluation for sme
majority label baseline: 22.99
per word majority baseline: 61.65
random seed: 1
num epochs: 60
accuracy: 88.55
----
random seed: 2
num epochs: 64
accuracy: 90.16
----
random seed: 3
num epochs: 64
accuracy: 91.34
----
random seed: 4
num epochs: 64
accuracy: 90.94
----
all trials finished
mean epochs: 63.0
mean accuracy: 90.25
standard deviation: 1.07
########
Beginning POS evaluation for et
majority label baseline: 19.97
per word majority baseline: 69.37
random seed: 1
num epochs: 50
accuracy: 95.36
----
random seed: 2
num epochs: 56
accuracy: 95.82
----
random seed: 3
num epochs: 46
accuracy: 95.95
----
random seed: 4
num epochs: 60
accuracy: 95.87
----
all trials finished
mean epochs: 53.0
mean accuracy: 95.75
standard deviation: 0.23
########
Beginning POS evaluation for fi
majority label baseline: 23.24
per word majority baseline: 70.78
random seed: 1
num epochs: 62
accuracy: 97.88
----
random seed: 2
num epochs: 64
accuracy: 97.85
----
random seed: 3
num epochs: 64
accuracy: 97.75
----
random seed: 4
num epochs: 60
accuracy: 97.84
----
all trials finished
mean epochs: 62.5
mean accuracy: 97.83
standard deviation: 0.05
########
Beginning POS evaluation for hu
majority label baseline: 22.42
per word majority baseline: 60.37
random seed: 1
num epochs: 64
accuracy: 96.1
----
random seed: 2
num epochs: 62
accuracy: 96.01
----
random seed: 3
num epochs: 64
accuracy: 96.02
----
random seed: 4
num epochs: 64
accuracy: 95.93
----
all trials finished
mean epochs: 63.5
mean accuracy: 96.02
standard deviation: 0.06
########
Beginning POS evaluation for ru
majority label baseline: 23.84
per word majority baseline: 88.62
random seed: 1
num epochs: 44
accuracy: 98.57
----
random seed: 2
num epochs: 60
accuracy: 98.63
----
random seed: 3
num epochs: 32
accuracy: 98.52
----
random seed: 4
num epochs: 52
accuracy: 98.62
----
all trials finished
mean epochs: 47.0
mean accuracy: 98.59
standard deviation: 0.04
