Config file: configs/uralic_uas_full-train_xlmr-lapt_alpha01_emb64k_200k.yml
Pytorch version: 1.13.1
Pytorch CUDA version: 11.7
GPUs available: True
########
Beginning UAS evaluation for myv
majority label baseline: 13.28
per word majority baseline: 7.28
random seed: 1
num epochs: 62
accuracy: 65.78
----
random seed: 2
num epochs: 64
accuracy: 67.26
----
random seed: 3
num epochs: 64
accuracy: 68.7
----
random seed: 4
num epochs: 64
accuracy: 68.11
----
all trials finished
mean epochs: 63.5
mean accuracy: 67.46
standard deviation: 1.1
########
Beginning UAS evaluation for sme
majority label baseline: 20.07
per word majority baseline: 11.82
random seed: 1
num epochs: 60
accuracy: 69.53
----
random seed: 2
num epochs: 64
accuracy: 70.11
----
random seed: 3
num epochs: 60
accuracy: 68.89
----
random seed: 4
num epochs: 54
accuracy: 66.4
----
all trials finished
mean epochs: 59.5
mean accuracy: 68.73
standard deviation: 1.41
########
Beginning UAS evaluation for et
For file: data/ud-uralic/et_ewt-ud-train.conllu  words without a head: 75
For file: data/ud-uralic/et_ewt-ud-dev.conllu  words without a head: 10
For file: data/ud-uralic/et_ewt-ud-test.conllu  words without a head: 23
majority label baseline: 8.07
per word majority baseline: 8.32
random seed: 1
num epochs: 62
accuracy: 86.19
----
random seed: 2
num epochs: 64
accuracy: 86.21
----
random seed: 3
num epochs: 62
accuracy: 86.63
----
random seed: 4
num epochs: 64
accuracy: 86.13
----
all trials finished
mean epochs: 63.0
mean accuracy: 86.29
standard deviation: 0.2
########
Beginning UAS evaluation for fi
majority label baseline: 11.78
per word majority baseline: 14.91
random seed: 1
num epochs: 58
accuracy: 93.52
----
random seed: 2
num epochs: 64
accuracy: 93.48
----
random seed: 3
num epochs: 60
accuracy: 93.72
----
random seed: 4
num epochs: 62
accuracy: 93.77
----
all trials finished
mean epochs: 61.0
mean accuracy: 93.62
standard deviation: 0.13
########
Beginning UAS evaluation for hu
majority label baseline: 4.67
per word majority baseline: 4.92
random seed: 1
num epochs: 64
accuracy: 85.07
----
random seed: 2
num epochs: 64
accuracy: 83.5
----
random seed: 3
num epochs: 64
accuracy: 83.09
----
random seed: 4
num epochs: 64
accuracy: 84.47
----
all trials finished
mean epochs: 64.0
mean accuracy: 84.03
standard deviation: 0.78
########
Beginning UAS evaluation for ru
For file: data/ud-uralic/ru_syntagrus-ud-train.conllu  words without a head: 1662
For file: data/ud-uralic/ru_syntagrus-ud-dev.conllu  words without a head: 265
For file: data/ud-uralic/ru_syntagrus-ud-test.conllu  words without a head: 271
majority label baseline: 6.34
per word majority baseline: 10.15
random seed: 1
num epochs: 62
accuracy: 94.73
----
random seed: 2
num epochs: 64
accuracy: 94.67
----
random seed: 3
num epochs: 60
accuracy: 94.67
----
random seed: 4
num epochs: 64
accuracy: 94.81
----
all trials finished
mean epochs: 62.5
mean accuracy: 94.72
standard deviation: 0.05
