Config file: configs/uralic_uas_few-shot_xlmr-lapt_alpha01_emb128k.yml
Pytorch version: 1.13.1
Pytorch CUDA version: 11.7
GPUs available: True
########
Beginning UAS evaluation for myv
majority label baseline: 13.28
per word majority baseline: 7.28
random seed: 1
num epochs: 64
accuracy: 49.79
----
random seed: 2
num epochs: 64
accuracy: 48.17
----
random seed: 3
num epochs: 64
accuracy: 52.79
----
random seed: 4
num epochs: 60
accuracy: 50.84
----
all trials finished
mean epochs: 63.0
mean accuracy: 50.4
standard deviation: 1.68
########
Beginning UAS evaluation for sme
majority label baseline: 20.07
per word majority baseline: 11.82
random seed: 1
num epochs: 62
accuracy: 35.95
----
random seed: 2
num epochs: 62
accuracy: 44.71
----
random seed: 3
num epochs: 62
accuracy: 38.41
----
random seed: 4
num epochs: 46
accuracy: 34.74
----
all trials finished
mean epochs: 58.0
mean accuracy: 38.45
standard deviation: 3.85
########
Beginning UAS evaluation for et
For file: data/ud-uralic/et_ewt-ud-train.conllu  words without a head: 75
For file: data/ud-uralic/et_ewt-ud-dev.conllu  words without a head: 10
For file: data/ud-uralic/et_ewt-ud-test.conllu  words without a head: 23
majority label baseline: 8.07
per word majority baseline: 8.32
random seed: 1
num epochs: 64
accuracy: 52.33
----
random seed: 2
num epochs: 64
accuracy: 52.05
----
random seed: 3
num epochs: 64
accuracy: 51.7
----
random seed: 4
num epochs: 64
accuracy: 56.2
----
all trials finished
mean epochs: 64.0
mean accuracy: 53.07
standard deviation: 1.82
########
Beginning UAS evaluation for fi
majority label baseline: 11.78
per word majority baseline: 14.91
random seed: 1
num epochs: 64
accuracy: 69.24
----
random seed: 2
num epochs: 64
accuracy: 70.04
----
random seed: 3
num epochs: 64
accuracy: 73.06
----
random seed: 4
num epochs: 64
accuracy: 71.02
----
all trials finished
mean epochs: 64.0
mean accuracy: 70.84
standard deviation: 1.43
########
Beginning UAS evaluation for hu
majority label baseline: 4.67
per word majority baseline: 4.92
random seed: 1
num epochs: 64
accuracy: 70.3
----
random seed: 2
num epochs: 64
accuracy: 70.95
----
random seed: 3
num epochs: 64
accuracy: 74.0
----
random seed: 4
num epochs: 64
accuracy: 68.47
----
all trials finished
mean epochs: 64.0
mean accuracy: 70.93
standard deviation: 1.99
########
Beginning UAS evaluation for ru
For file: data/ud-uralic/ru_syntagrus-ud-train.conllu  words without a head: 1662
For file: data/ud-uralic/ru_syntagrus-ud-dev.conllu  words without a head: 265
For file: data/ud-uralic/ru_syntagrus-ud-test.conllu  words without a head: 271
majority label baseline: 6.34
per word majority baseline: 10.15
random seed: 1
num epochs: 64
accuracy: 75.22
----
random seed: 2
num epochs: 64
accuracy: 74.08
----
random seed: 3
num epochs: 64
accuracy: 75.34
----
random seed: 4
num epochs: 64
accuracy: 76.0
----
all trials finished
mean epochs: 64.0
mean accuracy: 75.16
standard deviation: 0.69
