Config file: configs/uralic_pos_few-shot_xlmr-lapt_alpha03_full-voc.yml
Pytorch version: 1.13.1
Pytorch CUDA version: 11.7
GPUs available: True
########
Beginning POS evaluation for myv
majority label baseline: 24.14
per word majority baseline: 55.97
random seed: 1
num epochs: 64
accuracy: 60.93
----
random seed: 2
num epochs: 64
accuracy: 61.01
----
random seed: 3
num epochs: 64
accuracy: 65.95
----
random seed: 4
num epochs: 64
accuracy: 65.6
----
all trials finished
mean epochs: 64.0
mean accuracy: 63.37
standard deviation: 2.41
########
Beginning POS evaluation for sme
majority label baseline: 22.99
per word majority baseline: 61.65
random seed: 1
num epochs: 64
accuracy: 63.22
----
random seed: 2
num epochs: 58
accuracy: 62.79
----
random seed: 3
num epochs: 54
accuracy: 61.31
----
random seed: 4
num epochs: 62
accuracy: 67.06
----
all trials finished
mean epochs: 59.5
mean accuracy: 63.59
standard deviation: 2.12
########
Beginning POS evaluation for et
majority label baseline: 19.97
per word majority baseline: 69.37
random seed: 1
num epochs: 64
accuracy: 78.04
----
random seed: 2
num epochs: 64
accuracy: 71.48
----
random seed: 3
num epochs: 64
accuracy: 78.42
----
random seed: 4
num epochs: 64
accuracy: 78.19
----
all trials finished
mean epochs: 64.0
mean accuracy: 76.53
standard deviation: 2.92
########
Beginning POS evaluation for fi
majority label baseline: 23.24
per word majority baseline: 70.78
random seed: 1
num epochs: 64
accuracy: 81.17
----
random seed: 2
num epochs: 64
accuracy: 79.72
----
random seed: 3
num epochs: 64
accuracy: 76.02
----
random seed: 4
num epochs: 64
accuracy: 81.54
----
all trials finished
mean epochs: 64.0
mean accuracy: 79.61
standard deviation: 2.19
########
Beginning POS evaluation for hu
majority label baseline: 22.42
per word majority baseline: 60.37
random seed: 1
num epochs: 64
accuracy: 81.49
----
random seed: 2
num epochs: 64
accuracy: 81.13
----
random seed: 3
num epochs: 64
accuracy: 81.55
----
random seed: 4
num epochs: 64
accuracy: 87.91
----
all trials finished
mean epochs: 64.0
mean accuracy: 83.02
standard deviation: 2.83
########
Beginning POS evaluation for ru
majority label baseline: 23.84
per word majority baseline: 88.62
random seed: 1
num epochs: 64
accuracy: 86.02
----
random seed: 2
num epochs: 64
accuracy: 90.01
----
random seed: 3
num epochs: 64
accuracy: 89.13
----
random seed: 4
num epochs: 64
accuracy: 87.12
----
all trials finished
mean epochs: 64.0
mean accuracy: 88.07
standard deviation: 1.58
