Config file: configs/uralic_uas_full-train_xlmr-lapt_alpha01_emb16k_200k.yml
Pytorch version: 1.13.1
Pytorch CUDA version: 11.7
GPUs available: True
########
Beginning UAS evaluation for myv
majority label baseline: 13.28
per word majority baseline: 7.28
random seed: 1
num epochs: 64
accuracy: 65.36
----
random seed: 2
num epochs: 64
accuracy: 64.46
----
random seed: 3
num epochs: 62
accuracy: 65.54
----
random seed: 4
num epochs: 64
accuracy: 63.28
----
all trials finished
mean epochs: 63.5
mean accuracy: 64.66
standard deviation: 0.9
########
Beginning UAS evaluation for sme
majority label baseline: 20.07
per word majority baseline: 11.82
random seed: 1
num epochs: 58
accuracy: 68.43
----
random seed: 2
num epochs: 64
accuracy: 68.55
----
random seed: 3
num epochs: 60
accuracy: 67.98
----
random seed: 4
num epochs: 64
accuracy: 67.97
----
all trials finished
mean epochs: 61.5
mean accuracy: 68.23
standard deviation: 0.26
########
Beginning UAS evaluation for et
For file: data/ud-uralic/et_ewt-ud-train.conllu  words without a head: 75
For file: data/ud-uralic/et_ewt-ud-dev.conllu  words without a head: 10
For file: data/ud-uralic/et_ewt-ud-test.conllu  words without a head: 23
majority label baseline: 8.07
per word majority baseline: 8.32
random seed: 1
num epochs: 64
accuracy: 85.25
----
random seed: 2
num epochs: 64
accuracy: 83.64
----
random seed: 3
num epochs: 64
accuracy: 85.48
----
random seed: 4
num epochs: 64
accuracy: 85.36
----
all trials finished
mean epochs: 64.0
mean accuracy: 84.93
standard deviation: 0.75
########
Beginning UAS evaluation for fi
majority label baseline: 11.78
per word majority baseline: 14.91
random seed: 1
num epochs: 60
accuracy: 93.3
----
random seed: 2
num epochs: 48
accuracy: 93.17
----
random seed: 3
num epochs: 56
accuracy: 93.26
----
random seed: 4
num epochs: 62
accuracy: 93.44
----
all trials finished
mean epochs: 56.5
mean accuracy: 93.29
standard deviation: 0.1
########
Beginning UAS evaluation for hu
majority label baseline: 4.67
per word majority baseline: 4.92
random seed: 1
num epochs: 64
accuracy: 80.94
----
random seed: 2
num epochs: 64
accuracy: 82.22
----
random seed: 3
num epochs: 64
accuracy: 80.66
----
random seed: 4
num epochs: 64
accuracy: 81.51
----
all trials finished
mean epochs: 64.0
mean accuracy: 81.33
standard deviation: 0.6
########
Beginning UAS evaluation for ru
For file: data/ud-uralic/ru_syntagrus-ud-train.conllu  words without a head: 1662
For file: data/ud-uralic/ru_syntagrus-ud-dev.conllu  words without a head: 265
For file: data/ud-uralic/ru_syntagrus-ud-test.conllu  words without a head: 271
majority label baseline: 6.34
per word majority baseline: 10.15
random seed: 1
num epochs: 62
accuracy: 94.48
----
random seed: 2
num epochs: 64
accuracy: 94.49
----
random seed: 3
num epochs: 64
accuracy: 94.62
----
random seed: 4
num epochs: 62
accuracy: 94.57
----
all trials finished
mean epochs: 63.0
mean accuracy: 94.54
standard deviation: 0.06
