Config file: configs/uralic_pos_few-shot_xlmr-lapt_alpha02_full-voc_400k.yml
Pytorch version: 1.13.1
Pytorch CUDA version: 11.7
GPUs available: True
########
Beginning POS evaluation for myv
majority label baseline: 24.14
per word majority baseline: 55.97
random seed: 1
num epochs: 62
accuracy: 74.57
----
random seed: 2
num epochs: 64
accuracy: 73.86
----
random seed: 3
num epochs: 62
accuracy: 72.14
----
random seed: 4
num epochs: 64
accuracy: 71.16
----
all trials finished
mean epochs: 63.0
mean accuracy: 72.93
standard deviation: 1.36
########
Beginning POS evaluation for sme
majority label baseline: 22.99
per word majority baseline: 61.65
random seed: 1
num epochs: 64
accuracy: 72.5
----
random seed: 2
num epochs: 64
accuracy: 73.32
----
random seed: 3
num epochs: 62
accuracy: 76.72
----
random seed: 4
num epochs: 62
accuracy: 76.38
----
all trials finished
mean epochs: 63.0
mean accuracy: 74.73
standard deviation: 1.85
########
Beginning POS evaluation for et
majority label baseline: 19.97
per word majority baseline: 69.37
random seed: 1
num epochs: 64
accuracy: 84.15
----
random seed: 2
num epochs: 64
accuracy: 84.14
----
random seed: 3
num epochs: 62
accuracy: 83.78
----
random seed: 4
num epochs: 64
accuracy: 84.21
----
all trials finished
mean epochs: 63.5
mean accuracy: 84.07
standard deviation: 0.17
########
Beginning POS evaluation for fi
majority label baseline: 23.24
per word majority baseline: 70.78
random seed: 1
num epochs: 64
accuracy: 86.76
----
random seed: 2
num epochs: 58
accuracy: 80.36
----
random seed: 3
num epochs: 64
accuracy: 83.29
----
random seed: 4
num epochs: 64
accuracy: 88.21
----
all trials finished
mean epochs: 62.5
mean accuracy: 84.65
standard deviation: 3.06
########
Beginning POS evaluation for hu
majority label baseline: 22.42
per word majority baseline: 60.37
random seed: 1
num epochs: 64
accuracy: 91.07
----
random seed: 2
num epochs: 62
accuracy: 84.0
----
random seed: 3
num epochs: 64
accuracy: 86.6
----
random seed: 4
num epochs: 64
accuracy: 91.03
----
all trials finished
mean epochs: 63.5
mean accuracy: 88.17
standard deviation: 3.02
########
Beginning POS evaluation for ru
majority label baseline: 23.84
per word majority baseline: 88.62
random seed: 1
num epochs: 64
accuracy: 86.88
----
random seed: 2
num epochs: 64
accuracy: 92.48
----
random seed: 3
num epochs: 64
accuracy: 90.31
----
random seed: 4
num epochs: 64
accuracy: 88.49
----
all trials finished
mean epochs: 64.0
mean accuracy: 89.54
standard deviation: 2.09
