Config file: configs/uralic_pos_full-train_xlmr-lapt_alpha01_emb32k.yml
Pytorch version: 1.13.1
Pytorch CUDA version: 11.7
GPUs available: True
########
Beginning POS evaluation for myv
majority label baseline: 24.14
per word majority baseline: 55.97
random seed: 1
num epochs: 62
accuracy: 76.97
----
random seed: 2
num epochs: 64
accuracy: 76.9
----
random seed: 3
num epochs: 64
accuracy: 77.64
----
random seed: 4
num epochs: 64
accuracy: 75.86
----
all trials finished
mean epochs: 63.5
mean accuracy: 76.84
standard deviation: 0.64
########
Beginning POS evaluation for sme
majority label baseline: 22.99
per word majority baseline: 61.65
random seed: 1
num epochs: 64
accuracy: 79.73
----
random seed: 2
num epochs: 64
accuracy: 81.5
----
random seed: 3
num epochs: 64
accuracy: 82.23
----
random seed: 4
num epochs: 64
accuracy: 81.78
----
all trials finished
mean epochs: 64.0
mean accuracy: 81.31
standard deviation: 0.95
########
Beginning POS evaluation for et
majority label baseline: 19.97
per word majority baseline: 69.37
random seed: 1
num epochs: 60
accuracy: 95.27
----
random seed: 2
num epochs: 58
accuracy: 95.31
----
random seed: 3
num epochs: 48
accuracy: 95.04
----
random seed: 4
num epochs: 64
accuracy: 95.07
----
all trials finished
mean epochs: 57.5
mean accuracy: 95.17
standard deviation: 0.12
########
Beginning POS evaluation for fi
majority label baseline: 23.24
per word majority baseline: 70.78
random seed: 1
num epochs: 44
accuracy: 96.86
----
random seed: 2
num epochs: 64
accuracy: 97.18
----
random seed: 3
num epochs: 62
accuracy: 96.91
----
random seed: 4
num epochs: 64
accuracy: 97.02
----
all trials finished
mean epochs: 58.5
mean accuracy: 96.99
standard deviation: 0.12
########
Beginning POS evaluation for hu
majority label baseline: 22.42
per word majority baseline: 60.37
random seed: 1
num epochs: 64
accuracy: 89.86
----
random seed: 2
num epochs: 64
accuracy: 94.46
----
random seed: 3
num epochs: 64
accuracy: 93.2
----
random seed: 4
num epochs: 64
accuracy: 95.1
----
all trials finished
mean epochs: 64.0
mean accuracy: 93.16
standard deviation: 2.02
########
Beginning POS evaluation for ru
majority label baseline: 23.84
per word majority baseline: 88.62
random seed: 1
num epochs: 60
accuracy: 98.46
----
random seed: 2
num epochs: 64
accuracy: 98.47
----
random seed: 3
num epochs: 64
accuracy: 98.49
----
random seed: 4
num epochs: 62
accuracy: 98.52
----
all trials finished
mean epochs: 62.5
mean accuracy: 98.48
standard deviation: 0.02
