Config file: configs/uralic_pos_zero-shot_xlmr-lapt_alpha02_emb16k_200k.yml
Pytorch version: 1.13.1
Pytorch CUDA version: 11.7
GPUs available: True
Doing zero-shot transfer from source uralic to languages kpv, krl, mdf, olo, sms
random seed: 1
num epochs: 64
kpv accuracy: 73.97
krl accuracy: 86.62
mdf accuracy: 73.93
olo accuracy: 84.07
sms accuracy: 53.69
----
random seed: 2
num epochs: 62
kpv accuracy: 74.37
krl accuracy: 86.07
mdf accuracy: 73.83
olo accuracy: 84.48
sms accuracy: 53.14
----
random seed: 3
num epochs: 62
kpv accuracy: 73.76
krl accuracy: 86.91
mdf accuracy: 73.24
olo accuracy: 83.74
sms accuracy: 53.21
----
random seed: 4
num epochs: 64
kpv accuracy: 74.7
krl accuracy: 86.62
mdf accuracy: 74.76
olo accuracy: 84.07
sms accuracy: 55.15
----
all trials finished
mean epochs: 63.0
kpv mean accuracy: 74.2
kpv standard deviation: 0.36
krl mean accuracy: 86.55
krl standard deviation: 0.3
mdf mean accuracy: 73.94
mdf standard deviation: 0.54
olo mean accuracy: 84.09
olo standard deviation: 0.26
sms mean accuracy: 53.8
sms standard deviation: 0.81
