Config file: configs/uralic_uas_few-shot_xlmr-lapt_alpha02_emb128k_200k.yml
Pytorch version: 1.13.1
Pytorch CUDA version: 11.7
GPUs available: True
########
Beginning UAS evaluation for myv
majority label baseline: 13.28
per word majority baseline: 7.28
random seed: 1
num epochs: 64
accuracy: 54.19
----
random seed: 2
num epochs: 64
accuracy: 52.79
----
random seed: 3
num epochs: 64
accuracy: 60.32
----
random seed: 4
num epochs: 64
accuracy: 56.82
----
all trials finished
mean epochs: 64.0
mean accuracy: 56.03
standard deviation: 2.87
########
Beginning UAS evaluation for sme
majority label baseline: 20.07
per word majority baseline: 11.82
random seed: 1
num epochs: 62
accuracy: 44.07
----
random seed: 2
num epochs: 60
accuracy: 47.36
----
random seed: 3
num epochs: 62
accuracy: 48.49
----
random seed: 4
num epochs: 64
accuracy: 47.68
----
all trials finished
mean epochs: 62.0
mean accuracy: 46.9
standard deviation: 1.69
########
Beginning UAS evaluation for et
For file: data/ud-uralic/et_ewt-ud-train.conllu  words without a head: 75
For file: data/ud-uralic/et_ewt-ud-dev.conllu  words without a head: 10
For file: data/ud-uralic/et_ewt-ud-test.conllu  words without a head: 23
majority label baseline: 8.07
per word majority baseline: 8.32
random seed: 1
num epochs: 64
accuracy: 61.04
----
random seed: 2
num epochs: 64
accuracy: 61.54
----
random seed: 3
num epochs: 64
accuracy: 51.93
----
random seed: 4
num epochs: 64
accuracy: 62.97
----
all trials finished
mean epochs: 64.0
mean accuracy: 59.37
standard deviation: 4.35
########
Beginning UAS evaluation for fi
majority label baseline: 11.78
per word majority baseline: 14.91
random seed: 1
num epochs: 64
accuracy: 74.38
----
random seed: 2
num epochs: 64
accuracy: 72.63
----
random seed: 3
num epochs: 64
accuracy: 74.01
----
random seed: 4
num epochs: 64
accuracy: 75.26
----
all trials finished
mean epochs: 64.0
mean accuracy: 74.07
standard deviation: 0.95
########
Beginning UAS evaluation for hu
majority label baseline: 4.67
per word majority baseline: 4.92
random seed: 1
num epochs: 64
accuracy: 70.91
----
random seed: 2
num epochs: 64
accuracy: 74.1
----
random seed: 3
num epochs: 64
accuracy: 72.17
----
random seed: 4
num epochs: 64
accuracy: 75.3
----
all trials finished
mean epochs: 64.0
mean accuracy: 73.12
standard deviation: 1.69
########
Beginning UAS evaluation for ru
For file: data/ud-uralic/ru_syntagrus-ud-train.conllu  words without a head: 1662
For file: data/ud-uralic/ru_syntagrus-ud-dev.conllu  words without a head: 265
For file: data/ud-uralic/ru_syntagrus-ud-test.conllu  words without a head: 271
majority label baseline: 6.34
per word majority baseline: 10.15
random seed: 1
num epochs: 64
accuracy: 72.52
----
random seed: 2
num epochs: 64
accuracy: 71.85
----
random seed: 3
num epochs: 64
accuracy: 74.7
----
random seed: 4
num epochs: 64
accuracy: 76.68
----
all trials finished
mean epochs: 64.0
mean accuracy: 73.94
standard deviation: 1.9
