Config file: configs/uralic_pos_few-shot_xlmr-lapt_alpha01_emb32k.yml
Pytorch version: 1.13.1
Pytorch CUDA version: 11.7
GPUs available: True
########
Beginning POS evaluation for myv
majority label baseline: 24.14
per word majority baseline: 55.97
random seed: 1
num epochs: 64
accuracy: 68.25
----
random seed: 2
num epochs: 64
accuracy: 67.84
----
random seed: 3
num epochs: 64
accuracy: 70.14
----
random seed: 4
num epochs: 64
accuracy: 52.79
----
all trials finished
mean epochs: 64.0
mean accuracy: 64.75
standard deviation: 6.96
########
Beginning POS evaluation for sme
majority label baseline: 22.99
per word majority baseline: 61.65
random seed: 1
num epochs: 64
accuracy: 59.72
----
random seed: 2
num epochs: 60
accuracy: 58.81
----
random seed: 3
num epochs: 64
accuracy: 64.21
----
random seed: 4
num epochs: 60
accuracy: 62.03
----
all trials finished
mean epochs: 62.0
mean accuracy: 61.19
standard deviation: 2.1
########
Beginning POS evaluation for et
majority label baseline: 19.97
per word majority baseline: 69.37
random seed: 1
num epochs: 64
accuracy: 78.06
----
random seed: 2
num epochs: 64
accuracy: 76.25
----
random seed: 3
num epochs: 64
accuracy: 78.08
----
random seed: 4
num epochs: 64
accuracy: 82.17
----
all trials finished
mean epochs: 64.0
mean accuracy: 78.64
standard deviation: 2.17
########
Beginning POS evaluation for fi
majority label baseline: 23.24
per word majority baseline: 70.78
random seed: 1
num epochs: 64
accuracy: 80.85
----
random seed: 2
num epochs: 64
accuracy: 74.89
----
random seed: 3
num epochs: 60
accuracy: 73.63
----
random seed: 4
num epochs: 64
accuracy: 76.44
----
all trials finished
mean epochs: 63.0
mean accuracy: 76.46
standard deviation: 2.73
########
Beginning POS evaluation for hu
majority label baseline: 22.42
per word majority baseline: 60.37
random seed: 1
num epochs: 64
accuracy: 68.39
----
random seed: 2
num epochs: 64
accuracy: 81.23
----
random seed: 3
num epochs: 64
accuracy: 80.01
----
random seed: 4
num epochs: 64
accuracy: 86.1
----
all trials finished
mean epochs: 64.0
mean accuracy: 78.93
standard deviation: 6.5
########
Beginning POS evaluation for ru
majority label baseline: 23.84
per word majority baseline: 88.62
random seed: 1
num epochs: 64
accuracy: 86.3
----
random seed: 2
num epochs: 64
accuracy: 84.0
----
random seed: 3
num epochs: 64
accuracy: 88.76
----
random seed: 4
num epochs: 64
accuracy: 84.19
----
all trials finished
mean epochs: 64.0
mean accuracy: 85.81
standard deviation: 1.93
