Config file: configs/uralic_uas_few-shot_xlmr-lapt_alpha02_emb32k_400k.yml
Pytorch version: 1.13.1
Pytorch CUDA version: 11.7
GPUs available: True
########
Beginning UAS evaluation for myv
majority label baseline: 13.28
per word majority baseline: 7.28
random seed: 1
num epochs: 64
accuracy: 57.77
----
random seed: 2
num epochs: 64
accuracy: 54.92
----
random seed: 3
num epochs: 64
accuracy: 58.36
----
random seed: 4
num epochs: 64
accuracy: 56.29
----
all trials finished
mean epochs: 64.0
mean accuracy: 56.83
standard deviation: 1.34
########
Beginning UAS evaluation for sme
majority label baseline: 20.07
per word majority baseline: 11.82
random seed: 1
num epochs: 64
accuracy: 51.86
----
random seed: 2
num epochs: 64
accuracy: 50.47
----
random seed: 3
num epochs: 64
accuracy: 51.12
----
random seed: 4
num epochs: 64
accuracy: 51.57
----
all trials finished
mean epochs: 64.0
mean accuracy: 51.25
standard deviation: 0.52
########
Beginning UAS evaluation for et
For file: data/ud-uralic/et_ewt-ud-train.conllu  words without a head: 75
For file: data/ud-uralic/et_ewt-ud-dev.conllu  words without a head: 10
For file: data/ud-uralic/et_ewt-ud-test.conllu  words without a head: 23
majority label baseline: 8.07
per word majority baseline: 8.32
random seed: 1
num epochs: 64
accuracy: 55.28
----
random seed: 2
num epochs: 64
accuracy: 57.62
----
random seed: 3
num epochs: 64
accuracy: 59.02
----
random seed: 4
num epochs: 64
accuracy: 56.96
----
all trials finished
mean epochs: 64.0
mean accuracy: 57.22
standard deviation: 1.34
########
Beginning UAS evaluation for fi
majority label baseline: 11.78
per word majority baseline: 14.91
random seed: 1
num epochs: 64
accuracy: 72.33
----
random seed: 2
num epochs: 64
accuracy: 73.37
----
random seed: 3
num epochs: 64
accuracy: 73.31
----
random seed: 4
num epochs: 64
accuracy: 70.49
----
all trials finished
mean epochs: 64.0
mean accuracy: 72.38
standard deviation: 1.16
########
Beginning UAS evaluation for hu
majority label baseline: 4.67
per word majority baseline: 4.92
random seed: 1
num epochs: 64
accuracy: 69.01
----
random seed: 2
num epochs: 64
accuracy: 72.0
----
random seed: 3
num epochs: 64
accuracy: 65.6
----
random seed: 4
num epochs: 64
accuracy: 70.4
----
all trials finished
mean epochs: 64.0
mean accuracy: 69.25
standard deviation: 2.36
########
Beginning UAS evaluation for ru
For file: data/ud-uralic/ru_syntagrus-ud-train.conllu  words without a head: 1662
For file: data/ud-uralic/ru_syntagrus-ud-dev.conllu  words without a head: 265
For file: data/ud-uralic/ru_syntagrus-ud-test.conllu  words without a head: 271
majority label baseline: 6.34
per word majority baseline: 10.15
random seed: 1
num epochs: 64
accuracy: 72.25
----
random seed: 2
num epochs: 64
accuracy: 73.55
----
random seed: 3
num epochs: 64
accuracy: 73.97
----
random seed: 4
num epochs: 64
accuracy: 73.84
----
all trials finished
mean epochs: 64.0
mean accuracy: 73.4
standard deviation: 0.68
