Config file: configs/uralic_uas_few-shot_xlmr-lapt_alpha02_emb64k_200k.yml
Pytorch version: 1.13.1
Pytorch CUDA version: 11.7
GPUs available: True
########
Beginning UAS evaluation for myv
majority label baseline: 13.28
per word majority baseline: 7.28
random seed: 1
num epochs: 64
accuracy: 55.23
----
random seed: 2
num epochs: 64
accuracy: 55.49
----
random seed: 3
num epochs: 64
accuracy: 57.1
----
random seed: 4
num epochs: 64
accuracy: 53.45
----
all trials finished
mean epochs: 64.0
mean accuracy: 55.32
standard deviation: 1.29
########
Beginning UAS evaluation for sme
majority label baseline: 20.07
per word majority baseline: 11.82
random seed: 1
num epochs: 64
accuracy: 45.35
----
random seed: 2
num epochs: 64
accuracy: 48.89
----
random seed: 3
num epochs: 62
accuracy: 46.34
----
random seed: 4
num epochs: 64
accuracy: 46.63
----
all trials finished
mean epochs: 63.5
mean accuracy: 46.81
standard deviation: 1.29
########
Beginning UAS evaluation for et
For file: data/ud-uralic/et_ewt-ud-train.conllu  words without a head: 75
For file: data/ud-uralic/et_ewt-ud-dev.conllu  words without a head: 10
For file: data/ud-uralic/et_ewt-ud-test.conllu  words without a head: 23
majority label baseline: 8.07
per word majority baseline: 8.32
random seed: 1
num epochs: 64
accuracy: 56.95
----
random seed: 2
num epochs: 64
accuracy: 61.22
----
random seed: 3
num epochs: 64
accuracy: 60.37
----
random seed: 4
num epochs: 64
accuracy: 58.39
----
all trials finished
mean epochs: 64.0
mean accuracy: 59.23
standard deviation: 1.67
########
Beginning UAS evaluation for fi
majority label baseline: 11.78
per word majority baseline: 14.91
random seed: 1
num epochs: 64
accuracy: 72.09
----
random seed: 2
num epochs: 64
accuracy: 71.6
----
random seed: 3
num epochs: 64
accuracy: 71.45
----
random seed: 4
num epochs: 64
accuracy: 72.43
----
all trials finished
mean epochs: 64.0
mean accuracy: 71.89
standard deviation: 0.39
########
Beginning UAS evaluation for hu
majority label baseline: 4.67
per word majority baseline: 4.92
random seed: 1
num epochs: 64
accuracy: 73.39
----
random seed: 2
num epochs: 64
accuracy: 72.32
----
random seed: 3
num epochs: 64
accuracy: 71.41
----
random seed: 4
num epochs: 64
accuracy: 73.11
----
all trials finished
mean epochs: 64.0
mean accuracy: 72.56
standard deviation: 0.77
########
Beginning UAS evaluation for ru
For file: data/ud-uralic/ru_syntagrus-ud-train.conllu  words without a head: 1662
For file: data/ud-uralic/ru_syntagrus-ud-dev.conllu  words without a head: 265
For file: data/ud-uralic/ru_syntagrus-ud-test.conllu  words without a head: 271
majority label baseline: 6.34
per word majority baseline: 10.15
random seed: 1
num epochs: 64
accuracy: 70.59
----
random seed: 2
num epochs: 64
accuracy: 76.73
----
random seed: 3
num epochs: 64
accuracy: 76.08
----
random seed: 4
num epochs: 64
accuracy: 69.25
----
all trials finished
mean epochs: 64.0
mean accuracy: 73.16
standard deviation: 3.29
