Config file: configs/uralic_uas_full-train_xlmr-lapt_voc01_alpha02_emb32k_200k.yml
Pytorch version: 1.13.1
Pytorch CUDA version: 11.7
GPUs available: True
########
Beginning UAS evaluation for myv
majority label baseline: 13.28
per word majority baseline: 7.28
random seed: 1
num epochs: 64
accuracy: 65.05
----
random seed: 2
num epochs: 62
accuracy: 65.17
----
random seed: 3
num epochs: 62
accuracy: 64.96
----
random seed: 4
num epochs: 62
accuracy: 65.21
----
all trials finished
mean epochs: 62.5
mean accuracy: 65.1
standard deviation: 0.1
########
Beginning UAS evaluation for sme
majority label baseline: 20.07
per word majority baseline: 11.82
random seed: 1
num epochs: 56
accuracy: 68.2
----
random seed: 2
num epochs: 64
accuracy: 66.34
----
random seed: 3
num epochs: 58
accuracy: 66.93
----
random seed: 4
num epochs: 64
accuracy: 67.52
----
all trials finished
mean epochs: 60.5
mean accuracy: 67.25
standard deviation: 0.69
########
Beginning UAS evaluation for et
For file: data/ud-uralic/et_ewt-ud-train.conllu  words without a head: 75
For file: data/ud-uralic/et_ewt-ud-dev.conllu  words without a head: 10
For file: data/ud-uralic/et_ewt-ud-test.conllu  words without a head: 23
majority label baseline: 8.07
per word majority baseline: 8.32
random seed: 1
num epochs: 58
accuracy: 84.48
----
random seed: 2
num epochs: 64
accuracy: 84.77
----
random seed: 3
num epochs: 64
accuracy: 84.48
----
random seed: 4
num epochs: 62
accuracy: 85.83
----
all trials finished
mean epochs: 62.0
mean accuracy: 84.89
standard deviation: 0.56
########
Beginning UAS evaluation for fi
majority label baseline: 11.78
per word majority baseline: 14.91
random seed: 1
num epochs: 64
accuracy: 93.92
----
random seed: 2
num epochs: 64
accuracy: 93.76
----
random seed: 3
num epochs: 56
accuracy: 94.04
----
random seed: 4
num epochs: 64
accuracy: 93.79
----
all trials finished
mean epochs: 62.0
mean accuracy: 93.88
standard deviation: 0.11
########
Beginning UAS evaluation for hu
majority label baseline: 4.67
per word majority baseline: 4.92
random seed: 1
num epochs: 64
accuracy: 81.46
----
random seed: 2
num epochs: 64
accuracy: 82.17
----
random seed: 3
num epochs: 64
accuracy: 79.87
----
random seed: 4
num epochs: 64
accuracy: 82.0
----
all trials finished
mean epochs: 64.0
mean accuracy: 81.37
standard deviation: 0.91
########
Beginning UAS evaluation for ru
For file: data/ud-uralic/ru_syntagrus-ud-train.conllu  words without a head: 1662
For file: data/ud-uralic/ru_syntagrus-ud-dev.conllu  words without a head: 265
For file: data/ud-uralic/ru_syntagrus-ud-test.conllu  words without a head: 271
majority label baseline: 6.34
per word majority baseline: 10.15
random seed: 1
num epochs: 64
accuracy: 94.55
----
random seed: 2
num epochs: 58
accuracy: 94.63
----
random seed: 3
num epochs: 56
accuracy: 94.62
----
random seed: 4
num epochs: 42
accuracy: 94.54
----
all trials finished
mean epochs: 55.0
mean accuracy: 94.58
standard deviation: 0.04
