Config file: configs/uralic_pos_few-shot_xlmr-lapt_alpha01_emb16k.yml
Pytorch version: 1.13.1
Pytorch CUDA version: 11.7
GPUs available: True
########
Beginning POS evaluation for myv
majority label baseline: 24.14
per word majority baseline: 55.97
random seed: 1
num epochs: 64
accuracy: 60.72
----
random seed: 2
num epochs: 64
accuracy: 61.4
----
random seed: 3
num epochs: 64
accuracy: 66.29
----
random seed: 4
num epochs: 64
accuracy: 66.47
----
all trials finished
mean epochs: 64.0
mean accuracy: 63.72
standard deviation: 2.67
########
Beginning POS evaluation for sme
majority label baseline: 22.99
per word majority baseline: 61.65
random seed: 1
num epochs: 64
accuracy: 67.16
----
random seed: 2
num epochs: 64
accuracy: 68.14
----
random seed: 3
num epochs: 64
accuracy: 68.03
----
random seed: 4
num epochs: 64
accuracy: 58.81
----
all trials finished
mean epochs: 64.0
mean accuracy: 65.54
standard deviation: 3.9
########
Beginning POS evaluation for et
majority label baseline: 19.97
per word majority baseline: 69.37
random seed: 1
num epochs: 64
accuracy: 76.8
----
random seed: 2
num epochs: 64
accuracy: 69.63
----
random seed: 3
num epochs: 64
accuracy: 77.95
----
random seed: 4
num epochs: 64
accuracy: 77.82
----
all trials finished
mean epochs: 64.0
mean accuracy: 75.55
standard deviation: 3.45
########
Beginning POS evaluation for fi
majority label baseline: 23.24
per word majority baseline: 70.78
random seed: 1
num epochs: 64
accuracy: 67.44
----
random seed: 2
num epochs: 64
accuracy: 70.92
----
random seed: 3
num epochs: 62
accuracy: 73.85
----
random seed: 4
num epochs: 64
accuracy: 79.12
----
all trials finished
mean epochs: 63.5
mean accuracy: 72.83
standard deviation: 4.28
########
Beginning POS evaluation for hu
majority label baseline: 22.42
per word majority baseline: 60.37
random seed: 1
num epochs: 64
accuracy: 86.47
----
random seed: 2
num epochs: 64
accuracy: 85.69
----
random seed: 3
num epochs: 64
accuracy: 81.43
----
random seed: 4
num epochs: 64
accuracy: 81.79
----
all trials finished
mean epochs: 64.0
mean accuracy: 83.84
standard deviation: 2.26
########
Beginning POS evaluation for ru
majority label baseline: 23.84
per word majority baseline: 88.62
random seed: 1
num epochs: 64
accuracy: 80.27
----
random seed: 2
num epochs: 64
accuracy: 86.51
----
random seed: 3
num epochs: 64
accuracy: 86.09
----
random seed: 4
num epochs: 64
accuracy: 74.3
----
all trials finished
mean epochs: 64.0
mean accuracy: 81.79
standard deviation: 4.98
