Config file: configs/uralic_uas_full-train_xlmr-lapt_alpha03_emb32k.yml
Pytorch version: 1.13.1
Pytorch CUDA version: 11.7
GPUs available: True
########
Beginning UAS evaluation for myv
majority label baseline: 13.28
per word majority baseline: 7.28
random seed: 1
num epochs: 64
accuracy: 56.77
----
random seed: 2
num epochs: 64
accuracy: 53.24
----
random seed: 3
num epochs: 64
accuracy: 58.0
----
random seed: 4
num epochs: 62
accuracy: 54.63
----
all trials finished
mean epochs: 63.5
mean accuracy: 55.66
standard deviation: 1.84
########
Beginning UAS evaluation for sme
majority label baseline: 20.07
per word majority baseline: 11.82
random seed: 1
num epochs: 64
accuracy: 57.65
----
random seed: 2
num epochs: 64
accuracy: 58.03
----
random seed: 3
num epochs: 64
accuracy: 51.85
----
random seed: 4
num epochs: 64
accuracy: 58.02
----
all trials finished
mean epochs: 64.0
mean accuracy: 56.39
standard deviation: 2.63
########
Beginning UAS evaluation for et
For file: data/ud-uralic/et_ewt-ud-train.conllu  words without a head: 75
For file: data/ud-uralic/et_ewt-ud-dev.conllu  words without a head: 10
For file: data/ud-uralic/et_ewt-ud-test.conllu  words without a head: 23
majority label baseline: 8.07
per word majority baseline: 8.32
random seed: 1
num epochs: 64
accuracy: 84.22
----
random seed: 2
num epochs: 64
accuracy: 84.35
----
random seed: 3
num epochs: 64
accuracy: 84.44
----
random seed: 4
num epochs: 54
accuracy: 84.05
----
all trials finished
mean epochs: 61.5
mean accuracy: 84.26
standard deviation: 0.15
########
Beginning UAS evaluation for fi
majority label baseline: 11.78
per word majority baseline: 14.91
random seed: 1
num epochs: 64
accuracy: 93.77
----
random seed: 2
num epochs: 64
accuracy: 93.6
----
random seed: 3
num epochs: 64
accuracy: 93.61
----
random seed: 4
num epochs: 64
accuracy: 93.61
----
all trials finished
mean epochs: 64.0
mean accuracy: 93.65
standard deviation: 0.07
########
Beginning UAS evaluation for hu
majority label baseline: 4.67
per word majority baseline: 4.92
random seed: 1
num epochs: 64
accuracy: 79.98
----
random seed: 2
num epochs: 64
accuracy: 80.77
----
random seed: 3
num epochs: 64
accuracy: 80.06
----
random seed: 4
num epochs: 64
accuracy: 81.85
----
all trials finished
mean epochs: 64.0
mean accuracy: 80.67
standard deviation: 0.75
########
Beginning UAS evaluation for ru
For file: data/ud-uralic/ru_syntagrus-ud-train.conllu  words without a head: 1662
For file: data/ud-uralic/ru_syntagrus-ud-dev.conllu  words without a head: 265
For file: data/ud-uralic/ru_syntagrus-ud-test.conllu  words without a head: 271
majority label baseline: 6.34
per word majority baseline: 10.15
random seed: 1
num epochs: 62
accuracy: 94.51
----
random seed: 2
num epochs: 62
accuracy: 94.61
----
random seed: 3
num epochs: 62
accuracy: 94.64
----
random seed: 4
num epochs: 64
accuracy: 94.7
----
all trials finished
mean epochs: 62.5
mean accuracy: 94.62
standard deviation: 0.07
