Config file: configs/uralic_pos_few-shot_xlmr-lapt_alpha02_emb32k.yml
Pytorch version: 1.13.1
Pytorch CUDA version: 11.7
GPUs available: True
########
Beginning POS evaluation for myv
majority label baseline: 24.14
per word majority baseline: 55.97
random seed: 1
num epochs: 64
accuracy: 64.22
----
random seed: 2
num epochs: 64
accuracy: 72.17
----
random seed: 3
num epochs: 62
accuracy: 68.41
----
random seed: 4
num epochs: 64
accuracy: 58.1
----
all trials finished
mean epochs: 63.5
mean accuracy: 65.73
standard deviation: 5.22
########
Beginning POS evaluation for sme
majority label baseline: 22.99
per word majority baseline: 61.65
random seed: 1
num epochs: 64
accuracy: 58.69
----
random seed: 2
num epochs: 56
accuracy: 58.14
----
random seed: 3
num epochs: 64
accuracy: 63.08
----
random seed: 4
num epochs: 56
accuracy: 61.4
----
all trials finished
mean epochs: 60.0
mean accuracy: 60.33
standard deviation: 2.01
########
Beginning POS evaluation for et
majority label baseline: 19.97
per word majority baseline: 69.37
random seed: 1
num epochs: 64
accuracy: 77.95
----
random seed: 2
num epochs: 64
accuracy: 74.1
----
random seed: 3
num epochs: 64
accuracy: 78.39
----
random seed: 4
num epochs: 64
accuracy: 82.32
----
all trials finished
mean epochs: 64.0
mean accuracy: 78.19
standard deviation: 2.91
########
Beginning POS evaluation for fi
majority label baseline: 23.24
per word majority baseline: 70.78
random seed: 1
num epochs: 64
accuracy: 81.05
----
random seed: 2
num epochs: 64
accuracy: 75.03
----
random seed: 3
num epochs: 64
accuracy: 75.3
----
random seed: 4
num epochs: 64
accuracy: 75.62
----
all trials finished
mean epochs: 64.0
mean accuracy: 76.75
standard deviation: 2.49
########
Beginning POS evaluation for hu
majority label baseline: 22.42
per word majority baseline: 60.37
random seed: 1
num epochs: 64
accuracy: 69.86
----
random seed: 2
num epochs: 64
accuracy: 81.44
----
random seed: 3
num epochs: 64
accuracy: 79.73
----
random seed: 4
num epochs: 64
accuracy: 86.09
----
all trials finished
mean epochs: 64.0
mean accuracy: 79.28
standard deviation: 5.92
########
Beginning POS evaluation for ru
majority label baseline: 23.84
per word majority baseline: 88.62
random seed: 1
num epochs: 64
accuracy: 85.96
----
random seed: 2
num epochs: 64
accuracy: 84.05
----
random seed: 3
num epochs: 64
accuracy: 89.16
----
random seed: 4
num epochs: 64
accuracy: 85.18
----
all trials finished
mean epochs: 64.0
mean accuracy: 86.09
standard deviation: 1.9
