Config file: configs/uralic_uas_few-shot_xlmr-lapt_alpha01_full-voc_400k.yml
Pytorch version: 1.13.1
Pytorch CUDA version: 11.7
GPUs available: True
########
Beginning UAS evaluation for myv
majority label baseline: 13.28
per word majority baseline: 7.28
random seed: 1
num epochs: 64
accuracy: 53.95
----
random seed: 2
num epochs: 64
accuracy: 52.62
----
random seed: 3
num epochs: 62
accuracy: 54.13
----
random seed: 4
num epochs: 62
accuracy: 55.26
----
all trials finished
mean epochs: 63.0
mean accuracy: 53.99
standard deviation: 0.94
########
Beginning UAS evaluation for sme
majority label baseline: 20.07
per word majority baseline: 11.82
random seed: 1
num epochs: 64
accuracy: 50.24
----
random seed: 2
num epochs: 62
accuracy: 52.22
----
random seed: 3
num epochs: 64
accuracy: 52.39
----
random seed: 4
num epochs: 64
accuracy: 49.2
----
all trials finished
mean epochs: 63.5
mean accuracy: 51.01
standard deviation: 1.34
########
Beginning UAS evaluation for et
For file: data/ud-uralic/et_ewt-ud-train.conllu  words without a head: 75
For file: data/ud-uralic/et_ewt-ud-dev.conllu  words without a head: 10
For file: data/ud-uralic/et_ewt-ud-test.conllu  words without a head: 23
majority label baseline: 8.07
per word majority baseline: 8.32
random seed: 1
num epochs: 64
accuracy: 51.41
----
random seed: 2
num epochs: 64
accuracy: 57.0
----
random seed: 3
num epochs: 64
accuracy: 56.63
----
random seed: 4
num epochs: 64
accuracy: 53.92
----
all trials finished
mean epochs: 64.0
mean accuracy: 54.74
standard deviation: 2.26
########
Beginning UAS evaluation for fi
majority label baseline: 11.78
per word majority baseline: 14.91
random seed: 1
num epochs: 64
accuracy: 70.97
----
random seed: 2
num epochs: 64
accuracy: 72.58
----
random seed: 3
num epochs: 64
accuracy: 71.53
----
random seed: 4
num epochs: 64
accuracy: 69.83
----
all trials finished
mean epochs: 64.0
mean accuracy: 71.23
standard deviation: 1.0
########
Beginning UAS evaluation for hu
majority label baseline: 4.67
per word majority baseline: 4.92
random seed: 1
num epochs: 64
accuracy: 71.37
----
random seed: 2
num epochs: 64
accuracy: 69.22
----
random seed: 3
num epochs: 64
accuracy: 67.95
----
random seed: 4
num epochs: 64
accuracy: 67.73
----
all trials finished
mean epochs: 64.0
mean accuracy: 69.07
standard deviation: 1.45
########
Beginning UAS evaluation for ru
For file: data/ud-uralic/ru_syntagrus-ud-train.conllu  words without a head: 1662
For file: data/ud-uralic/ru_syntagrus-ud-dev.conllu  words without a head: 265
For file: data/ud-uralic/ru_syntagrus-ud-test.conllu  words without a head: 271
majority label baseline: 6.34
per word majority baseline: 10.15
random seed: 1
num epochs: 64
accuracy: 64.44
----
random seed: 2
num epochs: 64
accuracy: 70.65
----
random seed: 3
num epochs: 64
accuracy: 73.25
----
random seed: 4
num epochs: 64
accuracy: 72.18
----
all trials finished
mean epochs: 64.0
mean accuracy: 70.13
standard deviation: 3.42
