Config file: configs/uralic_uas_zero-shot_xlmr-lapt_alpha03_emb16k.yml
Pytorch version: 1.13.1
Pytorch CUDA version: 11.7
GPUs available: True
Doing zero-shot transfer from source uralic to languages kpv, krl, mdf, olo, sms
For file: data/ud-uralic/uralic_ud-train.conllu  words without a head: 413
For file: data/ud-uralic/uralic_ud-dev.conllu  words without a head: 67
random seed: 1
num epochs: 60
kpv accuracy: 62.03
krl accuracy: 62.86
mdf accuracy: 57.9
olo accuracy: 62.1
sms accuracy: 44.51
----
random seed: 2
num epochs: 64
kpv accuracy: 63.07
krl accuracy: 62.25
mdf accuracy: 58.66
olo accuracy: 63.31
sms accuracy: 45.48
----
random seed: 3
num epochs: 62
kpv accuracy: 63.23
krl accuracy: 63.38
mdf accuracy: 58.25
olo accuracy: 62.7
sms accuracy: 44.68
----
random seed: 4
num epochs: 64
kpv accuracy: 61.96
krl accuracy: 63.32
mdf accuracy: 59.25
olo accuracy: 62.9
sms accuracy: 41.02
----
all trials finished
mean epochs: 62.5
kpv mean accuracy: 62.57
kpv standard deviation: 0.58
krl mean accuracy: 62.95
krl standard deviation: 0.45
mdf mean accuracy: 58.52
mdf standard deviation: 0.5
olo mean accuracy: 62.75
olo standard deviation: 0.44
sms mean accuracy: 43.92
sms standard deviation: 1.71
