Config file: configs/uralic_pos_full-train_xlmr-lapt_voc01_alpha01_emb32k_40mil.yml
Pytorch version: 1.13.1
Pytorch CUDA version: 11.7
GPUs available: True
########
Beginning POS evaluation for myv
majority label baseline: 24.14
per word majority baseline: 55.97
random seed: 1
num epochs: 64
accuracy: 80.05
----
random seed: 2
num epochs: 64
accuracy: 79.68
----
random seed: 3
num epochs: 64
accuracy: 80.32
----
random seed: 4
num epochs: 64
accuracy: 79.01
----
all trials finished
mean epochs: 64.0
mean accuracy: 79.76
standard deviation: 0.49
########
Beginning POS evaluation for sme
majority label baseline: 22.99
per word majority baseline: 61.65
random seed: 1
num epochs: 64
accuracy: 86.8
----
random seed: 2
num epochs: 64
accuracy: 84.57
----
random seed: 3
num epochs: 64
accuracy: 87.55
----
random seed: 4
num epochs: 64
accuracy: 85.45
----
all trials finished
mean epochs: 64.0
mean accuracy: 86.09
standard deviation: 1.16
########
Beginning POS evaluation for et
majority label baseline: 19.97
per word majority baseline: 69.37
random seed: 1
num epochs: 60
accuracy: 95.38
----
random seed: 2
num epochs: 64
accuracy: 95.52
----
random seed: 3
num epochs: 60
accuracy: 95.48
----
random seed: 4
num epochs: 58
accuracy: 95.73
----
all trials finished
mean epochs: 60.5
mean accuracy: 95.53
standard deviation: 0.13
########
Beginning POS evaluation for fi
majority label baseline: 23.24
per word majority baseline: 70.78
random seed: 1
num epochs: 64
accuracy: 97.35
----
random seed: 2
num epochs: 54
accuracy: 97.11
----
random seed: 3
num epochs: 58
accuracy: 97.11
----
random seed: 4
num epochs: 62
accuracy: 97.08
----
all trials finished
mean epochs: 59.5
mean accuracy: 97.16
standard deviation: 0.11
########
Beginning POS evaluation for hu
majority label baseline: 22.42
per word majority baseline: 60.37
random seed: 1
num epochs: 64
accuracy: 94.91
----
random seed: 2
num epochs: 64
accuracy: 95.25
----
random seed: 3
num epochs: 62
accuracy: 95.58
----
random seed: 4
num epochs: 64
accuracy: 95.62
----
all trials finished
mean epochs: 63.5
mean accuracy: 95.34
standard deviation: 0.29
########
Beginning POS evaluation for ru
majority label baseline: 23.84
per word majority baseline: 88.62
random seed: 1
num epochs: 64
accuracy: 98.42
----
random seed: 2
num epochs: 64
accuracy: 98.53
----
random seed: 3
num epochs: 62
accuracy: 98.45
----
random seed: 4
num epochs: 64
accuracy: 98.54
----
all trials finished
mean epochs: 63.5
mean accuracy: 98.49
standard deviation: 0.05
