Config file: configs/uralic_pos_few-shot_xlmr-lapt_alpha02_full-voc.yml
Pytorch version: 1.13.1
Pytorch CUDA version: 11.7
GPUs available: True
########
Beginning POS evaluation for myv
majority label baseline: 24.14
per word majority baseline: 55.97
random seed: 1
num epochs: 60
accuracy: 61.16
----
random seed: 2
num epochs: 64
accuracy: 65.92
----
random seed: 3
num epochs: 64
accuracy: 66.29
----
random seed: 4
num epochs: 64
accuracy: 65.87
----
all trials finished
mean epochs: 63.0
mean accuracy: 64.81
standard deviation: 2.11
########
Beginning POS evaluation for sme
majority label baseline: 22.99
per word majority baseline: 61.65
random seed: 1
num epochs: 64
accuracy: 64.15
----
random seed: 2
num epochs: 64
accuracy: 64.45
----
random seed: 3
num epochs: 64
accuracy: 62.68
----
random seed: 4
num epochs: 58
accuracy: 67.79
----
all trials finished
mean epochs: 62.5
mean accuracy: 64.77
standard deviation: 1.87
########
Beginning POS evaluation for et
majority label baseline: 19.97
per word majority baseline: 69.37
random seed: 1
num epochs: 64
accuracy: 77.19
----
random seed: 2
num epochs: 64
accuracy: 78.24
----
random seed: 3
num epochs: 64
accuracy: 78.5
----
random seed: 4
num epochs: 64
accuracy: 75.84
----
all trials finished
mean epochs: 64.0
mean accuracy: 77.44
standard deviation: 1.05
########
Beginning POS evaluation for fi
majority label baseline: 23.24
per word majority baseline: 70.78
random seed: 1
num epochs: 64
accuracy: 81.07
----
random seed: 2
num epochs: 64
accuracy: 79.3
----
random seed: 3
num epochs: 64
accuracy: 73.11
----
random seed: 4
num epochs: 64
accuracy: 81.34
----
all trials finished
mean epochs: 64.0
mean accuracy: 78.7
standard deviation: 3.33
########
Beginning POS evaluation for hu
majority label baseline: 22.42
per word majority baseline: 60.37
random seed: 1
num epochs: 64
accuracy: 88.89
----
random seed: 2
num epochs: 64
accuracy: 72.27
----
random seed: 3
num epochs: 64
accuracy: 82.95
----
random seed: 4
num epochs: 64
accuracy: 88.38
----
all trials finished
mean epochs: 64.0
mean accuracy: 83.12
standard deviation: 6.68
########
Beginning POS evaluation for ru
majority label baseline: 23.84
per word majority baseline: 88.62
random seed: 1
num epochs: 64
accuracy: 85.66
----
random seed: 2
num epochs: 64
accuracy: 89.72
----
random seed: 3
num epochs: 64
accuracy: 88.99
----
random seed: 4
num epochs: 64
accuracy: 87.78
----
all trials finished
mean epochs: 64.0
mean accuracy: 88.04
standard deviation: 1.54
