Config file: configs/uralic_uas_full-train_xlmr-lapt_alpha02_emb128k.yml
Pytorch version: 1.13.1
Pytorch CUDA version: 11.7
GPUs available: True
########
Beginning UAS evaluation for myv
majority label baseline: 13.28
per word majority baseline: 7.28
random seed: 1
num epochs: 64
accuracy: 60.88
----
random seed: 2
num epochs: 64
accuracy: 57.98
----
random seed: 3
num epochs: 62
accuracy: 62.14
----
random seed: 4
num epochs: 64
accuracy: 58.53
----
all trials finished
mean epochs: 63.5
mean accuracy: 59.88
standard deviation: 1.7
########
Beginning UAS evaluation for sme
majority label baseline: 20.07
per word majority baseline: 11.82
random seed: 1
num epochs: 58
accuracy: 55.38
----
random seed: 2
num epochs: 62
accuracy: 59.11
----
random seed: 3
num epochs: 64
accuracy: 58.76
----
random seed: 4
num epochs: 62
accuracy: 59.86
----
all trials finished
mean epochs: 61.5
mean accuracy: 58.28
standard deviation: 1.72
########
Beginning UAS evaluation for et
For file: data/ud-uralic/et_ewt-ud-train.conllu  words without a head: 75
For file: data/ud-uralic/et_ewt-ud-dev.conllu  words without a head: 10
For file: data/ud-uralic/et_ewt-ud-test.conllu  words without a head: 23
majority label baseline: 8.07
per word majority baseline: 8.32
random seed: 1
num epochs: 62
accuracy: 84.54
----
random seed: 2
num epochs: 64
accuracy: 86.21
----
random seed: 3
num epochs: 60
accuracy: 84.52
----
random seed: 4
num epochs: 64
accuracy: 84.38
----
all trials finished
mean epochs: 62.5
mean accuracy: 84.91
standard deviation: 0.75
########
Beginning UAS evaluation for fi
majority label baseline: 11.78
per word majority baseline: 14.91
random seed: 1
num epochs: 62
accuracy: 93.16
----
random seed: 2
num epochs: 54
accuracy: 92.8
----
random seed: 3
num epochs: 64
accuracy: 93.06
----
random seed: 4
num epochs: 64
accuracy: 93.05
----
all trials finished
mean epochs: 61.0
mean accuracy: 93.02
standard deviation: 0.13
########
Beginning UAS evaluation for hu
majority label baseline: 4.67
per word majority baseline: 4.92
random seed: 1
num epochs: 64
accuracy: 81.35
----
random seed: 2
num epochs: 64
accuracy: 83.69
----
random seed: 3
num epochs: 64
accuracy: 84.11
----
random seed: 4
num epochs: 64
accuracy: 84.01
----
all trials finished
mean epochs: 64.0
mean accuracy: 83.29
standard deviation: 1.13
########
Beginning UAS evaluation for ru
For file: data/ud-uralic/ru_syntagrus-ud-train.conllu  words without a head: 1662
For file: data/ud-uralic/ru_syntagrus-ud-dev.conllu  words without a head: 265
For file: data/ud-uralic/ru_syntagrus-ud-test.conllu  words without a head: 271
majority label baseline: 6.34
per word majority baseline: 10.15
random seed: 1
num epochs: 64
accuracy: 94.71
----
random seed: 2
num epochs: 64
accuracy: 94.75
----
random seed: 3
num epochs: 58
accuracy: 94.65
----
random seed: 4
num epochs: 64
accuracy: 94.68
----
all trials finished
mean epochs: 62.5
mean accuracy: 94.7
standard deviation: 0.04
