Config file: configs/uralic_uas_few-shot_xlmr-lapt_voc01_alpha02_emb32k.yml
Pytorch version: 1.13.1
Pytorch CUDA version: 11.7
GPUs available: True
########
Beginning UAS evaluation for myv
majority label baseline: 13.28
per word majority baseline: 7.28
random seed: 1
num epochs: 64
accuracy: 49.87
----
random seed: 2
num epochs: 62
accuracy: 46.14
----
random seed: 3
num epochs: 64
accuracy: 48.53
----
random seed: 4
num epochs: 64
accuracy: 48.24
----
all trials finished
mean epochs: 63.5
mean accuracy: 48.19
standard deviation: 1.33
########
Beginning UAS evaluation for sme
majority label baseline: 20.07
per word majority baseline: 11.82
random seed: 1
num epochs: 58
accuracy: 35.13
----
random seed: 2
num epochs: 64
accuracy: 37.84
----
random seed: 3
num epochs: 54
accuracy: 32.33
----
random seed: 4
num epochs: 60
accuracy: 33.67
----
all trials finished
mean epochs: 59.0
mean accuracy: 34.74
standard deviation: 2.05
########
Beginning UAS evaluation for et
For file: data/ud-uralic/et_ewt-ud-train.conllu  words without a head: 75
For file: data/ud-uralic/et_ewt-ud-dev.conllu  words without a head: 10
For file: data/ud-uralic/et_ewt-ud-test.conllu  words without a head: 23
majority label baseline: 8.07
per word majority baseline: 8.32
random seed: 1
num epochs: 64
accuracy: 49.83
----
random seed: 2
num epochs: 64
accuracy: 50.98
----
random seed: 3
num epochs: 62
accuracy: 52.8
----
random seed: 4
num epochs: 64
accuracy: 51.09
----
all trials finished
mean epochs: 63.5
mean accuracy: 51.18
standard deviation: 1.06
########
Beginning UAS evaluation for fi
majority label baseline: 11.78
per word majority baseline: 14.91
random seed: 1
num epochs: 64
accuracy: 67.4
----
random seed: 2
num epochs: 64
accuracy: 68.62
----
random seed: 3
num epochs: 64
accuracy: 71.8
----
random seed: 4
num epochs: 64
accuracy: 67.78
----
all trials finished
mean epochs: 64.0
mean accuracy: 68.9
standard deviation: 1.73
########
Beginning UAS evaluation for hu
majority label baseline: 4.67
per word majority baseline: 4.92
random seed: 1
num epochs: 64
accuracy: 64.67
----
random seed: 2
num epochs: 64
accuracy: 53.14
----
random seed: 3
num epochs: 64
accuracy: 63.73
----
random seed: 4
num epochs: 64
accuracy: 68.38
----
all trials finished
mean epochs: 64.0
mean accuracy: 62.48
standard deviation: 5.67
########
Beginning UAS evaluation for ru
For file: data/ud-uralic/ru_syntagrus-ud-train.conllu  words without a head: 1662
For file: data/ud-uralic/ru_syntagrus-ud-dev.conllu  words without a head: 265
For file: data/ud-uralic/ru_syntagrus-ud-test.conllu  words without a head: 271
majority label baseline: 6.34
per word majority baseline: 10.15
random seed: 1
num epochs: 64
accuracy: 65.63
----
random seed: 2
num epochs: 64
accuracy: 66.24
----
random seed: 3
num epochs: 64
accuracy: 74.15
----
random seed: 4
num epochs: 64
accuracy: 69.54
----
all trials finished
mean epochs: 64.0
mean accuracy: 68.89
standard deviation: 3.38
