Config file: configs/uralic_uas_zero-shot_xlmr-lapt_alpha01_emb128k.yml
Pytorch version: 1.13.1
Pytorch CUDA version: 11.7
GPUs available: True
Doing zero-shot transfer from source uralic to languages kpv, krl, mdf, olo, sms
For file: data/ud-uralic/uralic_ud-train.conllu  words without a head: 413
For file: data/ud-uralic/uralic_ud-dev.conllu  words without a head: 67
random seed: 1
num epochs: 62
kpv accuracy: 66.62
krl accuracy: 64.22
mdf accuracy: 63.98
olo accuracy: 62.1
sms accuracy: 42.37
----
random seed: 2
num epochs: 64
kpv accuracy: 66.84
krl accuracy: 64.22
mdf accuracy: 63.56
olo accuracy: 64.11
sms accuracy: 42.44
----
random seed: 3
num epochs: 64
kpv accuracy: 68.04
krl accuracy: 64.16
mdf accuracy: 62.97
olo accuracy: 65.86
sms accuracy: 43.75
----
random seed: 4
num epochs: 64
kpv accuracy: 65.51
krl accuracy: 63.87
mdf accuracy: 62.97
olo accuracy: 63.58
sms accuracy: 42.82
----
all trials finished
mean epochs: 63.5
kpv mean accuracy: 66.75
kpv standard deviation: 0.9
krl mean accuracy: 64.12
krl standard deviation: 0.15
mdf mean accuracy: 63.37
mdf standard deviation: 0.42
olo mean accuracy: 63.91
olo standard deviation: 1.35
sms mean accuracy: 42.84
sms standard deviation: 0.55
