Config file: configs/uralic_uas_full-train_xlmr-lapt_alpha04_emb16k.yml
Pytorch version: 1.13.1
Pytorch CUDA version: 11.7
GPUs available: True
########
Beginning UAS evaluation for myv
majority label baseline: 13.28
per word majority baseline: 7.28
random seed: 1
num epochs: 64
accuracy: 56.44
----
random seed: 2
num epochs: 64
accuracy: 56.91
----
random seed: 3
num epochs: 64
accuracy: 56.71
----
random seed: 4
num epochs: 64
accuracy: 55.53
----
all trials finished
mean epochs: 64.0
mean accuracy: 56.4
standard deviation: 0.53
########
Beginning UAS evaluation for sme
majority label baseline: 20.07
per word majority baseline: 11.82
random seed: 1
num epochs: 64
accuracy: 52.45
----
random seed: 2
num epochs: 62
accuracy: 54.56
----
random seed: 3
num epochs: 64
accuracy: 53.31
----
random seed: 4
num epochs: 62
accuracy: 53.23
----
all trials finished
mean epochs: 63.0
mean accuracy: 53.38
standard deviation: 0.75
########
Beginning UAS evaluation for et
For file: data/ud-uralic/et_ewt-ud-train.conllu  words without a head: 75
For file: data/ud-uralic/et_ewt-ud-dev.conllu  words without a head: 10
For file: data/ud-uralic/et_ewt-ud-test.conllu  words without a head: 23
majority label baseline: 8.07
per word majority baseline: 8.32
random seed: 1
num epochs: 56
accuracy: 85.25
----
random seed: 2
num epochs: 64
accuracy: 83.65
----
random seed: 3
num epochs: 62
accuracy: 83.99
----
random seed: 4
num epochs: 64
accuracy: 84.75
----
all trials finished
mean epochs: 61.5
mean accuracy: 84.41
standard deviation: 0.63
########
Beginning UAS evaluation for fi
majority label baseline: 11.78
per word majority baseline: 14.91
random seed: 1
num epochs: 58
accuracy: 93.41
----
random seed: 2
num epochs: 50
accuracy: 93.21
----
random seed: 3
num epochs: 64
accuracy: 93.48
----
random seed: 4
num epochs: 56
accuracy: 93.12
----
all trials finished
mean epochs: 57.0
mean accuracy: 93.3
standard deviation: 0.14
########
Beginning UAS evaluation for hu
majority label baseline: 4.67
per word majority baseline: 4.92
random seed: 1
num epochs: 64
accuracy: 80.66
----
random seed: 2
num epochs: 64
accuracy: 79.4
----
random seed: 3
num epochs: 64
accuracy: 79.44
----
random seed: 4
num epochs: 64
accuracy: 79.72
----
all trials finished
mean epochs: 64.0
mean accuracy: 79.8
standard deviation: 0.51
########
Beginning UAS evaluation for ru
For file: data/ud-uralic/ru_syntagrus-ud-train.conllu  words without a head: 1662
For file: data/ud-uralic/ru_syntagrus-ud-dev.conllu  words without a head: 265
For file: data/ud-uralic/ru_syntagrus-ud-test.conllu  words without a head: 271
majority label baseline: 6.34
per word majority baseline: 10.15
random seed: 1
num epochs: 64
accuracy: 94.5
----
random seed: 2
num epochs: 62
accuracy: 94.54
----
random seed: 3
num epochs: 54
accuracy: 94.53
----
random seed: 4
num epochs: 64
accuracy: 94.47
----
all trials finished
mean epochs: 61.0
mean accuracy: 94.51
standard deviation: 0.02
