Config file: configs/uralic_uas_full-train_xlmr-lapt_alpha03_emb16k.yml
Pytorch version: 1.13.1
Pytorch CUDA version: 11.7
GPUs available: True
########
Beginning UAS evaluation for myv
majority label baseline: 13.28
per word majority baseline: 7.28
random seed: 1
num epochs: 64
accuracy: 57.82
----
random seed: 2
num epochs: 64
accuracy: 57.16
----
random seed: 3
num epochs: 64
accuracy: 57.83
----
random seed: 4
num epochs: 64
accuracy: 55.51
----
all trials finished
mean epochs: 64.0
mean accuracy: 57.08
standard deviation: 0.95
########
Beginning UAS evaluation for sme
majority label baseline: 20.07
per word majority baseline: 11.82
random seed: 1
num epochs: 62
accuracy: 55.12
----
random seed: 2
num epochs: 64
accuracy: 55.15
----
random seed: 3
num epochs: 64
accuracy: 56.64
----
random seed: 4
num epochs: 62
accuracy: 54.9
----
all trials finished
mean epochs: 63.0
mean accuracy: 55.45
standard deviation: 0.69
########
Beginning UAS evaluation for et
For file: data/ud-uralic/et_ewt-ud-train.conllu  words without a head: 75
For file: data/ud-uralic/et_ewt-ud-dev.conllu  words without a head: 10
For file: data/ud-uralic/et_ewt-ud-test.conllu  words without a head: 23
majority label baseline: 8.07
per word majority baseline: 8.32
random seed: 1
num epochs: 62
accuracy: 85.11
----
random seed: 2
num epochs: 64
accuracy: 83.81
----
random seed: 3
num epochs: 62
accuracy: 83.82
----
random seed: 4
num epochs: 64
accuracy: 85.33
----
all trials finished
mean epochs: 63.0
mean accuracy: 84.52
standard deviation: 0.71
########
Beginning UAS evaluation for fi
majority label baseline: 11.78
per word majority baseline: 14.91
random seed: 1
num epochs: 64
accuracy: 93.18
----
random seed: 2
num epochs: 62
accuracy: 93.23
----
random seed: 3
num epochs: 60
accuracy: 93.52
----
random seed: 4
num epochs: 62
accuracy: 93.11
----
all trials finished
mean epochs: 62.0
mean accuracy: 93.26
standard deviation: 0.15
########
Beginning UAS evaluation for hu
majority label baseline: 4.67
per word majority baseline: 4.92
random seed: 1
num epochs: 64
accuracy: 81.22
----
random seed: 2
num epochs: 64
accuracy: 80.8
----
random seed: 3
num epochs: 64
accuracy: 79.41
----
random seed: 4
num epochs: 64
accuracy: 79.58
----
all trials finished
mean epochs: 64.0
mean accuracy: 80.25
standard deviation: 0.78
########
Beginning UAS evaluation for ru
For file: data/ud-uralic/ru_syntagrus-ud-train.conllu  words without a head: 1662
For file: data/ud-uralic/ru_syntagrus-ud-dev.conllu  words without a head: 265
For file: data/ud-uralic/ru_syntagrus-ud-test.conllu  words without a head: 271
majority label baseline: 6.34
per word majority baseline: 10.15
random seed: 1
num epochs: 64
accuracy: 94.3
----
random seed: 2
num epochs: 64
accuracy: 94.29
----
random seed: 3
num epochs: 64
accuracy: 94.5
----
random seed: 4
num epochs: 64
accuracy: 94.43
----
all trials finished
mean epochs: 64.0
mean accuracy: 94.38
standard deviation: 0.09
