Config file: configs/uralic_uas_few-shot_xlmr-lapt_alpha01_emb64k_400k.yml
Pytorch version: 1.13.1
Pytorch CUDA version: 11.7
GPUs available: True
########
Beginning UAS evaluation for myv
majority label baseline: 13.28
per word majority baseline: 7.28
random seed: 1
num epochs: 64
accuracy: 58.57
----
random seed: 2
num epochs: 64
accuracy: 59.03
----
random seed: 3
num epochs: 64
accuracy: 65.19
----
random seed: 4
num epochs: 64
accuracy: 63.24
----
all trials finished
mean epochs: 64.0
mean accuracy: 61.51
standard deviation: 2.8
########
Beginning UAS evaluation for sme
majority label baseline: 20.07
per word majority baseline: 11.82
random seed: 1
num epochs: 60
accuracy: 53.17
----
random seed: 2
num epochs: 62
accuracy: 53.53
----
random seed: 3
num epochs: 62
accuracy: 55.28
----
random seed: 4
num epochs: 64
accuracy: 53.36
----
all trials finished
mean epochs: 62.0
mean accuracy: 53.83
standard deviation: 0.85
########
Beginning UAS evaluation for et
For file: data/ud-uralic/et_ewt-ud-train.conllu  words without a head: 75
For file: data/ud-uralic/et_ewt-ud-dev.conllu  words without a head: 10
For file: data/ud-uralic/et_ewt-ud-test.conllu  words without a head: 23
majority label baseline: 8.07
per word majority baseline: 8.32
random seed: 1
num epochs: 64
accuracy: 61.39
----
random seed: 2
num epochs: 64
accuracy: 59.9
----
random seed: 3
num epochs: 64
accuracy: 59.71
----
random seed: 4
num epochs: 64
accuracy: 61.86
----
all trials finished
mean epochs: 64.0
mean accuracy: 60.72
standard deviation: 0.93
########
Beginning UAS evaluation for fi
majority label baseline: 11.78
per word majority baseline: 14.91
random seed: 1
num epochs: 64
accuracy: 72.94
----
random seed: 2
num epochs: 64
accuracy: 73.62
----
random seed: 3
num epochs: 64
accuracy: 71.38
----
random seed: 4
num epochs: 64
accuracy: 74.07
----
all trials finished
mean epochs: 64.0
mean accuracy: 73.0
standard deviation: 1.02
########
Beginning UAS evaluation for hu
majority label baseline: 4.67
per word majority baseline: 4.92
random seed: 1
num epochs: 64
accuracy: 75.55
----
random seed: 2
num epochs: 64
accuracy: 74.4
----
random seed: 3
num epochs: 64
accuracy: 75.85
----
random seed: 4
num epochs: 64
accuracy: 75.17
----
all trials finished
mean epochs: 64.0
mean accuracy: 75.24
standard deviation: 0.54
########
Beginning UAS evaluation for ru
For file: data/ud-uralic/ru_syntagrus-ud-train.conllu  words without a head: 1662
For file: data/ud-uralic/ru_syntagrus-ud-dev.conllu  words without a head: 265
For file: data/ud-uralic/ru_syntagrus-ud-test.conllu  words without a head: 271
majority label baseline: 6.34
per word majority baseline: 10.15
random seed: 1
num epochs: 64
accuracy: 70.81
----
random seed: 2
num epochs: 64
accuracy: 75.97
----
random seed: 3
num epochs: 64
accuracy: 76.24
----
random seed: 4
num epochs: 64
accuracy: 73.69
----
all trials finished
mean epochs: 64.0
mean accuracy: 74.18
standard deviation: 2.18
