Config file: configs/uralic_uas_full-train_xlmr-lapt_alpha01_emb64k.yml
Pytorch version: 1.13.1
Pytorch CUDA version: 11.7
GPUs available: True
########
Beginning UAS evaluation for myv
majority label baseline: 13.28
per word majority baseline: 7.28
random seed: 1
num epochs: 64
accuracy: 61.99
----
random seed: 2
num epochs: 62
accuracy: 60.41
----
random seed: 3
num epochs: 64
accuracy: 63.46
----
random seed: 4
num epochs: 64
accuracy: 59.24
----
all trials finished
mean epochs: 63.5
mean accuracy: 61.27
standard deviation: 1.6
########
Beginning UAS evaluation for sme
majority label baseline: 20.07
per word majority baseline: 11.82
random seed: 1
num epochs: 58
accuracy: 60.47
----
random seed: 2
num epochs: 64
accuracy: 60.14
----
random seed: 3
num epochs: 64
accuracy: 60.08
----
random seed: 4
num epochs: 64
accuracy: 61.2
----
all trials finished
mean epochs: 62.5
mean accuracy: 60.47
standard deviation: 0.45
########
Beginning UAS evaluation for et
For file: data/ud-uralic/et_ewt-ud-train.conllu  words without a head: 75
For file: data/ud-uralic/et_ewt-ud-dev.conllu  words without a head: 10
For file: data/ud-uralic/et_ewt-ud-test.conllu  words without a head: 23
majority label baseline: 8.07
per word majority baseline: 8.32
random seed: 1
num epochs: 62
accuracy: 84.41
----
random seed: 2
num epochs: 64
accuracy: 84.39
----
random seed: 3
num epochs: 64
accuracy: 84.37
----
random seed: 4
num epochs: 60
accuracy: 84.12
----
all trials finished
mean epochs: 62.5
mean accuracy: 84.32
standard deviation: 0.12
########
Beginning UAS evaluation for fi
majority label baseline: 11.78
per word majority baseline: 14.91
random seed: 1
num epochs: 64
accuracy: 93.33
----
random seed: 2
num epochs: 62
accuracy: 93.21
----
random seed: 3
num epochs: 64
accuracy: 93.24
----
random seed: 4
num epochs: 58
accuracy: 93.29
----
all trials finished
mean epochs: 62.0
mean accuracy: 93.27
standard deviation: 0.04
########
Beginning UAS evaluation for hu
majority label baseline: 4.67
per word majority baseline: 4.92
random seed: 1
num epochs: 64
accuracy: 83.67
----
random seed: 2
num epochs: 64
accuracy: 82.02
----
random seed: 3
num epochs: 64
accuracy: 78.87
----
random seed: 4
num epochs: 64
accuracy: 81.78
----
all trials finished
mean epochs: 64.0
mean accuracy: 81.58
standard deviation: 1.73
########
Beginning UAS evaluation for ru
For file: data/ud-uralic/ru_syntagrus-ud-train.conllu  words without a head: 1662
For file: data/ud-uralic/ru_syntagrus-ud-dev.conllu  words without a head: 265
For file: data/ud-uralic/ru_syntagrus-ud-test.conllu  words without a head: 271
majority label baseline: 6.34
per word majority baseline: 10.15
random seed: 1
num epochs: 62
accuracy: 94.6
----
random seed: 2
num epochs: 64
accuracy: 94.79
----
random seed: 3
num epochs: 64
accuracy: 94.75
----
random seed: 4
num epochs: 60
accuracy: 94.72
----
all trials finished
mean epochs: 62.5
mean accuracy: 94.71
standard deviation: 0.07
