Config file: configs/uralic_uas_full-train_xlmr-lapt_alpha02_emb32k_400k.yml
Pytorch version: 1.13.1
Pytorch CUDA version: 11.7
GPUs available: True
########
Beginning UAS evaluation for myv
majority label baseline: 13.28
per word majority baseline: 7.28
random seed: 1
num epochs: 64
accuracy: 68.85
----
random seed: 2
num epochs: 64
accuracy: 68.25
----
random seed: 3
num epochs: 64
accuracy: 68.73
----
random seed: 4
num epochs: 64
accuracy: 67.66
----
all trials finished
mean epochs: 64.0
mean accuracy: 68.37
standard deviation: 0.47
########
Beginning UAS evaluation for sme
majority label baseline: 20.07
per word majority baseline: 11.82
random seed: 1
num epochs: 56
accuracy: 72.09
----
random seed: 2
num epochs: 64
accuracy: 71.98
----
random seed: 3
num epochs: 60
accuracy: 72.38
----
random seed: 4
num epochs: 62
accuracy: 71.05
----
all trials finished
mean epochs: 60.5
mean accuracy: 71.87
standard deviation: 0.5
########
Beginning UAS evaluation for et
For file: data/ud-uralic/et_ewt-ud-train.conllu  words without a head: 75
For file: data/ud-uralic/et_ewt-ud-dev.conllu  words without a head: 10
For file: data/ud-uralic/et_ewt-ud-test.conllu  words without a head: 23
majority label baseline: 8.07
per word majority baseline: 8.32
random seed: 1
num epochs: 54
accuracy: 84.52
----
random seed: 2
num epochs: 62
accuracy: 86.24
----
random seed: 3
num epochs: 56
accuracy: 86.08
----
random seed: 4
num epochs: 64
accuracy: 86.21
----
all trials finished
mean epochs: 59.0
mean accuracy: 85.76
standard deviation: 0.72
########
Beginning UAS evaluation for fi
majority label baseline: 11.78
per word majority baseline: 14.91
random seed: 1
num epochs: 64
accuracy: 93.98
----
random seed: 2
num epochs: 58
accuracy: 94.09
----
random seed: 3
num epochs: 54
accuracy: 93.95
----
random seed: 4
num epochs: 58
accuracy: 93.82
----
all trials finished
mean epochs: 58.5
mean accuracy: 93.96
standard deviation: 0.1
########
Beginning UAS evaluation for hu
majority label baseline: 4.67
per word majority baseline: 4.92
random seed: 1
num epochs: 64
accuracy: 83.98
----
random seed: 2
num epochs: 64
accuracy: 80.96
----
random seed: 3
num epochs: 64
accuracy: 81.81
----
random seed: 4
num epochs: 64
accuracy: 83.33
----
all trials finished
mean epochs: 64.0
mean accuracy: 82.52
standard deviation: 1.19
########
Beginning UAS evaluation for ru
For file: data/ud-uralic/ru_syntagrus-ud-train.conllu  words without a head: 1662
For file: data/ud-uralic/ru_syntagrus-ud-dev.conllu  words without a head: 265
For file: data/ud-uralic/ru_syntagrus-ud-test.conllu  words without a head: 271
majority label baseline: 6.34
per word majority baseline: 10.15
random seed: 1
num epochs: 60
accuracy: 94.66
----
random seed: 2
num epochs: 60
accuracy: 94.81
----
random seed: 3
num epochs: 62
accuracy: 94.72
----
random seed: 4
num epochs: 58
accuracy: 94.8
----
all trials finished
mean epochs: 60.0
mean accuracy: 94.75
standard deviation: 0.06
