Config file: configs/uralic_uas_few-shot_xlmr-lapt_alpha02_full-voc.yml
Pytorch version: 1.13.1
Pytorch CUDA version: 11.7
GPUs available: True
########
Beginning UAS evaluation for myv
majority label baseline: 13.28
per word majority baseline: 7.28
random seed: 1
num epochs: 64
accuracy: 44.8
----
random seed: 2
num epochs: 62
accuracy: 45.16
----
random seed: 3
num epochs: 64
accuracy: 47.56
----
random seed: 4
num epochs: 64
accuracy: 47.58
----
all trials finished
mean epochs: 63.5
mean accuracy: 46.28
standard deviation: 1.3
########
Beginning UAS evaluation for sme
majority label baseline: 20.07
per word majority baseline: 11.82
random seed: 1
num epochs: 64
accuracy: 35.46
----
random seed: 2
num epochs: 58
accuracy: 34.43
----
random seed: 3
num epochs: 64
accuracy: 34.85
----
random seed: 4
num epochs: 62
accuracy: 35.8
----
all trials finished
mean epochs: 62.0
mean accuracy: 35.13
standard deviation: 0.53
########
Beginning UAS evaluation for et
For file: data/ud-uralic/et_ewt-ud-train.conllu  words without a head: 75
For file: data/ud-uralic/et_ewt-ud-dev.conllu  words without a head: 10
For file: data/ud-uralic/et_ewt-ud-test.conllu  words without a head: 23
majority label baseline: 8.07
per word majority baseline: 8.32
random seed: 1
num epochs: 64
accuracy: 45.3
----
random seed: 2
num epochs: 64
accuracy: 46.48
----
random seed: 3
num epochs: 64
accuracy: 45.84
----
random seed: 4
num epochs: 64
accuracy: 44.79
----
all trials finished
mean epochs: 64.0
mean accuracy: 45.6
standard deviation: 0.63
########
Beginning UAS evaluation for fi
majority label baseline: 11.78
per word majority baseline: 14.91
random seed: 1
num epochs: 64
accuracy: 63.53
----
random seed: 2
num epochs: 64
accuracy: 61.25
----
random seed: 3
num epochs: 64
accuracy: 65.53
----
random seed: 4
num epochs: 64
accuracy: 60.79
----
all trials finished
mean epochs: 64.0
mean accuracy: 62.77
standard deviation: 1.9
########
Beginning UAS evaluation for hu
majority label baseline: 4.67
per word majority baseline: 4.92
random seed: 1
num epochs: 64
accuracy: 66.87
----
random seed: 2
num epochs: 64
accuracy: 64.0
----
random seed: 3
num epochs: 64
accuracy: 61.65
----
random seed: 4
num epochs: 64
accuracy: 52.54
----
all trials finished
mean epochs: 64.0
mean accuracy: 61.27
standard deviation: 5.37
########
Beginning UAS evaluation for ru
For file: data/ud-uralic/ru_syntagrus-ud-train.conllu  words without a head: 1662
For file: data/ud-uralic/ru_syntagrus-ud-dev.conllu  words without a head: 265
For file: data/ud-uralic/ru_syntagrus-ud-test.conllu  words without a head: 271
majority label baseline: 6.34
per word majority baseline: 10.15
random seed: 1
num epochs: 64
accuracy: 54.64
----
random seed: 2
num epochs: 64
accuracy: 69.79
----
random seed: 3
num epochs: 64
accuracy: 67.12
----
random seed: 4
num epochs: 64
accuracy: 47.62
----
all trials finished
mean epochs: 64.0
mean accuracy: 59.79
standard deviation: 9.06
