Config file: configs/uralic_pos_few-shot_xlmr-lapt_alpha01_emb64k.yml
Pytorch version: 1.13.1
Pytorch CUDA version: 11.7
GPUs available: True
########
Beginning POS evaluation for myv
majority label baseline: 24.14
per word majority baseline: 55.97
random seed: 1
num epochs: 64
accuracy: 65.3
----
random seed: 2
num epochs: 62
accuracy: 62.17
----
random seed: 3
num epochs: 60
accuracy: 67.32
----
random seed: 4
num epochs: 64
accuracy: 71.48
----
all trials finished
mean epochs: 62.5
mean accuracy: 66.57
standard deviation: 3.38
########
Beginning POS evaluation for sme
majority label baseline: 22.99
per word majority baseline: 61.65
random seed: 1
num epochs: 64
accuracy: 66.47
----
random seed: 2
num epochs: 64
accuracy: 61.14
----
random seed: 3
num epochs: 64
accuracy: 68.24
----
random seed: 4
num epochs: 56
accuracy: 58.44
----
all trials finished
mean epochs: 62.0
mean accuracy: 63.57
standard deviation: 3.95
########
Beginning POS evaluation for et
majority label baseline: 19.97
per word majority baseline: 69.37
random seed: 1
num epochs: 64
accuracy: 78.79
----
random seed: 2
num epochs: 64
accuracy: 82.85
----
random seed: 3
num epochs: 62
accuracy: 78.02
----
random seed: 4
num epochs: 64
accuracy: 82.74
----
all trials finished
mean epochs: 63.5
mean accuracy: 80.6
standard deviation: 2.21
########
Beginning POS evaluation for fi
majority label baseline: 23.24
per word majority baseline: 70.78
random seed: 1
num epochs: 62
accuracy: 80.74
----
random seed: 2
num epochs: 64
accuracy: 84.34
----
random seed: 3
num epochs: 64
accuracy: 78.41
----
random seed: 4
num epochs: 64
accuracy: 83.96
----
all trials finished
mean epochs: 63.5
mean accuracy: 81.86
standard deviation: 2.43
########
Beginning POS evaluation for hu
majority label baseline: 22.42
per word majority baseline: 60.37
random seed: 1
num epochs: 64
accuracy: 88.53
----
random seed: 2
num epochs: 64
accuracy: 86.31
----
random seed: 3
num epochs: 64
accuracy: 89.05
----
random seed: 4
num epochs: 64
accuracy: 80.31
----
all trials finished
mean epochs: 64.0
mean accuracy: 86.05
standard deviation: 3.47
########
Beginning POS evaluation for ru
majority label baseline: 23.84
per word majority baseline: 88.62
random seed: 1
num epochs: 64
accuracy: 86.91
----
random seed: 2
num epochs: 64
accuracy: 86.36
----
random seed: 3
num epochs: 64
accuracy: 86.22
----
random seed: 4
num epochs: 64
accuracy: 87.84
----
all trials finished
mean epochs: 64.0
mean accuracy: 86.83
standard deviation: 0.64
