Config file: configs/uralic_pos_few-shot_xlmr-lapt_voc01_alpha01_emb32k_40mil.yml
Pytorch version: 1.13.1
Pytorch CUDA version: 11.7
GPUs available: True
########
Beginning POS evaluation for myv
majority label baseline: 24.14
per word majority baseline: 55.97
random seed: 1
num epochs: 64
accuracy: 76.0
----
random seed: 2
num epochs: 64
accuracy: 67.08
----
random seed: 3
num epochs: 60
accuracy: 72.83
----
random seed: 4
num epochs: 64
accuracy: 66.79
----
all trials finished
mean epochs: 63.0
mean accuracy: 70.67
standard deviation: 3.9
########
Beginning POS evaluation for sme
majority label baseline: 22.99
per word majority baseline: 61.65
random seed: 1
num epochs: 64
accuracy: 65.51
----
random seed: 2
num epochs: 62
accuracy: 60.92
----
random seed: 3
num epochs: 64
accuracy: 66.06
----
random seed: 4
num epochs: 64
accuracy: 70.2
----
all trials finished
mean epochs: 63.5
mean accuracy: 65.67
standard deviation: 3.29
########
Beginning POS evaluation for et
majority label baseline: 19.97
per word majority baseline: 69.37
random seed: 1
num epochs: 64
accuracy: 78.13
----
random seed: 2
num epochs: 64
accuracy: 78.01
----
random seed: 3
num epochs: 64
accuracy: 79.66
----
random seed: 4
num epochs: 64
accuracy: 83.3
----
all trials finished
mean epochs: 64.0
mean accuracy: 79.77
standard deviation: 2.14
########
Beginning POS evaluation for fi
majority label baseline: 23.24
per word majority baseline: 70.78
random seed: 1
num epochs: 64
accuracy: 81.73
----
random seed: 2
num epochs: 64
accuracy: 77.57
----
random seed: 3
num epochs: 64
accuracy: 80.33
----
random seed: 4
num epochs: 64
accuracy: 81.58
----
all trials finished
mean epochs: 64.0
mean accuracy: 80.3
standard deviation: 1.67
########
Beginning POS evaluation for hu
majority label baseline: 22.42
per word majority baseline: 60.37
random seed: 1
num epochs: 64
accuracy: 78.97
----
random seed: 2
num epochs: 64
accuracy: 80.47
----
random seed: 3
num epochs: 64
accuracy: 83.18
----
random seed: 4
num epochs: 64
accuracy: 88.82
----
all trials finished
mean epochs: 64.0
mean accuracy: 82.86
standard deviation: 3.76
########
Beginning POS evaluation for ru
majority label baseline: 23.84
per word majority baseline: 88.62
random seed: 1
num epochs: 64
accuracy: 88.17
----
random seed: 2
num epochs: 64
accuracy: 86.4
----
random seed: 3
num epochs: 64
accuracy: 90.93
----
random seed: 4
num epochs: 64
accuracy: 86.35
----
all trials finished
mean epochs: 64.0
mean accuracy: 87.96
standard deviation: 1.87
