Config file: configs/uralic_pos_full-train_xlmr-lapt_alpha03_emb16k.yml
Pytorch version: 1.13.1
Pytorch CUDA version: 11.7
GPUs available: True
########
Beginning POS evaluation for myv
majority label baseline: 24.14
per word majority baseline: 55.97
random seed: 1
num epochs: 62
accuracy: 56.52
----
random seed: 2
num epochs: 64
accuracy: 68.3
----
random seed: 3
num epochs: 64
accuracy: 70.9
----
random seed: 4
num epochs: 62
accuracy: 69.76
----
all trials finished
mean epochs: 63.0
mean accuracy: 66.37
standard deviation: 5.76
########
Beginning POS evaluation for sme
majority label baseline: 22.99
per word majority baseline: 61.65
random seed: 1
num epochs: 60
accuracy: 80.45
----
random seed: 2
num epochs: 62
accuracy: 75.25
----
random seed: 3
num epochs: 64
accuracy: 79.92
----
random seed: 4
num epochs: 64
accuracy: 78.06
----
all trials finished
mean epochs: 62.5
mean accuracy: 78.42
standard deviation: 2.03
########
Beginning POS evaluation for et
majority label baseline: 19.97
per word majority baseline: 69.37
random seed: 1
num epochs: 62
accuracy: 94.73
----
random seed: 2
num epochs: 60
accuracy: 94.64
----
random seed: 3
num epochs: 54
accuracy: 95.05
----
random seed: 4
num epochs: 64
accuracy: 94.91
----
all trials finished
mean epochs: 60.0
mean accuracy: 94.83
standard deviation: 0.16
########
Beginning POS evaluation for fi
majority label baseline: 23.24
per word majority baseline: 70.78
random seed: 1
num epochs: 62
accuracy: 97.15
----
random seed: 2
num epochs: 62
accuracy: 97.3
----
random seed: 3
num epochs: 56
accuracy: 97.26
----
random seed: 4
num epochs: 62
accuracy: 97.3
----
all trials finished
mean epochs: 60.5
mean accuracy: 97.25
standard deviation: 0.06
########
Beginning POS evaluation for hu
majority label baseline: 22.42
per word majority baseline: 60.37
random seed: 1
num epochs: 64
accuracy: 94.9
----
random seed: 2
num epochs: 64
accuracy: 95.42
----
random seed: 3
num epochs: 64
accuracy: 95.27
----
random seed: 4
num epochs: 64
accuracy: 95.21
----
all trials finished
mean epochs: 64.0
mean accuracy: 95.2
standard deviation: 0.19
########
Beginning POS evaluation for ru
majority label baseline: 23.84
per word majority baseline: 88.62
random seed: 1
num epochs: 56
accuracy: 98.38
----
random seed: 2
num epochs: 32
accuracy: 98.33
----
random seed: 3
num epochs: 58
accuracy: 98.46
----
random seed: 4
num epochs: 48
accuracy: 98.42
----
all trials finished
mean epochs: 48.5
mean accuracy: 98.4
standard deviation: 0.05
