Config file: configs/uralic_uas_few-shot_xlmr-lapt_alpha03_emb128k.yml
Pytorch version: 1.13.1
Pytorch CUDA version: 11.7
GPUs available: True
########
Beginning UAS evaluation for myv
majority label baseline: 13.28
per word majority baseline: 7.28
random seed: 1
num epochs: 64
accuracy: 45.19
----
random seed: 2
num epochs: 64
accuracy: 44.78
----
random seed: 3
num epochs: 64
accuracy: 47.87
----
random seed: 4
num epochs: 64
accuracy: 45.54
----
all trials finished
mean epochs: 64.0
mean accuracy: 45.85
standard deviation: 1.2
########
Beginning UAS evaluation for sme
majority label baseline: 20.07
per word majority baseline: 11.82
random seed: 1
num epochs: 46
accuracy: 32.62
----
random seed: 2
num epochs: 64
accuracy: 39.41
----
random seed: 3
num epochs: 50
accuracy: 32.77
----
random seed: 4
num epochs: 62
accuracy: 33.14
----
all trials finished
mean epochs: 55.5
mean accuracy: 34.48
standard deviation: 2.85
########
Beginning UAS evaluation for et
For file: data/ud-uralic/et_ewt-ud-train.conllu  words without a head: 75
For file: data/ud-uralic/et_ewt-ud-dev.conllu  words without a head: 10
For file: data/ud-uralic/et_ewt-ud-test.conllu  words without a head: 23
majority label baseline: 8.07
per word majority baseline: 8.32
random seed: 1
num epochs: 64
accuracy: 54.51
----
random seed: 2
num epochs: 64
accuracy: 54.73
----
random seed: 3
num epochs: 64
accuracy: 58.62
----
random seed: 4
num epochs: 64
accuracy: 56.42
----
all trials finished
mean epochs: 64.0
mean accuracy: 56.07
standard deviation: 1.65
########
Beginning UAS evaluation for fi
majority label baseline: 11.78
per word majority baseline: 14.91
random seed: 1
num epochs: 64
accuracy: 69.51
----
random seed: 2
num epochs: 64
accuracy: 71.29
----
random seed: 3
num epochs: 64
accuracy: 72.55
----
random seed: 4
num epochs: 64
accuracy: 71.98
----
all trials finished
mean epochs: 64.0
mean accuracy: 71.33
standard deviation: 1.14
########
Beginning UAS evaluation for hu
majority label baseline: 4.67
per word majority baseline: 4.92
random seed: 1
num epochs: 64
accuracy: 69.53
----
random seed: 2
num epochs: 64
accuracy: 72.51
----
random seed: 3
num epochs: 64
accuracy: 72.37
----
random seed: 4
num epochs: 64
accuracy: 72.85
----
all trials finished
mean epochs: 64.0
mean accuracy: 71.82
standard deviation: 1.33
########
Beginning UAS evaluation for ru
For file: data/ud-uralic/ru_syntagrus-ud-train.conllu  words without a head: 1662
For file: data/ud-uralic/ru_syntagrus-ud-dev.conllu  words without a head: 265
For file: data/ud-uralic/ru_syntagrus-ud-test.conllu  words without a head: 271
majority label baseline: 6.34
per word majority baseline: 10.15
random seed: 1
num epochs: 64
accuracy: 76.67
----
random seed: 2
num epochs: 64
accuracy: 74.18
----
random seed: 3
num epochs: 64
accuracy: 74.77
----
random seed: 4
num epochs: 64
accuracy: 74.35
----
all trials finished
mean epochs: 64.0
mean accuracy: 75.0
standard deviation: 0.99
