Config file: configs/uralic_uas_few-shot_xlmr-lapt_alpha03_emb32k.yml
Pytorch version: 1.13.1
Pytorch CUDA version: 11.7
GPUs available: True
########
Beginning UAS evaluation for myv
majority label baseline: 13.28
per word majority baseline: 7.28
random seed: 1
num epochs: 64
accuracy: 47.72
----
random seed: 2
num epochs: 60
accuracy: 45.8
----
random seed: 3
num epochs: 64
accuracy: 46.03
----
random seed: 4
num epochs: 64
accuracy: 46.71
----
all trials finished
mean epochs: 63.0
mean accuracy: 46.56
standard deviation: 0.75
########
Beginning UAS evaluation for sme
majority label baseline: 20.07
per word majority baseline: 11.82
random seed: 1
num epochs: 60
accuracy: 33.88
----
random seed: 2
num epochs: 62
accuracy: 32.53
----
random seed: 3
num epochs: 60
accuracy: 32.26
----
random seed: 4
num epochs: 62
accuracy: 35.91
----
all trials finished
mean epochs: 61.0
mean accuracy: 33.64
standard deviation: 1.45
########
Beginning UAS evaluation for et
For file: data/ud-uralic/et_ewt-ud-train.conllu  words without a head: 75
For file: data/ud-uralic/et_ewt-ud-dev.conllu  words without a head: 10
For file: data/ud-uralic/et_ewt-ud-test.conllu  words without a head: 23
majority label baseline: 8.07
per word majority baseline: 8.32
random seed: 1
num epochs: 64
accuracy: 51.55
----
random seed: 2
num epochs: 64
accuracy: 50.11
----
random seed: 3
num epochs: 64
accuracy: 54.09
----
random seed: 4
num epochs: 64
accuracy: 52.51
----
all trials finished
mean epochs: 64.0
mean accuracy: 52.06
standard deviation: 1.45
########
Beginning UAS evaluation for fi
majority label baseline: 11.78
per word majority baseline: 14.91
random seed: 1
num epochs: 64
accuracy: 69.13
----
random seed: 2
num epochs: 64
accuracy: 68.68
----
random seed: 3
num epochs: 64
accuracy: 70.68
----
random seed: 4
num epochs: 64
accuracy: 68.43
----
all trials finished
mean epochs: 64.0
mean accuracy: 69.23
standard deviation: 0.87
########
Beginning UAS evaluation for hu
majority label baseline: 4.67
per word majority baseline: 4.92
random seed: 1
num epochs: 64
accuracy: 66.26
----
random seed: 2
num epochs: 64
accuracy: 65.72
----
random seed: 3
num epochs: 64
accuracy: 55.69
----
random seed: 4
num epochs: 64
accuracy: 69.31
----
all trials finished
mean epochs: 64.0
mean accuracy: 64.25
standard deviation: 5.12
########
Beginning UAS evaluation for ru
For file: data/ud-uralic/ru_syntagrus-ud-train.conllu  words without a head: 1662
For file: data/ud-uralic/ru_syntagrus-ud-dev.conllu  words without a head: 265
For file: data/ud-uralic/ru_syntagrus-ud-test.conllu  words without a head: 271
majority label baseline: 6.34
per word majority baseline: 10.15
random seed: 1
num epochs: 64
accuracy: 66.21
----
random seed: 2
num epochs: 64
accuracy: 70.34
----
random seed: 3
num epochs: 64
accuracy: 73.92
----
random seed: 4
num epochs: 64
accuracy: 72.73
----
all trials finished
mean epochs: 64.0
mean accuracy: 70.8
standard deviation: 2.94
