Config file: configs/uralic_pos_full-train_xlmr-lapt_alpha01_full-voc_400k.yml
Pytorch version: 1.13.1
Pytorch CUDA version: 11.7
GPUs available: True
########
Beginning POS evaluation for myv
majority label baseline: 24.14
per word majority baseline: 55.97
random seed: 1
num epochs: 64
accuracy: 81.03
----
random seed: 2
num epochs: 64
accuracy: 80.74
----
random seed: 3
num epochs: 56
accuracy: 81.07
----
random seed: 4
num epochs: 60
accuracy: 81.19
----
all trials finished
mean epochs: 61.0
mean accuracy: 81.01
standard deviation: 0.17
########
Beginning POS evaluation for sme
majority label baseline: 22.99
per word majority baseline: 61.65
random seed: 1
num epochs: 64
accuracy: 91.93
----
random seed: 2
num epochs: 64
accuracy: 89.98
----
random seed: 3
num epochs: 60
accuracy: 91.67
----
random seed: 4
num epochs: 58
accuracy: 91.9
----
all trials finished
mean epochs: 61.5
mean accuracy: 91.37
standard deviation: 0.81
########
Beginning POS evaluation for et
majority label baseline: 19.97
per word majority baseline: 69.37
random seed: 1
num epochs: 64
accuracy: 95.7
----
random seed: 2
num epochs: 58
accuracy: 95.59
----
random seed: 3
num epochs: 56
accuracy: 95.75
----
random seed: 4
num epochs: 46
accuracy: 95.68
----
all trials finished
mean epochs: 56.0
mean accuracy: 95.68
standard deviation: 0.06
########
Beginning POS evaluation for fi
majority label baseline: 23.24
per word majority baseline: 70.78
random seed: 1
num epochs: 62
accuracy: 97.73
----
random seed: 2
num epochs: 56
accuracy: 97.7
----
random seed: 3
num epochs: 60
accuracy: 97.69
----
random seed: 4
num epochs: 62
accuracy: 97.88
----
all trials finished
mean epochs: 60.0
mean accuracy: 97.75
standard deviation: 0.07
########
Beginning POS evaluation for hu
majority label baseline: 22.42
per word majority baseline: 60.37
random seed: 1
num epochs: 64
accuracy: 96.0
----
random seed: 2
num epochs: 64
accuracy: 96.08
----
random seed: 3
num epochs: 58
accuracy: 95.76
----
random seed: 4
num epochs: 64
accuracy: 96.02
----
all trials finished
mean epochs: 62.5
mean accuracy: 95.96
standard deviation: 0.12
########
Beginning POS evaluation for ru
majority label baseline: 23.84
per word majority baseline: 88.62
random seed: 1
num epochs: 44
accuracy: 98.55
----
random seed: 2
num epochs: 42
accuracy: 98.58
----
random seed: 3
num epochs: 60
accuracy: 98.59
----
random seed: 4
num epochs: 52
accuracy: 98.56
----
all trials finished
mean epochs: 49.5
mean accuracy: 98.57
standard deviation: 0.02
