Config file: configs/uralic_pos_few-shot_xlmr-lapt_alpha01_emb128k_200k.yml
Pytorch version: 1.13.1
Pytorch CUDA version: 11.7
GPUs available: True
########
Beginning POS evaluation for myv
majority label baseline: 24.14
per word majority baseline: 55.97
random seed: 1
num epochs: 64
accuracy: 76.92
----
random seed: 2
num epochs: 64
accuracy: 75.62
----
random seed: 3
num epochs: 64
accuracy: 68.89
----
random seed: 4
num epochs: 64
accuracy: 72.69
----
all trials finished
mean epochs: 64.0
mean accuracy: 73.53
standard deviation: 3.09
########
Beginning POS evaluation for sme
majority label baseline: 22.99
per word majority baseline: 61.65
random seed: 1
num epochs: 60
accuracy: 70.86
----
random seed: 2
num epochs: 56
accuracy: 69.01
----
random seed: 3
num epochs: 64
accuracy: 71.21
----
random seed: 4
num epochs: 64
accuracy: 73.56
----
all trials finished
mean epochs: 61.0
mean accuracy: 71.16
standard deviation: 1.62
########
Beginning POS evaluation for et
majority label baseline: 19.97
per word majority baseline: 69.37
random seed: 1
num epochs: 64
accuracy: 81.34
----
random seed: 2
num epochs: 64
accuracy: 84.28
----
random seed: 3
num epochs: 64
accuracy: 81.12
----
random seed: 4
num epochs: 64
accuracy: 83.32
----
all trials finished
mean epochs: 64.0
mean accuracy: 82.52
standard deviation: 1.33
########
Beginning POS evaluation for fi
majority label baseline: 23.24
per word majority baseline: 70.78
random seed: 1
num epochs: 64
accuracy: 78.53
----
random seed: 2
num epochs: 64
accuracy: 83.11
----
random seed: 3
num epochs: 64
accuracy: 81.0
----
random seed: 4
num epochs: 64
accuracy: 81.6
----
all trials finished
mean epochs: 64.0
mean accuracy: 81.06
standard deviation: 1.65
########
Beginning POS evaluation for hu
majority label baseline: 22.42
per word majority baseline: 60.37
random seed: 1
num epochs: 64
accuracy: 92.0
----
random seed: 2
num epochs: 64
accuracy: 92.51
----
random seed: 3
num epochs: 64
accuracy: 89.87
----
random seed: 4
num epochs: 64
accuracy: 85.7
----
all trials finished
mean epochs: 64.0
mean accuracy: 90.02
standard deviation: 2.68
########
Beginning POS evaluation for ru
majority label baseline: 23.84
per word majority baseline: 88.62
random seed: 1
num epochs: 64
accuracy: 89.77
----
random seed: 2
num epochs: 64
accuracy: 88.31
----
random seed: 3
num epochs: 64
accuracy: 87.72
----
random seed: 4
num epochs: 64
accuracy: 89.68
----
all trials finished
mean epochs: 64.0
mean accuracy: 88.87
standard deviation: 0.88
