Config file: configs/uralic_uas_full-train_xlmr-lapt_alpha01_full-voc_200k.yml
Pytorch version: 1.13.1
Pytorch CUDA version: 11.7
GPUs available: True
########
Beginning UAS evaluation for myv
majority label baseline: 13.28
per word majority baseline: 7.28
random seed: 1
num epochs: 64
accuracy: 59.7
----
random seed: 2
num epochs: 64
accuracy: 59.63
----
random seed: 3
num epochs: 64
accuracy: 59.1
----
random seed: 4
num epochs: 64
accuracy: 58.49
----
all trials finished
mean epochs: 64.0
mean accuracy: 59.23
standard deviation: 0.49
########
Beginning UAS evaluation for sme
majority label baseline: 20.07
per word majority baseline: 11.82
random seed: 1
num epochs: 64
accuracy: 64.65
----
random seed: 2
num epochs: 64
accuracy: 66.78
----
random seed: 3
num epochs: 64
accuracy: 67.65
----
random seed: 4
num epochs: 58
accuracy: 65.63
----
all trials finished
mean epochs: 62.5
mean accuracy: 66.18
standard deviation: 1.14
########
Beginning UAS evaluation for et
For file: data/ud-uralic/et_ewt-ud-train.conllu  words without a head: 75
For file: data/ud-uralic/et_ewt-ud-dev.conllu  words without a head: 10
For file: data/ud-uralic/et_ewt-ud-test.conllu  words without a head: 23
majority label baseline: 8.07
per word majority baseline: 8.32
random seed: 1
num epochs: 64
accuracy: 85.38
----
random seed: 2
num epochs: 64
accuracy: 86.1
----
random seed: 3
num epochs: 62
accuracy: 85.74
----
random seed: 4
num epochs: 62
accuracy: 85.8
----
all trials finished
mean epochs: 63.0
mean accuracy: 85.76
standard deviation: 0.26
########
Beginning UAS evaluation for fi
majority label baseline: 11.78
per word majority baseline: 14.91
random seed: 1
num epochs: 64
accuracy: 93.82
----
random seed: 2
num epochs: 64
accuracy: 93.85
----
random seed: 3
num epochs: 60
accuracy: 93.95
----
random seed: 4
num epochs: 62
accuracy: 94.09
----
all trials finished
mean epochs: 62.5
mean accuracy: 93.93
standard deviation: 0.1
########
Beginning UAS evaluation for hu
majority label baseline: 4.67
per word majority baseline: 4.92
random seed: 1
num epochs: 64
accuracy: 84.54
----
random seed: 2
num epochs: 64
accuracy: 80.84
----
random seed: 3
num epochs: 64
accuracy: 80.78
----
random seed: 4
num epochs: 64
accuracy: 77.84
----
all trials finished
mean epochs: 64.0
mean accuracy: 81.0
standard deviation: 2.38
########
Beginning UAS evaluation for ru
For file: data/ud-uralic/ru_syntagrus-ud-train.conllu  words without a head: 1662
For file: data/ud-uralic/ru_syntagrus-ud-dev.conllu  words without a head: 265
For file: data/ud-uralic/ru_syntagrus-ud-test.conllu  words without a head: 271
majority label baseline: 6.34
per word majority baseline: 10.15
random seed: 1
num epochs: 62
accuracy: 94.75
----
random seed: 2
num epochs: 58
accuracy: 94.76
----
random seed: 3
num epochs: 64
accuracy: 94.93
----
random seed: 4
num epochs: 62
accuracy: 94.96
----
all trials finished
mean epochs: 61.5
mean accuracy: 94.85
standard deviation: 0.1
