Config file: configs/uralic_pos_few-shot_xlmr-lapt_alpha01_emb64k_400k.yml
Pytorch version: 1.13.1
Pytorch CUDA version: 11.7
GPUs available: True
########
Beginning POS evaluation for myv
majority label baseline: 24.14
per word majority baseline: 55.97
random seed: 1
num epochs: 62
accuracy: 78.94
----
random seed: 2
num epochs: 64
accuracy: 75.78
----
random seed: 3
num epochs: 64
accuracy: 79.52
----
random seed: 4
num epochs: 64
accuracy: 77.55
----
all trials finished
mean epochs: 63.5
mean accuracy: 77.95
standard deviation: 1.44
########
Beginning POS evaluation for sme
majority label baseline: 22.99
per word majority baseline: 61.65
random seed: 1
num epochs: 64
accuracy: 74.7
----
random seed: 2
num epochs: 64
accuracy: 71.97
----
random seed: 3
num epochs: 60
accuracy: 77.88
----
random seed: 4
num epochs: 64
accuracy: 81.39
----
all trials finished
mean epochs: 63.0
mean accuracy: 76.48
standard deviation: 3.52
########
Beginning POS evaluation for et
majority label baseline: 19.97
per word majority baseline: 69.37
random seed: 1
num epochs: 64
accuracy: 83.58
----
random seed: 2
num epochs: 64
accuracy: 85.44
----
random seed: 3
num epochs: 64
accuracy: 78.96
----
random seed: 4
num epochs: 62
accuracy: 83.9
----
all trials finished
mean epochs: 63.5
mean accuracy: 82.97
standard deviation: 2.42
########
Beginning POS evaluation for fi
majority label baseline: 23.24
per word majority baseline: 70.78
random seed: 1
num epochs: 60
accuracy: 81.9
----
random seed: 2
num epochs: 62
accuracy: 86.17
----
random seed: 3
num epochs: 64
accuracy: 85.34
----
random seed: 4
num epochs: 64
accuracy: 88.09
----
all trials finished
mean epochs: 62.5
mean accuracy: 85.38
standard deviation: 2.24
########
Beginning POS evaluation for hu
majority label baseline: 22.42
per word majority baseline: 60.37
random seed: 1
num epochs: 64
accuracy: 95.19
----
random seed: 2
num epochs: 64
accuracy: 92.76
----
random seed: 3
num epochs: 64
accuracy: 95.22
----
random seed: 4
num epochs: 64
accuracy: 93.15
----
all trials finished
mean epochs: 64.0
mean accuracy: 94.08
standard deviation: 1.13
########
Beginning POS evaluation for ru
majority label baseline: 23.84
per word majority baseline: 88.62
random seed: 1
num epochs: 64
accuracy: 86.83
----
random seed: 2
num epochs: 62
accuracy: 86.68
----
random seed: 3
num epochs: 62
accuracy: 90.24
----
random seed: 4
num epochs: 64
accuracy: 88.77
----
all trials finished
mean epochs: 63.0
mean accuracy: 88.13
standard deviation: 1.47
