Config file: configs/uralic_pos_full-train_xlmr-lapt_alpha01_emb32k_400k.yml
Pytorch version: 1.13.1
Pytorch CUDA version: 11.7
GPUs available: True
########
Beginning POS evaluation for myv
majority label baseline: 24.14
per word majority baseline: 55.97
random seed: 1
num epochs: 64
accuracy: 81.67
----
random seed: 2
num epochs: 64
accuracy: 80.17
----
random seed: 3
num epochs: 64
accuracy: 81.8
----
random seed: 4
num epochs: 58
accuracy: 82.5
----
all trials finished
mean epochs: 62.5
mean accuracy: 81.54
standard deviation: 0.85
########
Beginning POS evaluation for sme
majority label baseline: 22.99
per word majority baseline: 61.65
random seed: 1
num epochs: 64
accuracy: 91.26
----
random seed: 2
num epochs: 64
accuracy: 91.93
----
random seed: 3
num epochs: 64
accuracy: 91.98
----
random seed: 4
num epochs: 62
accuracy: 91.78
----
all trials finished
mean epochs: 63.5
mean accuracy: 91.74
standard deviation: 0.29
########
Beginning POS evaluation for et
majority label baseline: 19.97
per word majority baseline: 69.37
random seed: 1
num epochs: 56
accuracy: 95.2
----
random seed: 2
num epochs: 56
accuracy: 95.8
----
random seed: 3
num epochs: 64
accuracy: 95.78
----
random seed: 4
num epochs: 64
accuracy: 95.99
----
all trials finished
mean epochs: 60.0
mean accuracy: 95.69
standard deviation: 0.29
########
Beginning POS evaluation for fi
majority label baseline: 23.24
per word majority baseline: 70.78
random seed: 1
num epochs: 46
accuracy: 97.18
----
random seed: 2
num epochs: 46
accuracy: 97.29
----
random seed: 3
num epochs: 64
accuracy: 97.45
----
random seed: 4
num epochs: 64
accuracy: 97.53
----
all trials finished
mean epochs: 55.0
mean accuracy: 97.36
standard deviation: 0.14
########
Beginning POS evaluation for hu
majority label baseline: 22.42
per word majority baseline: 60.37
random seed: 1
num epochs: 62
accuracy: 95.87
----
random seed: 2
num epochs: 62
accuracy: 95.8
----
random seed: 3
num epochs: 64
accuracy: 95.58
----
random seed: 4
num epochs: 62
accuracy: 95.62
----
all trials finished
mean epochs: 62.5
mean accuracy: 95.72
standard deviation: 0.12
########
Beginning POS evaluation for ru
majority label baseline: 23.84
per word majority baseline: 88.62
random seed: 1
num epochs: 62
accuracy: 98.5
----
random seed: 2
num epochs: 58
accuracy: 98.53
----
random seed: 3
num epochs: 62
accuracy: 98.52
----
random seed: 4
num epochs: 64
accuracy: 98.5
----
all trials finished
mean epochs: 61.5
mean accuracy: 98.51
standard deviation: 0.01
