Config file: configs/uralic_uas_full-train_xlmr-lapt_voc01_alpha02_emb32k.yml
Pytorch version: 1.13.1
Pytorch CUDA version: 11.7
GPUs available: True
########
Beginning UAS evaluation for myv
majority label baseline: 13.28
per word majority baseline: 7.28
random seed: 1
num epochs: 64
accuracy: 58.52
----
random seed: 2
num epochs: 64
accuracy: 55.95
----
random seed: 3
num epochs: 62
accuracy: 59.47
----
random seed: 4
num epochs: 64
accuracy: 60.07
----
all trials finished
mean epochs: 63.5
mean accuracy: 58.5
standard deviation: 1.57
########
Beginning UAS evaluation for sme
majority label baseline: 20.07
per word majority baseline: 11.82
random seed: 1
num epochs: 62
accuracy: 60.02
----
random seed: 2
num epochs: 62
accuracy: 59.54
----
random seed: 3
num epochs: 64
accuracy: 56.22
----
random seed: 4
num epochs: 64
accuracy: 56.47
----
all trials finished
mean epochs: 63.0
mean accuracy: 58.06
standard deviation: 1.73
########
Beginning UAS evaluation for et
For file: data/ud-uralic/et_ewt-ud-train.conllu  words without a head: 75
For file: data/ud-uralic/et_ewt-ud-dev.conllu  words without a head: 10
For file: data/ud-uralic/et_ewt-ud-test.conllu  words without a head: 23
majority label baseline: 8.07
per word majority baseline: 8.32
random seed: 1
num epochs: 62
accuracy: 83.78
----
random seed: 2
num epochs: 62
accuracy: 84.34
----
random seed: 3
num epochs: 60
accuracy: 83.94
----
random seed: 4
num epochs: 60
accuracy: 84.37
----
all trials finished
mean epochs: 61.0
mean accuracy: 84.1
standard deviation: 0.26
########
Beginning UAS evaluation for fi
majority label baseline: 11.78
per word majority baseline: 14.91
random seed: 1
num epochs: 62
accuracy: 93.47
----
random seed: 2
num epochs: 60
accuracy: 93.49
----
random seed: 3
num epochs: 62
accuracy: 93.61
----
random seed: 4
num epochs: 60
accuracy: 93.5
----
all trials finished
mean epochs: 61.0
mean accuracy: 93.52
standard deviation: 0.06
########
Beginning UAS evaluation for hu
majority label baseline: 4.67
per word majority baseline: 4.92
random seed: 1
num epochs: 64
accuracy: 81.67
----
random seed: 2
num epochs: 64
accuracy: 80.3
----
random seed: 3
num epochs: 64
accuracy: 79.81
----
random seed: 4
num epochs: 64
accuracy: 81.25
----
all trials finished
mean epochs: 64.0
mean accuracy: 80.76
standard deviation: 0.74
########
Beginning UAS evaluation for ru
For file: data/ud-uralic/ru_syntagrus-ud-train.conllu  words without a head: 1662
For file: data/ud-uralic/ru_syntagrus-ud-dev.conllu  words without a head: 265
For file: data/ud-uralic/ru_syntagrus-ud-test.conllu  words without a head: 271
majority label baseline: 6.34
per word majority baseline: 10.15
random seed: 1
num epochs: 60
accuracy: 94.6
----
random seed: 2
num epochs: 62
accuracy: 94.63
----
random seed: 3
num epochs: 56
accuracy: 94.59
----
random seed: 4
num epochs: 64
accuracy: 94.62
----
all trials finished
mean epochs: 60.5
mean accuracy: 94.61
standard deviation: 0.02
