Config file: configs/uralic_pos_full-train_xlmr-lapt_alpha04_emb32k.yml
Pytorch version: 1.13.1
Pytorch CUDA version: 11.7
GPUs available: True
########
Beginning POS evaluation for myv
majority label baseline: 24.14
per word majority baseline: 55.97
random seed: 1
num epochs: 64
accuracy: 66.09
----
random seed: 2
num epochs: 64
accuracy: 69.31
----
random seed: 3
num epochs: 62
accuracy: 67.34
----
random seed: 4
num epochs: 64
accuracy: 59.52
----
all trials finished
mean epochs: 63.5
mean accuracy: 65.57
standard deviation: 3.67
########
Beginning POS evaluation for sme
majority label baseline: 22.99
per word majority baseline: 61.65
random seed: 1
num epochs: 64
accuracy: 72.04
----
random seed: 2
num epochs: 64
accuracy: 74.87
----
random seed: 3
num epochs: 64
accuracy: 71.66
----
random seed: 4
num epochs: 64
accuracy: 74.47
----
all trials finished
mean epochs: 64.0
mean accuracy: 73.26
standard deviation: 1.42
########
Beginning POS evaluation for et
majority label baseline: 19.97
per word majority baseline: 69.37
random seed: 1
num epochs: 62
accuracy: 95.2
----
random seed: 2
num epochs: 62
accuracy: 95.86
----
random seed: 3
num epochs: 48
accuracy: 95.23
----
random seed: 4
num epochs: 56
accuracy: 95.69
----
all trials finished
mean epochs: 57.0
mean accuracy: 95.49
standard deviation: 0.29
########
Beginning POS evaluation for fi
majority label baseline: 23.24
per word majority baseline: 70.78
random seed: 1
num epochs: 64
accuracy: 97.3
----
random seed: 2
num epochs: 64
accuracy: 97.34
----
random seed: 3
num epochs: 62
accuracy: 97.03
----
random seed: 4
num epochs: 40
accuracy: 96.94
----
all trials finished
mean epochs: 57.5
mean accuracy: 97.15
standard deviation: 0.17
########
Beginning POS evaluation for hu
majority label baseline: 22.42
per word majority baseline: 60.37
random seed: 1
num epochs: 64
accuracy: 92.97
----
random seed: 2
num epochs: 64
accuracy: 95.16
----
random seed: 3
num epochs: 64
accuracy: 93.35
----
random seed: 4
num epochs: 64
accuracy: 95.18
----
all trials finished
mean epochs: 64.0
mean accuracy: 94.16
standard deviation: 1.01
########
Beginning POS evaluation for ru
majority label baseline: 23.84
per word majority baseline: 88.62
random seed: 1
num epochs: 62
accuracy: 98.46
----
random seed: 2
num epochs: 64
accuracy: 98.49
----
random seed: 3
num epochs: 64
accuracy: 98.46
----
random seed: 4
num epochs: 50
accuracy: 98.41
----
all trials finished
mean epochs: 60.0
mean accuracy: 98.45
standard deviation: 0.03
