Config file: configs/uralic_uas_full-train_xlmr-lapt_alpha02_emb16k_400k.yml
Pytorch version: 1.13.1
Pytorch CUDA version: 11.7
GPUs available: True
########
Beginning UAS evaluation for myv
majority label baseline: 13.28
per word majority baseline: 7.28
random seed: 1
num epochs: 64
accuracy: 68.41
----
random seed: 2
num epochs: 62
accuracy: 65.73
----
random seed: 3
num epochs: 64
accuracy: 68.37
----
random seed: 4
num epochs: 64
accuracy: 65.45
----
all trials finished
mean epochs: 63.5
mean accuracy: 66.99
standard deviation: 1.4
########
Beginning UAS evaluation for sme
majority label baseline: 20.07
per word majority baseline: 11.82
random seed: 1
num epochs: 62
accuracy: 71.87
----
random seed: 2
num epochs: 62
accuracy: 71.5
----
random seed: 3
num epochs: 64
accuracy: 71.23
----
random seed: 4
num epochs: 64
accuracy: 71.5
----
all trials finished
mean epochs: 63.0
mean accuracy: 71.52
standard deviation: 0.23
########
Beginning UAS evaluation for et
For file: data/ud-uralic/et_ewt-ud-train.conllu  words without a head: 75
For file: data/ud-uralic/et_ewt-ud-dev.conllu  words without a head: 10
For file: data/ud-uralic/et_ewt-ud-test.conllu  words without a head: 23
majority label baseline: 8.07
per word majority baseline: 8.32
random seed: 1
num epochs: 64
accuracy: 85.58
----
random seed: 2
num epochs: 62
accuracy: 85.58
----
random seed: 3
num epochs: 60
accuracy: 84.25
----
random seed: 4
num epochs: 64
accuracy: 85.24
----
all trials finished
mean epochs: 62.5
mean accuracy: 85.16
standard deviation: 0.54
########
Beginning UAS evaluation for fi
majority label baseline: 11.78
per word majority baseline: 14.91
random seed: 1
num epochs: 64
accuracy: 93.72
----
random seed: 2
num epochs: 64
accuracy: 93.9
----
random seed: 3
num epochs: 54
accuracy: 93.64
----
random seed: 4
num epochs: 50
accuracy: 93.47
----
all trials finished
mean epochs: 58.0
mean accuracy: 93.69
standard deviation: 0.15
########
Beginning UAS evaluation for hu
majority label baseline: 4.67
per word majority baseline: 4.92
random seed: 1
num epochs: 64
accuracy: 81.37
----
random seed: 2
num epochs: 64
accuracy: 84.56
----
random seed: 3
num epochs: 64
accuracy: 82.27
----
random seed: 4
num epochs: 64
accuracy: 82.75
----
all trials finished
mean epochs: 64.0
mean accuracy: 82.74
standard deviation: 1.16
########
Beginning UAS evaluation for ru
For file: data/ud-uralic/ru_syntagrus-ud-train.conllu  words without a head: 1662
For file: data/ud-uralic/ru_syntagrus-ud-dev.conllu  words without a head: 265
For file: data/ud-uralic/ru_syntagrus-ud-test.conllu  words without a head: 271
majority label baseline: 6.34
per word majority baseline: 10.15
random seed: 1
num epochs: 64
accuracy: 94.52
----
random seed: 2
num epochs: 64
accuracy: 94.6
----
random seed: 3
num epochs: 64
accuracy: 94.6
----
random seed: 4
num epochs: 62
accuracy: 94.67
----
all trials finished
mean epochs: 63.5
mean accuracy: 94.6
standard deviation: 0.05
