Config file: configs/uralic_pos_full-train_xlmr-lapt_alpha02_emb16k.yml
Pytorch version: 1.13.1
Pytorch CUDA version: 11.7
GPUs available: True
########
Beginning POS evaluation for myv
majority label baseline: 24.14
per word majority baseline: 55.97
random seed: 1
num epochs: 64
accuracy: 68.67
----
random seed: 2
num epochs: 64
accuracy: 71.56
----
random seed: 3
num epochs: 64
accuracy: 72.94
----
random seed: 4
num epochs: 30
accuracy: 62.21
----
all trials finished
mean epochs: 55.5
mean accuracy: 68.85
standard deviation: 4.13
########
Beginning POS evaluation for sme
majority label baseline: 22.99
per word majority baseline: 61.65
random seed: 1
num epochs: 64
accuracy: 81.48
----
random seed: 2
num epochs: 64
accuracy: 78.27
----
random seed: 3
num epochs: 64
accuracy: 80.78
----
random seed: 4
num epochs: 64
accuracy: 78.39
----
all trials finished
mean epochs: 64.0
mean accuracy: 79.73
standard deviation: 1.42
########
Beginning POS evaluation for et
majority label baseline: 19.97
per word majority baseline: 69.37
random seed: 1
num epochs: 64
accuracy: 95.03
----
random seed: 2
num epochs: 58
accuracy: 94.91
----
random seed: 3
num epochs: 64
accuracy: 94.99
----
random seed: 4
num epochs: 64
accuracy: 95.31
----
all trials finished
mean epochs: 62.5
mean accuracy: 95.06
standard deviation: 0.15
########
Beginning POS evaluation for fi
majority label baseline: 23.24
per word majority baseline: 70.78
random seed: 1
num epochs: 60
accuracy: 96.97
----
random seed: 2
num epochs: 64
accuracy: 97.32
----
random seed: 3
num epochs: 62
accuracy: 97.32
----
random seed: 4
num epochs: 50
accuracy: 97.18
----
all trials finished
mean epochs: 59.0
mean accuracy: 97.2
standard deviation: 0.14
########
Beginning POS evaluation for hu
majority label baseline: 22.42
per word majority baseline: 60.37
random seed: 1
num epochs: 64
accuracy: 94.59
----
random seed: 2
num epochs: 64
accuracy: 93.97
----
random seed: 3
num epochs: 64
accuracy: 95.42
----
random seed: 4
num epochs: 64
accuracy: 95.17
----
all trials finished
mean epochs: 64.0
mean accuracy: 94.79
standard deviation: 0.56
########
Beginning POS evaluation for ru
majority label baseline: 23.84
per word majority baseline: 88.62
random seed: 1
num epochs: 60
accuracy: 98.43
----
random seed: 2
num epochs: 44
accuracy: 98.42
----
random seed: 3
num epochs: 64
accuracy: 98.47
----
random seed: 4
num epochs: 56
accuracy: 98.45
----
all trials finished
mean epochs: 56.0
mean accuracy: 98.44
standard deviation: 0.02
