Config file: configs/uralic_uas_zero-shot_xlmr-lapt_alpha005_emb32k.yml
Pytorch version: 1.13.1
Pytorch CUDA version: 11.7
GPUs available: True
Doing zero-shot transfer from source uralic to languages kpv, krl, mdf, olo, sms
For file: data/ud-uralic/uralic_ud-train.conllu  words without a head: 413
For file: data/ud-uralic/uralic_ud-dev.conllu  words without a head: 67
random seed: 1
num epochs: 64
kpv accuracy: 67.31
krl accuracy: 64.67
mdf accuracy: 64.62
olo accuracy: 62.57
sms accuracy: 42.58
----
random seed: 2
num epochs: 62
kpv accuracy: 67.61
krl accuracy: 64.87
mdf accuracy: 63.98
olo accuracy: 64.72
sms accuracy: 42.44
----
random seed: 3
num epochs: 64
kpv accuracy: 67.26
krl accuracy: 64.9
mdf accuracy: 64.57
olo accuracy: 63.78
sms accuracy: 42.85
----
random seed: 4
num epochs: 64
kpv accuracy: 67.88
krl accuracy: 64.58
mdf accuracy: 64.18
olo accuracy: 65.39
sms accuracy: 42.85
----
all trials finished
mean epochs: 63.5
kpv mean accuracy: 67.52
kpv standard deviation: 0.25
krl mean accuracy: 64.75
krl standard deviation: 0.13
mdf mean accuracy: 64.33
mdf standard deviation: 0.27
olo mean accuracy: 64.11
olo standard deviation: 1.06
sms mean accuracy: 42.68
sms standard deviation: 0.18
