Config file: configs/uralic_pos_few-shot_xlmr-lapt_alpha02_emb128k.yml
Pytorch version: 1.13.1
Pytorch CUDA version: 11.7
GPUs available: True
########
Beginning POS evaluation for myv
majority label baseline: 24.14
per word majority baseline: 55.97
random seed: 1
num epochs: 64
accuracy: 66.24
----
random seed: 2
num epochs: 64
accuracy: 57.11
----
random seed: 3
num epochs: 48
accuracy: 61.06
----
random seed: 4
num epochs: 64
accuracy: 68.33
----
all trials finished
mean epochs: 60.0
mean accuracy: 63.19
standard deviation: 4.39
########
Beginning POS evaluation for sme
majority label baseline: 22.99
per word majority baseline: 61.65
random seed: 1
num epochs: 64
accuracy: 66.15
----
random seed: 2
num epochs: 64
accuracy: 63.46
----
random seed: 3
num epochs: 58
accuracy: 61.65
----
random seed: 4
num epochs: 64
accuracy: 59.02
----
all trials finished
mean epochs: 62.5
mean accuracy: 62.57
standard deviation: 2.6
########
Beginning POS evaluation for et
majority label baseline: 19.97
per word majority baseline: 69.37
random seed: 1
num epochs: 64
accuracy: 80.75
----
random seed: 2
num epochs: 64
accuracy: 83.78
----
random seed: 3
num epochs: 62
accuracy: 78.49
----
random seed: 4
num epochs: 64
accuracy: 82.7
----
all trials finished
mean epochs: 63.5
mean accuracy: 81.43
standard deviation: 2.01
########
Beginning POS evaluation for fi
majority label baseline: 23.24
per word majority baseline: 70.78
random seed: 1
num epochs: 64
accuracy: 75.02
----
random seed: 2
num epochs: 64
accuracy: 82.38
----
random seed: 3
num epochs: 64
accuracy: 76.22
----
random seed: 4
num epochs: 62
accuracy: 80.82
----
all trials finished
mean epochs: 63.5
mean accuracy: 78.61
standard deviation: 3.07
########
Beginning POS evaluation for hu
majority label baseline: 22.42
per word majority baseline: 60.37
random seed: 1
num epochs: 64
accuracy: 86.49
----
random seed: 2
num epochs: 64
accuracy: 88.95
----
random seed: 3
num epochs: 64
accuracy: 88.28
----
random seed: 4
num epochs: 64
accuracy: 89.76
----
all trials finished
mean epochs: 64.0
mean accuracy: 88.37
standard deviation: 1.21
########
Beginning POS evaluation for ru
majority label baseline: 23.84
per word majority baseline: 88.62
random seed: 1
num epochs: 64
accuracy: 86.76
----
random seed: 2
num epochs: 64
accuracy: 85.97
----
random seed: 3
num epochs: 64
accuracy: 86.39
----
random seed: 4
num epochs: 64
accuracy: 86.83
----
all trials finished
mean epochs: 64.0
mean accuracy: 86.49
standard deviation: 0.34
