Config file: configs/uralic_pos_full-train_xlmr-lapt_alpha02_emb128k_200k.yml
Pytorch version: 1.13.1
Pytorch CUDA version: 11.7
GPUs available: True
########
Beginning POS evaluation for myv
majority label baseline: 24.14
per word majority baseline: 55.97
random seed: 1
num epochs: 64
accuracy: 79.28
----
random seed: 2
num epochs: 62
accuracy: 79.21
----
random seed: 3
num epochs: 64
accuracy: 75.78
----
random seed: 4
num epochs: 60
accuracy: 78.32
----
all trials finished
mean epochs: 62.5
mean accuracy: 78.15
standard deviation: 1.42
########
Beginning POS evaluation for sme
majority label baseline: 22.99
per word majority baseline: 61.65
random seed: 1
num epochs: 64
accuracy: 84.14
----
random seed: 2
num epochs: 64
accuracy: 86.85
----
random seed: 3
num epochs: 64
accuracy: 84.89
----
random seed: 4
num epochs: 64
accuracy: 87.21
----
all trials finished
mean epochs: 64.0
mean accuracy: 85.77
standard deviation: 1.3
########
Beginning POS evaluation for et
majority label baseline: 19.97
per word majority baseline: 69.37
random seed: 1
num epochs: 58
accuracy: 95.77
----
random seed: 2
num epochs: 64
accuracy: 95.4
----
random seed: 3
num epochs: 58
accuracy: 95.13
----
random seed: 4
num epochs: 64
accuracy: 95.18
----
all trials finished
mean epochs: 61.0
mean accuracy: 95.37
standard deviation: 0.25
########
Beginning POS evaluation for fi
majority label baseline: 23.24
per word majority baseline: 70.78
random seed: 1
num epochs: 62
accuracy: 97.37
----
random seed: 2
num epochs: 64
accuracy: 97.3
----
random seed: 3
num epochs: 62
accuracy: 97.27
----
random seed: 4
num epochs: 62
accuracy: 97.33
----
all trials finished
mean epochs: 62.5
mean accuracy: 97.32
standard deviation: 0.03
########
Beginning POS evaluation for hu
majority label baseline: 22.42
per word majority baseline: 60.37
random seed: 1
num epochs: 64
accuracy: 95.66
----
random seed: 2
num epochs: 62
accuracy: 95.92
----
random seed: 3
num epochs: 62
accuracy: 95.71
----
random seed: 4
num epochs: 62
accuracy: 95.62
----
all trials finished
mean epochs: 62.5
mean accuracy: 95.73
standard deviation: 0.12
########
Beginning POS evaluation for ru
majority label baseline: 23.84
per word majority baseline: 88.62
random seed: 1
num epochs: 52
accuracy: 98.42
----
random seed: 2
num epochs: 32
accuracy: 98.41
----
random seed: 3
num epochs: 62
accuracy: 98.48
----
random seed: 4
num epochs: 64
accuracy: 98.51
----
all trials finished
mean epochs: 52.5
mean accuracy: 98.46
standard deviation: 0.04
