Config file: configs/uralic_uas_full-train_xlmr-lapt_alpha02_emb64k.yml
Pytorch version: 1.13.1
Pytorch CUDA version: 11.7
GPUs available: True
########
Beginning UAS evaluation for myv
majority label baseline: 13.28
per word majority baseline: 7.28
random seed: 1
num epochs: 62
accuracy: 58.26
----
random seed: 2
num epochs: 64
accuracy: 61.32
----
random seed: 3
num epochs: 64
accuracy: 60.62
----
random seed: 4
num epochs: 62
accuracy: 55.91
----
all trials finished
mean epochs: 63.0
mean accuracy: 59.03
standard deviation: 2.13
########
Beginning UAS evaluation for sme
majority label baseline: 20.07
per word majority baseline: 11.82
random seed: 1
num epochs: 64
accuracy: 58.07
----
random seed: 2
num epochs: 58
accuracy: 56.44
----
random seed: 3
num epochs: 36
accuracy: 51.06
----
random seed: 4
num epochs: 64
accuracy: 60.82
----
all trials finished
mean epochs: 55.5
mean accuracy: 56.6
standard deviation: 3.56
########
Beginning UAS evaluation for et
For file: data/ud-uralic/et_ewt-ud-train.conllu  words without a head: 75
For file: data/ud-uralic/et_ewt-ud-dev.conllu  words without a head: 10
For file: data/ud-uralic/et_ewt-ud-test.conllu  words without a head: 23
majority label baseline: 8.07
per word majority baseline: 8.32
random seed: 1
num epochs: 64
accuracy: 84.64
----
random seed: 2
num epochs: 54
accuracy: 83.58
----
random seed: 3
num epochs: 62
accuracy: 84.81
----
random seed: 4
num epochs: 64
accuracy: 86.14
----
all trials finished
mean epochs: 61.0
mean accuracy: 84.79
standard deviation: 0.91
########
Beginning UAS evaluation for fi
majority label baseline: 11.78
per word majority baseline: 14.91
random seed: 1
num epochs: 64
accuracy: 93.28
----
random seed: 2
num epochs: 64
accuracy: 93.45
----
random seed: 3
num epochs: 62
accuracy: 93.44
----
random seed: 4
num epochs: 64
accuracy: 93.23
----
all trials finished
mean epochs: 63.5
mean accuracy: 93.35
standard deviation: 0.1
########
Beginning UAS evaluation for hu
majority label baseline: 4.67
per word majority baseline: 4.92
random seed: 1
num epochs: 64
accuracy: 80.2
----
random seed: 2
num epochs: 64
accuracy: 83.14
----
random seed: 3
num epochs: 64
accuracy: 79.55
----
random seed: 4
num epochs: 64
accuracy: 81.62
----
all trials finished
mean epochs: 64.0
mean accuracy: 81.13
standard deviation: 1.38
########
Beginning UAS evaluation for ru
For file: data/ud-uralic/ru_syntagrus-ud-train.conllu  words without a head: 1662
For file: data/ud-uralic/ru_syntagrus-ud-dev.conllu  words without a head: 265
For file: data/ud-uralic/ru_syntagrus-ud-test.conllu  words without a head: 271
majority label baseline: 6.34
per word majority baseline: 10.15
random seed: 1
num epochs: 64
accuracy: 94.69
----
random seed: 2
num epochs: 64
accuracy: 94.73
----
random seed: 3
num epochs: 56
accuracy: 94.57
----
random seed: 4
num epochs: 64
accuracy: 94.78
----
all trials finished
mean epochs: 62.0
mean accuracy: 94.69
standard deviation: 0.08
