Config file: configs/uralic_pos_few-shot_xlmr-lapt_alpha01_full-voc.yml
Pytorch version: 1.13.1
Pytorch CUDA version: 11.7
GPUs available: True
########
Beginning POS evaluation for myv
majority label baseline: 24.14
per word majority baseline: 55.97
random seed: 1
num epochs: 64
accuracy: 69.12
----
random seed: 2
num epochs: 64
accuracy: 67.77
----
random seed: 3
num epochs: 62
accuracy: 67.74
----
random seed: 4
num epochs: 64
accuracy: 66.93
----
all trials finished
mean epochs: 63.5
mean accuracy: 67.89
standard deviation: 0.79
########
Beginning POS evaluation for sme
majority label baseline: 22.99
per word majority baseline: 61.65
random seed: 1
num epochs: 64
accuracy: 65.01
----
random seed: 2
num epochs: 64
accuracy: 64.77
----
random seed: 3
num epochs: 62
accuracy: 63.38
----
random seed: 4
num epochs: 58
accuracy: 69.03
----
all trials finished
mean epochs: 62.0
mean accuracy: 65.55
standard deviation: 2.11
########
Beginning POS evaluation for et
majority label baseline: 19.97
per word majority baseline: 69.37
random seed: 1
num epochs: 64
accuracy: 78.8
----
random seed: 2
num epochs: 64
accuracy: 77.58
----
random seed: 3
num epochs: 64
accuracy: 75.9
----
random seed: 4
num epochs: 64
accuracy: 72.34
----
all trials finished
mean epochs: 64.0
mean accuracy: 76.16
standard deviation: 2.43
########
Beginning POS evaluation for fi
majority label baseline: 23.24
per word majority baseline: 70.78
random seed: 1
num epochs: 64
accuracy: 79.39
----
random seed: 2
num epochs: 64
accuracy: 79.02
----
random seed: 3
num epochs: 64
accuracy: 65.36
----
random seed: 4
num epochs: 64
accuracy: 81.16
----
all trials finished
mean epochs: 64.0
mean accuracy: 76.23
standard deviation: 6.33
########
Beginning POS evaluation for hu
majority label baseline: 22.42
per word majority baseline: 60.37
random seed: 1
num epochs: 64
accuracy: 87.11
----
random seed: 2
num epochs: 64
accuracy: 80.71
----
random seed: 3
num epochs: 64
accuracy: 82.04
----
random seed: 4
num epochs: 64
accuracy: 88.15
----
all trials finished
mean epochs: 64.0
mean accuracy: 84.5
standard deviation: 3.18
########
Beginning POS evaluation for ru
majority label baseline: 23.84
per word majority baseline: 88.62
random seed: 1
num epochs: 64
accuracy: 85.94
----
random seed: 2
num epochs: 64
accuracy: 91.95
----
random seed: 3
num epochs: 64
accuracy: 88.45
----
random seed: 4
num epochs: 64
accuracy: 86.36
----
all trials finished
mean epochs: 64.0
mean accuracy: 88.18
standard deviation: 2.38
