Config file: configs/uralic_uas_full-train_xlmr-ots.yml
Pytorch version: 1.13.1
Pytorch CUDA version: 11.7
GPUs available: True
########
Beginning UAS evaluation for myv
majority label baseline: 13.28
per word majority baseline: 7.28
random seed: 1
num epochs: 64
accuracy: 42.63
----
random seed: 2
num epochs: 64
accuracy: 40.59
----
random seed: 3
num epochs: 64
accuracy: 36.03
----
random seed: 4
num epochs: 64
accuracy: 40.14
----
all trials finished
mean epochs: 64.0
mean accuracy: 39.85
standard deviation: 2.4
########
Beginning UAS evaluation for sme
majority label baseline: 20.07
per word majority baseline: 11.82
random seed: 1
num epochs: 52
accuracy: 34.16
----
random seed: 2
num epochs: 50
accuracy: 33.95
----
random seed: 3
num epochs: 62
accuracy: 34.17
----
random seed: 4
num epochs: 44
accuracy: 32.29
----
all trials finished
mean epochs: 52.0
mean accuracy: 33.64
standard deviation: 0.79
########
Beginning UAS evaluation for et
For file: data/ud-uralic/et_ewt-ud-train.conllu  words without a head: 75
For file: data/ud-uralic/et_ewt-ud-dev.conllu  words without a head: 10
For file: data/ud-uralic/et_ewt-ud-test.conllu  words without a head: 23
majority label baseline: 8.07
per word majority baseline: 8.32
random seed: 1
num epochs: 64
accuracy: 83.71
----
random seed: 2
num epochs: 58
accuracy: 83.55
----
random seed: 3
num epochs: 62
accuracy: 83.17
----
random seed: 4
num epochs: 64
accuracy: 84.84
----
all trials finished
mean epochs: 62.0
mean accuracy: 83.82
standard deviation: 0.62
########
Beginning UAS evaluation for fi
majority label baseline: 11.78
per word majority baseline: 14.91
random seed: 1
num epochs: 64
accuracy: 93.99
----
random seed: 2
num epochs: 64
accuracy: 93.96
----
random seed: 3
num epochs: 60
accuracy: 93.81
----
random seed: 4
num epochs: 62
accuracy: 93.95
----
all trials finished
mean epochs: 62.5
mean accuracy: 93.93
standard deviation: 0.07
########
Beginning UAS evaluation for hu
majority label baseline: 4.67
per word majority baseline: 4.92
random seed: 1
num epochs: 64
accuracy: 77.42
----
random seed: 2
num epochs: 64
accuracy: 76.77
----
random seed: 3
num epochs: 64
accuracy: 73.26
----
random seed: 4
num epochs: 64
accuracy: 78.31
----
all trials finished
mean epochs: 64.0
mean accuracy: 76.44
standard deviation: 1.92
########
Beginning UAS evaluation for ru
For file: data/ud-uralic/ru_syntagrus-ud-train.conllu  words without a head: 1662
For file: data/ud-uralic/ru_syntagrus-ud-dev.conllu  words without a head: 265
For file: data/ud-uralic/ru_syntagrus-ud-test.conllu  words without a head: 271
majority label baseline: 6.34
per word majority baseline: 10.15
random seed: 1
num epochs: 62
accuracy: 94.76
----
random seed: 2
num epochs: 62
accuracy: 94.81
----
random seed: 3
num epochs: 64
accuracy: 94.93
----
random seed: 4
num epochs: 64
accuracy: 94.82
----
all trials finished
mean epochs: 63.0
mean accuracy: 94.83
standard deviation: 0.06
