Config file: configs/uralic_pos_full-train_xlmr-lapt_alpha02_emb32k_40mil.yml
Pytorch version: 1.13.1
Pytorch CUDA version: 11.7
GPUs available: True
########
Beginning POS evaluation for myv
majority label baseline: 24.14
per word majority baseline: 55.97
random seed: 1
num epochs: 56
accuracy: 78.45
----
random seed: 2
num epochs: 60
accuracy: 79.68
----
random seed: 3
num epochs: 64
accuracy: 79.08
----
random seed: 4
num epochs: 64
accuracy: 79.64
----
all trials finished
mean epochs: 61.0
mean accuracy: 79.21
standard deviation: 0.5
########
Beginning POS evaluation for sme
majority label baseline: 22.99
per word majority baseline: 61.65
random seed: 1
num epochs: 64
accuracy: 83.6
----
random seed: 2
num epochs: 64
accuracy: 86.32
----
random seed: 3
num epochs: 62
accuracy: 84.04
----
random seed: 4
num epochs: 62
accuracy: 83.62
----
all trials finished
mean epochs: 63.0
mean accuracy: 84.39
standard deviation: 1.13
########
Beginning POS evaluation for et
majority label baseline: 19.97
per word majority baseline: 69.37
random seed: 1
num epochs: 60
accuracy: 95.28
----
random seed: 2
num epochs: 64
accuracy: 95.51
----
random seed: 3
num epochs: 64
accuracy: 95.59
----
random seed: 4
num epochs: 40
accuracy: 94.93
----
all trials finished
mean epochs: 57.0
mean accuracy: 95.33
standard deviation: 0.26
########
Beginning POS evaluation for fi
majority label baseline: 23.24
per word majority baseline: 70.78
random seed: 1
num epochs: 64
accuracy: 97.42
----
random seed: 2
num epochs: 58
accuracy: 97.36
----
random seed: 3
num epochs: 62
accuracy: 97.14
----
random seed: 4
num epochs: 64
accuracy: 97.26
----
all trials finished
mean epochs: 62.0
mean accuracy: 97.3
standard deviation: 0.11
########
Beginning POS evaluation for hu
majority label baseline: 22.42
per word majority baseline: 60.37
random seed: 1
num epochs: 64
accuracy: 95.34
----
random seed: 2
num epochs: 64
accuracy: 95.48
----
random seed: 3
num epochs: 64
accuracy: 95.74
----
random seed: 4
num epochs: 64
accuracy: 95.82
----
all trials finished
mean epochs: 64.0
mean accuracy: 95.59
standard deviation: 0.19
########
Beginning POS evaluation for ru
majority label baseline: 23.84
per word majority baseline: 88.62
random seed: 1
num epochs: 64
accuracy: 98.48
----
random seed: 2
num epochs: 44
accuracy: 98.42
----
random seed: 3
num epochs: 32
accuracy: 98.42
----
random seed: 4
num epochs: 46
accuracy: 98.45
----
all trials finished
mean epochs: 46.5
mean accuracy: 98.44
standard deviation: 0.03
