Config file: configs/uralic_uas_full-train_xlmr-lapt_alpha01_emb128k_200k.yml
Pytorch version: 1.13.1
Pytorch CUDA version: 11.7
GPUs available: True
########
Beginning UAS evaluation for myv
majority label baseline: 13.28
per word majority baseline: 7.28
random seed: 1
num epochs: 64
accuracy: 67.71
----
random seed: 2
num epochs: 64
accuracy: 68.86
----
random seed: 3
num epochs: 64
accuracy: 68.77
----
random seed: 4
num epochs: 62
accuracy: 67.22
----
all trials finished
mean epochs: 63.5
mean accuracy: 68.14
standard deviation: 0.7
########
Beginning UAS evaluation for sme
majority label baseline: 20.07
per word majority baseline: 11.82
random seed: 1
num epochs: 60
accuracy: 69.1
----
random seed: 2
num epochs: 36
accuracy: 63.46
----
random seed: 3
num epochs: 60
accuracy: 70.02
----
random seed: 4
num epochs: 62
accuracy: 70.46
----
all trials finished
mean epochs: 54.5
mean accuracy: 68.26
standard deviation: 2.82
########
Beginning UAS evaluation for et
For file: data/ud-uralic/et_ewt-ud-train.conllu  words without a head: 75
For file: data/ud-uralic/et_ewt-ud-dev.conllu  words without a head: 10
For file: data/ud-uralic/et_ewt-ud-test.conllu  words without a head: 23
majority label baseline: 8.07
per word majority baseline: 8.32
random seed: 1
num epochs: 56
accuracy: 84.38
----
random seed: 2
num epochs: 58
accuracy: 86.31
----
random seed: 3
num epochs: 48
accuracy: 84.1
----
random seed: 4
num epochs: 64
accuracy: 85.32
----
all trials finished
mean epochs: 56.5
mean accuracy: 85.03
standard deviation: 0.86
########
Beginning UAS evaluation for fi
majority label baseline: 11.78
per word majority baseline: 14.91
random seed: 1
num epochs: 60
accuracy: 93.53
----
random seed: 2
num epochs: 64
accuracy: 93.53
----
random seed: 3
num epochs: 64
accuracy: 93.6
----
random seed: 4
num epochs: 64
accuracy: 93.41
----
all trials finished
mean epochs: 63.0
mean accuracy: 93.52
standard deviation: 0.07
########
Beginning UAS evaluation for hu
majority label baseline: 4.67
per word majority baseline: 4.92
random seed: 1
num epochs: 64
accuracy: 84.64
----
random seed: 2
num epochs: 64
accuracy: 85.04
----
random seed: 3
num epochs: 64
accuracy: 85.15
----
random seed: 4
num epochs: 64
accuracy: 80.95
----
all trials finished
mean epochs: 64.0
mean accuracy: 83.94
standard deviation: 1.74
########
Beginning UAS evaluation for ru
For file: data/ud-uralic/ru_syntagrus-ud-train.conllu  words without a head: 1662
For file: data/ud-uralic/ru_syntagrus-ud-dev.conllu  words without a head: 265
For file: data/ud-uralic/ru_syntagrus-ud-test.conllu  words without a head: 271
majority label baseline: 6.34
per word majority baseline: 10.15
random seed: 1
num epochs: 56
accuracy: 94.76
----
random seed: 2
num epochs: 36
accuracy: 94.51
----
random seed: 3
num epochs: 64
accuracy: 94.72
----
random seed: 4
num epochs: 64
accuracy: 94.89
----
all trials finished
mean epochs: 55.0
mean accuracy: 94.72
standard deviation: 0.14
