Config file: configs/uralic_uas_few-shot_xlmr-lapt_alpha02_emb16k_200k.yml
Pytorch version: 1.13.1
Pytorch CUDA version: 11.7
GPUs available: True
########
Beginning UAS evaluation for myv
majority label baseline: 13.28
per word majority baseline: 7.28
random seed: 1
num epochs: 64
accuracy: 53.19
----
random seed: 2
num epochs: 62
accuracy: 52.94
----
random seed: 3
num epochs: 64
accuracy: 55.23
----
random seed: 4
num epochs: 62
accuracy: 52.85
----
all trials finished
mean epochs: 63.0
mean accuracy: 53.55
standard deviation: 0.98
########
Beginning UAS evaluation for sme
majority label baseline: 20.07
per word majority baseline: 11.82
random seed: 1
num epochs: 62
accuracy: 41.22
----
random seed: 2
num epochs: 64
accuracy: 46.24
----
random seed: 3
num epochs: 64
accuracy: 46.27
----
random seed: 4
num epochs: 56
accuracy: 42.14
----
all trials finished
mean epochs: 61.5
mean accuracy: 43.97
standard deviation: 2.31
########
Beginning UAS evaluation for et
For file: data/ud-uralic/et_ewt-ud-train.conllu  words without a head: 75
For file: data/ud-uralic/et_ewt-ud-dev.conllu  words without a head: 10
For file: data/ud-uralic/et_ewt-ud-test.conllu  words without a head: 23
majority label baseline: 8.07
per word majority baseline: 8.32
random seed: 1
num epochs: 64
accuracy: 55.09
----
random seed: 2
num epochs: 64
accuracy: 51.05
----
random seed: 3
num epochs: 64
accuracy: 53.3
----
random seed: 4
num epochs: 64
accuracy: 52.3
----
all trials finished
mean epochs: 64.0
mean accuracy: 52.93
standard deviation: 1.48
########
Beginning UAS evaluation for fi
majority label baseline: 11.78
per word majority baseline: 14.91
random seed: 1
num epochs: 64
accuracy: 68.8
----
random seed: 2
num epochs: 62
accuracy: 73.26
----
random seed: 3
num epochs: 64
accuracy: 71.12
----
random seed: 4
num epochs: 64
accuracy: 68.38
----
all trials finished
mean epochs: 63.5
mean accuracy: 70.39
standard deviation: 1.96
########
Beginning UAS evaluation for hu
majority label baseline: 4.67
per word majority baseline: 4.92
random seed: 1
num epochs: 64
accuracy: 69.59
----
random seed: 2
num epochs: 64
accuracy: 69.05
----
random seed: 3
num epochs: 64
accuracy: 67.16
----
random seed: 4
num epochs: 64
accuracy: 68.8
----
all trials finished
mean epochs: 64.0
mean accuracy: 68.65
standard deviation: 0.91
########
Beginning UAS evaluation for ru
For file: data/ud-uralic/ru_syntagrus-ud-train.conllu  words without a head: 1662
For file: data/ud-uralic/ru_syntagrus-ud-dev.conllu  words without a head: 265
For file: data/ud-uralic/ru_syntagrus-ud-test.conllu  words without a head: 271
majority label baseline: 6.34
per word majority baseline: 10.15
random seed: 1
num epochs: 64
accuracy: 73.41
----
random seed: 2
num epochs: 64
accuracy: 72.39
----
random seed: 3
num epochs: 64
accuracy: 69.14
----
random seed: 4
num epochs: 64
accuracy: 73.06
----
all trials finished
mean epochs: 64.0
mean accuracy: 72.0
standard deviation: 1.69
