Config file: configs/uralic_uas_few-shot_xlmr-lapt_alpha02_emb32k.yml
Pytorch version: 1.13.1
Pytorch CUDA version: 11.7
GPUs available: True
########
Beginning UAS evaluation for myv
majority label baseline: 13.28
per word majority baseline: 7.28
random seed: 1
num epochs: 62
accuracy: 49.57
----
random seed: 2
num epochs: 60
accuracy: 46.42
----
random seed: 3
num epochs: 64
accuracy: 46.68
----
random seed: 4
num epochs: 64
accuracy: 48.91
----
all trials finished
mean epochs: 62.5
mean accuracy: 47.9
standard deviation: 1.37
########
Beginning UAS evaluation for sme
majority label baseline: 20.07
per word majority baseline: 11.82
random seed: 1
num epochs: 64
accuracy: 35.41
----
random seed: 2
num epochs: 64
accuracy: 35.57
----
random seed: 3
num epochs: 54
accuracy: 32.99
----
random seed: 4
num epochs: 54
accuracy: 34.99
----
all trials finished
mean epochs: 59.0
mean accuracy: 34.74
standard deviation: 1.03
########
Beginning UAS evaluation for et
For file: data/ud-uralic/et_ewt-ud-train.conllu  words without a head: 75
For file: data/ud-uralic/et_ewt-ud-dev.conllu  words without a head: 10
For file: data/ud-uralic/et_ewt-ud-test.conllu  words without a head: 23
majority label baseline: 8.07
per word majority baseline: 8.32
random seed: 1
num epochs: 64
accuracy: 51.16
----
random seed: 2
num epochs: 64
accuracy: 50.12
----
random seed: 3
num epochs: 64
accuracy: 54.05
----
random seed: 4
num epochs: 62
accuracy: 51.61
----
all trials finished
mean epochs: 63.5
mean accuracy: 51.73
standard deviation: 1.44
########
Beginning UAS evaluation for fi
majority label baseline: 11.78
per word majority baseline: 14.91
random seed: 1
num epochs: 62
accuracy: 68.18
----
random seed: 2
num epochs: 64
accuracy: 69.59
----
random seed: 3
num epochs: 64
accuracy: 72.2
----
random seed: 4
num epochs: 64
accuracy: 68.18
----
all trials finished
mean epochs: 63.5
mean accuracy: 69.54
standard deviation: 1.64
########
Beginning UAS evaluation for hu
majority label baseline: 4.67
per word majority baseline: 4.92
random seed: 1
num epochs: 64
accuracy: 62.7
----
random seed: 2
num epochs: 64
accuracy: 64.85
----
random seed: 3
num epochs: 64
accuracy: 64.54
----
random seed: 4
num epochs: 64
accuracy: 68.19
----
all trials finished
mean epochs: 64.0
mean accuracy: 65.07
standard deviation: 1.98
########
Beginning UAS evaluation for ru
For file: data/ud-uralic/ru_syntagrus-ud-train.conllu  words without a head: 1662
For file: data/ud-uralic/ru_syntagrus-ud-dev.conllu  words without a head: 265
For file: data/ud-uralic/ru_syntagrus-ud-test.conllu  words without a head: 271
majority label baseline: 6.34
per word majority baseline: 10.15
random seed: 1
num epochs: 64
accuracy: 65.04
----
random seed: 2
num epochs: 64
accuracy: 69.94
----
random seed: 3
num epochs: 64
accuracy: 74.19
----
random seed: 4
num epochs: 64
accuracy: 71.86
----
all trials finished
mean epochs: 64.0
mean accuracy: 70.26
standard deviation: 3.37
