Config file: configs/uralic_uas_zero-shot_xlmr-lapt_alpha02_emb16k_400k.yml
Pytorch version: 1.13.1
Pytorch CUDA version: 11.7
GPUs available: True
Doing zero-shot transfer from source uralic to languages kpv, krl, mdf, olo, sms
For file: data/ud-uralic/uralic_ud-train.conllu  words without a head: 413
For file: data/ud-uralic/uralic_ud-dev.conllu  words without a head: 67
random seed: 1
num epochs: 64
kpv accuracy: 72.68
krl accuracy: 65.71
mdf accuracy: 68.51
olo accuracy: 65.52
sms accuracy: 41.16
----
random seed: 2
num epochs: 64
kpv accuracy: 72.25
krl accuracy: 67.19
mdf accuracy: 68.71
olo accuracy: 67.61
sms accuracy: 43.99
----
random seed: 3
num epochs: 64
kpv accuracy: 72.39
krl accuracy: 65.61
mdf accuracy: 68.59
olo accuracy: 65.39
sms accuracy: 43.58
----
random seed: 4
num epochs: 64
kpv accuracy: 72.68
krl accuracy: 65.35
mdf accuracy: 68.81
olo accuracy: 64.99
sms accuracy: 41.06
----
all trials finished
mean epochs: 64.0
kpv mean accuracy: 72.5
kpv standard deviation: 0.19
krl mean accuracy: 65.97
krl standard deviation: 0.72
mdf mean accuracy: 68.65
mdf standard deviation: 0.11
olo mean accuracy: 65.88
olo standard deviation: 1.02
sms mean accuracy: 42.45
sms standard deviation: 1.35
