Config file: configs/uralic_uas_few-shot_xlmr-lapt_alpha02_full-voc_200k.yml
Pytorch version: 1.13.1
Pytorch CUDA version: 11.7
GPUs available: True
########
Beginning UAS evaluation for myv
majority label baseline: 13.28
per word majority baseline: 7.28
random seed: 1
num epochs: 64
accuracy: 49.76
----
random seed: 2
num epochs: 64
accuracy: 50.56
----
random seed: 3
num epochs: 64
accuracy: 50.59
----
random seed: 4
num epochs: 58
accuracy: 50.51
----
all trials finished
mean epochs: 62.5
mean accuracy: 50.36
standard deviation: 0.35
########
Beginning UAS evaluation for sme
majority label baseline: 20.07
per word majority baseline: 11.82
random seed: 1
num epochs: 60
accuracy: 38.65
----
random seed: 2
num epochs: 64
accuracy: 46.4
----
random seed: 3
num epochs: 64
accuracy: 45.67
----
random seed: 4
num epochs: 62
accuracy: 43.78
----
all trials finished
mean epochs: 62.5
mean accuracy: 43.63
standard deviation: 3.03
########
Beginning UAS evaluation for et
For file: data/ud-uralic/et_ewt-ud-train.conllu  words without a head: 75
For file: data/ud-uralic/et_ewt-ud-dev.conllu  words without a head: 10
For file: data/ud-uralic/et_ewt-ud-test.conllu  words without a head: 23
majority label baseline: 8.07
per word majority baseline: 8.32
random seed: 1
num epochs: 64
accuracy: 47.49
----
random seed: 2
num epochs: 64
accuracy: 50.16
----
random seed: 3
num epochs: 64
accuracy: 52.84
----
random seed: 4
num epochs: 64
accuracy: 50.64
----
all trials finished
mean epochs: 64.0
mean accuracy: 50.28
standard deviation: 1.9
########
Beginning UAS evaluation for fi
majority label baseline: 11.78
per word majority baseline: 14.91
random seed: 1
num epochs: 64
accuracy: 66.95
----
random seed: 2
num epochs: 64
accuracy: 69.19
----
random seed: 3
num epochs: 64
accuracy: 70.34
----
random seed: 4
num epochs: 64
accuracy: 67.04
----
all trials finished
mean epochs: 64.0
mean accuracy: 68.38
standard deviation: 1.44
########
Beginning UAS evaluation for hu
majority label baseline: 4.67
per word majority baseline: 4.92
random seed: 1
num epochs: 64
accuracy: 67.32
----
random seed: 2
num epochs: 64
accuracy: 71.2
----
random seed: 3
num epochs: 64
accuracy: 68.55
----
random seed: 4
num epochs: 64
accuracy: 70.33
----
all trials finished
mean epochs: 64.0
mean accuracy: 69.35
standard deviation: 1.51
########
Beginning UAS evaluation for ru
For file: data/ud-uralic/ru_syntagrus-ud-train.conllu  words without a head: 1662
For file: data/ud-uralic/ru_syntagrus-ud-dev.conllu  words without a head: 265
For file: data/ud-uralic/ru_syntagrus-ud-test.conllu  words without a head: 271
majority label baseline: 6.34
per word majority baseline: 10.15
random seed: 1
num epochs: 64
accuracy: 61.69
----
random seed: 2
num epochs: 64
accuracy: 67.15
----
random seed: 3
num epochs: 64
accuracy: 71.26
----
random seed: 4
num epochs: 64
accuracy: 67.24
----
all trials finished
mean epochs: 64.0
mean accuracy: 66.83
standard deviation: 3.4
