Config file: configs/uralic_uas_full-train_xlmr-lapt_alpha02_emb32k_200k.yml
Pytorch version: 1.13.1
Pytorch CUDA version: 11.7
GPUs available: True
########
Beginning UAS evaluation for myv
majority label baseline: 13.28
per word majority baseline: 7.28
random seed: 1
num epochs: 62
accuracy: 65.09
----
random seed: 2
num epochs: 64
accuracy: 63.93
----
random seed: 3
num epochs: 64
accuracy: 63.94
----
random seed: 4
num epochs: 64
accuracy: 64.41
----
all trials finished
mean epochs: 63.5
mean accuracy: 64.34
standard deviation: 0.47
########
Beginning UAS evaluation for sme
majority label baseline: 20.07
per word majority baseline: 11.82
random seed: 1
num epochs: 64
accuracy: 67.13
----
random seed: 2
num epochs: 60
accuracy: 64.89
----
random seed: 3
num epochs: 64
accuracy: 67.86
----
random seed: 4
num epochs: 58
accuracy: 66.0
----
all trials finished
mean epochs: 61.5
mean accuracy: 66.47
standard deviation: 1.13
########
Beginning UAS evaluation for et
For file: data/ud-uralic/et_ewt-ud-train.conllu  words without a head: 75
For file: data/ud-uralic/et_ewt-ud-dev.conllu  words without a head: 10
For file: data/ud-uralic/et_ewt-ud-test.conllu  words without a head: 23
majority label baseline: 8.07
per word majority baseline: 8.32
random seed: 1
num epochs: 56
accuracy: 84.36
----
random seed: 2
num epochs: 40
accuracy: 83.89
----
random seed: 3
num epochs: 58
accuracy: 84.67
----
random seed: 4
num epochs: 64
accuracy: 84.52
----
all trials finished
mean epochs: 54.5
mean accuracy: 84.36
standard deviation: 0.29
########
Beginning UAS evaluation for fi
majority label baseline: 11.78
per word majority baseline: 14.91
random seed: 1
num epochs: 46
accuracy: 93.31
----
random seed: 2
num epochs: 64
accuracy: 94.06
----
random seed: 3
num epochs: 64
accuracy: 93.82
----
random seed: 4
num epochs: 64
accuracy: 93.83
----
all trials finished
mean epochs: 59.5
mean accuracy: 93.76
standard deviation: 0.27
########
Beginning UAS evaluation for hu
majority label baseline: 4.67
per word majority baseline: 4.92
random seed: 1
num epochs: 64
accuracy: 82.18
----
random seed: 2
num epochs: 64
accuracy: 83.2
----
random seed: 3
num epochs: 64
accuracy: 81.17
----
random seed: 4
num epochs: 64
accuracy: 81.97
----
all trials finished
mean epochs: 64.0
mean accuracy: 82.13
standard deviation: 0.72
########
Beginning UAS evaluation for ru
For file: data/ud-uralic/ru_syntagrus-ud-train.conllu  words without a head: 1662
For file: data/ud-uralic/ru_syntagrus-ud-dev.conllu  words without a head: 265
For file: data/ud-uralic/ru_syntagrus-ud-test.conllu  words without a head: 271
majority label baseline: 6.34
per word majority baseline: 10.15
random seed: 1
num epochs: 62
accuracy: 94.59
----
random seed: 2
num epochs: 60
accuracy: 94.75
----
random seed: 3
num epochs: 62
accuracy: 94.68
----
random seed: 4
num epochs: 56
accuracy: 94.66
----
all trials finished
mean epochs: 60.0
mean accuracy: 94.67
standard deviation: 0.06
