Config file: configs/uralic_uas_full-train_xlmr-lapt_alpha04_full-voc.yml
Pytorch version: 1.13.1
Pytorch CUDA version: 11.7
GPUs available: True
########
Beginning UAS evaluation for myv
majority label baseline: 13.28
per word majority baseline: 7.28
random seed: 1
num epochs: 62
accuracy: 50.8
----
random seed: 2
num epochs: 64
accuracy: 53.42
----
random seed: 3
num epochs: 62
accuracy: 51.19
----
random seed: 4
num epochs: 58
accuracy: 51.65
----
all trials finished
mean epochs: 61.5
mean accuracy: 51.76
standard deviation: 1.0
########
Beginning UAS evaluation for sme
majority label baseline: 20.07
per word majority baseline: 11.82
random seed: 1
num epochs: 64
accuracy: 53.13
----
random seed: 2
num epochs: 40
accuracy: 46.94
----
random seed: 3
num epochs: 56
accuracy: 51.26
----
random seed: 4
num epochs: 58
accuracy: 52.56
----
all trials finished
mean epochs: 54.5
mean accuracy: 50.97
standard deviation: 2.42
########
Beginning UAS evaluation for et
For file: data/ud-uralic/et_ewt-ud-train.conllu  words without a head: 75
For file: data/ud-uralic/et_ewt-ud-dev.conllu  words without a head: 10
For file: data/ud-uralic/et_ewt-ud-test.conllu  words without a head: 23
majority label baseline: 8.07
per word majority baseline: 8.32
random seed: 1
num epochs: 62
accuracy: 85.47
----
random seed: 2
num epochs: 64
accuracy: 84.85
----
random seed: 3
num epochs: 64
accuracy: 84.44
----
random seed: 4
num epochs: 56
accuracy: 85.66
----
all trials finished
mean epochs: 61.5
mean accuracy: 85.1
standard deviation: 0.49
########
Beginning UAS evaluation for fi
majority label baseline: 11.78
per word majority baseline: 14.91
random seed: 1
num epochs: 62
accuracy: 94.04
----
random seed: 2
num epochs: 64
accuracy: 94.09
----
random seed: 3
num epochs: 52
accuracy: 93.84
----
random seed: 4
num epochs: 58
accuracy: 94.05
----
all trials finished
mean epochs: 59.0
mean accuracy: 94.01
standard deviation: 0.1
########
Beginning UAS evaluation for hu
majority label baseline: 4.67
per word majority baseline: 4.92
random seed: 1
num epochs: 64
accuracy: 82.32
----
random seed: 2
num epochs: 64
accuracy: 78.6
----
random seed: 3
num epochs: 64
accuracy: 78.82
----
random seed: 4
num epochs: 64
accuracy: 81.58
----
all trials finished
mean epochs: 64.0
mean accuracy: 80.33
standard deviation: 1.64
########
Beginning UAS evaluation for ru
For file: data/ud-uralic/ru_syntagrus-ud-train.conllu  words without a head: 1662
For file: data/ud-uralic/ru_syntagrus-ud-dev.conllu  words without a head: 265
For file: data/ud-uralic/ru_syntagrus-ud-test.conllu  words without a head: 271
majority label baseline: 6.34
per word majority baseline: 10.15
random seed: 1
num epochs: 64
accuracy: 94.81
----
random seed: 2
num epochs: 62
accuracy: 94.93
----
random seed: 3
num epochs: 62
accuracy: 94.85
----
random seed: 4
num epochs: 60
accuracy: 94.82
----
all trials finished
mean epochs: 62.0
mean accuracy: 94.85
standard deviation: 0.05
