Config file: configs/uralic_uas_full-train_xlmr-lapt_alpha03_full-voc.yml
Pytorch version: 1.13.1
Pytorch CUDA version: 11.7
GPUs available: True
########
Beginning UAS evaluation for myv
majority label baseline: 13.28
per word majority baseline: 7.28
random seed: 1
num epochs: 62
accuracy: 52.11
----
random seed: 2
num epochs: 62
accuracy: 53.36
----
random seed: 3
num epochs: 62
accuracy: 52.01
----
random seed: 4
num epochs: 62
accuracy: 54.23
----
all trials finished
mean epochs: 62.0
mean accuracy: 52.93
standard deviation: 0.92
########
Beginning UAS evaluation for sme
majority label baseline: 20.07
per word majority baseline: 11.82
random seed: 1
num epochs: 48
accuracy: 51.8
----
random seed: 2
num epochs: 64
accuracy: 54.07
----
random seed: 3
num epochs: 60
accuracy: 54.5
----
random seed: 4
num epochs: 58
accuracy: 54.1
----
all trials finished
mean epochs: 57.5
mean accuracy: 53.61
standard deviation: 1.06
########
Beginning UAS evaluation for et
For file: data/ud-uralic/et_ewt-ud-train.conllu  words without a head: 75
For file: data/ud-uralic/et_ewt-ud-dev.conllu  words without a head: 10
For file: data/ud-uralic/et_ewt-ud-test.conllu  words without a head: 23
majority label baseline: 8.07
per word majority baseline: 8.32
random seed: 1
num epochs: 64
accuracy: 86.0
----
random seed: 2
num epochs: 64
accuracy: 84.74
----
random seed: 3
num epochs: 62
accuracy: 84.25
----
random seed: 4
num epochs: 64
accuracy: 85.61
----
all trials finished
mean epochs: 63.5
mean accuracy: 85.15
standard deviation: 0.69
########
Beginning UAS evaluation for fi
majority label baseline: 11.78
per word majority baseline: 14.91
random seed: 1
num epochs: 64
accuracy: 93.91
----
random seed: 2
num epochs: 64
accuracy: 94.12
----
random seed: 3
num epochs: 36
accuracy: 93.35
----
random seed: 4
num epochs: 64
accuracy: 94.06
----
all trials finished
mean epochs: 57.0
mean accuracy: 93.86
standard deviation: 0.3
########
Beginning UAS evaluation for hu
majority label baseline: 4.67
per word majority baseline: 4.92
random seed: 1
num epochs: 64
accuracy: 81.61
----
random seed: 2
num epochs: 62
accuracy: 78.79
----
random seed: 3
num epochs: 64
accuracy: 80.2
----
random seed: 4
num epochs: 64
accuracy: 79.99
----
all trials finished
mean epochs: 63.5
mean accuracy: 80.15
standard deviation: 1.0
########
Beginning UAS evaluation for ru
For file: data/ud-uralic/ru_syntagrus-ud-train.conllu  words without a head: 1662
For file: data/ud-uralic/ru_syntagrus-ud-dev.conllu  words without a head: 265
For file: data/ud-uralic/ru_syntagrus-ud-test.conllu  words without a head: 271
majority label baseline: 6.34
per word majority baseline: 10.15
random seed: 1
num epochs: 60
accuracy: 94.8
----
random seed: 2
num epochs: 64
accuracy: 94.93
----
random seed: 3
num epochs: 64
accuracy: 94.85
----
random seed: 4
num epochs: 64
accuracy: 94.88
----
all trials finished
mean epochs: 63.0
mean accuracy: 94.86
standard deviation: 0.05
