Config file: configs/uralic_uas_zero-shot_xlmr-lapt_alpha02_emb128k_200k.yml
Pytorch version: 1.13.1
Pytorch CUDA version: 11.7
GPUs available: True
Doing zero-shot transfer from source uralic to languages kpv, krl, mdf, olo, sms
For file: data/ud-uralic/uralic_ud-train.conllu  words without a head: 413
For file: data/ud-uralic/uralic_ud-dev.conllu  words without a head: 67
random seed: 1
num epochs: 64
kpv accuracy: 70.27
krl accuracy: 65.64
mdf accuracy: 66.99
olo accuracy: 63.98
sms accuracy: 40.16
----
random seed: 2
num epochs: 64
kpv accuracy: 70.79
krl accuracy: 64.84
mdf accuracy: 66.5
olo accuracy: 65.19
sms accuracy: 44.1
----
random seed: 3
num epochs: 56
kpv accuracy: 69.91
krl accuracy: 65.8
mdf accuracy: 65.69
olo accuracy: 63.37
sms accuracy: 43.37
----
random seed: 4
num epochs: 64
kpv accuracy: 70.95
krl accuracy: 65.16
mdf accuracy: 65.89
olo accuracy: 65.12
sms accuracy: 44.58
----
all trials finished
mean epochs: 62.0
kpv mean accuracy: 70.48
kpv standard deviation: 0.41
krl mean accuracy: 65.36
krl standard deviation: 0.39
mdf mean accuracy: 66.27
mdf standard deviation: 0.51
olo mean accuracy: 64.42
olo standard deviation: 0.77
sms mean accuracy: 43.05
sms standard deviation: 1.72
