Config file: configs/uralic_pos_full-train_xlmr-lapt_alpha02_emb128k.yml
Pytorch version: 1.13.1
Pytorch CUDA version: 11.7
GPUs available: True
########
Beginning POS evaluation for myv
majority label baseline: 24.14
per word majority baseline: 55.97
random seed: 1
num epochs: 64
accuracy: 75.0
----
random seed: 2
num epochs: 62
accuracy: 73.62
----
random seed: 3
num epochs: 64
accuracy: 66.45
----
random seed: 4
num epochs: 62
accuracy: 73.93
----
all trials finished
mean epochs: 63.0
mean accuracy: 72.25
standard deviation: 3.39
########
Beginning POS evaluation for sme
majority label baseline: 22.99
per word majority baseline: 61.65
random seed: 1
num epochs: 64
accuracy: 81.41
----
random seed: 2
num epochs: 64
accuracy: 81.16
----
random seed: 3
num epochs: 62
accuracy: 78.57
----
random seed: 4
num epochs: 64
accuracy: 80.32
----
all trials finished
mean epochs: 63.5
mean accuracy: 80.36
standard deviation: 1.11
########
Beginning POS evaluation for et
majority label baseline: 19.97
per word majority baseline: 69.37
random seed: 1
num epochs: 62
accuracy: 95.32
----
random seed: 2
num epochs: 58
accuracy: 94.71
----
random seed: 3
num epochs: 58
accuracy: 94.91
----
random seed: 4
num epochs: 64
accuracy: 94.88
----
all trials finished
mean epochs: 60.5
mean accuracy: 94.96
standard deviation: 0.23
########
Beginning POS evaluation for fi
majority label baseline: 23.24
per word majority baseline: 70.78
random seed: 1
num epochs: 62
accuracy: 96.79
----
random seed: 2
num epochs: 64
accuracy: 96.91
----
random seed: 3
num epochs: 64
accuracy: 96.88
----
random seed: 4
num epochs: 64
accuracy: 96.79
----
all trials finished
mean epochs: 63.5
mean accuracy: 96.84
standard deviation: 0.05
########
Beginning POS evaluation for hu
majority label baseline: 22.42
per word majority baseline: 60.37
random seed: 1
num epochs: 64
accuracy: 93.21
----
random seed: 2
num epochs: 64
accuracy: 95.29
----
random seed: 3
num epochs: 58
accuracy: 93.14
----
random seed: 4
num epochs: 64
accuracy: 95.2
----
all trials finished
mean epochs: 62.5
mean accuracy: 94.21
standard deviation: 1.04
########
Beginning POS evaluation for ru
majority label baseline: 23.84
per word majority baseline: 88.62
random seed: 1
num epochs: 40
accuracy: 98.33
----
random seed: 2
num epochs: 48
accuracy: 98.35
----
random seed: 3
num epochs: 64
accuracy: 98.41
----
random seed: 4
num epochs: 58
accuracy: 98.38
----
all trials finished
mean epochs: 52.5
mean accuracy: 98.37
standard deviation: 0.03
