Config file: configs/uralic_uas_few-shot_xlmr-lapt_alpha01_emb16k_200k.yml
Pytorch version: 1.13.1
Pytorch CUDA version: 11.7
GPUs available: True
########
Beginning UAS evaluation for myv
majority label baseline: 13.28
per word majority baseline: 7.28
random seed: 1
num epochs: 64
accuracy: 54.87
----
random seed: 2
num epochs: 64
accuracy: 52.92
----
random seed: 3
num epochs: 64
accuracy: 55.28
----
random seed: 4
num epochs: 64
accuracy: 53.89
----
all trials finished
mean epochs: 64.0
mean accuracy: 54.24
standard deviation: 0.91
########
Beginning UAS evaluation for sme
majority label baseline: 20.07
per word majority baseline: 11.82
random seed: 1
num epochs: 62
accuracy: 44.87
----
random seed: 2
num epochs: 64
accuracy: 48.01
----
random seed: 3
num epochs: 64
accuracy: 49.15
----
random seed: 4
num epochs: 62
accuracy: 48.03
----
all trials finished
mean epochs: 63.0
mean accuracy: 47.51
standard deviation: 1.6
########
Beginning UAS evaluation for et
For file: data/ud-uralic/et_ewt-ud-train.conllu  words without a head: 75
For file: data/ud-uralic/et_ewt-ud-dev.conllu  words without a head: 10
For file: data/ud-uralic/et_ewt-ud-test.conllu  words without a head: 23
majority label baseline: 8.07
per word majority baseline: 8.32
random seed: 1
num epochs: 64
accuracy: 57.96
----
random seed: 2
num epochs: 64
accuracy: 49.54
----
random seed: 3
num epochs: 64
accuracy: 53.71
----
random seed: 4
num epochs: 64
accuracy: 52.97
----
all trials finished
mean epochs: 64.0
mean accuracy: 53.55
standard deviation: 3.0
########
Beginning UAS evaluation for fi
majority label baseline: 11.78
per word majority baseline: 14.91
random seed: 1
num epochs: 64
accuracy: 67.8
----
random seed: 2
num epochs: 64
accuracy: 71.75
----
random seed: 3
num epochs: 64
accuracy: 71.34
----
random seed: 4
num epochs: 64
accuracy: 66.97
----
all trials finished
mean epochs: 64.0
mean accuracy: 69.47
standard deviation: 2.11
########
Beginning UAS evaluation for hu
majority label baseline: 4.67
per word majority baseline: 4.92
random seed: 1
num epochs: 64
accuracy: 71.04
----
random seed: 2
num epochs: 64
accuracy: 71.71
----
random seed: 3
num epochs: 64
accuracy: 66.97
----
random seed: 4
num epochs: 64
accuracy: 68.64
----
all trials finished
mean epochs: 64.0
mean accuracy: 69.59
standard deviation: 1.89
########
Beginning UAS evaluation for ru
For file: data/ud-uralic/ru_syntagrus-ud-train.conllu  words without a head: 1662
For file: data/ud-uralic/ru_syntagrus-ud-dev.conllu  words without a head: 265
For file: data/ud-uralic/ru_syntagrus-ud-test.conllu  words without a head: 271
majority label baseline: 6.34
per word majority baseline: 10.15
random seed: 1
num epochs: 64
accuracy: 72.39
----
random seed: 2
num epochs: 64
accuracy: 72.33
----
random seed: 3
num epochs: 64
accuracy: 69.63
----
random seed: 4
num epochs: 64
accuracy: 71.29
----
all trials finished
mean epochs: 64.0
mean accuracy: 71.41
standard deviation: 1.12
