Config file: configs/uralic_pos_full-train_xlmr-lapt_alpha01_emb16k_200k.yml
Pytorch version: 1.13.1
Pytorch CUDA version: 11.7
GPUs available: True
########
Beginning POS evaluation for myv
majority label baseline: 24.14
per word majority baseline: 55.97
random seed: 1
num epochs: 64
accuracy: 77.51
----
random seed: 2
num epochs: 64
accuracy: 71.54
----
random seed: 3
num epochs: 64
accuracy: 80.13
----
random seed: 4
num epochs: 64
accuracy: 80.64
----
all trials finished
mean epochs: 64.0
mean accuracy: 77.45
standard deviation: 3.61
########
Beginning POS evaluation for sme
majority label baseline: 22.99
per word majority baseline: 61.65
random seed: 1
num epochs: 62
accuracy: 83.96
----
random seed: 2
num epochs: 64
accuracy: 87.53
----
random seed: 3
num epochs: 56
accuracy: 83.9
----
random seed: 4
num epochs: 64
accuracy: 84.7
----
all trials finished
mean epochs: 61.5
mean accuracy: 85.02
standard deviation: 1.48
########
Beginning POS evaluation for et
majority label baseline: 19.97
per word majority baseline: 69.37
random seed: 1
num epochs: 64
accuracy: 95.05
----
random seed: 2
num epochs: 62
accuracy: 94.95
----
random seed: 3
num epochs: 64
accuracy: 95.28
----
random seed: 4
num epochs: 56
accuracy: 95.36
----
all trials finished
mean epochs: 61.5
mean accuracy: 95.16
standard deviation: 0.17
########
Beginning POS evaluation for fi
majority label baseline: 23.24
per word majority baseline: 70.78
random seed: 1
num epochs: 44
accuracy: 97.08
----
random seed: 2
num epochs: 60
accuracy: 97.41
----
random seed: 3
num epochs: 58
accuracy: 97.3
----
random seed: 4
num epochs: 48
accuracy: 97.26
----
all trials finished
mean epochs: 52.5
mean accuracy: 97.26
standard deviation: 0.12
########
Beginning POS evaluation for hu
majority label baseline: 22.42
per word majority baseline: 60.37
random seed: 1
num epochs: 64
accuracy: 95.44
----
random seed: 2
num epochs: 64
accuracy: 95.53
----
random seed: 3
num epochs: 64
accuracy: 95.63
----
random seed: 4
num epochs: 64
accuracy: 95.47
----
all trials finished
mean epochs: 64.0
mean accuracy: 95.52
standard deviation: 0.07
########
Beginning POS evaluation for ru
majority label baseline: 23.84
per word majority baseline: 88.62
random seed: 1
num epochs: 62
accuracy: 98.48
----
random seed: 2
num epochs: 62
accuracy: 98.48
----
random seed: 3
num epochs: 64
accuracy: 98.52
----
random seed: 4
num epochs: 50
accuracy: 98.45
----
all trials finished
mean epochs: 59.5
mean accuracy: 98.48
standard deviation: 0.02
