Config file: configs/uralic_pos_few-shot_xlmr-lapt_alpha01_full-voc_200k.yml
Pytorch version: 1.13.1
Pytorch CUDA version: 11.7
GPUs available: True
########
Beginning POS evaluation for myv
majority label baseline: 24.14
per word majority baseline: 55.97
random seed: 1
num epochs: 64
accuracy: 72.15
----
random seed: 2
num epochs: 62
accuracy: 69.52
----
random seed: 3
num epochs: 62
accuracy: 68.99
----
random seed: 4
num epochs: 64
accuracy: 69.51
----
all trials finished
mean epochs: 63.0
mean accuracy: 70.05
standard deviation: 1.24
########
Beginning POS evaluation for sme
majority label baseline: 22.99
per word majority baseline: 61.65
random seed: 1
num epochs: 64
accuracy: 66.76
----
random seed: 2
num epochs: 64
accuracy: 70.75
----
random seed: 3
num epochs: 64
accuracy: 70.42
----
random seed: 4
num epochs: 62
accuracy: 70.62
----
all trials finished
mean epochs: 63.5
mean accuracy: 69.64
standard deviation: 1.66
########
Beginning POS evaluation for et
majority label baseline: 19.97
per word majority baseline: 69.37
random seed: 1
num epochs: 64
accuracy: 85.03
----
random seed: 2
num epochs: 64
accuracy: 78.93
----
random seed: 3
num epochs: 64
accuracy: 78.64
----
random seed: 4
num epochs: 64
accuracy: 78.72
----
all trials finished
mean epochs: 64.0
mean accuracy: 80.33
standard deviation: 2.72
########
Beginning POS evaluation for fi
majority label baseline: 23.24
per word majority baseline: 70.78
random seed: 1
num epochs: 64
accuracy: 82.03
----
random seed: 2
num epochs: 60
accuracy: 80.27
----
random seed: 3
num epochs: 64
accuracy: 82.13
----
random seed: 4
num epochs: 64
accuracy: 87.33
----
all trials finished
mean epochs: 63.0
mean accuracy: 82.94
standard deviation: 2.64
########
Beginning POS evaluation for hu
majority label baseline: 22.42
per word majority baseline: 60.37
random seed: 1
num epochs: 64
accuracy: 90.66
----
random seed: 2
num epochs: 64
accuracy: 81.8
----
random seed: 3
num epochs: 64
accuracy: 83.75
----
random seed: 4
num epochs: 64
accuracy: 90.92
----
all trials finished
mean epochs: 64.0
mean accuracy: 86.78
standard deviation: 4.07
########
Beginning POS evaluation for ru
majority label baseline: 23.84
per word majority baseline: 88.62
random seed: 1
num epochs: 64
accuracy: 86.93
----
random seed: 2
num epochs: 64
accuracy: 89.11
----
random seed: 3
num epochs: 64
accuracy: 90.24
----
random seed: 4
num epochs: 64
accuracy: 88.52
----
all trials finished
mean epochs: 64.0
mean accuracy: 88.7
standard deviation: 1.19
