Config file: configs/uralic_pos_few-shot_xlmr-lapt_alpha02_emb32k_400k.yml
Pytorch version: 1.13.1
Pytorch CUDA version: 11.7
GPUs available: True
########
Beginning POS evaluation for myv
majority label baseline: 24.14
per word majority baseline: 55.97
random seed: 1
num epochs: 64
accuracy: 77.14
----
random seed: 2
num epochs: 64
accuracy: 64.91
----
random seed: 3
num epochs: 64
accuracy: 74.3
----
random seed: 4
num epochs: 64
accuracy: 77.98
----
all trials finished
mean epochs: 64.0
mean accuracy: 73.58
standard deviation: 5.19
########
Beginning POS evaluation for sme
majority label baseline: 22.99
per word majority baseline: 61.65
random seed: 1
num epochs: 62
accuracy: 76.36
----
random seed: 2
num epochs: 64
accuracy: 66.85
----
random seed: 3
num epochs: 64
accuracy: 69.34
----
random seed: 4
num epochs: 64
accuracy: 71.75
----
all trials finished
mean epochs: 63.5
mean accuracy: 71.08
standard deviation: 3.51
########
Beginning POS evaluation for et
majority label baseline: 19.97
per word majority baseline: 69.37
random seed: 1
num epochs: 64
accuracy: 82.72
----
random seed: 2
num epochs: 64
accuracy: 86.45
----
random seed: 3
num epochs: 64
accuracy: 78.58
----
random seed: 4
num epochs: 64
accuracy: 83.64
----
all trials finished
mean epochs: 64.0
mean accuracy: 82.85
standard deviation: 2.82
########
Beginning POS evaluation for fi
majority label baseline: 23.24
per word majority baseline: 70.78
random seed: 1
num epochs: 64
accuracy: 85.56
----
random seed: 2
num epochs: 64
accuracy: 77.28
----
random seed: 3
num epochs: 64
accuracy: 85.18
----
random seed: 4
num epochs: 64
accuracy: 85.36
----
all trials finished
mean epochs: 64.0
mean accuracy: 83.35
standard deviation: 3.51
########
Beginning POS evaluation for hu
majority label baseline: 22.42
per word majority baseline: 60.37
random seed: 1
num epochs: 64
accuracy: 88.08
----
random seed: 2
num epochs: 64
accuracy: 90.3
----
random seed: 3
num epochs: 64
accuracy: 86.27
----
random seed: 4
num epochs: 64
accuracy: 88.06
----
all trials finished
mean epochs: 64.0
mean accuracy: 88.18
standard deviation: 1.43
########
Beginning POS evaluation for ru
majority label baseline: 23.84
per word majority baseline: 88.62
random seed: 1
num epochs: 64
accuracy: 91.36
----
random seed: 2
num epochs: 64
accuracy: 86.66
----
random seed: 3
num epochs: 64
accuracy: 89.55
----
random seed: 4
num epochs: 64
accuracy: 86.21
----
all trials finished
mean epochs: 64.0
mean accuracy: 88.45
standard deviation: 2.12
