Config file: configs/uralic_uas_few-shot_xlmr-lapt_alpha01_emb32k_400k.yml
Pytorch version: 1.13.1
Pytorch CUDA version: 11.7
GPUs available: True
########
Beginning UAS evaluation for myv
majority label baseline: 13.28
per word majority baseline: 7.28
random seed: 1
num epochs: 64
accuracy: 57.18
----
random seed: 2
num epochs: 64
accuracy: 55.34
----
random seed: 3
num epochs: 64
accuracy: 56.48
----
random seed: 4
num epochs: 64
accuracy: 57.41
----
all trials finished
mean epochs: 64.0
mean accuracy: 56.6
standard deviation: 0.81
########
Beginning UAS evaluation for sme
majority label baseline: 20.07
per word majority baseline: 11.82
random seed: 1
num epochs: 64
accuracy: 52.33
----
random seed: 2
num epochs: 60
accuracy: 50.64
----
random seed: 3
num epochs: 62
accuracy: 52.09
----
random seed: 4
num epochs: 64
accuracy: 52.83
----
all trials finished
mean epochs: 62.5
mean accuracy: 51.97
standard deviation: 0.81
########
Beginning UAS evaluation for et
For file: data/ud-uralic/et_ewt-ud-train.conllu  words without a head: 75
For file: data/ud-uralic/et_ewt-ud-dev.conllu  words without a head: 10
For file: data/ud-uralic/et_ewt-ud-test.conllu  words without a head: 23
majority label baseline: 8.07
per word majority baseline: 8.32
random seed: 1
num epochs: 64
accuracy: 54.91
----
random seed: 2
num epochs: 64
accuracy: 54.88
----
random seed: 3
num epochs: 64
accuracy: 59.09
----
random seed: 4
num epochs: 64
accuracy: 58.09
----
all trials finished
mean epochs: 64.0
mean accuracy: 56.74
standard deviation: 1.88
########
Beginning UAS evaluation for fi
majority label baseline: 11.78
per word majority baseline: 14.91
random seed: 1
num epochs: 64
accuracy: 70.1
----
random seed: 2
num epochs: 64
accuracy: 73.82
----
random seed: 3
num epochs: 64
accuracy: 73.78
----
random seed: 4
num epochs: 64
accuracy: 70.35
----
all trials finished
mean epochs: 64.0
mean accuracy: 72.01
standard deviation: 1.79
########
Beginning UAS evaluation for hu
majority label baseline: 4.67
per word majority baseline: 4.92
random seed: 1
num epochs: 64
accuracy: 71.19
----
random seed: 2
num epochs: 64
accuracy: 69.81
----
random seed: 3
num epochs: 64
accuracy: 70.55
----
random seed: 4
num epochs: 64
accuracy: 69.02
----
all trials finished
mean epochs: 64.0
mean accuracy: 70.14
standard deviation: 0.81
########
Beginning UAS evaluation for ru
For file: data/ud-uralic/ru_syntagrus-ud-train.conllu  words without a head: 1662
For file: data/ud-uralic/ru_syntagrus-ud-dev.conllu  words without a head: 265
For file: data/ud-uralic/ru_syntagrus-ud-test.conllu  words without a head: 271
majority label baseline: 6.34
per word majority baseline: 10.15
random seed: 1
num epochs: 64
accuracy: 70.75
----
random seed: 2
num epochs: 64
accuracy: 71.77
----
random seed: 3
num epochs: 64
accuracy: 75.11
----
random seed: 4
num epochs: 64
accuracy: 69.96
----
all trials finished
mean epochs: 64.0
mean accuracy: 71.9
standard deviation: 1.96
