Config file: configs/uralic_uas_few-shot_xlmr-lapt_alpha02_emb32k_200k.yml
Pytorch version: 1.13.1
Pytorch CUDA version: 11.7
GPUs available: True
########
Beginning UAS evaluation for myv
majority label baseline: 13.28
per word majority baseline: 7.28
random seed: 1
num epochs: 64
accuracy: 53.97
----
random seed: 2
num epochs: 60
accuracy: 50.16
----
random seed: 3
num epochs: 64
accuracy: 52.02
----
random seed: 4
num epochs: 64
accuracy: 53.92
----
all trials finished
mean epochs: 63.0
mean accuracy: 52.52
standard deviation: 1.57
########
Beginning UAS evaluation for sme
majority label baseline: 20.07
per word majority baseline: 11.82
random seed: 1
num epochs: 64
accuracy: 42.29
----
random seed: 2
num epochs: 64
accuracy: 42.74
----
random seed: 3
num epochs: 60
accuracy: 44.61
----
random seed: 4
num epochs: 64
accuracy: 44.88
----
all trials finished
mean epochs: 63.0
mean accuracy: 43.63
standard deviation: 1.13
########
Beginning UAS evaluation for et
For file: data/ud-uralic/et_ewt-ud-train.conllu  words without a head: 75
For file: data/ud-uralic/et_ewt-ud-dev.conllu  words without a head: 10
For file: data/ud-uralic/et_ewt-ud-test.conllu  words without a head: 23
majority label baseline: 8.07
per word majority baseline: 8.32
random seed: 1
num epochs: 64
accuracy: 54.06
----
random seed: 2
num epochs: 64
accuracy: 54.8
----
random seed: 3
num epochs: 64
accuracy: 56.15
----
random seed: 4
num epochs: 64
accuracy: 55.33
----
all trials finished
mean epochs: 64.0
mean accuracy: 55.09
standard deviation: 0.76
########
Beginning UAS evaluation for fi
majority label baseline: 11.78
per word majority baseline: 14.91
random seed: 1
num epochs: 64
accuracy: 70.16
----
random seed: 2
num epochs: 64
accuracy: 71.56
----
random seed: 3
num epochs: 64
accuracy: 72.31
----
random seed: 4
num epochs: 64
accuracy: 71.24
----
all trials finished
mean epochs: 64.0
mean accuracy: 71.32
standard deviation: 0.77
########
Beginning UAS evaluation for hu
majority label baseline: 4.67
per word majority baseline: 4.92
random seed: 1
num epochs: 64
accuracy: 67.36
----
random seed: 2
num epochs: 64
accuracy: 66.95
----
random seed: 3
num epochs: 64
accuracy: 63.91
----
random seed: 4
num epochs: 64
accuracy: 69.93
----
all trials finished
mean epochs: 64.0
mean accuracy: 67.04
standard deviation: 2.14
########
Beginning UAS evaluation for ru
For file: data/ud-uralic/ru_syntagrus-ud-train.conllu  words without a head: 1662
For file: data/ud-uralic/ru_syntagrus-ud-dev.conllu  words without a head: 265
For file: data/ud-uralic/ru_syntagrus-ud-test.conllu  words without a head: 271
majority label baseline: 6.34
per word majority baseline: 10.15
random seed: 1
num epochs: 64
accuracy: 73.78
----
random seed: 2
num epochs: 64
accuracy: 70.68
----
random seed: 3
num epochs: 64
accuracy: 74.82
----
random seed: 4
num epochs: 64
accuracy: 72.12
----
all trials finished
mean epochs: 64.0
mean accuracy: 72.85
standard deviation: 1.58
