Config file: configs/uralic_pos_zero-shot_xlmr-lapt_alpha02_emb32k_400k.yml
Pytorch version: 1.13.1
Pytorch CUDA version: 11.7
GPUs available: True
Doing zero-shot transfer from source uralic to languages kpv, krl, mdf, olo, sms
random seed: 1
num epochs: 62
kpv accuracy: 80.35
krl accuracy: 87.17
mdf accuracy: 77.41
olo accuracy: 84.34
sms accuracy: 56.87
----
random seed: 2
num epochs: 62
kpv accuracy: 78.99
krl accuracy: 87.75
mdf accuracy: 76.99
olo accuracy: 85.22
sms accuracy: 55.15
----
random seed: 3
num epochs: 62
kpv accuracy: 80.14
krl accuracy: 86.97
mdf accuracy: 78.24
olo accuracy: 84.74
sms accuracy: 53.83
----
random seed: 4
num epochs: 64
kpv accuracy: 79.65
krl accuracy: 87.14
mdf accuracy: 77.43
olo accuracy: 84.54
sms accuracy: 52.76
----
all trials finished
mean epochs: 62.5
kpv mean accuracy: 79.78
kpv standard deviation: 0.52
krl mean accuracy: 87.26
krl standard deviation: 0.29
mdf mean accuracy: 77.52
mdf standard deviation: 0.45
olo mean accuracy: 84.71
olo standard deviation: 0.32
sms mean accuracy: 54.65
sms standard deviation: 1.53
