Config file: configs/uralic_uas_full-train_xlmr-lapt_alpha02_emb64k_400k.yml
Pytorch version: 1.13.1
Pytorch CUDA version: 11.7
GPUs available: True
########
Beginning UAS evaluation for myv
majority label baseline: 13.28
per word majority baseline: 7.28
random seed: 1
num epochs: 62
accuracy: 68.68
----
random seed: 2
num epochs: 64
accuracy: 69.34
----
random seed: 3
num epochs: 62
accuracy: 70.08
----
random seed: 4
num epochs: 64
accuracy: 63.52
----
all trials finished
mean epochs: 63.0
mean accuracy: 67.9
standard deviation: 2.58
########
Beginning UAS evaluation for sme
majority label baseline: 20.07
per word majority baseline: 11.82
random seed: 1
num epochs: 64
accuracy: 72.75
----
random seed: 2
num epochs: 62
accuracy: 74.12
----
random seed: 3
num epochs: 60
accuracy: 72.42
----
random seed: 4
num epochs: 60
accuracy: 74.11
----
all trials finished
mean epochs: 61.5
mean accuracy: 73.35
standard deviation: 0.77
########
Beginning UAS evaluation for et
For file: data/ud-uralic/et_ewt-ud-train.conllu  words without a head: 75
For file: data/ud-uralic/et_ewt-ud-dev.conllu  words without a head: 10
For file: data/ud-uralic/et_ewt-ud-test.conllu  words without a head: 23
majority label baseline: 8.07
per word majority baseline: 8.32
random seed: 1
num epochs: 64
accuracy: 85.14
----
random seed: 2
num epochs: 60
accuracy: 86.44
----
random seed: 3
num epochs: 58
accuracy: 86.81
----
random seed: 4
num epochs: 64
accuracy: 86.6
----
all trials finished
mean epochs: 61.5
mean accuracy: 86.25
standard deviation: 0.65
########
Beginning UAS evaluation for fi
majority label baseline: 11.78
per word majority baseline: 14.91
random seed: 1
num epochs: 64
accuracy: 94.09
----
random seed: 2
num epochs: 64
accuracy: 93.95
----
random seed: 3
num epochs: 48
accuracy: 93.79
----
random seed: 4
num epochs: 64
accuracy: 93.96
----
all trials finished
mean epochs: 60.0
mean accuracy: 93.95
standard deviation: 0.11
########
Beginning UAS evaluation for hu
majority label baseline: 4.67
per word majority baseline: 4.92
random seed: 1
num epochs: 64
accuracy: 85.76
----
random seed: 2
num epochs: 64
accuracy: 85.51
----
random seed: 3
num epochs: 64
accuracy: 84.61
----
random seed: 4
num epochs: 64
accuracy: 85.19
----
all trials finished
mean epochs: 64.0
mean accuracy: 85.27
standard deviation: 0.43
########
Beginning UAS evaluation for ru
For file: data/ud-uralic/ru_syntagrus-ud-train.conllu  words without a head: 1662
For file: data/ud-uralic/ru_syntagrus-ud-dev.conllu  words without a head: 265
For file: data/ud-uralic/ru_syntagrus-ud-test.conllu  words without a head: 271
majority label baseline: 6.34
per word majority baseline: 10.15
random seed: 1
num epochs: 62
accuracy: 94.74
----
random seed: 2
num epochs: 64
accuracy: 94.87
----
random seed: 3
num epochs: 62
accuracy: 94.83
----
random seed: 4
num epochs: 64
accuracy: 94.9
----
all trials finished
mean epochs: 63.0
mean accuracy: 94.83
standard deviation: 0.06
