Config file: configs/uralic_pos_few-shot_xlmr-lapt_alpha01_emb128k.yml
Pytorch version: 1.13.1
Pytorch CUDA version: 11.7
GPUs available: True
########
Beginning POS evaluation for myv
majority label baseline: 24.14
per word majority baseline: 55.97
random seed: 1
num epochs: 64
accuracy: 63.53
----
random seed: 2
num epochs: 64
accuracy: 57.79
----
random seed: 3
num epochs: 60
accuracy: 61.6
----
random seed: 4
num epochs: 64
accuracy: 69.69
----
all trials finished
mean epochs: 63.0
mean accuracy: 63.15
standard deviation: 4.3
########
Beginning POS evaluation for sme
majority label baseline: 22.99
per word majority baseline: 61.65
random seed: 1
num epochs: 64
accuracy: 68.25
----
random seed: 2
num epochs: 64
accuracy: 64.4
----
random seed: 3
num epochs: 62
accuracy: 63.34
----
random seed: 4
num epochs: 60
accuracy: 59.65
----
all trials finished
mean epochs: 62.5
mean accuracy: 63.91
standard deviation: 3.06
########
Beginning POS evaluation for et
majority label baseline: 19.97
per word majority baseline: 69.37
random seed: 1
num epochs: 64
accuracy: 80.27
----
random seed: 2
num epochs: 64
accuracy: 81.88
----
random seed: 3
num epochs: 64
accuracy: 78.29
----
random seed: 4
num epochs: 64
accuracy: 82.23
----
all trials finished
mean epochs: 64.0
mean accuracy: 80.67
standard deviation: 1.56
########
Beginning POS evaluation for fi
majority label baseline: 23.24
per word majority baseline: 70.78
random seed: 1
num epochs: 64
accuracy: 76.16
----
random seed: 2
num epochs: 64
accuracy: 76.02
----
random seed: 3
num epochs: 64
accuracy: 76.43
----
random seed: 4
num epochs: 64
accuracy: 80.77
----
all trials finished
mean epochs: 64.0
mean accuracy: 77.34
standard deviation: 1.98
########
Beginning POS evaluation for hu
majority label baseline: 22.42
per word majority baseline: 60.37
random seed: 1
num epochs: 64
accuracy: 89.1
----
random seed: 2
num epochs: 64
accuracy: 89.18
----
random seed: 3
num epochs: 64
accuracy: 81.11
----
random seed: 4
num epochs: 64
accuracy: 84.48
----
all trials finished
mean epochs: 64.0
mean accuracy: 85.97
standard deviation: 3.39
########
Beginning POS evaluation for ru
majority label baseline: 23.84
per word majority baseline: 88.62
random seed: 1
num epochs: 64
accuracy: 87.34
----
random seed: 2
num epochs: 64
accuracy: 86.09
----
random seed: 3
num epochs: 64
accuracy: 86.45
----
random seed: 4
num epochs: 64
accuracy: 86.97
----
all trials finished
mean epochs: 64.0
mean accuracy: 86.71
standard deviation: 0.48
