Config file: configs/uralic_pos_few-shot_xlmr-lapt_alpha04_full-voc.yml
Pytorch version: 1.13.1
Pytorch CUDA version: 11.7
GPUs available: True
########
Beginning POS evaluation for myv
majority label baseline: 24.14
per word majority baseline: 55.97
random seed: 1
num epochs: 60
accuracy: 60.64
----
random seed: 2
num epochs: 60
accuracy: 60.97
----
random seed: 3
num epochs: 62
accuracy: 64.39
----
random seed: 4
num epochs: 64
accuracy: 64.82
----
all trials finished
mean epochs: 61.5
mean accuracy: 62.71
standard deviation: 1.91
########
Beginning POS evaluation for sme
majority label baseline: 22.99
per word majority baseline: 61.65
random seed: 1
num epochs: 60
accuracy: 62.78
----
random seed: 2
num epochs: 64
accuracy: 62.35
----
random seed: 3
num epochs: 60
accuracy: 61.12
----
random seed: 4
num epochs: 60
accuracy: 66.16
----
all trials finished
mean epochs: 61.0
mean accuracy: 63.1
standard deviation: 1.87
########
Beginning POS evaluation for et
majority label baseline: 19.97
per word majority baseline: 69.37
random seed: 1
num epochs: 64
accuracy: 79.25
----
random seed: 2
num epochs: 64
accuracy: 78.34
----
random seed: 3
num epochs: 64
accuracy: 78.77
----
random seed: 4
num epochs: 64
accuracy: 80.91
----
all trials finished
mean epochs: 64.0
mean accuracy: 79.32
standard deviation: 0.97
########
Beginning POS evaluation for fi
majority label baseline: 23.24
per word majority baseline: 70.78
random seed: 1
num epochs: 64
accuracy: 81.88
----
random seed: 2
num epochs: 64
accuracy: 79.72
----
random seed: 3
num epochs: 64
accuracy: 76.98
----
random seed: 4
num epochs: 64
accuracy: 81.32
----
all trials finished
mean epochs: 64.0
mean accuracy: 79.98
standard deviation: 1.9
########
Beginning POS evaluation for hu
majority label baseline: 22.42
per word majority baseline: 60.37
random seed: 1
num epochs: 64
accuracy: 88.32
----
random seed: 2
num epochs: 64
accuracy: 81.37
----
random seed: 3
num epochs: 64
accuracy: 81.51
----
random seed: 4
num epochs: 64
accuracy: 88.22
----
all trials finished
mean epochs: 64.0
mean accuracy: 84.86
standard deviation: 3.42
########
Beginning POS evaluation for ru
majority label baseline: 23.84
per word majority baseline: 88.62
random seed: 1
num epochs: 64
accuracy: 79.83
----
random seed: 2
num epochs: 62
accuracy: 86.53
----
random seed: 3
num epochs: 64
accuracy: 87.71
----
random seed: 4
num epochs: 64
accuracy: 87.64
----
all trials finished
mean epochs: 63.5
mean accuracy: 85.43
standard deviation: 3.27
