Config file: configs/uralic_uas_full-train_xlmr-lapt_alpha01_emb128k.yml
Pytorch version: 1.13.1
Pytorch CUDA version: 11.7
GPUs available: True
########
Beginning UAS evaluation for myv
majority label baseline: 13.28
per word majority baseline: 7.28
random seed: 1
num epochs: 62
accuracy: 61.49
----
random seed: 2
num epochs: 60
accuracy: 60.96
----
random seed: 3
num epochs: 64
accuracy: 63.52
----
random seed: 4
num epochs: 64
accuracy: 61.87
----
all trials finished
mean epochs: 62.5
mean accuracy: 61.96
standard deviation: 0.96
########
Beginning UAS evaluation for sme
majority label baseline: 20.07
per word majority baseline: 11.82
random seed: 1
num epochs: 62
accuracy: 57.21
----
random seed: 2
num epochs: 64
accuracy: 63.15
----
random seed: 3
num epochs: 64
accuracy: 61.63
----
random seed: 4
num epochs: 64
accuracy: 62.72
----
all trials finished
mean epochs: 63.5
mean accuracy: 61.18
standard deviation: 2.35
########
Beginning UAS evaluation for et
For file: data/ud-uralic/et_ewt-ud-train.conllu  words without a head: 75
For file: data/ud-uralic/et_ewt-ud-dev.conllu  words without a head: 10
For file: data/ud-uralic/et_ewt-ud-test.conllu  words without a head: 23
majority label baseline: 8.07
per word majority baseline: 8.32
random seed: 1
num epochs: 64
accuracy: 84.34
----
random seed: 2
num epochs: 64
accuracy: 86.09
----
random seed: 3
num epochs: 64
accuracy: 84.25
----
random seed: 4
num epochs: 58
accuracy: 84.25
----
all trials finished
mean epochs: 62.5
mean accuracy: 84.73
standard deviation: 0.79
########
Beginning UAS evaluation for fi
majority label baseline: 11.78
per word majority baseline: 14.91
random seed: 1
num epochs: 58
accuracy: 92.88
----
random seed: 2
num epochs: 62
accuracy: 92.95
----
random seed: 3
num epochs: 64
accuracy: 93.17
----
random seed: 4
num epochs: 62
accuracy: 92.9
----
all trials finished
mean epochs: 61.5
mean accuracy: 92.98
standard deviation: 0.12
########
Beginning UAS evaluation for hu
majority label baseline: 4.67
per word majority baseline: 4.92
random seed: 1
num epochs: 64
accuracy: 80.63
----
random seed: 2
num epochs: 64
accuracy: 83.74
----
random seed: 3
num epochs: 64
accuracy: 83.68
----
random seed: 4
num epochs: 64
accuracy: 80.29
----
all trials finished
mean epochs: 64.0
mean accuracy: 82.09
standard deviation: 1.63
########
Beginning UAS evaluation for ru
For file: data/ud-uralic/ru_syntagrus-ud-train.conllu  words without a head: 1662
For file: data/ud-uralic/ru_syntagrus-ud-dev.conllu  words without a head: 265
For file: data/ud-uralic/ru_syntagrus-ud-test.conllu  words without a head: 271
majority label baseline: 6.34
per word majority baseline: 10.15
random seed: 1
num epochs: 64
accuracy: 94.68
----
random seed: 2
num epochs: 48
accuracy: 94.7
----
random seed: 3
num epochs: 64
accuracy: 94.73
----
random seed: 4
num epochs: 64
accuracy: 94.71
----
all trials finished
mean epochs: 60.0
mean accuracy: 94.71
standard deviation: 0.02
