Config file: configs/uralic_uas_few-shot_xlmr-lapt_alpha02_emb64k.yml
Pytorch version: 1.13.1
Pytorch CUDA version: 11.7
GPUs available: True
########
Beginning UAS evaluation for myv
majority label baseline: 13.28
per word majority baseline: 7.28
random seed: 1
num epochs: 64
accuracy: 50.09
----
random seed: 2
num epochs: 64
accuracy: 49.86
----
random seed: 3
num epochs: 64
accuracy: 47.95
----
random seed: 4
num epochs: 64
accuracy: 47.42
----
all trials finished
mean epochs: 64.0
mean accuracy: 48.83
standard deviation: 1.16
########
Beginning UAS evaluation for sme
majority label baseline: 20.07
per word majority baseline: 11.82
random seed: 1
num epochs: 64
accuracy: 35.19
----
random seed: 2
num epochs: 62
accuracy: 39.36
----
random seed: 3
num epochs: 64
accuracy: 35.34
----
random seed: 4
num epochs: 64
accuracy: 41.5
----
all trials finished
mean epochs: 63.5
mean accuracy: 37.85
standard deviation: 2.69
########
Beginning UAS evaluation for et
For file: data/ud-uralic/et_ewt-ud-train.conllu  words without a head: 75
For file: data/ud-uralic/et_ewt-ud-dev.conllu  words without a head: 10
For file: data/ud-uralic/et_ewt-ud-test.conllu  words without a head: 23
majority label baseline: 8.07
per word majority baseline: 8.32
random seed: 1
num epochs: 64
accuracy: 52.95
----
random seed: 2
num epochs: 64
accuracy: 56.75
----
random seed: 3
num epochs: 64
accuracy: 53.6
----
random seed: 4
num epochs: 64
accuracy: 56.31
----
all trials finished
mean epochs: 64.0
mean accuracy: 54.9
standard deviation: 1.65
########
Beginning UAS evaluation for fi
majority label baseline: 11.78
per word majority baseline: 14.91
random seed: 1
num epochs: 64
accuracy: 68.52
----
random seed: 2
num epochs: 64
accuracy: 71.2
----
random seed: 3
num epochs: 64
accuracy: 68.92
----
random seed: 4
num epochs: 64
accuracy: 69.58
----
all trials finished
mean epochs: 64.0
mean accuracy: 69.55
standard deviation: 1.02
########
Beginning UAS evaluation for hu
majority label baseline: 4.67
per word majority baseline: 4.92
random seed: 1
num epochs: 64
accuracy: 69.32
----
random seed: 2
num epochs: 64
accuracy: 71.04
----
random seed: 3
num epochs: 64
accuracy: 71.55
----
random seed: 4
num epochs: 64
accuracy: 70.4
----
all trials finished
mean epochs: 64.0
mean accuracy: 70.58
standard deviation: 0.83
########
Beginning UAS evaluation for ru
For file: data/ud-uralic/ru_syntagrus-ud-train.conllu  words without a head: 1662
For file: data/ud-uralic/ru_syntagrus-ud-dev.conllu  words without a head: 265
For file: data/ud-uralic/ru_syntagrus-ud-test.conllu  words without a head: 271
majority label baseline: 6.34
per word majority baseline: 10.15
random seed: 1
num epochs: 64
accuracy: 74.94
----
random seed: 2
num epochs: 64
accuracy: 75.86
----
random seed: 3
num epochs: 64
accuracy: 76.01
----
random seed: 4
num epochs: 64
accuracy: 66.83
----
all trials finished
mean epochs: 64.0
mean accuracy: 73.41
standard deviation: 3.82
