Config file: configs/uralic_uas_few-shot_xlmr-lapt_alpha02_emb128k.yml
Pytorch version: 1.13.1
Pytorch CUDA version: 11.7
GPUs available: True
########
Beginning UAS evaluation for myv
majority label baseline: 13.28
per word majority baseline: 7.28
random seed: 1
num epochs: 62
accuracy: 47.24
----
random seed: 2
num epochs: 64
accuracy: 47.02
----
random seed: 3
num epochs: 64
accuracy: 49.98
----
random seed: 4
num epochs: 64
accuracy: 50.09
----
all trials finished
mean epochs: 63.5
mean accuracy: 48.58
standard deviation: 1.46
########
Beginning UAS evaluation for sme
majority label baseline: 20.07
per word majority baseline: 11.82
random seed: 1
num epochs: 58
accuracy: 33.65
----
random seed: 2
num epochs: 62
accuracy: 40.74
----
random seed: 3
num epochs: 60
accuracy: 35.14
----
random seed: 4
num epochs: 64
accuracy: 34.95
----
all trials finished
mean epochs: 61.0
mean accuracy: 36.12
standard deviation: 2.73
########
Beginning UAS evaluation for et
For file: data/ud-uralic/et_ewt-ud-train.conllu  words without a head: 75
For file: data/ud-uralic/et_ewt-ud-dev.conllu  words without a head: 10
For file: data/ud-uralic/et_ewt-ud-test.conllu  words without a head: 23
majority label baseline: 8.07
per word majority baseline: 8.32
random seed: 1
num epochs: 64
accuracy: 55.98
----
random seed: 2
num epochs: 64
accuracy: 54.25
----
random seed: 3
num epochs: 64
accuracy: 56.13
----
random seed: 4
num epochs: 64
accuracy: 58.5
----
all trials finished
mean epochs: 64.0
mean accuracy: 56.22
standard deviation: 1.51
########
Beginning UAS evaluation for fi
majority label baseline: 11.78
per word majority baseline: 14.91
random seed: 1
num epochs: 64
accuracy: 68.31
----
random seed: 2
num epochs: 64
accuracy: 70.19
----
random seed: 3
num epochs: 64
accuracy: 71.98
----
random seed: 4
num epochs: 64
accuracy: 71.19
----
all trials finished
mean epochs: 64.0
mean accuracy: 70.42
standard deviation: 1.37
########
Beginning UAS evaluation for hu
majority label baseline: 4.67
per word majority baseline: 4.92
random seed: 1
num epochs: 64
accuracy: 68.77
----
random seed: 2
num epochs: 64
accuracy: 72.16
----
random seed: 3
num epochs: 64
accuracy: 69.45
----
random seed: 4
num epochs: 64
accuracy: 72.31
----
all trials finished
mean epochs: 64.0
mean accuracy: 70.67
standard deviation: 1.58
########
Beginning UAS evaluation for ru
For file: data/ud-uralic/ru_syntagrus-ud-train.conllu  words without a head: 1662
For file: data/ud-uralic/ru_syntagrus-ud-dev.conllu  words without a head: 265
For file: data/ud-uralic/ru_syntagrus-ud-test.conllu  words without a head: 271
majority label baseline: 6.34
per word majority baseline: 10.15
random seed: 1
num epochs: 64
accuracy: 76.19
----
random seed: 2
num epochs: 64
accuracy: 74.54
----
random seed: 3
num epochs: 64
accuracy: 75.58
----
random seed: 4
num epochs: 64
accuracy: 75.28
----
all trials finished
mean epochs: 64.0
mean accuracy: 75.4
standard deviation: 0.59
