Config file: configs/uralic_uas_few-shot_xlmr-lapt_voc01_alpha01_emb32k.yml
Pytorch version: 1.13.1
Pytorch CUDA version: 11.7
GPUs available: True
########
Beginning UAS evaluation for myv
majority label baseline: 13.28
per word majority baseline: 7.28
random seed: 1
num epochs: 62
accuracy: 50.57
----
random seed: 2
num epochs: 64
accuracy: 48.0
----
random seed: 3
num epochs: 64
accuracy: 52.03
----
random seed: 4
num epochs: 64
accuracy: 49.33
----
all trials finished
mean epochs: 63.5
mean accuracy: 49.98
standard deviation: 1.49
########
Beginning UAS evaluation for sme
majority label baseline: 20.07
per word majority baseline: 11.82
random seed: 1
num epochs: 56
accuracy: 35.44
----
random seed: 2
num epochs: 58
accuracy: 36.36
----
random seed: 3
num epochs: 64
accuracy: 34.75
----
random seed: 4
num epochs: 60
accuracy: 35.08
----
all trials finished
mean epochs: 59.5
mean accuracy: 35.41
standard deviation: 0.6
########
Beginning UAS evaluation for et
For file: data/ud-uralic/et_ewt-ud-train.conllu  words without a head: 75
For file: data/ud-uralic/et_ewt-ud-dev.conllu  words without a head: 10
For file: data/ud-uralic/et_ewt-ud-test.conllu  words without a head: 23
majority label baseline: 8.07
per word majority baseline: 8.32
random seed: 1
num epochs: 64
accuracy: 49.82
----
random seed: 2
num epochs: 64
accuracy: 50.96
----
random seed: 3
num epochs: 64
accuracy: 50.23
----
random seed: 4
num epochs: 64
accuracy: 51.66
----
all trials finished
mean epochs: 64.0
mean accuracy: 50.67
standard deviation: 0.7
########
Beginning UAS evaluation for fi
majority label baseline: 11.78
per word majority baseline: 14.91
random seed: 1
num epochs: 64
accuracy: 67.77
----
random seed: 2
num epochs: 64
accuracy: 69.88
----
random seed: 3
num epochs: 64
accuracy: 70.94
----
random seed: 4
num epochs: 64
accuracy: 66.57
----
all trials finished
mean epochs: 64.0
mean accuracy: 68.79
standard deviation: 1.72
########
Beginning UAS evaluation for hu
majority label baseline: 4.67
per word majority baseline: 4.92
random seed: 1
num epochs: 64
accuracy: 65.14
----
random seed: 2
num epochs: 64
accuracy: 60.18
----
random seed: 3
num epochs: 64
accuracy: 60.91
----
random seed: 4
num epochs: 64
accuracy: 68.93
----
all trials finished
mean epochs: 64.0
mean accuracy: 63.79
standard deviation: 3.52
########
Beginning UAS evaluation for ru
For file: data/ud-uralic/ru_syntagrus-ud-train.conllu  words without a head: 1662
For file: data/ud-uralic/ru_syntagrus-ud-dev.conllu  words without a head: 265
For file: data/ud-uralic/ru_syntagrus-ud-test.conllu  words without a head: 271
majority label baseline: 6.34
per word majority baseline: 10.15
random seed: 1
num epochs: 64
accuracy: 71.74
----
random seed: 2
num epochs: 64
accuracy: 68.14
----
random seed: 3
num epochs: 64
accuracy: 73.0
----
random seed: 4
num epochs: 64
accuracy: 68.82
----
all trials finished
mean epochs: 64.0
mean accuracy: 70.43
standard deviation: 2.01
