Config file: configs/uralic_uas_full-train_xlmr-lapt_alpha03_emb64k.yml
Pytorch version: 1.13.1
Pytorch CUDA version: 11.7
GPUs available: True
########
Beginning UAS evaluation for myv
majority label baseline: 13.28
per word majority baseline: 7.28
random seed: 1
num epochs: 60
accuracy: 56.87
----
random seed: 2
num epochs: 64
accuracy: 60.13
----
random seed: 3
num epochs: 60
accuracy: 57.69
----
random seed: 4
num epochs: 64
accuracy: 53.11
----
all trials finished
mean epochs: 62.0
mean accuracy: 56.95
standard deviation: 2.52
########
Beginning UAS evaluation for sme
majority label baseline: 20.07
per word majority baseline: 11.82
random seed: 1
num epochs: 62
accuracy: 53.78
----
random seed: 2
num epochs: 64
accuracy: 54.02
----
random seed: 3
num epochs: 64
accuracy: 57.85
----
random seed: 4
num epochs: 64
accuracy: 57.1
----
all trials finished
mean epochs: 63.5
mean accuracy: 55.69
standard deviation: 1.81
########
Beginning UAS evaluation for et
For file: data/ud-uralic/et_ewt-ud-train.conllu  words without a head: 75
For file: data/ud-uralic/et_ewt-ud-dev.conllu  words without a head: 10
For file: data/ud-uralic/et_ewt-ud-test.conllu  words without a head: 23
majority label baseline: 8.07
per word majority baseline: 8.32
random seed: 1
num epochs: 64
accuracy: 84.73
----
random seed: 2
num epochs: 60
accuracy: 85.74
----
random seed: 3
num epochs: 60
accuracy: 85.05
----
random seed: 4
num epochs: 64
accuracy: 84.52
----
all trials finished
mean epochs: 62.0
mean accuracy: 85.01
standard deviation: 0.46
########
Beginning UAS evaluation for fi
majority label baseline: 11.78
per word majority baseline: 14.91
random seed: 1
num epochs: 60
accuracy: 93.19
----
random seed: 2
num epochs: 64
accuracy: 93.44
----
random seed: 3
num epochs: 62
accuracy: 93.37
----
random seed: 4
num epochs: 64
accuracy: 93.42
----
all trials finished
mean epochs: 62.5
mean accuracy: 93.36
standard deviation: 0.1
########
Beginning UAS evaluation for hu
majority label baseline: 4.67
per word majority baseline: 4.92
random seed: 1
num epochs: 64
accuracy: 82.45
----
random seed: 2
num epochs: 64
accuracy: 83.69
----
random seed: 3
num epochs: 64
accuracy: 78.97
----
random seed: 4
num epochs: 64
accuracy: 82.0
----
all trials finished
mean epochs: 64.0
mean accuracy: 81.78
standard deviation: 1.73
########
Beginning UAS evaluation for ru
For file: data/ud-uralic/ru_syntagrus-ud-train.conllu  words without a head: 1662
For file: data/ud-uralic/ru_syntagrus-ud-dev.conllu  words without a head: 265
For file: data/ud-uralic/ru_syntagrus-ud-test.conllu  words without a head: 271
majority label baseline: 6.34
per word majority baseline: 10.15
random seed: 1
num epochs: 48
accuracy: 94.6
----
random seed: 2
num epochs: 60
accuracy: 94.76
----
random seed: 3
num epochs: 64
accuracy: 94.63
----
random seed: 4
num epochs: 58
accuracy: 94.67
----
all trials finished
mean epochs: 57.5
mean accuracy: 94.66
standard deviation: 0.06
