Config file: configs/uralic_uas_full-train_xlmr-lapt_alpha02_full-voc_200k.yml
Pytorch version: 1.13.1
Pytorch CUDA version: 11.7
GPUs available: True
########
Beginning UAS evaluation for myv
majority label baseline: 13.28
per word majority baseline: 7.28
random seed: 1
num epochs: 64
accuracy: 58.74
----
random seed: 2
num epochs: 62
accuracy: 58.42
----
random seed: 3
num epochs: 62
accuracy: 57.94
----
random seed: 4
num epochs: 62
accuracy: 57.5
----
all trials finished
mean epochs: 62.5
mean accuracy: 58.15
standard deviation: 0.47
########
Beginning UAS evaluation for sme
majority label baseline: 20.07
per word majority baseline: 11.82
random seed: 1
num epochs: 62
accuracy: 65.24
----
random seed: 2
num epochs: 64
accuracy: 65.0
----
random seed: 3
num epochs: 64
accuracy: 65.46
----
random seed: 4
num epochs: 64
accuracy: 65.74
----
all trials finished
mean epochs: 63.5
mean accuracy: 65.36
standard deviation: 0.28
########
Beginning UAS evaluation for et
For file: data/ud-uralic/et_ewt-ud-train.conllu  words without a head: 75
For file: data/ud-uralic/et_ewt-ud-dev.conllu  words without a head: 10
For file: data/ud-uralic/et_ewt-ud-test.conllu  words without a head: 23
majority label baseline: 8.07
per word majority baseline: 8.32
random seed: 1
num epochs: 62
accuracy: 85.3
----
random seed: 2
num epochs: 62
accuracy: 86.1
----
random seed: 3
num epochs: 64
accuracy: 85.76
----
random seed: 4
num epochs: 62
accuracy: 86.02
----
all trials finished
mean epochs: 62.5
mean accuracy: 85.79
standard deviation: 0.31
########
Beginning UAS evaluation for fi
majority label baseline: 11.78
per word majority baseline: 14.91
random seed: 1
num epochs: 64
accuracy: 93.99
----
random seed: 2
num epochs: 64
accuracy: 93.84
----
random seed: 3
num epochs: 62
accuracy: 94.14
----
random seed: 4
num epochs: 62
accuracy: 93.92
----
all trials finished
mean epochs: 63.0
mean accuracy: 93.97
standard deviation: 0.11
########
Beginning UAS evaluation for hu
majority label baseline: 4.67
per word majority baseline: 4.92
random seed: 1
num epochs: 64
accuracy: 84.89
----
random seed: 2
num epochs: 64
accuracy: 79.68
----
random seed: 3
num epochs: 64
accuracy: 81.24
----
random seed: 4
num epochs: 64
accuracy: 77.45
----
all trials finished
mean epochs: 64.0
mean accuracy: 80.81
standard deviation: 2.71
########
Beginning UAS evaluation for ru
For file: data/ud-uralic/ru_syntagrus-ud-train.conllu  words without a head: 1662
For file: data/ud-uralic/ru_syntagrus-ud-dev.conllu  words without a head: 265
For file: data/ud-uralic/ru_syntagrus-ud-test.conllu  words without a head: 271
majority label baseline: 6.34
per word majority baseline: 10.15
random seed: 1
num epochs: 56
accuracy: 94.78
----
random seed: 2
num epochs: 58
accuracy: 94.78
----
random seed: 3
num epochs: 62
accuracy: 94.89
----
random seed: 4
num epochs: 64
accuracy: 94.97
----
all trials finished
mean epochs: 60.0
mean accuracy: 94.85
standard deviation: 0.08
