Config file: configs/uralic_uas_few-shot_xlmr-lapt_alpha03_emb16k.yml
Pytorch version: 1.13.1
Pytorch CUDA version: 11.7
GPUs available: True
########
Beginning UAS evaluation for myv
majority label baseline: 13.28
per word majority baseline: 7.28
random seed: 1
num epochs: 62
accuracy: 48.54
----
random seed: 2
num epochs: 64
accuracy: 47.79
----
random seed: 3
num epochs: 64
accuracy: 48.4
----
random seed: 4
num epochs: 64
accuracy: 48.78
----
all trials finished
mean epochs: 63.5
mean accuracy: 48.37
standard deviation: 0.37
########
Beginning UAS evaluation for sme
majority label baseline: 20.07
per word majority baseline: 11.82
random seed: 1
num epochs: 64
accuracy: 32.58
----
random seed: 2
num epochs: 64
accuracy: 39.85
----
random seed: 3
num epochs: 64
accuracy: 37.68
----
random seed: 4
num epochs: 64
accuracy: 39.08
----
all trials finished
mean epochs: 64.0
mean accuracy: 37.3
standard deviation: 2.83
########
Beginning UAS evaluation for et
For file: data/ud-uralic/et_ewt-ud-train.conllu  words without a head: 75
For file: data/ud-uralic/et_ewt-ud-dev.conllu  words without a head: 10
For file: data/ud-uralic/et_ewt-ud-test.conllu  words without a head: 23
majority label baseline: 8.07
per word majority baseline: 8.32
random seed: 1
num epochs: 62
accuracy: 50.56
----
random seed: 2
num epochs: 64
accuracy: 50.57
----
random seed: 3
num epochs: 64
accuracy: 50.21
----
random seed: 4
num epochs: 64
accuracy: 50.03
----
all trials finished
mean epochs: 63.5
mean accuracy: 50.34
standard deviation: 0.23
########
Beginning UAS evaluation for fi
majority label baseline: 11.78
per word majority baseline: 14.91
random seed: 1
num epochs: 64
accuracy: 67.35
----
random seed: 2
num epochs: 64
accuracy: 70.66
----
random seed: 3
num epochs: 64
accuracy: 68.83
----
random seed: 4
num epochs: 64
accuracy: 68.89
----
all trials finished
mean epochs: 64.0
mean accuracy: 68.93
standard deviation: 1.17
########
Beginning UAS evaluation for hu
majority label baseline: 4.67
per word majority baseline: 4.92
random seed: 1
num epochs: 64
accuracy: 70.22
----
random seed: 2
num epochs: 64
accuracy: 65.98
----
random seed: 3
num epochs: 64
accuracy: 69.69
----
random seed: 4
num epochs: 64
accuracy: 64.73
----
all trials finished
mean epochs: 64.0
mean accuracy: 67.66
standard deviation: 2.35
########
Beginning UAS evaluation for ru
For file: data/ud-uralic/ru_syntagrus-ud-train.conllu  words without a head: 1662
For file: data/ud-uralic/ru_syntagrus-ud-dev.conllu  words without a head: 265
For file: data/ud-uralic/ru_syntagrus-ud-test.conllu  words without a head: 271
majority label baseline: 6.34
per word majority baseline: 10.15
random seed: 1
num epochs: 64
accuracy: 74.68
----
random seed: 2
num epochs: 64
accuracy: 73.62
----
random seed: 3
num epochs: 64
accuracy: 59.52
----
random seed: 4
num epochs: 64
accuracy: 72.16
----
all trials finished
mean epochs: 64.0
mean accuracy: 70.0
standard deviation: 6.12
