Config file: configs/uralic_pos_full-train_xlmr-lapt_alpha02_emb32k_400k.yml
Pytorch version: 1.13.1
Pytorch CUDA version: 11.7
GPUs available: True
########
Beginning POS evaluation for myv
majority label baseline: 24.14
per word majority baseline: 55.97
random seed: 1
num epochs: 58
accuracy: 80.92
----
random seed: 2
num epochs: 64
accuracy: 78.07
----
random seed: 3
num epochs: 64
accuracy: 81.12
----
random seed: 4
num epochs: 64
accuracy: 82.05
----
all trials finished
mean epochs: 62.5
mean accuracy: 80.54
standard deviation: 1.49
########
Beginning POS evaluation for sme
majority label baseline: 22.99
per word majority baseline: 61.65
random seed: 1
num epochs: 64
accuracy: 90.81
----
random seed: 2
num epochs: 64
accuracy: 90.71
----
random seed: 3
num epochs: 62
accuracy: 90.09
----
random seed: 4
num epochs: 64
accuracy: 90.92
----
all trials finished
mean epochs: 63.5
mean accuracy: 90.63
standard deviation: 0.32
########
Beginning POS evaluation for et
majority label baseline: 19.97
per word majority baseline: 69.37
random seed: 1
num epochs: 60
accuracy: 95.73
----
random seed: 2
num epochs: 62
accuracy: 95.84
----
random seed: 3
num epochs: 40
accuracy: 95.14
----
random seed: 4
num epochs: 60
accuracy: 95.73
----
all trials finished
mean epochs: 55.5
mean accuracy: 95.61
standard deviation: 0.27
########
Beginning POS evaluation for fi
majority label baseline: 23.24
per word majority baseline: 70.78
random seed: 1
num epochs: 62
accuracy: 97.51
----
random seed: 2
num epochs: 64
accuracy: 97.59
----
random seed: 3
num epochs: 48
accuracy: 97.26
----
random seed: 4
num epochs: 56
accuracy: 97.48
----
all trials finished
mean epochs: 57.5
mean accuracy: 97.46
standard deviation: 0.12
########
Beginning POS evaluation for hu
majority label baseline: 22.42
per word majority baseline: 60.37
random seed: 1
num epochs: 62
accuracy: 96.08
----
random seed: 2
num epochs: 64
accuracy: 95.79
----
random seed: 3
num epochs: 64
accuracy: 95.78
----
random seed: 4
num epochs: 64
accuracy: 95.81
----
all trials finished
mean epochs: 63.5
mean accuracy: 95.86
standard deviation: 0.12
########
Beginning POS evaluation for ru
majority label baseline: 23.84
per word majority baseline: 88.62
random seed: 1
num epochs: 58
accuracy: 98.53
----
random seed: 2
num epochs: 52
accuracy: 98.52
----
random seed: 3
num epochs: 64
accuracy: 98.54
----
random seed: 4
num epochs: 62
accuracy: 98.53
----
all trials finished
mean epochs: 59.0
mean accuracy: 98.53
standard deviation: 0.01
