Config file: configs/uralic_pos_full-train_xlmr-lapt_alpha04_emb128k.yml
Pytorch version: 1.13.1
Pytorch CUDA version: 11.7
GPUs available: True
########
Beginning POS evaluation for myv
majority label baseline: 24.14
per word majority baseline: 55.97
random seed: 1
num epochs: 64
accuracy: 59.38
----
random seed: 2
num epochs: 64
accuracy: 67.45
----
random seed: 3
num epochs: 58
accuracy: 61.03
----
random seed: 4
num epochs: 56
accuracy: 60.76
----
all trials finished
mean epochs: 60.5
mean accuracy: 62.16
standard deviation: 3.12
########
Beginning POS evaluation for sme
majority label baseline: 22.99
per word majority baseline: 61.65
random seed: 1
num epochs: 64
accuracy: 78.49
----
random seed: 2
num epochs: 64
accuracy: 78.11
----
random seed: 3
num epochs: 64
accuracy: 73.49
----
random seed: 4
num epochs: 34
accuracy: 64.56
----
all trials finished
mean epochs: 56.5
mean accuracy: 73.66
standard deviation: 5.61
########
Beginning POS evaluation for et
majority label baseline: 19.97
per word majority baseline: 69.37
random seed: 1
num epochs: 62
accuracy: 95.54
----
random seed: 2
num epochs: 58
accuracy: 94.81
----
random seed: 3
num epochs: 56
accuracy: 94.88
----
random seed: 4
num epochs: 64
accuracy: 94.73
----
all trials finished
mean epochs: 60.0
mean accuracy: 94.99
standard deviation: 0.32
########
Beginning POS evaluation for fi
majority label baseline: 23.24
per word majority baseline: 70.78
random seed: 1
num epochs: 64
accuracy: 97.08
----
random seed: 2
num epochs: 64
accuracy: 97.09
----
random seed: 3
num epochs: 62
accuracy: 97.06
----
random seed: 4
num epochs: 60
accuracy: 96.9
----
all trials finished
mean epochs: 62.5
mean accuracy: 97.03
standard deviation: 0.08
########
Beginning POS evaluation for hu
majority label baseline: 22.42
per word majority baseline: 60.37
random seed: 1
num epochs: 62
accuracy: 93.55
----
random seed: 2
num epochs: 64
accuracy: 95.4
----
random seed: 3
num epochs: 64
accuracy: 93.44
----
random seed: 4
num epochs: 64
accuracy: 95.15
----
all trials finished
mean epochs: 63.5
mean accuracy: 94.38
standard deviation: 0.89
########
Beginning POS evaluation for ru
majority label baseline: 23.84
per word majority baseline: 88.62
random seed: 1
num epochs: 34
accuracy: 98.29
----
random seed: 2
num epochs: 44
accuracy: 98.37
----
random seed: 3
num epochs: 62
accuracy: 98.39
----
random seed: 4
num epochs: 32
accuracy: 98.3
----
all trials finished
mean epochs: 43.0
mean accuracy: 98.34
standard deviation: 0.04
