Config file: configs/uralic_uas_few-shot_xlmr-lapt_alpha01_emb16k.yml
Pytorch version: 1.13.1
Pytorch CUDA version: 11.7
GPUs available: True
########
Beginning UAS evaluation for myv
majority label baseline: 13.28
per word majority baseline: 7.28
random seed: 1
num epochs: 64
accuracy: 51.83
----
random seed: 2
num epochs: 64
accuracy: 53.13
----
random seed: 3
num epochs: 64
accuracy: 52.78
----
random seed: 4
num epochs: 64
accuracy: 51.67
----
all trials finished
mean epochs: 64.0
mean accuracy: 52.35
standard deviation: 0.62
########
Beginning UAS evaluation for sme
majority label baseline: 20.07
per word majority baseline: 11.82
random seed: 1
num epochs: 64
accuracy: 36.16
----
random seed: 2
num epochs: 58
accuracy: 43.3
----
random seed: 3
num epochs: 64
accuracy: 43.15
----
random seed: 4
num epochs: 62
accuracy: 42.08
----
all trials finished
mean epochs: 62.0
mean accuracy: 41.17
standard deviation: 2.93
########
Beginning UAS evaluation for et
For file: data/ud-uralic/et_ewt-ud-train.conllu  words without a head: 75
For file: data/ud-uralic/et_ewt-ud-dev.conllu  words without a head: 10
For file: data/ud-uralic/et_ewt-ud-test.conllu  words without a head: 23
majority label baseline: 8.07
per word majority baseline: 8.32
random seed: 1
num epochs: 64
accuracy: 50.26
----
random seed: 2
num epochs: 62
accuracy: 48.27
----
random seed: 3
num epochs: 64
accuracy: 50.76
----
random seed: 4
num epochs: 64
accuracy: 49.4
----
all trials finished
mean epochs: 63.5
mean accuracy: 49.67
standard deviation: 0.94
########
Beginning UAS evaluation for fi
majority label baseline: 11.78
per word majority baseline: 14.91
random seed: 1
num epochs: 64
accuracy: 66.76
----
random seed: 2
num epochs: 64
accuracy: 70.24
----
random seed: 3
num epochs: 64
accuracy: 68.15
----
random seed: 4
num epochs: 64
accuracy: 66.58
----
all trials finished
mean epochs: 64.0
mean accuracy: 67.93
standard deviation: 1.46
########
Beginning UAS evaluation for hu
majority label baseline: 4.67
per word majority baseline: 4.92
random seed: 1
num epochs: 64
accuracy: 69.77
----
random seed: 2
num epochs: 64
accuracy: 64.99
----
random seed: 3
num epochs: 64
accuracy: 64.87
----
random seed: 4
num epochs: 64
accuracy: 67.93
----
all trials finished
mean epochs: 64.0
mean accuracy: 66.89
standard deviation: 2.07
########
Beginning UAS evaluation for ru
For file: data/ud-uralic/ru_syntagrus-ud-train.conllu  words without a head: 1662
For file: data/ud-uralic/ru_syntagrus-ud-dev.conllu  words without a head: 265
For file: data/ud-uralic/ru_syntagrus-ud-test.conllu  words without a head: 271
majority label baseline: 6.34
per word majority baseline: 10.15
random seed: 1
num epochs: 64
accuracy: 71.95
----
random seed: 2
num epochs: 64
accuracy: 73.85
----
random seed: 3
num epochs: 64
accuracy: 69.53
----
random seed: 4
num epochs: 64
accuracy: 62.86
----
all trials finished
mean epochs: 64.0
mean accuracy: 69.55
standard deviation: 4.15
