Config file: configs/uralic_pos_full-train_xlmr-lapt_alpha01_emb64k_200k.yml
Pytorch version: 1.13.1
Pytorch CUDA version: 11.7
GPUs available: True
########
Beginning POS evaluation for myv
majority label baseline: 24.14
per word majority baseline: 55.97
random seed: 1
num epochs: 56
accuracy: 79.99
----
random seed: 2
num epochs: 64
accuracy: 75.33
----
random seed: 3
num epochs: 62
accuracy: 80.29
----
random seed: 4
num epochs: 64
accuracy: 80.75
----
all trials finished
mean epochs: 61.5
mean accuracy: 79.09
standard deviation: 2.19
########
Beginning POS evaluation for sme
majority label baseline: 22.99
per word majority baseline: 61.65
random seed: 1
num epochs: 64
accuracy: 89.39
----
random seed: 2
num epochs: 62
accuracy: 81.02
----
random seed: 3
num epochs: 64
accuracy: 87.26
----
random seed: 4
num epochs: 60
accuracy: 86.98
----
all trials finished
mean epochs: 62.5
mean accuracy: 86.16
standard deviation: 3.11
########
Beginning POS evaluation for et
majority label baseline: 19.97
per word majority baseline: 69.37
random seed: 1
num epochs: 64
accuracy: 95.6
----
random seed: 2
num epochs: 60
accuracy: 95.24
----
random seed: 3
num epochs: 64
accuracy: 95.75
----
random seed: 4
num epochs: 64
accuracy: 95.54
----
all trials finished
mean epochs: 63.0
mean accuracy: 95.53
standard deviation: 0.18
########
Beginning POS evaluation for fi
majority label baseline: 23.24
per word majority baseline: 70.78
random seed: 1
num epochs: 58
accuracy: 97.43
----
random seed: 2
num epochs: 64
accuracy: 97.38
----
random seed: 3
num epochs: 60
accuracy: 97.27
----
random seed: 4
num epochs: 60
accuracy: 97.38
----
all trials finished
mean epochs: 60.5
mean accuracy: 97.37
standard deviation: 0.06
########
Beginning POS evaluation for hu
majority label baseline: 22.42
per word majority baseline: 60.37
random seed: 1
num epochs: 64
accuracy: 95.65
----
random seed: 2
num epochs: 58
accuracy: 95.55
----
random seed: 3
num epochs: 64
accuracy: 95.63
----
random seed: 4
num epochs: 64
accuracy: 93.94
----
all trials finished
mean epochs: 62.5
mean accuracy: 95.19
standard deviation: 0.72
########
Beginning POS evaluation for ru
majority label baseline: 23.84
per word majority baseline: 88.62
random seed: 1
num epochs: 64
accuracy: 98.49
----
random seed: 2
num epochs: 60
accuracy: 98.56
----
random seed: 3
num epochs: 52
accuracy: 98.48
----
random seed: 4
num epochs: 56
accuracy: 98.52
----
all trials finished
mean epochs: 58.0
mean accuracy: 98.51
standard deviation: 0.03
