Config file: configs/uralic_uas_few-shot_xlmr-lapt_alpha02_emb64k_400k.yml
Pytorch version: 1.13.1
Pytorch CUDA version: 11.7
GPUs available: True
########
Beginning UAS evaluation for myv
majority label baseline: 13.28
per word majority baseline: 7.28
random seed: 1
num epochs: 64
accuracy: 58.52
----
random seed: 2
num epochs: 64
accuracy: 57.92
----
random seed: 3
num epochs: 64
accuracy: 63.17
----
random seed: 4
num epochs: 64
accuracy: 62.34
----
all trials finished
mean epochs: 64.0
mean accuracy: 60.49
standard deviation: 2.3
########
Beginning UAS evaluation for sme
majority label baseline: 20.07
per word majority baseline: 11.82
random seed: 1
num epochs: 64
accuracy: 52.98
----
random seed: 2
num epochs: 64
accuracy: 54.26
----
random seed: 3
num epochs: 64
accuracy: 52.77
----
random seed: 4
num epochs: 64
accuracy: 53.65
----
all trials finished
mean epochs: 64.0
mean accuracy: 53.41
standard deviation: 0.59
########
Beginning UAS evaluation for et
For file: data/ud-uralic/et_ewt-ud-train.conllu  words without a head: 75
For file: data/ud-uralic/et_ewt-ud-dev.conllu  words without a head: 10
For file: data/ud-uralic/et_ewt-ud-test.conllu  words without a head: 23
majority label baseline: 8.07
per word majority baseline: 8.32
random seed: 1
num epochs: 64
accuracy: 63.98
----
random seed: 2
num epochs: 64
accuracy: 59.26
----
random seed: 3
num epochs: 64
accuracy: 58.11
----
random seed: 4
num epochs: 64
accuracy: 62.36
----
all trials finished
mean epochs: 64.0
mean accuracy: 60.93
standard deviation: 2.35
########
Beginning UAS evaluation for fi
majority label baseline: 11.78
per word majority baseline: 14.91
random seed: 1
num epochs: 64
accuracy: 70.72
----
random seed: 2
num epochs: 64
accuracy: 74.7
----
random seed: 3
num epochs: 64
accuracy: 72.69
----
random seed: 4
num epochs: 64
accuracy: 73.24
----
all trials finished
mean epochs: 64.0
mean accuracy: 72.84
standard deviation: 1.43
########
Beginning UAS evaluation for hu
majority label baseline: 4.67
per word majority baseline: 4.92
random seed: 1
num epochs: 64
accuracy: 75.01
----
random seed: 2
num epochs: 64
accuracy: 74.99
----
random seed: 3
num epochs: 64
accuracy: 75.58
----
random seed: 4
num epochs: 64
accuracy: 75.91
----
all trials finished
mean epochs: 64.0
mean accuracy: 75.37
standard deviation: 0.39
########
Beginning UAS evaluation for ru
For file: data/ud-uralic/ru_syntagrus-ud-train.conllu  words without a head: 1662
For file: data/ud-uralic/ru_syntagrus-ud-dev.conllu  words without a head: 265
For file: data/ud-uralic/ru_syntagrus-ud-test.conllu  words without a head: 271
majority label baseline: 6.34
per word majority baseline: 10.15
random seed: 1
num epochs: 64
accuracy: 71.18
----
random seed: 2
num epochs: 64
accuracy: 72.51
----
random seed: 3
num epochs: 64
accuracy: 72.76
----
random seed: 4
num epochs: 64
accuracy: 69.8
----
all trials finished
mean epochs: 64.0
mean accuracy: 71.56
standard deviation: 1.18
