Config file: configs/uralic_uas_full-train_xlmr-lapt_alpha005_emb32k.yml
Pytorch version: 1.13.1
Pytorch CUDA version: 11.7
GPUs available: True
########
Beginning UAS evaluation for myv
majority label baseline: 13.28
per word majority baseline: 7.28
random seed: 1
num epochs: 62
accuracy: 62.64
----
random seed: 2
num epochs: 64
accuracy: 61.03
----
random seed: 3
num epochs: 64
accuracy: 63.08
----
random seed: 4
num epochs: 64
accuracy: 61.29
----
all trials finished
mean epochs: 63.5
mean accuracy: 62.01
standard deviation: 0.87
########
Beginning UAS evaluation for sme
majority label baseline: 20.07
per word majority baseline: 11.82
random seed: 1
num epochs: 64
accuracy: 60.99
----
random seed: 2
num epochs: 64
accuracy: 63.34
----
random seed: 3
num epochs: 62
accuracy: 63.08
----
random seed: 4
num epochs: 62
accuracy: 62.33
----
all trials finished
mean epochs: 63.0
mean accuracy: 62.43
standard deviation: 0.91
########
Beginning UAS evaluation for et
For file: data/ud-uralic/et_ewt-ud-train.conllu  words without a head: 75
For file: data/ud-uralic/et_ewt-ud-dev.conllu  words without a head: 10
For file: data/ud-uralic/et_ewt-ud-test.conllu  words without a head: 23
majority label baseline: 8.07
per word majority baseline: 8.32
random seed: 1
num epochs: 62
accuracy: 83.65
----
random seed: 2
num epochs: 64
accuracy: 84.03
----
random seed: 3
num epochs: 64
accuracy: 84.31
----
random seed: 4
num epochs: 64
accuracy: 84.39
----
all trials finished
mean epochs: 63.5
mean accuracy: 84.1
standard deviation: 0.29
########
Beginning UAS evaluation for fi
majority label baseline: 11.78
per word majority baseline: 14.91
random seed: 1
num epochs: 60
accuracy: 93.42
----
random seed: 2
num epochs: 64
accuracy: 93.4
----
random seed: 3
num epochs: 64
accuracy: 93.33
----
random seed: 4
num epochs: 58
accuracy: 93.23
----
all trials finished
mean epochs: 61.5
mean accuracy: 93.35
standard deviation: 0.07
########
Beginning UAS evaluation for hu
majority label baseline: 4.67
per word majority baseline: 4.92
random seed: 1
num epochs: 64
accuracy: 82.71
----
random seed: 2
num epochs: 64
accuracy: 70.17
----
random seed: 3
num epochs: 64
accuracy: 80.69
----
random seed: 4
num epochs: 64
accuracy: 80.11
----
all trials finished
mean epochs: 64.0
mean accuracy: 78.42
standard deviation: 4.86
########
Beginning UAS evaluation for ru
For file: data/ud-uralic/ru_syntagrus-ud-train.conllu  words without a head: 1662
For file: data/ud-uralic/ru_syntagrus-ud-dev.conllu  words without a head: 265
For file: data/ud-uralic/ru_syntagrus-ud-test.conllu  words without a head: 271
majority label baseline: 6.34
per word majority baseline: 10.15
random seed: 1
num epochs: 62
accuracy: 94.54
----
random seed: 2
num epochs: 64
accuracy: 94.74
----
random seed: 3
num epochs: 64
accuracy: 94.63
----
random seed: 4
num epochs: 62
accuracy: 94.58
----
all trials finished
mean epochs: 63.0
mean accuracy: 94.62
standard deviation: 0.07
