Config file: configs/uralic_uas_few-shot_xlmr-lapt_alpha04_emb16k.yml
Pytorch version: 1.13.1
Pytorch CUDA version: 11.7
GPUs available: True
########
Beginning UAS evaluation for myv
majority label baseline: 13.28
per word majority baseline: 7.28
random seed: 1
num epochs: 64
accuracy: 45.95
----
random seed: 2
num epochs: 64
accuracy: 43.56
----
random seed: 3
num epochs: 64
accuracy: 48.73
----
random seed: 4
num epochs: 64
accuracy: 46.95
----
all trials finished
mean epochs: 64.0
mean accuracy: 46.3
standard deviation: 1.87
########
Beginning UAS evaluation for sme
majority label baseline: 20.07
per word majority baseline: 11.82
random seed: 1
num epochs: 48
accuracy: 30.91
----
random seed: 2
num epochs: 62
accuracy: 39.1
----
random seed: 3
num epochs: 64
accuracy: 36.08
----
random seed: 4
num epochs: 62
accuracy: 34.17
----
all trials finished
mean epochs: 59.0
mean accuracy: 35.06
standard deviation: 2.98
########
Beginning UAS evaluation for et
For file: data/ud-uralic/et_ewt-ud-train.conllu  words without a head: 75
For file: data/ud-uralic/et_ewt-ud-dev.conllu  words without a head: 10
For file: data/ud-uralic/et_ewt-ud-test.conllu  words without a head: 23
majority label baseline: 8.07
per word majority baseline: 8.32
random seed: 1
num epochs: 64
accuracy: 51.89
----
random seed: 2
num epochs: 64
accuracy: 49.18
----
random seed: 3
num epochs: 64
accuracy: 50.96
----
random seed: 4
num epochs: 64
accuracy: 49.39
----
all trials finished
mean epochs: 64.0
mean accuracy: 50.36
standard deviation: 1.12
########
Beginning UAS evaluation for fi
majority label baseline: 11.78
per word majority baseline: 14.91
random seed: 1
num epochs: 64
accuracy: 67.1
----
random seed: 2
num epochs: 64
accuracy: 70.86
----
random seed: 3
num epochs: 64
accuracy: 68.79
----
random seed: 4
num epochs: 64
accuracy: 68.44
----
all trials finished
mean epochs: 64.0
mean accuracy: 68.8
standard deviation: 1.35
########
Beginning UAS evaluation for hu
majority label baseline: 4.67
per word majority baseline: 4.92
random seed: 1
num epochs: 64
accuracy: 67.77
----
random seed: 2
num epochs: 64
accuracy: 65.29
----
random seed: 3
num epochs: 64
accuracy: 69.43
----
random seed: 4
num epochs: 64
accuracy: 67.81
----
all trials finished
mean epochs: 64.0
mean accuracy: 67.58
standard deviation: 1.48
########
Beginning UAS evaluation for ru
For file: data/ud-uralic/ru_syntagrus-ud-train.conllu  words without a head: 1662
For file: data/ud-uralic/ru_syntagrus-ud-dev.conllu  words without a head: 265
For file: data/ud-uralic/ru_syntagrus-ud-test.conllu  words without a head: 271
majority label baseline: 6.34
per word majority baseline: 10.15
random seed: 1
num epochs: 64
accuracy: 69.63
----
random seed: 2
num epochs: 64
accuracy: 72.85
----
random seed: 3
num epochs: 64
accuracy: 74.32
----
random seed: 4
num epochs: 64
accuracy: 63.97
----
all trials finished
mean epochs: 64.0
mean accuracy: 70.19
standard deviation: 3.97
