Config file: configs/uralic_uas_few-shot_xlmr-lapt_alpha01_emb64k_200k.yml
Pytorch version: 1.13.1
Pytorch CUDA version: 11.7
GPUs available: True
########
Beginning UAS evaluation for myv
majority label baseline: 13.28
per word majority baseline: 7.28
random seed: 1
num epochs: 64
accuracy: 55.01
----
random seed: 2
num epochs: 62
accuracy: 56.34
----
random seed: 3
num epochs: 64
accuracy: 60.9
----
random seed: 4
num epochs: 64
accuracy: 55.69
----
all trials finished
mean epochs: 63.5
mean accuracy: 56.99
standard deviation: 2.31
########
Beginning UAS evaluation for sme
majority label baseline: 20.07
per word majority baseline: 11.82
random seed: 1
num epochs: 62
accuracy: 48.32
----
random seed: 2
num epochs: 64
accuracy: 48.98
----
random seed: 3
num epochs: 64
accuracy: 49.61
----
random seed: 4
num epochs: 62
accuracy: 46.62
----
all trials finished
mean epochs: 63.0
mean accuracy: 48.38
standard deviation: 1.11
########
Beginning UAS evaluation for et
For file: data/ud-uralic/et_ewt-ud-train.conllu  words without a head: 75
For file: data/ud-uralic/et_ewt-ud-dev.conllu  words without a head: 10
For file: data/ud-uralic/et_ewt-ud-test.conllu  words without a head: 23
majority label baseline: 8.07
per word majority baseline: 8.32
random seed: 1
num epochs: 64
accuracy: 54.78
----
random seed: 2
num epochs: 64
accuracy: 59.04
----
random seed: 3
num epochs: 64
accuracy: 58.2
----
random seed: 4
num epochs: 64
accuracy: 56.25
----
all trials finished
mean epochs: 64.0
mean accuracy: 57.07
standard deviation: 1.67
########
Beginning UAS evaluation for fi
majority label baseline: 11.78
per word majority baseline: 14.91
random seed: 1
num epochs: 64
accuracy: 70.18
----
random seed: 2
num epochs: 64
accuracy: 72.84
----
random seed: 3
num epochs: 64
accuracy: 71.32
----
random seed: 4
num epochs: 64
accuracy: 71.87
----
all trials finished
mean epochs: 64.0
mean accuracy: 71.55
standard deviation: 0.96
########
Beginning UAS evaluation for hu
majority label baseline: 4.67
per word majority baseline: 4.92
random seed: 1
num epochs: 64
accuracy: 74.71
----
random seed: 2
num epochs: 64
accuracy: 72.29
----
random seed: 3
num epochs: 64
accuracy: 73.53
----
random seed: 4
num epochs: 64
accuracy: 72.88
----
all trials finished
mean epochs: 64.0
mean accuracy: 73.35
standard deviation: 0.9
########
Beginning UAS evaluation for ru
For file: data/ud-uralic/ru_syntagrus-ud-train.conllu  words without a head: 1662
For file: data/ud-uralic/ru_syntagrus-ud-dev.conllu  words without a head: 265
For file: data/ud-uralic/ru_syntagrus-ud-test.conllu  words without a head: 271
majority label baseline: 6.34
per word majority baseline: 10.15
random seed: 1
num epochs: 64
accuracy: 70.35
----
random seed: 2
num epochs: 64
accuracy: 72.37
----
random seed: 3
num epochs: 64
accuracy: 72.89
----
random seed: 4
num epochs: 64
accuracy: 68.12
----
all trials finished
mean epochs: 64.0
mean accuracy: 70.93
standard deviation: 1.88
