Config file: configs/uralic_uas_full-train_xlmr-lapt_alpha04_emb128k.yml
Pytorch version: 1.13.1
Pytorch CUDA version: 11.7
GPUs available: True
########
Beginning UAS evaluation for myv
majority label baseline: 13.28
per word majority baseline: 7.28
random seed: 1
num epochs: 64
accuracy: 50.67
----
random seed: 2
num epochs: 64
accuracy: 50.79
----
random seed: 3
num epochs: 62
accuracy: 54.21
----
random seed: 4
num epochs: 62
accuracy: 54.21
----
all trials finished
mean epochs: 63.0
mean accuracy: 52.47
standard deviation: 1.74
########
Beginning UAS evaluation for sme
majority label baseline: 20.07
per word majority baseline: 11.82
random seed: 1
num epochs: 64
accuracy: 45.5
----
random seed: 2
num epochs: 56
accuracy: 49.33
----
random seed: 3
num epochs: 56
accuracy: 50.88
----
random seed: 4
num epochs: 64
accuracy: 53.06
----
all trials finished
mean epochs: 60.0
mean accuracy: 49.69
standard deviation: 2.76
########
Beginning UAS evaluation for et
For file: data/ud-uralic/et_ewt-ud-train.conllu  words without a head: 75
For file: data/ud-uralic/et_ewt-ud-dev.conllu  words without a head: 10
For file: data/ud-uralic/et_ewt-ud-test.conllu  words without a head: 23
majority label baseline: 8.07
per word majority baseline: 8.32
random seed: 1
num epochs: 62
accuracy: 84.76
----
random seed: 2
num epochs: 58
accuracy: 85.71
----
random seed: 3
num epochs: 64
accuracy: 84.7
----
random seed: 4
num epochs: 64
accuracy: 84.93
----
all trials finished
mean epochs: 62.0
mean accuracy: 85.02
standard deviation: 0.4
########
Beginning UAS evaluation for fi
majority label baseline: 11.78
per word majority baseline: 14.91
random seed: 1
num epochs: 64
accuracy: 92.98
----
random seed: 2
num epochs: 64
accuracy: 93.19
----
random seed: 3
num epochs: 64
accuracy: 93.13
----
random seed: 4
num epochs: 64
accuracy: 93.26
----
all trials finished
mean epochs: 64.0
mean accuracy: 93.14
standard deviation: 0.11
########
Beginning UAS evaluation for hu
majority label baseline: 4.67
per word majority baseline: 4.92
random seed: 1
num epochs: 64
accuracy: 80.84
----
random seed: 2
num epochs: 64
accuracy: 83.14
----
random seed: 3
num epochs: 64
accuracy: 82.85
----
random seed: 4
num epochs: 64
accuracy: 84.29
----
all trials finished
mean epochs: 64.0
mean accuracy: 82.78
standard deviation: 1.24
########
Beginning UAS evaluation for ru
For file: data/ud-uralic/ru_syntagrus-ud-train.conllu  words without a head: 1662
For file: data/ud-uralic/ru_syntagrus-ud-dev.conllu  words without a head: 265
For file: data/ud-uralic/ru_syntagrus-ud-test.conllu  words without a head: 271
majority label baseline: 6.34
per word majority baseline: 10.15
random seed: 1
num epochs: 62
accuracy: 94.71
----
random seed: 2
num epochs: 62
accuracy: 94.78
----
random seed: 3
num epochs: 64
accuracy: 94.67
----
random seed: 4
num epochs: 64
accuracy: 94.84
----
all trials finished
mean epochs: 63.0
mean accuracy: 94.75
standard deviation: 0.06
