Config file: configs/uralic_uas_full-train_xlmr-lapt_alpha01_emb32k_400k.yml
Pytorch version: 1.13.1
Pytorch CUDA version: 11.7
GPUs available: True
########
Beginning UAS evaluation for myv
majority label baseline: 13.28
per word majority baseline: 7.28
random seed: 1
num epochs: 64
accuracy: 68.75
----
random seed: 2
num epochs: 62
accuracy: 68.72
----
random seed: 3
num epochs: 62
accuracy: 69.92
----
random seed: 4
num epochs: 60
accuracy: 67.6
----
all trials finished
mean epochs: 62.0
mean accuracy: 68.75
standard deviation: 0.82
########
Beginning UAS evaluation for sme
majority label baseline: 20.07
per word majority baseline: 11.82
random seed: 1
num epochs: 62
accuracy: 73.06
----
random seed: 2
num epochs: 64
accuracy: 72.98
----
random seed: 3
num epochs: 52
accuracy: 71.62
----
random seed: 4
num epochs: 62
accuracy: 72.97
----
all trials finished
mean epochs: 60.0
mean accuracy: 72.65
standard deviation: 0.6
########
Beginning UAS evaluation for et
For file: data/ud-uralic/et_ewt-ud-train.conllu  words without a head: 75
For file: data/ud-uralic/et_ewt-ud-dev.conllu  words without a head: 10
For file: data/ud-uralic/et_ewt-ud-test.conllu  words without a head: 23
majority label baseline: 8.07
per word majority baseline: 8.32
random seed: 1
num epochs: 64
accuracy: 84.79
----
random seed: 2
num epochs: 60
accuracy: 85.11
----
random seed: 3
num epochs: 60
accuracy: 85.05
----
random seed: 4
num epochs: 64
accuracy: 86.05
----
all trials finished
mean epochs: 62.0
mean accuracy: 85.25
standard deviation: 0.48
########
Beginning UAS evaluation for fi
majority label baseline: 11.78
per word majority baseline: 14.91
random seed: 1
num epochs: 62
accuracy: 93.64
----
random seed: 2
num epochs: 64
accuracy: 93.83
----
random seed: 3
num epochs: 64
accuracy: 93.87
----
random seed: 4
num epochs: 60
accuracy: 93.9
----
all trials finished
mean epochs: 62.5
mean accuracy: 93.81
standard deviation: 0.1
########
Beginning UAS evaluation for hu
majority label baseline: 4.67
per word majority baseline: 4.92
random seed: 1
num epochs: 64
accuracy: 84.0
----
random seed: 2
num epochs: 64
accuracy: 81.14
----
random seed: 3
num epochs: 64
accuracy: 82.02
----
random seed: 4
num epochs: 64
accuracy: 81.96
----
all trials finished
mean epochs: 64.0
mean accuracy: 82.28
standard deviation: 1.05
########
Beginning UAS evaluation for ru
For file: data/ud-uralic/ru_syntagrus-ud-train.conllu  words without a head: 1662
For file: data/ud-uralic/ru_syntagrus-ud-dev.conllu  words without a head: 265
For file: data/ud-uralic/ru_syntagrus-ud-test.conllu  words without a head: 271
majority label baseline: 6.34
per word majority baseline: 10.15
random seed: 1
num epochs: 62
accuracy: 94.62
----
random seed: 2
num epochs: 64
accuracy: 94.73
----
random seed: 3
num epochs: 62
accuracy: 94.71
----
random seed: 4
num epochs: 64
accuracy: 94.73
----
all trials finished
mean epochs: 63.0
mean accuracy: 94.7
standard deviation: 0.05
