Config file: configs/uralic_uas_full-train_xlmr-lapt_voc01_alpha01_emb32k.yml
Pytorch version: 1.13.1
Pytorch CUDA version: 11.7
GPUs available: True
########
Beginning UAS evaluation for myv
majority label baseline: 13.28
per word majority baseline: 7.28
random seed: 1
num epochs: 64
accuracy: 61.19
----
random seed: 2
num epochs: 64
accuracy: 61.08
----
random seed: 3
num epochs: 62
accuracy: 62.21
----
random seed: 4
num epochs: 64
accuracy: 62.5
----
all trials finished
mean epochs: 63.5
mean accuracy: 61.74
standard deviation: 0.62
########
Beginning UAS evaluation for sme
majority label baseline: 20.07
per word majority baseline: 11.82
random seed: 1
num epochs: 64
accuracy: 61.82
----
random seed: 2
num epochs: 60
accuracy: 60.68
----
random seed: 3
num epochs: 64
accuracy: 61.43
----
random seed: 4
num epochs: 64
accuracy: 62.18
----
all trials finished
mean epochs: 63.0
mean accuracy: 61.53
standard deviation: 0.56
########
Beginning UAS evaluation for et
For file: data/ud-uralic/et_ewt-ud-train.conllu  words without a head: 75
For file: data/ud-uralic/et_ewt-ud-dev.conllu  words without a head: 10
For file: data/ud-uralic/et_ewt-ud-test.conllu  words without a head: 23
majority label baseline: 8.07
per word majority baseline: 8.32
random seed: 1
num epochs: 60
accuracy: 84.01
----
random seed: 2
num epochs: 62
accuracy: 84.23
----
random seed: 3
num epochs: 64
accuracy: 84.25
----
random seed: 4
num epochs: 58
accuracy: 84.13
----
all trials finished
mean epochs: 61.0
mean accuracy: 84.16
standard deviation: 0.1
########
Beginning UAS evaluation for fi
majority label baseline: 11.78
per word majority baseline: 14.91
random seed: 1
num epochs: 62
accuracy: 93.45
----
random seed: 2
num epochs: 64
accuracy: 93.6
----
random seed: 3
num epochs: 64
accuracy: 93.6
----
random seed: 4
num epochs: 64
accuracy: 93.6
----
all trials finished
mean epochs: 63.5
mean accuracy: 93.56
standard deviation: 0.07
########
Beginning UAS evaluation for hu
majority label baseline: 4.67
per word majority baseline: 4.92
random seed: 1
num epochs: 64
accuracy: 82.91
----
random seed: 2
num epochs: 64
accuracy: 75.73
----
random seed: 3
num epochs: 64
accuracy: 79.09
----
random seed: 4
num epochs: 64
accuracy: 80.74
----
all trials finished
mean epochs: 64.0
mean accuracy: 79.62
standard deviation: 2.62
########
Beginning UAS evaluation for ru
For file: data/ud-uralic/ru_syntagrus-ud-train.conllu  words without a head: 1662
For file: data/ud-uralic/ru_syntagrus-ud-dev.conllu  words without a head: 265
For file: data/ud-uralic/ru_syntagrus-ud-test.conllu  words without a head: 271
majority label baseline: 6.34
per word majority baseline: 10.15
random seed: 1
num epochs: 56
accuracy: 94.42
----
random seed: 2
num epochs: 64
accuracy: 94.6
----
random seed: 3
num epochs: 60
accuracy: 94.55
----
random seed: 4
num epochs: 64
accuracy: 94.68
----
all trials finished
mean epochs: 61.0
mean accuracy: 94.56
standard deviation: 0.09
