Config file: configs/uralic_uas_few-shot_xlmr-lapt_alpha04_emb128k.yml
Pytorch version: 1.13.1
Pytorch CUDA version: 11.7
GPUs available: True
########
Beginning UAS evaluation for myv
majority label baseline: 13.28
per word majority baseline: 7.28
random seed: 1
num epochs: 64
accuracy: 39.59
----
random seed: 2
num epochs: 64
accuracy: 35.9
----
random seed: 3
num epochs: 60
accuracy: 43.23
----
random seed: 4
num epochs: 64
accuracy: 44.63
----
all trials finished
mean epochs: 63.0
mean accuracy: 40.84
standard deviation: 3.39
########
Beginning UAS evaluation for sme
majority label baseline: 20.07
per word majority baseline: 11.82
random seed: 1
num epochs: 62
accuracy: 32.69
----
random seed: 2
num epochs: 64
accuracy: 33.52
----
random seed: 3
num epochs: 58
accuracy: 31.86
----
random seed: 4
num epochs: 62
accuracy: 30.75
----
all trials finished
mean epochs: 61.5
mean accuracy: 32.2
standard deviation: 1.02
########
Beginning UAS evaluation for et
For file: data/ud-uralic/et_ewt-ud-train.conllu  words without a head: 75
For file: data/ud-uralic/et_ewt-ud-dev.conllu  words without a head: 10
For file: data/ud-uralic/et_ewt-ud-test.conllu  words without a head: 23
majority label baseline: 8.07
per word majority baseline: 8.32
random seed: 1
num epochs: 64
accuracy: 54.38
----
random seed: 2
num epochs: 64
accuracy: 53.69
----
random seed: 3
num epochs: 64
accuracy: 57.1
----
random seed: 4
num epochs: 64
accuracy: 52.41
----
all trials finished
mean epochs: 64.0
mean accuracy: 54.4
standard deviation: 1.72
########
Beginning UAS evaluation for fi
majority label baseline: 11.78
per word majority baseline: 14.91
random seed: 1
num epochs: 64
accuracy: 67.39
----
random seed: 2
num epochs: 64
accuracy: 69.32
----
random seed: 3
num epochs: 64
accuracy: 73.4
----
random seed: 4
num epochs: 64
accuracy: 72.64
----
all trials finished
mean epochs: 64.0
mean accuracy: 70.69
standard deviation: 2.45
########
Beginning UAS evaluation for hu
majority label baseline: 4.67
per word majority baseline: 4.92
random seed: 1
num epochs: 64
accuracy: 68.33
----
random seed: 2
num epochs: 64
accuracy: 72.36
----
random seed: 3
num epochs: 64
accuracy: 69.69
----
random seed: 4
num epochs: 64
accuracy: 72.79
----
all trials finished
mean epochs: 64.0
mean accuracy: 70.79
standard deviation: 1.85
########
Beginning UAS evaluation for ru
For file: data/ud-uralic/ru_syntagrus-ud-train.conllu  words without a head: 1662
For file: data/ud-uralic/ru_syntagrus-ud-dev.conllu  words without a head: 265
For file: data/ud-uralic/ru_syntagrus-ud-test.conllu  words without a head: 271
majority label baseline: 6.34
per word majority baseline: 10.15
random seed: 1
num epochs: 64
accuracy: 76.35
----
random seed: 2
num epochs: 64
accuracy: 74.82
----
random seed: 3
num epochs: 64
accuracy: 73.52
----
random seed: 4
num epochs: 64
accuracy: 74.61
----
all trials finished
mean epochs: 64.0
mean accuracy: 74.83
standard deviation: 1.01
