Config file: configs/uralic_uas_full-train_xlmr-lapt_alpha02_emb64k_200k.yml
Pytorch version: 1.13.1
Pytorch CUDA version: 11.7
GPUs available: True
########
Beginning UAS evaluation for myv
majority label baseline: 13.28
per word majority baseline: 7.28
random seed: 1
num epochs: 64
accuracy: 66.35
----
random seed: 2
num epochs: 62
accuracy: 66.68
----
random seed: 3
num epochs: 60
accuracy: 65.95
----
random seed: 4
num epochs: 64
accuracy: 66.36
----
all trials finished
mean epochs: 62.5
mean accuracy: 66.34
standard deviation: 0.26
########
Beginning UAS evaluation for sme
majority label baseline: 20.07
per word majority baseline: 11.82
random seed: 1
num epochs: 54
accuracy: 66.07
----
random seed: 2
num epochs: 60
accuracy: 67.34
----
random seed: 3
num epochs: 56
accuracy: 66.16
----
random seed: 4
num epochs: 56
accuracy: 67.29
----
all trials finished
mean epochs: 56.5
mean accuracy: 66.72
standard deviation: 0.6
########
Beginning UAS evaluation for et
For file: data/ud-uralic/et_ewt-ud-train.conllu  words without a head: 75
For file: data/ud-uralic/et_ewt-ud-dev.conllu  words without a head: 10
For file: data/ud-uralic/et_ewt-ud-test.conllu  words without a head: 23
majority label baseline: 8.07
per word majority baseline: 8.32
random seed: 1
num epochs: 60
accuracy: 85.23
----
random seed: 2
num epochs: 64
accuracy: 86.19
----
random seed: 3
num epochs: 64
accuracy: 85.2
----
random seed: 4
num epochs: 62
accuracy: 84.76
----
all trials finished
mean epochs: 62.5
mean accuracy: 85.35
standard deviation: 0.52
########
Beginning UAS evaluation for fi
majority label baseline: 11.78
per word majority baseline: 14.91
random seed: 1
num epochs: 64
accuracy: 93.73
----
random seed: 2
num epochs: 64
accuracy: 93.79
----
random seed: 3
num epochs: 62
accuracy: 93.7
----
random seed: 4
num epochs: 60
accuracy: 93.55
----
all trials finished
mean epochs: 62.5
mean accuracy: 93.69
standard deviation: 0.09
########
Beginning UAS evaluation for hu
majority label baseline: 4.67
per word majority baseline: 4.92
random seed: 1
num epochs: 64
accuracy: 83.54
----
random seed: 2
num epochs: 64
accuracy: 84.07
----
random seed: 3
num epochs: 64
accuracy: 84.4
----
random seed: 4
num epochs: 64
accuracy: 83.72
----
all trials finished
mean epochs: 64.0
mean accuracy: 83.93
standard deviation: 0.33
########
Beginning UAS evaluation for ru
For file: data/ud-uralic/ru_syntagrus-ud-train.conllu  words without a head: 1662
For file: data/ud-uralic/ru_syntagrus-ud-dev.conllu  words without a head: 265
For file: data/ud-uralic/ru_syntagrus-ud-test.conllu  words without a head: 271
majority label baseline: 6.34
per word majority baseline: 10.15
random seed: 1
num epochs: 56
accuracy: 94.7
----
random seed: 2
num epochs: 60
accuracy: 94.76
----
random seed: 3
num epochs: 58
accuracy: 94.57
----
random seed: 4
num epochs: 60
accuracy: 94.85
----
all trials finished
mean epochs: 58.5
mean accuracy: 94.72
standard deviation: 0.1
